0.119382 0.0444272 4.31536e-07 -1.27441e-09 -9.42835e-10 -9.12012e-11 
0.0444263 0.119382 -4.80472e-11 1.00443e-09 5.90026e-10 -1.97252e-10 
1.53351e-06 -1.792e-06 0.0704642 8.36471e-10 -1.20541e-09 2.64528e-10 
0.119359 0.0444253 4.30566e-07 -1.04103e-07 -7.70023e-08 -7.40471e-09 
0.0444244 0.119359 3.69153e-10 8.20456e-08 4.82234e-08 -1.60659e-08 
1.53148e-06 -1.79093e-06 0.0704439 6.8332e-08 -9.84241e-08 2.16108e-08 
0.119292 0.0444196 4.27706e-07 -2.0654e-07 -1.5268e-07 -1.44257e-08 
0.0444187 0.119292 1.58792e-09 1.62756e-07 9.58234e-08 -3.15987e-08 
1.52547e-06 -1.78781e-06 0.0703842 1.35585e-07 -1.95018e-07 4.28877e-08 
0.11918 0.04441 4.22969e-07 -3.08231e-07 -2.27623e-07 -2.08719e-08 
0.0444091 0.11918 3.57162e-09 2.42834e-07 1.4337e-07 -4.64736e-08 
1.51546e-06 -1.78273e-06 0.070285 2.02377e-07 -2.90402e-07 6.40307e-08 
0.119022 0.0443962 4.16374e-07 -4.08786e-07 -3.01457e-07 -2.6467e-08 
0.0443953 0.119022 6.2593e-09 3.21954e-07 1.90821e-07 -6.03724e-08 
1.50137e-06 -1.77583e-06 0.0701465 2.68464e-07 -3.83965e-07 8.49626e-08 
0.11882 0.0443779 4.07947e-07 -5.0786e-07 -3.73844e-07 -3.09499e-08 
0.044377 0.11882 9.5681e-09 3.99828e-07 2.38148e-07 -7.29973e-08 
1.48312e-06 -1.76731e-06 0.0699688 3.3363e-07 -4.75146e-07 1.05608e-07 
0.118573 0.0443546 3.97726e-07 -6.05081e-07 -4.44428e-07 -3.40745e-08 
0.0443538 0.118573 1.33925e-08 4.76147e-07 2.85299e-07 -8.40646e-08 
1.46062e-06 -1.75741e-06 0.0697523 3.97637e-07 -5.63366e-07 1.25875e-07 
0.11828 0.044326 3.8575e-07 -7.00125e-07 -5.12897e-07 -3.56168e-08 
0.0443252 0.11828 1.76087e-08 5.50647e-07 3.32231e-07 -9.33184e-08 
1.43376e-06 -1.74642e-06 0.0694972 4.60276e-07 -6.48106e-07 1.4567e-07 
0.117941 0.0442914 3.72071e-07 -7.92643e-07 -5.78927e-07 -3.53762e-08 
0.0442906 0.117941 2.20732e-08 6.23046e-07 3.78878e-07 -1.00526e-07 
1.40241e-06 -1.73466e-06 0.0692039 5.21315e-07 -7.28838e-07 1.64881e-07 
0.117557 0.0442501 3.56743e-07 -8.8234e-07 -6.42242e-07 -3.31791e-08 
0.0442493 0.117557 2.66288e-08 6.9311e-07 4.25179e-07 -1.0549e-07 
1.36645e-06 -1.72249e-06 0.0688726 5.80553e-07 -8.05103e-07 1.83389e-07 
0.117126 0.0442014 3.39831e-07 -9.68901e-07 -7.02558e-07 -2.88826e-08 
0.0442007 0.117126 3.11034e-08 7.60596e-07 4.71048e-07 -1.08042e-07 
1.32578e-06 -1.71027e-06 0.0685039 6.3777e-07 -8.7644e-07 2.01056e-07 
0.116649 0.0441447 3.21403e-07 -1.05206e-06 -7.59642e-07 -2.23746e-08 
0.0441439 0.116648 3.53162e-08 8.25307e-07 5.16404e-07 -1.08054e-07 
1.28027e-06 -1.69839e-06 0.0680982 6.92776e-07 -9.42462e-07 2.17737e-07 
0.116124 0.044079 3.01536e-07 -1.13156e-06 -8.13259e-07 -1.3579e-08 
0.0440783 0.116124 3.90773e-08 8.87043e-07 5.61139e-07 -1.05432e-07 
1.22986e-06 -1.68724e-06 0.0676562 7.45362e-07 -1.00279e-06 2.33267e-07 
0.115553 0.0440035 2.80308e-07 -1.20716e-06 -8.63225e-07 -2.45199e-09 
0.0440028 0.115553 4.21939e-08 9.45652e-07 6.05151e-07 -1.00126e-07 
1.17446e-06 -1.67718e-06 0.0671782 7.95349e-07 -1.05713e-06 2.47473e-07 
0.114934 0.0439173 2.5781e-07 -1.27864e-06 -9.09362e-07 1.10102e-08 
0.0439166 0.114934 4.44705e-08 1.00098e-06 6.4831e-07 -9.21238e-08 
1.11408e-06 -1.66859e-06 0.066665 8.42546e-07 -1.1052e-06 2.60164e-07 
0.114268 0.0438195 2.34127e-07 -1.34583e-06 -9.5154e-07 2.67799e-08 
0.0438189 0.114268 4.57147e-08 1.05293e-06 6.90492e-07 -8.14523e-08 
1.04869e-06 -1.66178e-06 0.0661171 8.86785e-07 -1.14678e-06 2.71143e-07 
0.113554 0.0437093 2.09362e-07 -1.40855e-06 -9.89639e-07 4.47874e-08 
0.0437086 0.113553 4.57386e-08 1.10138e-06 7.31546e-07 -6.81822e-08 
9.7839e-07 -1.65706e-06 0.0655355 9.2789e-07 -1.18171e-06 2.80197e-07 
0.112791 0.0435856 1.8361e-07 -1.46668e-06 -1.02358e-06 6.49325e-08 
0.043585 0.112791 4.43627e-08 1.1463e-06 7.71327e-07 -5.24201e-08 
9.03265e-07 -1.65467e-06 0.0649207 9.65707e-07 -1.20988e-06 2.87111e-07 
0.111981 0.0434476 1.56972e-07 -1.52011e-06 -1.05332e-06 8.70814e-08 
0.043447 0.111981 4.14186e-08 1.18763e-06 8.0968e-07 -3.43087e-08 
8.2348e-07 -1.65481e-06 0.0642735 1.00009e-06 -1.23123e-06 2.91661e-07 
0.111122 0.0432944 1.29561e-07 -1.56875e-06 -1.07883e-06 1.11062e-07 
0.0432938 0.111122 3.6753e-08 1.22535e-06 8.46431e-07 -1.40315e-08 
7.3928e-07 -1.65762e-06 0.0635948 1.03088e-06 -1.24576e-06 2.93618e-07 
0.110215 0.0431251 1.01479e-07 -1.61255e-06 -1.10011e-06 1.36679e-07 
0.0431246 0.110215 3.0228e-08 1.25949e-06 8.81418e-07 8.20341e-09 
6.50944e-07 -1.66316e-06 0.0628854 1.05796e-06 -1.25352e-06 2.92757e-07 
0.10926 0.0429389 7.28437e-08 -1.65149e-06 -1.1172e-06 1.63703e-07 
0.0429384 0.109259 2.17279e-08 1.29007e-06 9.1446e-07 3.21502e-08 
5.5885e-07 -1.67144e-06 0.0621464 1.08119e-06 -1.25462e-06 2.88852e-07 
0.108256 0.0427351 4.37613e-08 -1.68556e-06 -1.13016e-06 1.91889e-07 
0.0427346 0.108256 1.11556e-08 1.31714e-06 9.4539e-07 5.75468e-08 
4.63413e-07 -1.68236e-06 0.0613784 1.10046e-06 -1.24923e-06 2.81685e-07 
0.107205 0.0425128 1.43517e-08 -1.7148e-06 -1.13908e-06 2.20958e-07 
0.0425123 0.107205 -1.558e-09 1.34079e-06 9.74027e-07 8.40994e-08 
3.65149e-07 -1.69577e-06 0.0605826 1.11566e-06 -1.23756e-06 2.71048e-07 
0.106106 0.0422715 -1.52763e-08 -1.73927e-06 -1.14407e-06 2.50629e-07 
0.042271 0.106106 -1.6461e-08 1.36111e-06 1.0002e-06 1.11507e-07 
2.64608e-07 -1.71144e-06 0.0597599 1.12669e-06 -1.21988e-06 2.56743e-07 
0.10496 0.0420104 -4.50022e-08 -1.75904e-06 -1.14527e-06 2.80591e-07 
0.0420099 0.10496 -3.35688e-08 1.37821e-06 1.02375e-06 1.39447e-07 
1.62441e-07 -1.72904e-06 0.0589114 1.13347e-06 -1.19651e-06 2.38595e-07 
0.103768 0.0417291 -7.47174e-08 -1.77423e-06 -1.14283e-06 3.1054e-07 
0.0417287 0.103767 -5.28751e-08 1.39224e-06 1.04451e-06 1.67597e-07 
5.93194e-08 -1.74818e-06 0.058038 1.13592e-06 -1.16782e-06 2.1644e-07 
0.102529 0.0414272 -1.04302e-07 -1.78496e-06 -1.13693e-06 3.40152e-07 
0.0414267 0.102528 -7.43376e-08 1.40332e-06 1.06233e-06 1.95622e-07 
-4.39871e-08 -1.76838e-06 0.057141 1.13395e-06 -1.13421e-06 1.9015e-07 
0.101245 0.0411041 -1.3365e-07 -1.79139e-06 -1.12775e-06 3.69113e-07 
0.0411036 0.101244 -9.78927e-08 1.41163e-06 1.07706e-06 2.23199e-07 
-1.46702e-07 -1.78911e-06 0.0562212 1.12753e-06 -1.09615e-06 1.5961e-07 
0.0999167 0.0407596 -1.62645e-07 -1.7937e-06 -1.11551e-06 3.97103e-07 
0.0407592 0.099916 -1.23439e-07 1.41732e-06 1.08859e-06 2.50001e-07 
-2.47968e-07 -1.80975e-06 0.05528 1.11659e-06 -1.05411e-06 1.24749e-07 
0.0985446 0.0403935 -1.91183e-07 -1.79208e-06 -1.10043e-06 4.23819e-07 
0.0403931 0.0985438 -1.50856e-07 1.42059e-06 1.0968e-06 2.75722e-07 
-3.46934e-07 -1.82964e-06 0.0543183 1.10111e-06 -1.00862e-06 8.55175e-08 
0.09713 0.0400057 -2.19152e-07 -1.78675e-06 -1.08273e-06 4.4896e-07 
0.0400052 0.0971292 -1.79986e-07 1.42161e-06 1.1016e-06 3.00061e-07 
-4.42688e-07 -1.84809e-06 0.0533375 1.08105e-06 -9.60236e-07 4.19133e-08 
0.0956737 0.039596 -2.46456e-07 -1.77793e-06 -1.06266e-06 4.72249e-07 
0.0395955 0.0956729 -2.10654e-07 1.42058e-06 1.10291e-06 3.22749e-07 
-5.34344e-07 -1.86433e-06 0.0523385 1.0564e-06 -9.09524e-07 -6.04251e-09 
0.0941774 0.0391645 -2.72988e-07 -1.76587e-06 -1.04046e-06 4.9342e-07 
0.039164 0.0941765 -2.42649e-07 1.41767e-06 1.10068e-06 3.43527e-07 
-6.20981e-07 -1.87759e-06 0.0513228 1.02716e-06 -8.5709e-07 -5.82717e-08 
0.0926421 0.0387114 -2.98655e-07 -1.75082e-06 -1.01638e-06 5.12234e-07 
0.0387109 0.0926412 -2.75747e-07 1.41309e-06 1.09487e-06 3.62174e-07 
-7.01716e-07 -1.88709e-06 0.0502913 9.93341e-07 -8.03536e-07 -1.14669e-07 
0.0910691 0.0382366 -3.23367e-07 -1.73306e-06 -9.90654e-07 5.2848e-07 
0.0382362 0.0910682 -3.09702e-07 1.40703e-06 1.08548e-06 3.78497e-07 
-7.75688e-07 -1.89203e-06 0.0492453 9.54965e-07 -7.49474e-07 -1.7509e-07 
0.0894602 0.0377407 -3.47031e-07 -1.71285e-06 -9.63546e-07 5.41968e-07 
0.0377402 0.0894593 -3.4424e-07 1.39966e-06 1.07251e-06 3.92329e-07 
-8.42052e-07 -1.89162e-06 0.0481861 9.12077e-07 -6.95537e-07 -2.39329e-07 
0.0878167 0.0372239 -3.69568e-07 -1.69047e-06 -9.35291e-07 5.52545e-07 
0.0372233 0.0878157 -3.79085e-07 1.39116e-06 1.056e-06 4.03547e-07 
-9.00039e-07 -1.88511e-06 0.0471147 8.64723e-07 -6.4233e-07 -3.07165e-07 
0.0861405 0.0366865 -3.90896e-07 -1.6662e-06 -9.06133e-07 5.60085e-07 
0.036686 0.0861395 -4.13933e-07 1.38172e-06 1.03602e-06 4.12057e-07 
-9.4892e-07 -1.87177e-06 0.0460326 8.12981e-07 -5.90474e-07 -3.78308e-07 
0.084433 0.0361291 -4.10945e-07 -1.64033e-06 -8.76299e-07 5.645e-07 
0.0361286 0.084432 -4.48485e-07 1.37149e-06 1.01266e-06 4.17808e-07 
-9.8806e-07 -1.85093e-06 0.0449407 7.56925e-07 -5.40555e-07 -4.52458e-07 
0.0826964 0.0355522 -4.29644e-07 -1.61313e-06 -8.46017e-07 5.65734e-07 
0.0355517 0.0826954 -4.82421e-07 1.36062e-06 9.86012e-07 4.20781e-07 
-1.01689e-06 -1.82197e-06 0.0438406 6.9667e-07 -4.93159e-07 -5.29248e-07 
0.0809322 0.0349564 -4.46934e-07 -1.58488e-06 -8.15493e-07 5.63766e-07 
0.0349558 0.0809312 -5.15433e-07 1.34925e-06 9.56223e-07 4.21001e-07 
-1.03495e-06 -1.78434e-06 0.0427332 6.32322e-07 -4.48829e-07 -6.08307e-07 
0.0791425 0.0343423 -4.62755e-07 -1.55586e-06 -7.84934e-07 5.58613e-07 
0.0343418 0.0791415 -5.47197e-07 1.33752e-06 9.23452e-07 4.18524e-07 
-1.04188e-06 -1.73759e-06 0.04162 5.64034e-07 -4.08093e-07 -6.89198e-07 
0.0773291 0.0337106 -4.77059e-07 -1.52632e-06 -7.54521e-07 5.50322e-07 
0.0337101 0.0773281 -5.77406e-07 1.32553e-06 8.8787e-07 4.13444e-07 
-1.03744e-06 -1.68136e-06 0.0405019 4.91948e-07 -3.71429e-07 -7.71492e-07 
0.0754942 0.0330622 -4.898e-07 -1.49651e-06 -7.24434e-07 5.38978e-07 
0.0330616 0.0754932 -6.05747e-07 1.3134e-06 8.49684e-07 4.0589e-07 
-1.02151e-06 -1.61537e-06 0.0393804 4.16254e-07 -3.3929e-07 -8.54699e-07 
0.0736396 0.0323975 -5.00941e-07 -1.46666e-06 -6.94825e-07 5.24693e-07 
0.0323969 0.0736386 -6.31929e-07 1.3012e-06 8.09105e-07 3.96019e-07 
-9.94074e-07 -1.53948e-06 0.0382565 3.37134e-07 -3.12068e-07 -9.38342e-07 
0.0717675 0.0317177 -5.10449e-07 -1.43702e-06 -6.65842e-07 5.07616e-07 
0.0317171 0.0717665 -6.55663e-07 1.28902e-06 7.66375e-07 3.8402e-07 
-9.5528e-07 -1.45365e-06 0.0371316 2.54821e-07 -2.90122e-07 -1.0219e-06 
0.0698798 0.0310233 -5.18301e-07 -1.40777e-06 -6.37606e-07 4.87915e-07 
0.0310227 0.0698788 -6.76685e-07 1.2769e-06 7.21736e-07 3.70103e-07 
-9.05382e-07 -1.35796e-06 0.0360066 1.69535e-07 -2.73742e-07 -1.10486e-06 
0.0679788 0.0303154 -5.24474e-07 -1.37911e-06 -6.10234e-07 4.65794e-07 
0.0303148 0.0679778 -6.94741e-07 1.2649e-06 6.7546e-07 3.54505e-07 
-8.44786e-07 -1.25264e-06 0.0348829 8.15517e-08 -2.63175e-07 -1.18669e-06 
0.0660665 0.0295948 -5.28959e-07 -1.35121e-06 -5.83816e-07 4.41473e-07 
0.0295942 0.0660655 -7.09603e-07 1.25303e-06 6.27814e-07 3.37477e-07 
-7.74015e-07 -1.13799e-06 0.0337616 -8.85884e-09 -2.586e-07 -1.26686e-06 
0.0641448 0.0288623 -5.31749e-07 -1.32421e-06 -5.58428e-07 4.15189e-07 
0.0288617 0.0641439 -7.21068e-07 1.24132e-06 5.79074e-07 3.19283e-07 
-6.93714e-07 -1.01447e-06 0.0326437 -1.01406e-07 -2.60137e-07 -1.34487e-06 
0.0622162 0.0281189 -5.32845e-07 -1.29825e-06 -5.34136e-07 3.87205e-07 
0.0281183 0.0622152 -7.28952e-07 1.22977e-06 5.29537e-07 3.00202e-07 
-6.04676e-07 -8.82664e-07 0.0315305 -1.95751e-07 -2.67844e-07 -1.42019e-06 
0.0602824 0.0273654 -5.32252e-07 -1.27343e-06 -5.10981e-07 3.57785e-07 
0.0273648 0.0602814 -7.33102e-07 1.21836e-06 4.79481e-07 2.80511e-07 
-5.07775e-07 -7.43246e-07 0.030423 -2.91572e-07 -2.81713e-07 -1.49233e-06 
0.0583458 0.0266029 -5.29986e-07 -1.24983e-06 -4.88998e-07 3.27215e-07 
0.0266024 0.0583449 -7.33394e-07 1.20708e-06 4.29205e-07 2.60494e-07 
-4.04028e-07 -5.97038e-07 0.0293225 -3.8849e-07 -3.01668e-07 -1.5608e-06 
0.0564082 0.0258322 -5.26064e-07 -1.22751e-06 -4.682e-07 2.95772e-07 
0.0258316 0.0564073 -7.29732e-07 1.19589e-06 3.78985e-07 2.40425e-07 
-2.94508e-07 -4.4491e-07 0.0282297 -4.86146e-07 -3.27574e-07 -1.62518e-06 
0.0544721 0.0250544 -5.20515e-07 -1.20651e-06 -4.48592e-07 2.63751e-07 
0.0250538 0.0544711 -7.22049e-07 1.18474e-06 3.29112e-07 2.20578e-07 
-1.80415e-07 -2.87882e-07 0.027146 -5.84125e-07 -3.59223e-07 -1.68501e-06 
0.052539 0.0242702 -5.13368e-07 -1.18684e-06 -4.30161e-07 2.3143e-07 
0.0242696 0.0525381 -7.10311e-07 1.17359e-06 2.79851e-07 2.01208e-07 
-6.29732e-08 -1.26993e-07 0.0260722 -6.82033e-07 -3.96353e-07 -1.73993e-06 
0.0506115 0.0234807 -5.04664e-07 -1.16849e-06 -4.12888e-07 1.99096e-07 
0.0234802 0.0506106 -6.94515e-07 1.16238e-06 2.31475e-07 1.8256e-07 
5.64915e-08 3.65893e-08 0.0250095 -7.79425e-07 -4.38627e-07 -1.78958e-06 
0.0486912 0.0226869 -4.94445e-07 -1.15141e-06 -3.96738e-07 1.67013e-07 
0.0226863 0.0486903 -6.74685e-07 1.15104e-06 1.84227e-07 1.64853e-07 
1.7666e-07 2.01706e-07 0.0239587 -8.75879e-07 -4.85666e-07 -1.83365e-06 
0.0467805 0.0218897 -4.82762e-07 -1.13557e-06 -3.8167e-07 1.35448e-07 
0.0218892 0.0467797 -6.50881e-07 1.1395e-06 1.38353e-07 1.48292e-07 
2.96142e-07 3.67097e-07 0.022921 -9.70925e-07 -5.37016e-07 -1.87188e-06 
0.0448811 0.02109 -4.69668e-07 -1.12087e-06 -3.67632e-07 1.04642e-07 
0.0210895 0.0448803 -6.23183e-07 1.12768e-06 9.40677e-08 1.33048e-07 
4.13591e-07 5.31542e-07 0.021897 -1.06412e-06 -5.92189e-07 -1.90405e-06 
0.0429953 0.020289 -4.55228e-07 -1.10724e-06 -3.54567e-07 7.48301e-08 
0.0202886 0.0429945 -5.91712e-07 1.11552e-06 5.15834e-08 1.19273e-07 
5.27622e-07 6.9375e-07 0.0208879 -1.15498e-06 -6.5063e-07 -1.93e-06 
0.0411248 0.0194876 -4.39502e-07 -1.09454e-06 -3.42409e-07 4.62156e-08 
0.0194871 0.0411241 -5.56601e-07 1.10292e-06 1.10775e-08 1.07082e-07 
6.36929e-07 8.52506e-07 0.0198944 -1.24306e-06 -7.11761e-07 -1.9496e-06 
0.039272 0.0186868 -4.22565e-07 -1.08265e-06 -3.31092e-07 1.89939e-08 
0.0186864 0.0392712 -5.18023e-07 1.08982e-06 -2.72762e-08 9.65654e-08 
7.40204e-07 1.00655e-06 0.0189176 -1.32785e-06 -7.74942e-07 -1.96278e-06 
0.0374383 0.0178875 -4.04489e-07 -1.07142e-06 -3.20539e-07 -6.67386e-09 
0.0178871 0.0374375 -4.76161e-07 1.07614e-06 -6.33405e-08 8.77774e-08 
8.3625e-07 1.15475e-06 0.0179581 -1.40891e-06 -8.39526e-07 -1.96953e-06 
0.0356262 0.0170911 -3.85356e-07 -1.0607e-06 -3.10678e-07 -3.06398e-08 
0.0170907 0.0356255 -4.31233e-07 1.06179e-06 -9.69851e-08 8.0744e-08 
9.23909e-07 1.29593e-06 0.0170169 -1.48576e-06 -9.04813e-07 -1.96987e-06 
0.0338374 0.0162983 -3.65248e-07 -1.0503e-06 -3.01429e-07 -5.27882e-08 
0.016298 0.0338367 -3.83465e-07 1.04671e-06 -1.28112e-07 7.54567e-08 
1.00215e-06 1.42907e-06 0.0160948 -1.55794e-06 -9.70102e-07 -1.96389e-06 
0.0320738 0.0155104 -3.44251e-07 -1.04006e-06 -2.92714e-07 -7.30277e-08 
0.01551 0.0320731 -3.331e-07 1.03082e-06 -1.56645e-07 7.1877e-08 
1.07004e-06 1.55323e-06 0.0151923 -1.62501e-06 -1.03468e-06 -1.95169e-06 
0.0303376 0.0147284 -3.22457e-07 -1.02979e-06 -2.84456e-07 -9.12858e-08 
0.0147281 0.030337 -2.8041e-07 1.01407e-06 -1.82521e-07 6.99375e-08 
1.12678e-06 1.66751e-06 0.0143104 -1.68653e-06 -1.09781e-06 -1.93347e-06 
0.0286305 0.0139534 -2.99958e-07 -1.01928e-06 -2.76577e-07 -1.07522e-07 
0.0139531 0.0286298 -2.2566e-07 9.9639e-07 -2.05708e-07 6.95419e-08 
1.17168e-06 1.7712e-06 0.0134496 -1.74209e-06 -1.15877e-06 -1.90941e-06 
0.0269546 0.0131868 -2.76853e-07 -1.00836e-06 -2.69004e-07 -1.21715e-07 
0.0131865 0.026954 -1.69146e-07 9.77727e-07 -2.26186e-07 7.05684e-08 
1.20423e-06 1.86366e-06 0.0126108 -1.79127e-06 -1.21683e-06 -1.87977e-06 
0.0253118 0.0124294 -2.53237e-07 -9.96815e-07 -2.61663e-07 -1.33869e-07 
0.0124291 0.0253111 -1.11148e-07 9.58034e-07 -2.43964e-07 7.2872e-08 
1.22406e-06 1.94441e-06 0.0117945 -1.83373e-06 -1.2713e-06 -1.84482e-06 
0.0237041 0.0116827 -2.29215e-07 -9.84466e-07 -2.54486e-07 -1.44006e-07 
0.0116825 0.0237035 -5.19783e-08 9.37271e-07 -2.59062e-07 7.62868e-08 
1.23096e-06 2.01309e-06 0.0110015 -1.8691e-06 -1.32148e-06 -1.80488e-06 
0.0221332 0.0109478 -2.04884e-07 -9.71122e-07 -2.47409e-07 -1.52175e-07 
0.0109475 0.0221326 8.07493e-09 9.15401e-07 -2.71522e-07 8.06309e-08 
1.22487e-06 2.06951e-06 0.0102322 -1.89709e-06 -1.36672e-06 -1.76027e-06 
0.0206014 0.0102259 -1.80353e-07 -9.56602e-07 -2.4037e-07 -1.58436e-07 
0.0102257 0.0206008 6.86966e-08 8.92401e-07 -2.814e-07 8.57072e-08 
1.20593e-06 2.1136e-06 0.00948739 -1.91739e-06 -1.4064e-06 -1.71135e-06 
0.0191102 0.00951836 -1.5572e-07 -9.40731e-07 -2.33313e-07 -1.6287e-07 
0.00951813 0.0191097 1.29597e-07 8.68246e-07 -2.88769e-07 9.13105e-08 
1.17441e-06 2.14546e-06 0.00876744 -1.92977e-06 -1.43995e-06 -1.65848e-06 
0.017662 0.00882642 -1.31096e-07 -9.23353e-07 -2.26187e-07 -1.6557e-07 
0.00882621 0.0176614 1.90467e-07 8.42929e-07 -2.93712e-07 9.72273e-08 
1.13077e-06 2.16532e-06 0.00807303 -1.93403e-06 -1.46682e-06 -1.60205e-06 
0.0162582 0.00815129 -1.0658e-07 -9.04315e-07 -2.18946e-07 -1.6664e-07 
0.00815108 0.0162577 2.51023e-07 8.16439e-07 -2.96325e-07 1.03244e-07 
1.07561e-06 2.17358e-06 0.00740454 -1.92999e-06 -1.48653e-06 -1.54242e-06 
0.0149011 0.00749438 -8.22799e-08 -8.83486e-07 -2.11551e-07 -1.66194e-07 
0.00749418 0.0149006 3.10968e-07 7.88784e-07 -2.96715e-07 1.09146e-07 
1.0097e-06 2.17075e-06 0.00676257 -1.91754e-06 -1.49867e-06 -1.47999e-06 
0.0135922 0.00685689 -5.82954e-08 -8.60746e-07 -2.03963e-07 -1.64355e-07 
0.00685669 0.0135917 3.70033e-07 7.59965e-07 -2.94993e-07 1.14727e-07 
9.33924e-07 2.15748e-06 0.00614746 -1.8966e-06 -1.50287e-06 -1.41512e-06 
0.0123337 0.00624022 -3.47327e-08 -8.35999e-07 -1.96157e-07 -1.61247e-07 
0.00624003 0.0123332 4.27939e-07 7.30005e-07 -2.91279e-07 1.19788e-07 
8.49323e-07 2.13456e-06 0.00555976 -1.86714e-06 -1.49885e-06 -1.3482e-06 
0.011127 0.00564557 -1.16874e-08 -8.09158e-07 -1.88104e-07 -1.56998e-07 
0.00564537 0.0111265 4.84436e-07 6.98919e-07 -2.85697e-07 1.24141e-07 
7.57031e-07 2.10286e-06 0.00499976 -1.82919e-06 -1.48637e-06 -1.27955e-06 
0.00997425 0.00507433 1.0738e-08 -7.80169e-07 -1.79788e-07 -1.51737e-07 
0.00507413 0.00997373 5.39268e-07 6.6674e-07 -2.78374e-07 1.27617e-07 
6.58314e-07 2.06338e-06 0.00446797 -1.7828e-06 -1.46529e-06 -1.20953e-06 
0.00887695 0.00452771 3.24502e-08 -7.48989e-07 -1.71193e-07 -1.45589e-07 
0.00452751 0.00887642 5.92204e-07 6.33498e-07 -2.69437e-07 1.30064e-07 
5.54498e-07 2.01718e-06 0.00396468 -1.72811e-06 -1.43553e-06 -1.13845e-06 
0.00783669 0.00400692 5.33589e-08 -7.15594e-07 -1.62309e-07 -1.38675e-07 
0.00400671 0.00783616 6.43027e-07 5.99229e-07 -2.59013e-07 1.3135e-07 
4.46975e-07 1.96539e-06 0.00349019 -1.66527e-06 -1.3971e-06 -1.06659e-06 
0.00685529 0.00351326 7.33705e-08 -6.79995e-07 -1.53134e-07 -1.31111e-07 
0.00351305 0.00685477 6.91519e-07 5.63983e-07 -2.47229e-07 1.31368e-07 
3.3722e-07 1.90922e-06 0.0030449 -1.59452e-06 -1.35007e-06 -9.94211e-07 
0.00593412 0.00304784 9.24037e-08 -6.4221e-07 -1.43665e-07 -1.23005e-07 
0.00304762 0.0059336 7.37496e-07 5.278e-07 -2.34206e-07 1.30036e-07 
2.26695e-07 1.84989e-06 0.00262903 -1.5161e-06 -1.29459e-06 -9.21545e-07 
0.00507484 0.00261187 1.10373e-07 -6.02293e-07 -1.33907e-07 -1.14458e-07 
0.00261164 0.00507432 7.80767e-07 4.9074e-07 -2.20067e-07 1.27297e-07 
1.16915e-07 1.78864e-06 0.00224294 -1.43035e-06 -1.2309e-06 -8.48801e-07 
0.00427869 0.00220636 1.27206e-07 -5.60304e-07 -1.23868e-07 -1.05558e-07 
0.00220613 0.00427816 8.21176e-07 4.5285e-07 -2.04925e-07 1.23122e-07 
9.34481e-09 1.7267e-06 0.00188678 -1.33761e-06 -1.15929e-06 -7.76133e-07 
0.00354714 0.00183243 1.42827e-07 -5.16339e-07 -1.13559e-07 -9.63879e-08 
0.00183219 0.00354661 8.58563e-07 4.14197e-07 -1.88894e-07 1.1751e-07 
-9.45399e-08 1.66533e-06 0.00156087 -1.23832e-06 -1.08016e-06 -7.03692e-07 
0.00288129 0.00149096 1.57171e-07 -4.705e-07 -1.02993e-07 -8.70146e-08 
0.00149071 0.00288076 8.92797e-07 3.74834e-07 -1.72074e-07 1.10487e-07 
-1.93354e-07 1.60568e-06 0.00126535 -1.13289e-06 -9.93924e-07 -6.31567e-07 
0.0022824 0.00118292 1.70175e-07 -4.22922e-07 -9.21907e-08 -7.74986e-08 
0.00118267 0.00228187 9.23749e-07 3.34834e-07 -1.54569e-07 1.02106e-07 
-2.85739e-07 1.54892e-06 0.00100046 -1.02184e-06 -9.01115e-07 -5.59843e-07 
0.00175139 0.000909083 1.81784e-07 -3.73743e-07 -8.11688e-08 -6.78858e-08 
0.000908825 0.00175086 9.51315e-07 2.94255e-07 -1.36469e-07 9.24436e-08 
-3.70462e-07 1.49609e-06 0.000766322 -9.05669e-07 -8.02284e-07 -4.8855e-07 
0.00128931 0.00067023 1.91948e-07 -3.23134e-07 -6.99521e-08 -5.82159e-08 
0.000669966 0.00128877 9.75394e-07 2.53173e-07 -1.17867e-07 8.16043e-08 
-4.46358e-07 1.44818e-06 0.000563127 -7.84968e-07 -6.98073e-07 -4.17713e-07 
0.000896862 0.00046697 2.00625e-07 -2.71261e-07 -5.85627e-08 -4.85149e-08 
0.0004667 0.000896326 9.95908e-07 2.11649e-07 -9.88407e-08 6.97101e-08 
-5.12415e-07 1.40607e-06 0.000390962 -6.60301e-07 -5.89135e-07 -3.47308e-07 
0.000574834 0.000299904 2.07774e-07 -2.18323e-07 -4.70289e-08 -3.8804e-08 
0.000299629 0.000574298 1.01278e-06 1.69763e-07 -7.94733e-08 5.69072e-08 
-5.67722e-07 1.37053e-06 0.000249969 -5.32311e-07 -4.76211e-07 -2.77312e-07 
0.000323739 0.000169462 2.13368e-07 -1.64512e-07 -3.53759e-08 -2.90931e-08 
0.000169184 0.000323201 1.02597e-06 1.27579e-07 -5.98348e-08 4.33539e-08 
-6.11541e-07 1.34219e-06 0.000140206 -4.0161e-07 -3.60031e-07 -2.07655e-07 
0.000144077 7.60359e-05 2.1738e-07 -1.10047e-07 -2.36345e-08 -1.93896e-08 
7.57552e-05 0.000143539 1.03542e-06 8.51771e-08 -3.99995e-08 2.92277e-08 
-6.43268e-07 1.32159e-06 6.17631e-05 -2.68885e-07 -2.41403e-07 -1.3828e-07 
3.61399e-05 1.98695e-05 2.19794e-07 -5.51319e-08 -1.18318e-08 -9.69212e-09 
1.95872e-05 3.56006e-05 1.0411e-06 4.26234e-08 -2.00312e-08 1.47113e-08 
-6.62481e-07 1.30907e-06 1.46739e-05 -1.34778e-07 -1.2111e-07 -6.90877e-08 
1.43682e-07 1.13223e-06 2.206e-07 0 0 0 
8.49335e-07 -3.95692e-07 1.04299e-06 0 0 0 
-6.68913e-07 1.30488e-06 -1.02365e-06 0 0 0 
1.43682e-07 1.13223e-06 2.206e-07 0 0 0 
8.49335e-07 -3.95692e-07 1.04299e-06 0 0 0 
-6.68913e-07 1.30488e-06 -1.02365e-06 0 0 0 
3.15392e-05 1.12625e-06 2.19582e-07 -2.21259e-08 -8.34466e-10 -3.9563e-08 
8.47039e-07 0.000112182 1.03787e-06 2.63024e-08 -3.08687e-08 1.25375e-08 
-6.65777e-07 1.3146e-06 3.03752e-05 -1.99663e-10 -2.2194e-07 -4.71582e-08 
0.000125691 1.10836e-06 2.16552e-07 -4.40957e-08 -1.88827e-09 -7.87693e-08 
8.40158e-07 0.000449298 1.02258e-06 5.25355e-08 -6.28363e-08 2.48623e-08 
-6.56429e-07 1.34351e-06 0.000124537 -1.1528e-09 -4.40441e-07 -9.49473e-08 
0.000282494 1.0787e-06 2.1159e-07 -6.5753e-08 -3.37176e-09 -1.17269e-07 
8.28714e-07 0.00100911 9.97442e-07 7.86278e-08 -9.69645e-08 3.67682e-08 
-6.41053e-07 1.3908e-06 0.000281356 -3.59167e-09 -6.52153e-07 -1.43976e-07 
0.000501774 1.03751e-06 2.04824e-07 -8.69407e-08 -5.47771e-09 -1.54725e-07 
8.12744e-07 0.0017886 9.62926e-07 1.04504e-07 -1.34242e-07 4.80613e-08 
-6.19952e-07 1.45519e-06 0.000500658 -8.20667e-09 -8.53904e-07 -1.94811e-07 
0.000783284 9.85099e-07 1.96428e-07 -1.07501e-07 -8.37319e-09 -1.9082e-07 
7.92302e-07 0.00278359 9.19698e-07 1.30083e-07 -1.7555e-07 5.85658e-08 
-5.93536e-07 1.5349e-06 0.000782195 -1.56267e-08 -1.04278e-06 -2.47952e-07 
0.0011267 9.21882e-07 1.86619e-07 -1.27274e-07 -1.21925e-08 -2.25262e-07 
7.67459e-07 0.00398888 8.6859e-07 1.55276e-07 -2.21633e-07 6.81297e-08 
-5.6232e-07 1.6277e-06 0.00112565 -2.64013e-08 -1.21621e-06 -3.0382e-07 
0.00153164 8.4835e-07 1.75645e-07 -1.46101e-07 -1.70312e-08 -2.57788e-07 
7.3831e-07 0.00539827 8.10578e-07 1.79988e-07 -2.73072e-07 7.66289e-08 
-5.26906e-07 1.73098e-06 0.00153062 -4.09844e-08 -1.37199e-06 -3.62737e-07 
0.00199762 7.6507e-07 1.63783e-07 -1.63823e-07 -2.29413e-08 -2.88169e-07 
7.04971e-07 0.00700471 7.46767e-07 2.04112e-07 -3.30266e-07 8.39712e-08 
-4.87972e-07 1.84178e-06 0.00199665 -5.97208e-08 -1.50842e-06 -4.24911e-07 
0.00252408 6.7269e-07 1.51332e-07 -1.80283e-07 -2.99281e-08 -3.16214e-07 
6.67589e-07 0.00880034 6.78369e-07 2.27535e-07 -3.93409e-07 9.00992e-08 
-4.46257e-07 1.95688e-06 0.00252314 -8.28344e-08 -1.62424e-06 -4.90426e-07 
0.00311043 5.71906e-07 1.38596e-07 -1.95327e-07 -3.795e-08 -3.41775e-07 
6.26333e-07 0.0107769 6.06662e-07 2.50136e-07 -4.625e-07 9.49931e-08 
-4.02539e-07 2.07286e-06 0.00310954 -1.10425e-07 -1.71874e-06 -5.59246e-07 
0.00375594 4.63487e-07 1.25883e-07 -2.08806e-07 -4.6917e-08 -3.64742e-07 
5.8141e-07 0.0129255 5.32989e-07 2.71786e-07 -5.37318e-07 9.86702e-08 
-3.57625e-07 2.18617e-06 0.0037551 -1.42458e-07 -1.79173e-06 -6.31192e-07 
0.00445982 3.4825e-07 1.13494e-07 -2.20579e-07 -5.66935e-08 -3.85048e-07 
5.33059e-07 0.015237 4.58709e-07 2.9235e-07 -6.1744e-07 1.01185e-07 
-3.12328e-07 2.29319e-06 0.00445903 -1.78764e-07 -1.84355e-06 -7.05956e-07 
0.00522119 2.27053e-07 1.01714e-07 -2.30513e-07 -6.71024e-08 -4.02668e-07 
4.81558e-07 0.0177018 3.85181e-07 3.11692e-07 -7.02248e-07 1.02631e-07 
-2.67449e-07 2.39037e-06 0.00522044 -2.19048e-07 -1.87504e-06 -7.83101e-07 
0.00603906 1.00789e-07 9.0803e-08 -2.38491e-07 -7.79299e-08 -4.17616e-07 
4.2722e-07 0.0203106 3.13727e-07 3.29675e-07 -7.90947e-07 1.03132e-07 
-2.2376e-07 2.47425e-06 0.00603836 -2.62885e-07 -1.88752e-06 -8.62068e-07 
0.00691239 -2.96264e-08 8.09884e-08 -2.44409e-07 -8.89325e-08 -4.29946e-07 
3.70399e-07 0.0230539 2.45613e-07 3.46163e-07 -8.82584e-07 1.02846e-07 
-1.81987e-07 2.54159e-06 0.00691173 -3.09737e-07 -1.88274e-06 -9.42188e-07 
0.00784002 -1.63259e-07 7.24603e-08 -2.48186e-07 -9.9845e-08 -4.39744e-07 
3.11487e-07 0.0259224 1.82017e-07 3.61029e-07 -9.76075e-07 1.01959e-07 
-1.42794e-07 2.58942e-06 0.0078394 -3.58961e-07 -1.86282e-06 -1.0227e-06 
0.00882071 -2.99172e-07 6.53649e-08 -2.49759e-07 -1.10389e-07 -4.47129e-07 
2.50913e-07 0.0289072 1.24011e-07 3.74154e-07 -1.07024e-06 1.00675e-07 
-1.06769e-07 2.61509e-06 0.00882013 -4.09826e-07 -1.83019e-06 -1.10275e-06 
0.00985313 -4.36431e-07 5.98009e-08 -2.49092e-07 -1.20283e-07 -4.52246e-07 
1.89145e-07 0.0319994 7.25375e-08 3.85433e-07 -1.16382e-06 9.92203e-08 
-7.44125e-08 2.61641e-06 0.00985257 -4.61529e-07 -1.7875e-06 -1.18144e-06 
0.0109358 -5.74114e-07 5.58165e-08 -2.46177e-07 -1.29253e-07 -4.55263e-07 
1.26682e-07 0.0351909 2.83913e-08 3.94778e-07 -1.25553e-06 9.78287e-08 
-4.61266e-08 2.59162e-06 0.0109353 -5.13212e-07 -1.73756e-06 -1.25783e-06 
0.0120673 -7.11323e-07 5.34089e-08 -2.41032e-07 -1.3704e-07 -4.56365e-07 
6.40542e-08 0.0384736 -7.79328e-09 4.0212e-07 -1.34408e-06 9.67405e-08 
-2.22092e-08 2.53951e-06 0.0120668 -5.63986e-07 -1.68325e-06 -1.33096e-06 
0.013246 -8.47189e-07 5.25242e-08 -2.33711e-07 -1.43413e-07 -4.55747e-07 
1.81543e-09 0.0418403 -3.55542e-08 4.07418e-07 -1.42822e-06 9.61942e-08 
-2.84853e-09 2.45943e-06 0.0132455 -6.12952e-07 -1.62741e-06 -1.39989e-06 
0.0144701 -9.80883e-07 5.30597e-08 -2.24295e-07 -1.48177e-07 -4.53613e-07 
-5.94603e-08 0.0452838 -5.46081e-08 4.10652e-07 -1.50674e-06 9.6421e-08 
1.18784e-08 2.3513e-06 0.0144696 -6.5922e-07 -1.5728e-06 -1.46369e-06 
0.0157379 -1.11162e-06 5.48666e-08 -2.129e-07 -1.51179e-07 -4.50171e-07 
-1.19186e-07 0.0487976 -6.48534e-08 4.11833e-07 -1.57855e-06 9.76383e-08 
2.20045e-08 2.21566e-06 0.0157374 -7.01934e-07 -1.522e-06 -1.52152e-06 
0.0170476 -1.23868e-06 5.77553e-08 -1.99673e-07 -1.52321e-07 -4.45624e-07 
-1.76771e-07 0.0523754 -6.63691e-08 4.11002e-07 -1.64266e-06 1.00044e-07 
2.76691e-08 2.05365e-06 0.0170471 -7.40291e-07 -1.47735e-06 -1.57257e-06 
0.0183971 -1.36139e-06 6.1501e-08 -1.84788e-07 -1.51559e-07 -4.40171e-07 
-2.31623e-07 0.0560114 -5.94096e-08 4.08229e-07 -1.69823e-06 1.03813e-07 
2.91115e-08 1.867e-06 0.0183967 -7.73563e-07 -1.44087e-06 -1.61618e-06 
0.0197846 -1.47913e-06 6.58496e-08 -1.6845e-07 -1.48911e-07 -4.34001e-07 
-2.83162e-07 0.0596996 -4.4397e-08 4.03617e-07 -1.74454e-06 1.0909e-07 
2.66619e-08 1.65804e-06 0.0197841 -8.01115e-07 -1.41421e-06 -1.65178e-06 
0.0212079 -1.59138e-06 7.05272e-08 -1.50887e-07 -1.44459e-07 -4.2729e-07 
-3.30833e-07 0.063435 -2.19053e-08 3.97295e-07 -1.78106e-06 1.15989e-07 
2.07302e-08 1.42957e-06 0.0212074 -8.22421e-07 -1.39863e-06 -1.67892e-06 
0.0226649 -1.69767e-06 7.52458e-08 -1.32347e-07 -1.38347e-07 -4.20201e-07 
-3.741e-07 0.067212 7.35073e-09 3.89423e-07 -1.80744e-06 1.24588e-07 
1.17929e-08 1.18493e-06 0.0226644 -8.37076e-07 -1.39496e-06 -1.69734e-06 
0.0241535 -1.79759e-06 7.97133e-08 -1.13094e-07 -1.30782e-07 -4.12877e-07 
-4.12469e-07 0.0710249 4.25366e-08 3.80184e-07 -1.82346e-06 1.34929e-07 
3.79051e-10 9.27852e-07 0.024153 -8.44811e-07 -1.40358e-06 -1.70689e-06 
0.0256714 -1.89083e-06 8.36413e-08 -9.3406e-08 -1.22031e-07 -4.05448e-07 
-4.45489e-07 0.0748683 8.27181e-08 3.69783e-07 -1.82908e-06 1.47021e-07 
-1.29463e-08 6.62434e-07 0.0256709 -8.45496e-07 -1.42442e-06 -1.70761e-06 
0.0272165 -1.97713e-06 8.67535e-08 -7.35626e-08 -1.12411e-07 -3.98024e-07 
-4.72762e-07 0.0787361 1.26884e-07 3.58445e-07 -1.8244e-06 1.60832e-07 
-2.75983e-08 3.93029e-07 0.0272159 -8.39149e-07 -1.45698e-06 -1.69969e-06 
0.0287864 -2.05629e-06 8.87936e-08 -5.38448e-08 -1.0229e-07 -3.90695e-07 
-4.93951e-07 0.0826221 1.7397e-07 3.46405e-07 -1.80968e-06 1.76298e-07 
-4.29892e-08 1.24172e-07 0.0287858 -8.25936e-07 -1.50035e-06 -1.68349e-06 
0.0303789 -2.1282e-06 8.95326e-08 -3.45264e-08 -9.20679e-08 -3.83538e-07 
-5.08784e-07 0.0865197 2.22883e-07 3.33906e-07 -1.78526e-06 1.93326e-07 
-5.85449e-08 -1.39516e-07 0.0303782 -8.06167e-07 -1.55326e-06 -1.6595e-06 
0.0319917 -2.1928e-06 8.87749e-08 -1.58688e-08 -8.21753e-08 -3.76612e-07 
-5.17064e-07 0.0904216 2.72526e-07 3.21195e-07 -1.75162e-06 2.11793e-07 
-7.37218e-08 -3.93427e-07 0.031991 -7.80293e-07 -1.61409e-06 -1.62839e-06 
0.0336226 -2.25008e-06 8.6364e-08 1.88549e-09 -7.30576e-08 -3.6996e-07 
-5.18668e-07 0.0943201 3.21825e-07 3.08512e-07 -1.70927e-06 2.31553e-07 
-8.80211e-08 -6.33067e-07 0.0336218 -7.48894e-07 -1.68096e-06 -1.59093e-06 
0.0352692 -2.30008e-06 8.21867e-08 1.85179e-08 -6.51644e-08 -3.63613e-07 
-5.13554e-07 0.0982068 3.69747e-07 2.9609e-07 -1.65881e-06 2.52444e-07 
-1.01003e-07 -8.54149e-07 0.0352685 -7.12669e-07 -1.7518e-06 -1.54803e-06 
0.0369295 -2.34288e-06 7.6176e-08 3.38394e-08 -5.89373e-08 -3.57592e-07 
-5.0176e-07 0.102073 4.15327e-07 2.84143e-07 -1.60084e-06 2.74293e-07 
-1.12299e-07 -1.05269e-06 0.0369287 -6.72424e-07 -1.82436e-06 -1.50067e-06 
0.0386011 -2.37862e-06 6.83134e-08 4.76944e-08 -5.47967e-08 -3.51904e-07 
-4.8341e-07 0.105908 4.57688e-07 2.72864e-07 -1.536e-06 2.96919e-07 
-1.2162e-07 -1.22512e-06 0.0386003 -6.2905e-07 -1.89637e-06 -1.44991e-06 
0.040282 -2.40745e-06 5.86287e-08 5.99649e-08 -5.31302e-08 -3.46552e-07 
-4.58705e-07 0.109702 4.96054e-07 2.62421e-07 -1.46489e-06 3.20146e-07 
-1.28767e-07 -1.3683e-06 0.0402812 -5.83506e-07 -1.96552e-06 -1.39687e-06 
0.0419701 -2.42954e-06 4.71998e-08 7.05726e-08 -5.42804e-08 -3.4153e-07 
-4.27928e-07 0.113443 5.29769e-07 2.52949e-07 -1.38812e-06 3.43803e-07 
-1.33632e-07 -1.4797e-06 0.0419692 -5.36799e-07 -2.02959e-06 -1.34267e-06 
0.0436634 -2.44508e-06 3.41501e-08 7.94811e-08 -5.85345e-08 -3.36827e-07 
-3.91438e-07 0.117122 5.58309e-07 2.44544e-07 -1.30621e-06 3.67737e-07 
-1.36204e-07 -1.55735e-06 0.0436625 -4.89961e-07 -2.08648e-06 -1.28845e-06 
0.0453598 -2.45428e-06 1.96468e-08 8.66959e-08 -6.61143e-08 -3.32428e-07 
-3.49666e-07 0.120724 5.81288e-07 2.37268e-07 -1.21969e-06 3.91812e-07 
-1.36564e-07 -1.59997e-06 0.0453589 -4.44033e-07 -2.1343e-06 -1.2353e-06 
0.0470577 -2.45736e-06 3.89315e-09 9.22653e-08 -7.71692e-08 -3.28314e-07 
-3.03102e-07 0.124238 5.98467e-07 2.31136e-07 -1.12899e-06 4.15921e-07 
-1.34887e-07 -1.60695e-06 0.0470568 -4.00028e-07 -2.1714e-06 -1.18425e-06 
0.0487552 -2.45451e-06 -1.2872e-08 9.62767e-08 -9.17686e-08 -3.24461e-07 
-2.52302e-07 0.127651 6.0975e-07 2.26125e-07 -1.03452e-06 4.39987e-07 
-1.31429e-07 -1.5784e-06 0.0487542 -3.58925e-07 -2.19644e-06 -1.13627e-06 
0.0504505 -2.44595e-06 -3.03826e-08 9.88553e-08 -1.09898e-07 -3.20843e-07 
-1.97868e-07 0.13095 6.15188e-07 2.22166e-07 -9.36623e-07 4.63967e-07 
-1.26524e-07 -1.51513e-06 0.0504496 -3.2164e-07 -2.20839e-06 -1.09221e-06 
0.0521422 -2.43187e-06 -4.83515e-08 1.00161e-07 -1.31457e-07 -3.17432e-07 
-1.40447e-07 0.134121 6.1497e-07 2.19148e-07 -8.35612e-07 4.87855e-07 
-1.20572e-07 -1.41866e-06 0.0521412 -2.89011e-07 -2.20657e-06 -1.05281e-06 
0.0538286 -2.41247e-06 -6.64764e-08 1.00381e-07 -1.56259e-07 -3.14192e-07 
-8.07164e-08 0.137153 6.09419e-07 2.1692e-07 -7.31765e-07 5.11684e-07 
-1.14022e-07 -1.29116e-06 0.0538276 -2.61773e-07 -2.19069e-06 -1.01867e-06 
0.0555083 -2.38793e-06 -8.44473e-08 9.97284e-08 -1.84032e-07 -3.11085e-07 
-1.93779e-08 0.140033 5.98974e-07 2.15294e-07 -6.25345e-07 5.35526e-07 
-1.07362e-07 -1.13543e-06 0.0555074 -2.40553e-07 -2.16079e-06 -9.90211e-07 
0.0571801 -2.35843e-06 -1.01953e-07 9.84339e-08 -2.14424e-07 -3.08066e-07 
4.28535e-08 0.142748 5.84183e-07 2.14048e-07 -5.16614e-07 5.59491e-07 
-1.01099e-07 -9.54831e-07 0.0571792 -2.25849e-07 -2.11731e-06 -9.67724e-07 
0.0588427 -2.32412e-06 -1.18686e-07 9.67391e-08 -2.47011e-07 -3.05085e-07 
1.05259e-07 0.145288 5.65686e-07 2.12934e-07 -4.05852e-07 5.83725e-07 
-9.57443e-08 -7.53195e-07 0.0588418 -2.18023e-07 -2.06101e-06 -9.51313e-07 
0.060495 -2.28517e-06 -1.34352e-07 9.48905e-08 -2.813e-07 -3.02082e-07 
1.67125e-07 0.14764 5.44194e-07 2.11678e-07 -2.93374e-07 6.08404e-07 
-9.17962e-08 -5.34766e-07 0.0604941 -2.17297e-07 -1.99297e-06 -9.40912e-07 
0.0621359 -2.24173e-06 -1.48673e-07 9.31328e-08 -3.16743e-07 -2.98993e-07 
2.27755e-07 0.149796 5.20472e-07 2.09992e-07 -1.79545e-07 6.33731e-07 
-8.97207e-08 -3.04086e-07 0.062135 -2.23743e-07 -1.91454e-06 -9.36288e-07 
0.0637644 -2.19396e-06 -1.61391e-07 9.17018e-08 -3.52747e-07 -2.95742e-07 
2.86475e-07 0.151747 4.9532e-07 2.07581e-07 -6.47957e-08 6.5993e-07 
-8.9936e-08 -6.59029e-08 0.0637635 -2.37291e-07 -1.82732e-06 -9.37043e-07 
0.0653796 -2.14204e-06 -1.72276e-07 9.08177e-08 -3.88686e-07 -2.92247e-07 
3.42644e-07 0.153486 4.69552e-07 2.04146e-07 5.03636e-08 6.87236e-07 
-9.27966e-08 1.74944e-07 0.0653788 -2.57725e-07 -1.73306e-06 -9.42629e-07 
0.0669808 -2.08612e-06 -1.81127e-07 9.068e-08 -4.23915e-07 -2.88417e-07 
3.95661e-07 0.155006 4.43976e-07 1.99396e-07 1.65335e-07 7.1589e-07 
-9.85788e-08 4.13626e-07 0.06698 -2.84692e-07 -1.63369e-06 -9.5236e-07 
0.0685671 -2.0264e-06 -1.87772e-07 9.14613e-08 -4.57784e-07 -2.84154e-07 
4.4497e-07 0.156302 4.19376e-07 1.93053e-07 2.79425e-07 7.46126e-07 
-1.07468e-07 6.45439e-07 0.0685663 -3.1771e-07 -1.53119e-06 -9.65428e-07 
0.0701379 -1.96308e-06 -1.92076e-07 9.33032e-08 -4.89649e-07 -2.79355e-07 
4.90071e-07 0.157371 3.96492e-07 1.84861e-07 3.91849e-07 7.78167e-07 
-1.19549e-07 8.65905e-07 0.0701371 -3.5618e-07 -1.42756e-06 -9.80929e-07 
0.0716925 -1.89639e-06 -1.93934e-07 9.63124e-08 -5.18893e-07 -2.73911e-07 
5.30518e-07 0.158212 3.76003e-07 1.74593e-07 5.01727e-07 8.1221e-07 
-1.34799e-07 1.07088e-06 0.0716917 -3.99399e-07 -1.32477e-06 -9.97879e-07 
0.0732301 -1.8266e-06 -1.93278e-07 1.00558e-07 -5.4493e-07 -2.67712e-07 
5.65925e-07 0.158824 3.58517e-07 1.62059e-07 6.08095e-07 8.48416e-07 
-1.53079e-07 1.25661e-06 0.0732294 -4.46575e-07 -1.22472e-06 -1.01525e-06 
0.0747503 -1.75399e-06 -1.90072e-07 1.06071e-07 -5.67231e-07 -2.60649e-07 
5.95977e-07 0.159209 3.44551e-07 1.47108e-07 7.09937e-07 8.86911e-07 
-1.7414e-07 1.41989e-06 0.0747496 -4.96852e-07 -1.12916e-06 -1.03198e-06 
0.0762525 -1.67887e-06 -1.84311e-07 1.12841e-07 -5.85321e-07 -2.52617e-07 
6.20417e-07 0.15937 3.34528e-07 1.29636e-07 8.06167e-07 9.27758e-07 
-1.97616e-07 1.55804e-06 0.0762519 -5.49314e-07 -1.03967e-06 -1.04701e-06 
0.0777361 -1.6016e-06 -1.7602e-07 1.20821e-07 -5.98798e-07 -2.43516e-07 
6.39057e-07 0.159311 3.28764e-07 1.09593e-07 8.95681e-07 9.70967e-07 
-2.23034e-07 1.669e-06 0.0777354 -6.03018e-07 -9.57623e-07 -1.05933e-06 
0.0792004 -1.52258e-06 -1.6525e-07 1.29924e-07 -6.07342e-07 -2.3326e-07 
6.51775e-07 0.159039 3.27469e-07 8.69808e-08 9.77374e-07 1.01648e-06 
-2.49819e-07 1.75138e-06 0.0791997 -6.57006e-07 -8.84161e-07 -1.06796e-06 
0.0806448 -1.44222e-06 -1.52079e-07 1.40031e-07 -6.10719e-07 -2.21777e-07 
6.58515e-07 0.158561 3.30739e-07 6.18584e-08 1.05017e-06 1.06415e-06 
-2.77306e-07 1.80446e-06 0.0806442 -7.10328e-07 -8.20153e-07 -1.07203e-06 
0.0820687 -1.36098e-06 -1.36603e-07 1.50989e-07 -6.08789e-07 -2.09011e-07 
6.59285e-07 0.157886 3.38563e-07 3.43424e-08 1.11304e-06 1.11377e-06 
-3.04754e-07 1.82819e-06 0.0820681 -7.62058e-07 -7.66201e-07 -1.07074e-06 
0.0834715 -1.27932e-06 -1.18938e-07 1.62619e-07 -6.01508e-07 -1.94931e-07 
6.54153e-07 0.157025 3.50823e-07 4.60632e-09 1.16508e-06 1.16505e-06 
-3.31362e-07 1.8232e-06 0.0834709 -8.11314e-07 -7.22625e-07 -1.06344e-06 
0.0848523 -1.19776e-06 -9.92145e-08 1.7472e-07 -5.88926e-07 -1.79531e-07 
6.43243e-07 0.155987 3.67302e-07 -2.71206e-08 1.20547e-06 1.21761e-06 
-3.56283e-07 1.79073e-06 0.0848518 -8.57273e-07 -6.89473e-07 -1.04962e-06 
0.0862105 -1.11681e-06 -7.75758e-08 1.87073e-07 -5.71194e-07 -1.62834e-07 
6.26738e-07 0.154787 3.8769e-07 -6.05559e-08 1.23357e-06 1.27098e-06 
-3.78653e-07 1.73264e-06 0.08621 -8.99187e-07 -6.66521e-07 -1.02893e-06 
0.0875452 -1.037e-06 -5.41738e-08 1.99451e-07 -5.48553e-07 -1.44892e-07 
6.04866e-07 0.153437 4.116e-07 -9.53681e-08 1.2489e-06 1.32463e-06 
-3.97601e-07 1.65127e-06 0.0875447 -9.36393e-07 -6.53299e-07 -1.00117e-06 
0.0888555 -9.58838e-07 -2.91674e-08 2.11617e-07 -5.21334e-07 -1.25792e-07 
5.77904e-07 0.151951 4.38575e-07 -1.31181e-07 1.25122e-06 1.37793e-06 
-4.12279e-07 1.54946e-06 0.088855 -9.68326e-07 -6.49108e-07 -9.66338e-07 
0.0901405 -8.82856e-07 -2.72045e-09 2.23336e-07 -4.89948e-07 -1.05654e-07 
5.46168e-07 0.150343 4.68104e-07 -1.67581e-07 1.24047e-06 1.43021e-06 
-4.21882e-07 1.4304e-06 0.09014 -9.94524e-07 -6.53045e-07 -9.24582e-07 
0.0913991 -8.09549e-07 2.50003e-08 2.34381e-07 -4.54882e-07 -8.46306e-08 
5.10011e-07 0.148629 4.99638e-07 -2.0412e-07 1.21686e-06 1.48072e-06 
-4.25668e-07 1.29753e-06 0.0913986 -1.01463e-06 -6.64041e-07 -8.76238e-07 
0.0926302 -7.39392e-07 5.38264e-08 2.44532e-07 -4.16686e-07 -6.29098e-08 
4.69818e-07 0.146824 5.32601e-07 -2.40328e-07 1.18084e-06 1.52866e-06 
-4.2298e-07 1.15452e-06 0.0926298 -1.02842e-06 -6.8089e-07 -8.21803e-07 
0.0938326 -6.72821e-07 8.35891e-08 2.53587e-07 -3.7596e-07 -4.07092e-08 
4.25997e-07 0.144943 5.66413e-07 -2.75716e-07 1.13308e-06 1.57319e-06 
-4.13265e-07 1.00507e-06 0.0938323 -1.03574e-06 -7.02283e-07 -7.6193e-07 
0.0950052 -6.10231e-07 1.1412e-07 2.61363e-07 -3.33349e-07 -1.82747e-08 
3.78982e-07 0.143002 6.00495e-07 -3.09788e-07 1.07454e-06 1.61346e-06 
-3.96092e-07 8.5288e-07 0.0950049 -1.03658e-06 -7.26851e-07 -6.97409e-07 
0.0961465 -5.51964e-07 1.45248e-07 2.677e-07 -2.89524e-07 4.1215e-09 
3.29224e-07 0.141016 6.3429e-07 -3.42046e-07 1.00635e-06 1.6486e-06 
-3.71169e-07 7.01541e-07 0.0961463 -1.03103e-06 -7.53191e-07 -6.29156e-07 
0.0972553 -4.98294e-07 1.76811e-07 2.72464e-07 -2.45168e-07 2.61912e-08 
2.77177e-07 0.139 6.67279e-07 -3.72005e-07 9.29867e-07 1.67774e-06 
-3.38347e-07 5.54399e-07 0.0972551 -1.01926e-06 -7.79911e-07 -5.58177e-07 
0.09833 -4.49439e-07 2.08638e-07 2.75546e-07 -2.0097e-07 4.76283e-08 
2.23315e-07 0.136969 6.98985e-07 -3.99194e-07 8.46631e-07 1.70003e-06 
-2.97639e-07 4.1453e-07 0.0983299 -1.00153e-06 -8.05655e-07 -4.85561e-07 
0.0993693 -4.0554e-07 2.40563e-07 2.76869e-07 -1.57605e-07 6.81198e-08 
1.6811e-07 0.134937 7.28988e-07 -4.23167e-07 7.58312e-07 1.71466e-06 
-2.49222e-07 2.84632e-07 0.0993693 -9.78196e-07 -8.29131e-07 -4.12447e-07 
0.100372 -3.66667e-07 2.72421e-07 2.76381e-07 -1.15726e-07 8.7351e-08 
1.12034e-07 0.132919 7.56932e-07 -4.43513e-07 6.66685e-07 1.72087e-06 
-1.93437e-07 1.66972e-07 0.100372 -9.49649e-07 -8.49142e-07 -3.39991e-07 
0.101335 -3.3281e-07 3.04043e-07 2.74059e-07 -7.59449e-08 1.05013e-07 
5.55572e-08 0.130927 7.82532e-07 -4.59862e-07 5.73585e-07 1.71797e-06 
-1.30788e-07 6.33379e-08 0.101335 -9.16347e-07 -8.64607e-07 -2.69349e-07 
0.102259 -3.03887e-07 3.35263e-07 2.69908e-07 -3.88302e-08 1.20812e-07 
-8.57203e-10 0.128974 8.05578e-07 -4.71889e-07 4.80861e-07 1.70536e-06 
-6.19374e-08 -2.4992e-08 0.102259 -8.7878e-07 -8.74573e-07 -2.01637e-07 
0.10314 -2.79738e-07 3.65913e-07 2.63955e-07 -4.88947e-09 1.34471e-07 
-5.67565e-08 0.127072 8.25937e-07 -4.79326e-07 3.90326e-07 1.68251e-06 
1.23034e-08 -9.72672e-08 0.103141 -8.37462e-07 -8.78235e-07 -1.37914e-07 
0.103979 -2.60135e-07 3.95825e-07 2.56251e-07 2.54366e-08 1.45743e-07 
-1.117e-07 0.125232 8.43552e-07 -4.81961e-07 3.03713e-07 1.64904e-06 
9.09883e-08 -1.53264e-07 0.103979 -7.92915e-07 -8.74943e-07 -7.91505e-08 
0.104772 -2.44786e-07 4.24831e-07 2.46866e-07 5.17825e-08 1.54417e-07 
-1.65264e-07 0.123465 8.58438e-07 -4.79647e-07 2.22628e-07 1.60465e-06 
1.73051e-07 -1.93269e-07 0.104772 -7.45655e-07 -8.64206e-07 -2.6206e-08 
0.105519 -2.33338e-07 4.52763e-07 2.35886e-07 7.38645e-08 1.60321e-07 
-2.17039e-07 0.12178 8.7068e-07 -4.72301e-07 1.48503e-07 1.5492e-06 
2.57327e-07 -2.1805e-07 0.105519 -6.96183e-07 -8.45693e-07 2.01923e-08 
0.106217 -2.25394e-07 4.79455e-07 2.23413e-07 9.14845e-08 1.63327e-07 
-2.66637e-07 0.120186 8.80423e-07 -4.59907e-07 8.25612e-08 1.48267e-06 
3.42571e-07 -2.28808e-07 0.106218 -6.4497e-07 -8.19234e-07 5.94674e-08 
0.106866 -2.20514e-07 5.04743e-07 2.09556e-07 1.04534e-07 1.63362e-07 
-3.13692e-07 0.118691 8.87867e-07 -4.42522e-07 2.57824e-08 1.40518e-06 
4.27484e-07 -2.27122e-07 0.106867 -5.92451e-07 -7.84813e-07 9.12073e-08 
0.107464 -2.18233e-07 5.28467e-07 1.94433e-07 1.12994e-07 1.60404e-07 
-3.57861e-07 0.117303 8.93254e-07 -4.20266e-07 -2.11266e-08 1.31701e-06 
5.10739e-07 -2.1488e-07 0.107465 -5.39014e-07 -7.42562e-07 1.15175e-07 
0.108009 -2.18069e-07 5.50473e-07 1.78165e-07 1.16936e-07 1.54488e-07 
-3.98825e-07 0.116028 8.96862e-07 -3.93332e-07 -5.77498e-08 1.21857e-06 
5.91005e-07 -1.94201e-07 0.10801 -4.84995e-07 -6.92747e-07 1.31316e-07 
0.108501 -2.19536e-07 5.70613e-07 1.60879e-07 1.1652e-07 1.45706e-07 
-4.36291e-07 0.114872 8.98987e-07 -3.61974e-07 -8.39745e-08 1.11042e-06 
6.66977e-07 -1.67352e-07 0.108502 -4.30674e-07 -6.35765e-07 1.39759e-07 
0.108938 -2.22159e-07 5.88748e-07 1.42698e-07 1.1199e-07 1.34205e-07 
-4.69994e-07 0.113841 8.99936e-07 -3.26511e-07 -9.99933e-08 9.9324e-07 
7.37396e-07 -1.36666e-07 0.108939 -3.76278e-07 -5.72129e-07 1.40814e-07 
0.109319 -2.25483e-07 6.0475e-07 1.23744e-07 1.03669e-07 1.20186e-07 
-4.99699e-07 0.112937 9.00015e-07 -2.87317e-07 -1.06301e-07 8.67847e-07 
8.0109e-07 -1.04448e-07 0.10932 -3.21963e-07 -5.02442e-07 1.34964e-07 
0.109643 -2.29086e-07 6.18504e-07 1.04137e-07 9.19505e-08 1.03903e-07 
-5.25199e-07 0.112167 8.99515e-07 -2.44819e-07 -1.03677e-07 7.35177e-07 
8.5698e-07 -7.29003e-08 0.109645 -2.67842e-07 -4.2741e-07 1.22858e-07 
0.10991 -2.3259e-07 6.29908e-07 8.39936e-08 7.72964e-08 8.56555e-08 
-5.46317e-07 0.111531 8.98702e-07 -1.99493e-07 -9.31615e-08 5.9627e-07 
9.04111e-07 -4.40376e-08 0.109911 -2.13972e-07 -3.47806e-07 1.0529e-07 
0.110118 -2.35672e-07 6.38877e-07 6.3427e-08 6.02221e-08 6.57831e-08 
-5.62908e-07 0.111034 8.9781e-07 -1.51853e-07 -7.60305e-08 4.52256e-07 
9.41675e-07 -1.96156e-08 0.11012 -1.60361e-07 -2.6447e-07 8.31855e-08 
0.110268 -2.3807e-07 6.45342e-07 4.25461e-08 4.12894e-08 4.46599e-08 
-5.74857e-07 0.110677 8.97029e-07 -1.02446e-07 -5.37531e-08 3.0434e-07 
9.69022e-07 -1.06987e-09 0.110269 -1.06982e-07 -1.78289e-07 5.75768e-08 
0.110358 -2.39593e-07 6.49254e-07 2.1457e-08 2.10953e-08 2.2686e-08 
-5.82084e-07 0.110462 8.96501e-07 -5.18447e-08 -2.79503e-08 1.53785e-07 
9.85679e-07 1.05351e-08 0.110359 -5.37752e-08 -9.01856e-08 2.95795e-08 
0.110388 -2.40122e-07 6.50583e-07 2.63788e-10 2.60476e-10 2.79578e-10 
-5.84538e-07 0.110389 8.96311e-07 -6.38115e-10 -3.47131e-10 1.89185e-09 
9.91356e-07 1.45429e-08 0.110389 -6.60357e-10 -1.10985e-09 3.65907e-10 
0.110388 -2.40122e-07 6.50583e-07 2.63788e-10 2.60476e-10 2.79578e-10 
-5.84538e-07 0.110389 8.96311e-07 -6.38115e-10 -3.47131e-10 1.89185e-09 
9.91356e-07 1.45429e-08 0.110389 -6.60357e-10 -1.10985e-09 3.65907e-10 
0.110391 9.75053e-06 -9.09634e-06 6.24802e-09 2.14188e-09 -3.45613e-08 
9.4056e-06 0.110393 1.08856e-05 5.55526e-09 -1.01555e-08 8.2581e-08 
-8.76183e-06 1.00038e-05 0.110392 -2.25498e-08 -9.23106e-08 8.73846e-08 
0.110399 3.91806e-05 -3.82807e-05 1.20142e-08 3.82522e-09 -6.93522e-08 
3.88341e-05 0.110402 4.03114e-05 1.16029e-08 -1.92614e-08 1.62433e-07 
-3.79648e-05 3.94298e-05 0.1104 -4.34127e-08 -1.83605e-07 1.74207e-07 
0.110414 8.7864e-05 -8.67172e-05 1.73523e-08 5.11653e-09 -1.04031e-07 
8.75149e-05 0.110418 8.89878e-05 1.73611e-08 -2.69825e-08 2.40612e-07 
-8.64319e-05 8.81065e-05 0.110415 -6.22454e-08 -2.75052e-07 2.60609e-07 
0.110434 0.000155513 -0.000154119 2.20683e-08 5.82647e-09 -1.38548e-07 
0.00015516 0.11044 0.000156627 2.26973e-08 -3.26636e-08 3.16346e-07 
-0.000153876 0.000155746 0.110435 -7.80967e-08 -3.66734e-07 3.46394e-07 
0.110461 0.000241702 -0.000240061 2.59866e-08 5.7713e-09 -1.72836e-07 
0.000241345 0.110468 0.000242804 2.74889e-08 -3.56816e-08 3.88879e-07 
-0.000239871 0.000241924 0.110462 -9.00738e-08 -4.58678e-07 4.31323e-07 
0.110495 0.000345927 -0.00034404 2.89596e-08 4.77523e-09 -2.06836e-07 
0.000345565 0.110503 0.000347013 3.16318e-08 -3.54605e-08 4.57544e-07 
-0.000343913 0.000346136 0.110496 -9.73746e-08 -5.50921e-07 5.15182e-07 
0.110535 0.000467541 -0.000465409 3.08703e-08 2.67213e-09 -2.40472e-07 
0.000467172 0.110544 0.000468609 3.50388e-08 -3.1479e-08 5.21719e-07 
-0.000465354 0.000467734 0.110536 -9.92963e-08 -6.43436e-07 5.97711e-07 
0.110582 0.000605843 -0.000603468 3.16388e-08 -6.93784e-10 -2.73675e-07 
0.000605467 0.110593 0.000606889 3.76455e-08 -2.32784e-08 5.80893e-07 
-0.000603495 0.000606019 0.110583 -9.52574e-08 -7.36194e-07 6.78667e-07 
0.110637 0.000759991 -0.000757376 3.12253e-08 -5.4649e-09 -3.06354e-07 
0.000759605 0.110649 0.000761013 3.94093e-08 -1.04737e-08 6.34618e-07 
-0.00075749 0.000760148 0.110638 -8.48095e-08 -8.29088e-07 7.57759e-07 
0.1107 0.000929116 -0.000926266 2.96331e-08 -1.17719e-08 -3.38423e-07 
0.000928722 0.110713 0.000930111 4.03123e-08 7.24723e-09 6.8257e-07 
-0.000926473 0.000929254 0.110701 -6.76457e-08 -9.22004e-07 8.34709e-07 
0.110771 0.00111221 -0.00110913 2.69108e-08 -1.97289e-08 -3.69775e-07 
0.00111181 0.110785 0.00111318 4.03595e-08 3.01085e-08 7.24504e-07 
-0.00110944 0.00111233 0.110772 -4.36166e-08 -1.01474e-06 9.09191e-07 
0.11085 0.00130829 -0.00130498 2.31517e-08 -2.94378e-08 -4.00302e-07 
0.00130787 0.110866 0.00130922 3.95794e-08 5.82571e-08 7.60299e-07 
-0.00130538 0.00130838 0.110851 -1.2722e-08 -1.10709e-06 9.80887e-07 
0.110939 0.00151621 -0.00151268 1.84957e-08 -4.09817e-08 -4.29878e-07 
0.00151578 0.110955 0.0015171 3.80219e-08 9.17432e-08 7.89919e-07 
-0.00151319 0.00151628 0.11094 2.48686e-08 -1.19874e-06 1.04943e-06 
0.111037 0.00173489 -0.00173114 1.31244e-08 -5.44316e-08 -4.58374e-07 
0.00173445 0.111054 0.00173574 3.57562e-08 1.30542e-07 8.13443e-07 
-0.00173175 0.00173494 0.111038 6.8842e-08 -1.28936e-06 1.11447e-06 
0.111145 0.00196312 -0.00195917 7.26219e-09 -6.98378e-08 -4.85639e-07 
0.00196267 0.111163 0.00196394 3.28683e-08 1.74528e-07 8.31035e-07 
-0.00195988 0.00196315 0.111145 1.18716e-07 -1.37856e-06 1.17561e-06 
0.111262 0.00219976 -0.00219563 1.16758e-09 -8.72397e-08 -5.11524e-07 
0.0021993 0.111282 0.00220054 2.9459e-08 2.23508e-07 8.42949e-07 
-0.00219643 0.00219978 0.111263 1.73885e-07 -1.4659e-06 1.23245e-06 
0.11139 0.00244362 -0.00243928 -4.86557e-09 -1.06654e-07 -5.35854e-07 
0.00244315 0.111411 0.00244435 2.56316e-08 2.77198e-07 8.49529e-07 
-0.00244017 0.00244361 0.111391 2.33587e-07 -1.55087e-06 1.28459e-06 
0.111529 0.0026935 -0.00268896 -1.05215e-08 -1.28087e-07 -5.5846e-07 
0.00269301 0.11155 0.00269418 2.15066e-08 3.35242e-07 8.5117e-07 
-0.00268994 0.00269347 0.111529 2.96962e-07 -1.63295e-06 1.3316e-06 
0.111678 0.00294826 -0.00294355 -1.54644e-08 -1.51528e-07 -5.79158e-07 
0.00294776 0.1117 0.00294889 1.71982e-08 3.97225e-07 8.48336e-07 
-0.00294461 0.00294821 0.111678 3.6305e-07 -1.71156e-06 1.37308e-06 
0.111837 0.00320673 -0.00320184 -1.93463e-08 -1.76943e-07 -5.97754e-07 
0.00320621 0.111861 0.0032073 1.28219e-08 4.6265e-07 8.41536e-07 
-0.00320297 0.00320666 0.111838 4.30793e-07 -1.7861e-06 1.40861e-06 
0.112008 0.00346784 -0.00346279 -2.18189e-08 -2.04293e-07 -6.14058e-07 
0.00346731 0.112032 0.00346836 8.48602e-09 5.30992e-07 8.31309e-07 
-0.00346398 0.00346775 0.112008 4.99102e-07 -1.85595e-06 1.43781e-06 
0.112189 0.0037305 -0.00372529 -2.25385e-08 -2.3351e-07 -6.27874e-07 
0.00372996 0.112214 0.00373097 4.29177e-09 6.01651e-07 8.18218e-07 
-0.00372653 0.0037304 0.112189 5.66827e-07 -1.92047e-06 1.4603e-06 
0.112381 0.00399377 -0.00398841 -2.11782e-08 -2.64522e-07 -6.39014e-07 
0.00399322 0.112407 0.00399418 3.27086e-10 6.74021e-07 8.0283e-07 
-0.00398968 0.00399364 0.112381 6.32838e-07 -1.97904e-06 1.47575e-06 
0.112583 0.00425666 -0.00425115 -1.7436e-08 -2.97227e-07 -6.4729e-07 
0.00425609 0.11261 0.00425701 -3.3322e-09 7.47435e-07 7.85711e-07 
-0.00425244 0.00425651 0.112583 6.95996e-07 -2.03103e-06 1.48387e-06 
0.112795 0.00451837 -0.00451271 -1.10429e-08 -3.31518e-07 -6.52531e-07 
0.00451778 0.112822 0.00451866 -6.62702e-09 8.21237e-07 7.67408e-07 
-0.00451402 0.0045182 0.112795 7.55235e-07 -2.07588e-06 1.48441e-06 
0.113016 0.00477806 -0.00477227 -1.77541e-09 -3.67258e-07 -6.54582e-07 
0.00477746 0.113044 0.00477829 -9.51289e-09 8.94729e-07 7.48449e-07 
-0.00477358 0.00477787 0.113016 8.09531e-07 -2.11302e-06 1.47721e-06 
0.113246 0.0050351 -0.00502918 1.05418e-08 -4.04303e-07 -6.53305e-07 
0.00503449 0.113275 0.00503527 -1.19625e-08 9.67239e-07 7.29321e-07 
-0.00503048 0.00503489 0.113246 8.57982e-07 -2.14197e-06 1.46216e-06 
0.113484 0.00528884 -0.00528279 2.60203e-08 -4.42477e-07 -6.48594e-07 
0.00528821 0.113514 0.00528895 -1.39628e-08 1.03807e-06 7.10475e-07 
-0.00528406 0.00528861 0.113484 8.9978e-07 -2.16233e-06 1.43926e-06 
0.11373 0.00553881 -0.00553264 4.47111e-08 -4.81599e-07 -6.40369e-07 
0.00553816 0.11376 0.00553886 -1.55149e-08 1.10657e-06 6.92312e-07 
-0.00553387 0.00553855 0.113729 9.34275e-07 -2.17376e-06 1.40858e-06 
0.113982 0.00578455 -0.00577825 6.65867e-08 -5.21452e-07 -6.28592e-07 
0.00578388 0.114012 0.00578453 -1.6631e-08 1.17206e-06 6.75187e-07 
-0.00577943 0.00578426 0.113981 9.6096e-07 -2.17602e-06 1.37031e-06 
0.114239 0.00602575 -0.00601935 9.15502e-08 -5.61814e-07 -6.13264e-07 
0.00602506 0.11427 0.00602568 -1.73319e-08 1.23394e-06 6.59396e-07 
-0.00602047 0.00602544 0.114239 9.79513e-07 -2.169e-06 1.32474e-06 
0.114501 0.00626218 -0.00625563 1.19421e-07 -6.02432e-07 -5.9443e-07 
0.00626148 0.114532 0.00626205 -1.76444e-08 1.2916e-06 6.45193e-07 
-0.00625669 0.00626184 0.1145 9.89773e-07 -2.1527e-06 1.27228e-06 
0.114766 0.00649367 -0.00648703 1.49939e-07 -6.43035e-07 -5.72194e-07 
0.00649295 0.114797 0.00649348 -1.7596e-08 1.34448e-06 6.32766e-07 
-0.006488 0.00649331 0.114765 9.91794e-07 -2.12722e-06 1.21345e-06 
0.115032 0.00672017 -0.00671338 1.82764e-07 -6.83334e-07 -5.46703e-07 
0.00671943 0.115065 0.00671992 -1.72123e-08 1.39207e-06 6.22269e-07 
-0.00671427 0.00671978 0.115032 9.85796e-07 -2.09284e-06 1.14891e-06 
0.1153 0.00694166 -0.00693474 2.17476e-07 -7.23017e-07 -5.18171e-07 
0.0069409 0.115332 0.00694136 -1.65138e-08 1.43387e-06 6.13798e-07 
-0.00693554 0.00694124 0.1153 9.72208e-07 -2.04992e-06 1.0794e-06 
0.115567 0.00715825 -0.00715121 2.53585e-07 -7.61761e-07 -4.86858e-07 
0.00715747 0.115599 0.0071579 -1.55107e-08 1.46946e-06 6.07415e-07 
-0.00715191 0.0071578 0.115567 9.51625e-07 -1.999e-06 1.00579e-06 
0.115831 0.00737004 -0.00736287 2.90522e-07 -7.99217e-07 -4.53097e-07 
0.00736923 0.115864 0.00736964 -1.42008e-08 1.49846e-06 6.03146e-07 
-0.00736346 0.00736956 0.115831 9.24821e-07 -1.94073e-06 9.29069e-07 
0.116092 0.00757725 -0.00756995 3.27668e-07 -8.35035e-07 -4.17263e-07 
0.00757642 0.116126 0.0075768 -1.2566e-08 1.52054e-06 6.00988e-07 
-0.00757043 0.00757674 0.116093 8.92712e-07 -1.87588e-06 8.50271e-07 
0.116349 0.00778006 -0.00777262 3.64339e-07 -8.68841e-07 -3.79801e-07 
0.00777921 0.116382 0.00777956 -1.0571e-08 1.53543e-06 6.00914e-07 
-0.007773 0.00777953 0.116349 8.5636e-07 -1.80534e-06 7.70555e-07 
0.116598 0.00797878 -0.0079712 3.9982e-07 -9.00266e-07 -3.41194e-07 
0.0079779 0.116631 0.00797824 -8.16104e-09 1.5429e-06 6.02882e-07 
-0.00797147 0.00797822 0.116599 8.16919e-07 -1.73008e-06 6.91102e-07 
0.11684 0.00817363 -0.0081659 4.33352e-07 -9.28928e-07 -3.01987e-07 
0.00817272 0.116873 0.00817304 -5.26259e-09 1.5428e-06 6.06836e-07 
-0.00816606 0.00817304 0.11684 7.75637e-07 -1.65119e-06 6.13168e-07 
0.117073 0.00836492 -0.00835704 4.6417e-07 -9.54458e-07 -2.6275e-07 
0.00836399 0.117106 0.0083643 -1.78251e-09 1.53501e-06 6.12719e-07 
-0.00835709 0.00836431 0.117073 7.33797e-07 -1.5698e-06 5.37994e-07 
0.117295 0.00855288 -0.00854485 4.91495e-07 -9.76482e-07 -2.24105e-07 
0.00855193 0.117328 0.00855222 2.38813e-09 1.5195e-06 6.20467e-07 
-0.00854479 0.00855225 0.117295 6.92712e-07 -1.48709e-06 4.66849e-07 
0.117505 0.0087378 -0.00872961 5.14567e-07 -9.94649e-07 -1.86679e-07 
0.00873682 0.117538 0.00873711 7.37416e-09 1.49628e-06 6.30024e-07 
-0.00872944 0.00873714 0.117506 6.53661e-07 -1.40424e-06 4.00945e-07 
0.117702 0.00891985 -0.00891149 5.32644e-07 -1.00862e-06 -1.51133e-07 
0.00891884 0.117735 0.00891913 1.33091e-08 1.46543e-06 6.41331e-07 
-0.00891122 0.00891917 0.117703 6.17889e-07 -1.32248e-06 3.41464e-07 
0.117886 0.00909923 -0.0090907 5.45031e-07 -1.01809e-06 -1.18118e-07 
0.0090982 0.117918 0.00909849 2.03344e-08 1.4271e-06 6.54343e-07 
-0.00909033 0.00909853 0.117886 5.86535e-07 -1.24293e-06 2.89485e-07 
0.118054 0.00927601 -0.00926731 5.51083e-07 -1.02278e-06 -8.82897e-08 
0.00927496 0.118086 0.00927525 2.85892e-08 1.38148e-06 6.69013e-07 
-0.00926685 0.00927529 0.118054 5.60638e-07 -1.16673e-06 2.46003e-07 
0.118206 0.00945026 -0.00944141 5.50229e-07 -1.02244e-06 -6.22758e-08 
0.00944918 0.118237 0.00944947 3.82077e-08 1.32883e-06 6.85299e-07 
-0.00944086 0.00944952 0.118207 5.41075e-07 -1.09489e-06 2.11863e-07 
0.118342 0.00962194 -0.00961288 5.41986e-07 -1.01688e-06 -4.06756e-08 
0.00962085 0.118373 0.00962114 4.93154e-08 1.2695e-06 7.03168e-07 
-0.00961223 0.00962119 0.118343 5.28548e-07 -1.02833e-06 1.87775e-07 
0.118461 0.00979091 -0.00978169 5.25957e-07 -1.00596e-06 -2.40495e-08 
0.0097898 0.118491 0.0097901 6.20078e-08 1.20386e-06 7.22573e-07 
-0.00978097 0.00979014 0.118461 5.23566e-07 -9.67848e-07 1.7426e-07 
0.118562 0.00995698 -0.00994752 5.01867e-07 -9.8959e-07 -1.2895e-08 
0.00995585 0.118592 0.00995616 7.63648e-08 1.13238e-06 7.4347e-07 
-0.00994672 0.00995619 0.118562 5.26411e-07 -9.14086e-07 1.71662e-07 
0.118645 0.0101198 -0.0101101 4.69548e-07 -9.67744e-07 -7.64935e-09 
0.0101187 0.118675 0.010119 9.24205e-08 1.05556e-06 7.65795e-07 
-0.0101093 0.010119 0.118646 5.37138e-07 -8.67525e-07 1.80112e-07 
0.118711 0.010279 -0.0102691 4.28958e-07 -9.40457e-07 -8.66783e-09 
0.0102778 0.11874 0.0102781 1.10177e-07 9.73969e-07 7.89478e-07 
-0.0102682 0.0102781 0.118712 5.55562e-07 -8.28457e-07 1.99531e-07 
0.118759 0.0104339 -0.0104239 3.80196e-07 -9.07845e-07 -1.62192e-08 
0.0104328 0.118787 0.0104331 1.29581e-07 8.88245e-07 8.14412e-07 
-0.0104229 0.0104331 0.11876 5.81252e-07 -7.96999e-07 2.29617e-07 
0.11879 0.0105841 -0.0105738 3.2348e-07 -8.70081e-07 -3.04785e-08 
0.0105829 0.118817 0.0105833 1.50535e-07 7.99049e-07 8.40476e-07 
-0.0105727 0.0105832 0.11879 6.13547e-07 -7.7306e-07 2.69859e-07 
0.118804 0.0107287 -0.0107182 2.5918e-07 -8.27426e-07 -5.15135e-08 
0.0107275 0.11883 0.0107279 1.72876e-07 7.07123e-07 8.67502e-07 
-0.0107171 0.0107278 0.118804 6.51549e-07 -7.56364e-07 3.19512e-07 
0.118801 0.0108668 -0.0108562 1.8778e-07 -7.80198e-07 -7.9292e-08 
0.0108657 0.118827 0.0108661 1.96391e-07 6.13217e-07 8.95297e-07 
-0.010855 0.010866 0.118802 6.94163e-07 -7.46437e-07 3.77648e-07 
0.118784 0.0109977 -0.0109868 1.09914e-07 -7.28802e-07 -1.13662e-07 
0.0109966 0.118809 0.0109969 2.20797e-07 5.18151e-07 9.23614e-07 
-0.0109856 0.0109968 0.118784 7.40095e-07 -7.42624e-07 4.43124e-07 
0.118752 0.0111202 -0.0111091 2.63111e-08 -6.73693e-07 -1.54371e-07 
0.0111191 0.118776 0.0111194 2.45761e-07 4.22737e-07 9.52173e-07 
-0.0111078 0.0111193 0.118752 7.87908e-07 -7.44101e-07 5.14649e-07 
0.118706 0.0112331 -0.0112218 -6.21564e-08 -6.15411e-07 -2.01044e-07 
0.0112321 0.11873 0.0112325 2.70882e-07 3.27845e-07 9.80639e-07 
-0.0112205 0.0112322 0.118707 8.36022e-07 -7.4989e-07 5.90756e-07 
0.118649 0.0113354 -0.011324 -1.54551e-07 -5.54531e-07 -2.53214e-07 
0.0113345 0.118672 0.0113348 2.95717e-07 2.34319e-07 1.00864e-06 
-0.0113226 0.0113345 0.11865 8.82792e-07 -7.58882e-07 6.69886e-07 
0.118581 0.0114259 -0.0114142 -2.49813e-07 -4.91703e-07 -3.10298e-07 
0.0114249 0.118603 0.0114253 3.19765e-07 1.43038e-07 1.03576e-06 
-0.0114127 0.0114249 0.118581 9.26505e-07 -7.69864e-07 7.50359e-07 
0.118504 0.0115031 -0.0114912 -3.4685e-07 -4.27595e-07 -3.71637e-07 
0.0115022 0.118525 0.0115025 3.42496e-07 5.48381e-08 1.06155e-06 
-0.0114897 0.0115021 0.118504 9.65464e-07 -7.81546e-07 8.30469e-07 
0.118419 0.0115658 -0.0115537 -4.4448e-07 -3.62933e-07 -4.36468e-07 
0.011565 0.11844 0.0115653 3.63341e-07 -2.94321e-08 1.08551e-06 
-0.0115522 0.0115648 0.118419 9.97996e-07 -7.92585e-07 9.0846e-07 
0.118328 0.0116126 -0.0116004 -5.41525e-07 -2.98439e-07 -5.03982e-07 
0.0116119 0.118348 0.0116122 3.81716e-07 -1.08986e-07 1.10713e-06 
-0.0115988 0.0116117 0.118328 1.02253e-06 -8.01634e-07 9.82612e-07 
0.118232 0.0116423 -0.0116298 -6.36761e-07 -2.34878e-07 -5.73288e-07 
0.0116417 0.118252 0.0116419 3.97037e-07 -1.83069e-07 1.1259e-06 
-0.0116283 0.0116413 0.118233 1.0376e-06 -8.07344e-07 1.05125e-06 
0.118134 0.0116535 -0.0116408 -7.28992e-07 -1.72988e-07 -6.43467e-07 
0.0116529 0.118153 0.0116532 4.08714e-07 -2.50979e-07 1.14126e-06 
-0.0116393 0.0116525 0.118135 1.04194e-06 -8.08436e-07 1.11279e-06 
0.118035 0.0116449 -0.0116321 -8.17057e-07 -1.13497e-07 -7.13577e-07 
0.0116444 0.118053 0.0116447 4.16188e-07 -3.12098e-07 1.1527e-06 
-0.0116305 0.0116439 0.118036 1.03447e-06 -8.03701e-07 1.16577e-06 
0.117937 0.0116153 -0.0116023 -8.99814e-07 -5.71265e-08 -7.82645e-07 
0.0116149 0.117954 0.0116152 4.1893e-07 -3.65868e-07 1.15971e-06 
-0.0116007 0.0116143 0.117938 1.01435e-06 -7.92043e-07 1.20888e-06 
0.117841 0.0115636 -0.0115504 -9.76226e-07 -4.53768e-09 -8.49732e-07 
0.0115633 0.117857 0.0115635 4.16464e-07 -4.1184e-07 1.16181e-06 
-0.0115488 0.0115626 0.117842 9.81003e-07 -7.72502e-07 1.24099e-06 
0.117749 0.0114886 -0.0114753 -1.04531e-06 4.36371e-08 -9.13895e-07 
0.0114884 0.117764 0.0114886 4.08376e-07 -4.4965e-07 1.15856e-06 
-0.0114737 0.0114876 0.117749 9.3416e-07 -7.44283e-07 1.2612e-06 
0.117662 0.0113894 -0.011376 -1.10623e-06 8.68462e-08 -9.74259e-07 
0.0113894 0.117677 0.0113895 3.94329e-07 -4.79057e-07 1.14959e-06 
-0.0113744 0.0113885 0.117663 8.73833e-07 -7.06766e-07 1.26882e-06 
0.117582 0.0112652 -0.0112516 -1.15823e-06 1.24591e-07 -1.02998e-06 
0.0112653 0.117596 0.0112654 3.74078e-07 -4.9992e-07 1.1346e-06 
-0.0112501 0.0112643 0.117582 8.00368e-07 -6.59541e-07 1.26341e-06 
0.11751 0.0111152 -0.0111015 -1.20072e-06 1.5647e-07 -1.08031e-06 
0.0111154 0.117523 0.0111155 3.47473e-07 -5.1223e-07 1.11335e-06 
-0.0111001 0.0111143 0.11751 7.14393e-07 -6.02386e-07 1.2448e-06 
0.117447 0.0109389 -0.010925 -1.23323e-06 1.82156e-07 -1.12457e-06 
0.0109391 0.117459 0.0109393 3.14481e-07 -5.16094e-07 1.08573e-06 
-0.0109237 0.010938 0.117447 6.16872e-07 -5.35317e-07 1.21304e-06 
0.117393 0.0107357 -0.0107218 -1.25548e-06 2.01428e-07 -1.16218e-06 
0.0107361 0.117405 0.0107362 2.75171e-07 -5.11745e-07 1.0517e-06 
-0.0107205 0.0107349 0.117394 5.09019e-07 -4.58534e-07 1.16848e-06 
0.117351 0.0105056 -0.0104915 -1.26732e-06 2.14158e-07 -1.19268e-06 
0.0105061 0.117362 0.0105062 2.2975e-07 -4.99541e-07 1.01133e-06 
-0.0104903 0.0105048 0.117351 3.92355e-07 -3.72479e-07 1.11168e-06 
0.11732 0.0102483 -0.010234 -1.26878e-06 2.20326e-07 -1.21572e-06 
0.0102488 0.11733 0.0102489 1.78524e-07 -4.79952e-07 9.64814e-07 
-0.010233 0.0102475 0.11732 2.68588e-07 -2.77756e-07 1.04346e-06 
0.1173 0.00996387 -0.00994955 -1.26005e-06 2.20012e-07 -1.23106e-06 
0.00996453 0.11731 0.00996462 1.21944e-07 -4.53572e-07 9.12458e-07 
-0.0099486 0.00996318 0.1173 1.39674e-07 -1.75188e-07 9.6484e-07 
0.117292 0.00965261 -0.0096382 -1.24147e-06 2.134e-07 -1.23861e-06 
0.00965336 0.117302 0.00965345 6.05509e-08 -4.21088e-07 8.54665e-07 
-0.00963738 0.00965198 0.117293 7.67448e-09 -6.57257e-08 8.77017e-07 
0.117297 0.00931497 -0.00930047 -1.21357e-06 2.00777e-07 -1.23837e-06 
0.00931579 0.117305 0.00931588 -4.97885e-09 -3.83292e-07 7.91973e-07 
-0.00929978 0.0093144 0.117297 -1.25184e-07 4.95014e-08 7.81378e-07 
0.117312 0.00895144 -0.00893692 -1.17696e-06 1.82524e-07 -1.23049e-06 
0.00895233 0.117321 0.00895243 -7.38953e-08 -3.41049e-07 7.24994e-07 
-0.00893638 0.00895094 0.117313 -2.56661e-07 1.69288e-07 6.79407e-07 
0.117339 0.00856287 -0.00854823 -1.13245e-06 1.59102e-07 -1.21524e-06 
0.00856383 0.117347 0.00856393 -1.45334e-07 -2.95301e-07 6.54463e-07 
-0.00854783 0.00856244 0.117339 -3.84468e-07 2.92315e-07 5.72693e-07 
0.117377 0.00815012 -0.00813541 -1.08093e-06 1.31069e-07 -1.19297e-06 
0.00815113 0.117384 0.00815124 -2.18378e-07 -2.47036e-07 5.81177e-07 
-0.00813516 0.00814976 0.117377 -5.06372e-07 4.17218e-07 4.62893e-07 
0.117424 0.0077142 -0.00769944 -1.02339e-06 9.9039e-08 -1.16417e-06 
0.00771525 0.11743 0.00771537 -2.92055e-07 -1.9727e-07 5.06001e-07 
-0.00769933 0.00771391 0.117424 -6.20241e-07 5.42628e-07 3.51651e-07 
0.117479 0.00725639 -0.00724157 -9.60929e-07 6.36958e-08 -1.12939e-06 
0.00725747 0.117486 0.0072576 -3.65332e-07 -1.47051e-07 4.29876e-07 
-0.00724162 0.00725616 0.117479 -7.24047e-07 6.67139e-07 2.40638e-07 
0.117542 0.00677791 -0.00676305 -8.94672e-07 2.5758e-08 -1.08929e-06 
0.00677901 0.117548 0.00677916 -4.37188e-07 -9.74074e-08 3.53748e-07 
-0.00676324 0.00677774 0.117542 -8.15987e-07 7.89434e-07 1.31423e-07 
0.117611 0.00628029 -0.00626539 -8.25823e-07 -1.40083e-08 -1.04457e-06 
0.00628139 0.117617 0.00628157 -5.06574e-07 -4.936e-08 2.7861e-07 
-0.00626573 0.00628018 0.117611 -8.94447e-07 9.08214e-07 2.55338e-08 
0.117685 0.00576495 -0.00575002 -7.55574e-07 -5.48328e-08 -9.95975e-07 
0.00576605 0.11769 0.00576625 -5.72495e-07 -3.87079e-09 2.05422e-07 
-0.00575049 0.00576489 0.117685 -9.58105e-07 1.02232e-06 -7.56633e-08 
0.117761 0.00523359 -0.00521863 -6.85146e-07 -9.59237e-08 -9.4431e-07 
0.00523467 0.117765 0.0052349 -6.33972e-07 3.81413e-08 1.35152e-07 
-0.00521923 0.00523358 0.117761 -1.0059e-06 1.13065e-06 -1.70905e-07 
0.117838 0.00468777 -0.00467278 -6.15707e-07 -1.36514e-07 -8.90369e-07 
0.00468882 0.117842 0.00468908 -6.90117e-07 7.58535e-08 6.86945e-08 
-0.00467349 0.00468779 0.117838 -1.03712e-06 1.23229e-06 -2.59134e-07 
0.117914 0.00412929 -0.00411429 -5.48412e-07 -1.75845e-07 -8.34968e-07 
0.0041303 0.117917 0.00413059 -7.40104e-07 1.08523e-07 6.90928e-09 
-0.00411509 0.00412933 0.117914 -1.05134e-06 1.32643e-06 -3.39441e-07 
0.117987 0.00355977 -0.00354475 -4.84323e-07 -2.13206e-07 -7.78888e-07 
0.00356073 0.11799 0.00356105 -7.83229e-07 1.3553e-07 -4.94499e-08 
-0.00354563 0.00355981 0.117986 -1.0485e-06 1.41244e-06 -4.11146e-07 
0.118054 0.00298105 -0.00296601 -4.24451e-07 -2.47921e-07 -7.22902e-07 
0.00298194 0.118057 0.00298229 -8.18891e-07 1.56369e-07 -9.97034e-08 
-0.00296696 0.00298109 0.118054 -1.02886e-06 1.48984e-06 -4.73741e-07 
0.118114 0.00239472 -0.00237967 -3.69681e-07 -2.7939e-07 -6.67717e-07 
0.00239555 0.118117 0.00239593 -8.46634e-07 1.70676e-07 -1.43305e-07 
-0.00238067 0.00239474 0.118114 -9.92991e-07 1.55833e-06 -5.26946e-07 
0.118165 0.0018026 -0.00178754 -3.20814e-07 -3.07064e-07 -6.14006e-07 
0.00180335 0.118167 0.00180376 -8.66132e-07 1.78222e-07 -1.79814e-07 
-0.00178857 0.00180259 0.118165 -9.4179e-07 1.61771e-06 -5.70657e-07 
0.118204 0.00120621 -0.00119114 -2.78504e-07 -3.30487e-07 -5.62356e-07 
0.00120687 0.118206 0.0012073 -8.77219e-07 1.78931e-07 -2.08939e-07 
-0.00119218 0.00120615 0.118204 -8.76412e-07 1.668e-06 -6.04978e-07 
0.118229 0.000607235 -0.000592158 -2.43295e-07 -3.49275e-07 -5.13299e-07 
0.000607803 0.11823 0.000608262 -8.7988e-07 1.72873e-07 -2.30519e-07 
-0.00059319 0.000607126 0.118229 -7.9828e-07 1.7093e-06 -6.30167e-07 
0.118238 7.07336e-06 7.95074e-06 -2.15577e-07 -3.63139e-07 -4.67265e-07 
7.54111e-06 0.118239 8.02434e-06 -8.74254e-07 1.6027e-07 -2.44543e-07 
6.94601e-06 6.89412e-06 0.118238 -7.09003e-07 1.74185e-06 -6.46639e-07 
0.118238 7.07336e-06 7.95074e-06 -2.15577e-07 -3.63139e-07 -4.67265e-07 
7.54111e-06 0.118239 8.02434e-06 -8.74254e-07 1.6027e-07 -2.44543e-07 
6.94601e-06 6.89412e-06 0.118238 -7.09003e-07 1.74185e-06 -6.46639e-07 
0.118229 0.000607025 0.000607879 -2.26072e-07 -3.67726e-07 -4.81495e-07 
0.000607487 0.118229 0.000607997 -8.56644e-07 1.36022e-07 -2.47868e-07 
0.000606804 0.000606729 0.118229 -7.45345e-07 1.63295e-06 -7.6549e-07 
0.118199 0.00120529 0.00120612 -2.34523e-07 -3.69753e-07 -4.89558e-07 
0.00120575 0.118199 0.00120628 -8.30591e-07 1.17718e-07 -2.42277e-07 
0.00120497 0.00120488 0.118199 -7.77039e-07 1.51928e-06 -8.83083e-07 
0.118146 0.00180078 0.00180158 -2.41093e-07 -3.69215e-07 -4.916e-07 
0.00180123 0.118147 0.00180179 -7.96184e-07 1.0534e-07 -2.27734e-07 
0.00180036 0.00180025 0.118146 -8.04178e-07 1.4016e-06 -9.9856e-07 
0.118069 0.00239226 0.00239303 -2.45984e-07 -3.66154e-07 -4.87841e-07 
0.0023927 0.11807 0.00239329 -7.53667e-07 9.8759e-08 -2.04353e-07 
0.00239173 0.00239162 0.118069 -8.26923e-07 1.28065e-06 -1.11108e-06 
0.117966 0.00297885 0.0029796 -2.49437e-07 -3.60656e-07 -4.78574e-07 
0.00297929 0.117967 0.0029799 -7.03408e-07 9.77177e-08 -1.72379e-07 
0.00297822 0.0029781 0.117966 -8.45518e-07 1.15707e-06 -1.21989e-06 
0.117835 0.00355957 0.0035603 -2.51729e-07 -3.52858e-07 -4.64163e-07 
0.00356 0.117836 0.00356064 -6.45939e-07 1.01841e-07 -1.32215e-07 
0.00355883 0.00355872 0.117835 -8.60266e-07 1.03154e-06 -1.3243e-06 
0.117674 0.00413378 0.00413447 -2.53176e-07 -3.4294e-07 -4.4503e-07 
0.00413419 0.117675 0.00413485 -5.81901e-07 1.1064e-07 -8.43831e-08 
0.00413292 0.00413282 0.117674 -8.71531e-07 9.04604e-07 -1.42369e-06 
0.117482 0.00470069 0.00470136 -2.5412e-07 -3.31125e-07 -4.21661e-07 
0.0047011 0.117483 0.00470178 -5.12089e-07 1.23511e-07 -2.95547e-08 
0.00469973 0.00469963 0.117482 -8.7972e-07 7.76826e-07 -1.51752e-06 
0.117257 0.0052599 0.00526054 -2.54933e-07 -3.17674e-07 -3.9458e-07 
0.00526029 0.117258 0.00526099 -4.37385e-07 1.39758e-07 3.15034e-08 
0.00525882 0.00525875 0.117258 -8.85276e-07 6.48676e-07 -1.60532e-06 
0.116998 0.00581085 0.00581147 -2.56003e-07 -3.02884e-07 -3.64361e-07 
0.00581122 0.116999 0.00581194 -3.588e-07 1.58592e-07 9.78976e-08 
0.00580966 0.0058096 0.116999 -8.88663e-07 5.20636e-07 -1.68669e-06 
0.116704 0.0063533 0.00635389 -2.57736e-07 -2.87072e-07 -3.31594e-07 
0.00635365 0.116704 0.00635439 -2.77395e-07 1.79164e-07 1.68673e-07 
0.006352 0.00635197 0.116704 -8.90357e-07 3.931e-07 -1.76133e-06 
0.116373 0.00688688 0.00688745 -2.60535e-07 -2.70585e-07 -2.969e-07 
0.00688722 0.116373 0.00688797 -1.94325e-07 2.00564e-07 2.42779e-07 
0.00688548 0.00688548 0.116373 -8.90828e-07 2.6649e-07 -1.82898e-06 
0.116004 0.00741152 0.00741207 -2.64807e-07 -2.53772e-07 -2.60896e-07 
0.00741183 0.116004 0.0074126 -1.10751e-07 2.21859e-07 3.19146e-07 
0.00741002 0.00741005 0.116004 -8.9053e-07 1.4115e-07 -1.88948e-06 
0.115597 0.00792697 0.00792751 -2.70938e-07 -2.36997e-07 -2.24207e-07 
0.00792726 0.115597 0.00792804 -2.78833e-08 2.42098e-07 3.96651e-07 
0.00792538 0.00792544 0.115597 -8.89892e-07 1.74615e-08 -1.94271e-06 
0.11515 0.00843327 0.00843379 -2.79298e-07 -2.20609e-07 -1.87432e-07 
0.00843353 0.11515 0.00843432 5.3109e-08 2.60352e-07 4.74196e-07 
0.00843158 0.00843169 0.11515 -8.89299e-07 -1.04254e-07 -1.98864e-06 
0.114663 0.00893026 0.00893077 -2.9022e-07 -2.04955e-07 -1.51159e-07 
0.00893049 0.114663 0.00893129 1.31058e-07 2.75718e-07 5.50673e-07 
0.0089285 0.00892864 0.114663 -8.89093e-07 -2.23629e-07 -2.02729e-06 
0.114135 0.00941798 0.00941847 -3.03999e-07 -1.90353e-07 -1.15928e-07 
0.00941818 0.114135 0.00941898 2.04877e-07 2.87356e-07 6.25039e-07 
0.00941614 0.00941633 0.114135 -8.89555e-07 -3.40334e-07 -2.05874e-06 
0.113565 0.00989644 0.00989694 -3.20881e-07 -1.77095e-07 -8.22387e-08 
0.00989661 0.113565 0.00989742 2.73559e-07 2.94505e-07 6.96313e-07 
0.00989454 0.00989478 0.113565 -8.90902e-07 -4.54032e-07 -2.08314e-06 
0.112953 0.0103655 0.010366 -3.41049e-07 -1.65439e-07 -5.05478e-08 
0.0103657 0.112952 0.0103665 3.36176e-07 2.96498e-07 7.63573e-07 
0.0103636 0.0103639 0.112953 -8.93285e-07 -5.64345e-07 -2.10067e-06 
0.112298 0.0108253 0.0108258 -3.64632e-07 -1.55598e-07 -2.12398e-08 
0.0108254 0.112297 0.0108263 3.91948e-07 2.92785e-07 8.26026e-07 
0.0108233 0.0108237 0.112298 -8.9678e-07 -6.70929e-07 -2.11158e-06 
0.111599 0.0112757 0.0112762 -3.91677e-07 -1.47741e-07 5.35244e-09 
0.0112757 0.111599 0.0112765 4.40209e-07 2.82949e-07 8.82968e-07 
0.0112736 0.011274 0.1116 -9.01392e-07 -7.73389e-07 -2.11615e-06 
0.110857 0.0117165 0.011717 -4.22169e-07 -1.41979e-07 2.89759e-08 
0.0117165 0.110857 0.0117173 4.80461e-07 2.66708e-07 9.33841e-07 
0.0117144 0.0117149 0.110858 -9.07054e-07 -8.7136e-07 -2.11474e-06 
0.110071 0.0121476 0.0121481 -4.56007e-07 -1.38376e-07 4.94382e-08 
0.0121476 0.110071 0.0121484 5.12351e-07 2.43938e-07 9.78204e-07 
0.0121455 0.012146 0.110072 -9.13627e-07 -9.64432e-07 -2.10771e-06 
0.109241 0.0125688 0.0125693 -4.93025e-07 -1.36935e-07 6.66275e-08 
0.0125688 0.10924 0.0125696 5.35702e-07 2.1466e-07 1.01577e-06 
0.0125668 0.0125673 0.109241 -9.20913e-07 -1.05223e-06 -2.0955e-06 
0.108366 0.0129798 0.0129803 -5.32964e-07 -1.37605e-07 8.0495e-08 
0.0129797 0.108365 0.0129805 5.50496e-07 1.79058e-07 1.04638e-06 
0.0129778 0.0129783 0.108366 -9.28649e-07 -1.13434e-06 -2.07856e-06 
0.107445 0.0133802 0.0133808 -5.75513e-07 -1.40283e-07 9.10669e-08 
0.0133802 0.107445 0.0133809 5.56883e-07 1.37456e-07 1.07003e-06 
0.0133783 0.0133789 0.107445 -9.36527e-07 -1.2104e-06 -2.05738e-06 
0.10648 0.0137697 0.0137703 -6.20272e-07 -1.44811e-07 9.84285e-08 
0.0137696 0.106479 0.0137704 5.55169e-07 9.03351e-08 1.08682e-06 
0.0137678 0.0137684 0.10648 -9.44197e-07 -1.28002e-06 -2.0325e-06 
0.105469 0.0141477 0.0141483 -6.66799e-07 -1.5099e-07 1.02728e-07 
0.0141476 0.105468 0.0141483 5.4581e-07 3.82887e-08 1.09701e-06 
0.0141458 0.0141466 0.105469 -9.51278e-07 -1.34287e-06 -2.00446e-06 
0.104412 0.0145136 0.0145143 -7.14578e-07 -1.58576e-07 1.04164e-07 
0.0145135 0.104412 0.0145143 5.29395e-07 -1.79519e-08 1.10093e-06 
0.0145119 0.0145126 0.104412 -9.57368e-07 -1.3986e-06 -1.97384e-06 
0.10331 0.0148669 0.0148676 -7.63069e-07 -1.67295e-07 1.02981e-07 
0.0148668 0.103309 0.0148675 5.06629e-07 -7.75786e-08 1.09904e-06 
0.0148652 0.0148661 0.10331 -9.6206e-07 -1.44695e-06 -1.94123e-06 
0.102162 0.0152068 0.0152075 -8.11679e-07 -1.76846e-07 9.94586e-08 
0.0152067 0.102162 0.0152074 4.78322e-07 -1.39681e-07 1.09186e-06 
0.0152052 0.0152061 0.102162 -9.6495e-07 -1.48768e-06 -1.90724e-06 
0.100969 0.0155326 0.0155333 -8.59811e-07 -1.86912e-07 9.3905e-08 
0.0155324 0.100968 0.0155331 4.45351e-07 -2.03319e-07 1.07997e-06 
0.0155311 0.015532 0.100969 -9.6565e-07 -1.5206e-06 -1.87249e-06 
0.0997297 0.0158433 0.0158441 -9.06841e-07 -1.97169e-07 8.66461e-08 
0.0158431 0.0997291 0.0158438 4.08662e-07 -2.6749e-07 1.06402e-06 
0.0158419 0.0158429 0.0997295 -9.63799e-07 -1.54559e-06 -1.8376e-06 
0.0984451 0.0161382 0.016139 -9.52161e-07 -2.07292e-07 7.80155e-08 
0.016138 0.0984446 0.0161387 3.6922e-07 -3.31208e-07 1.04464e-06 
0.016137 0.0161379 0.0984449 -9.59075e-07 -1.5626e-06 -1.80317e-06 
0.0971153 0.0164164 0.0164172 -9.95179e-07 -2.16972e-07 6.83446e-08 
0.0164162 0.0971147 0.0164168 3.28001e-07 -3.93499e-07 1.02248e-06 
0.0164153 0.0164163 0.0971149 -9.51205e-07 -1.57164e-06 -1.76979e-06 
0.0957406 0.0166768 0.0166777 -1.03532e-06 -2.25914e-07 5.7958e-08 
0.0166766 0.0957401 0.0166773 2.85977e-07 -4.5341e-07 9.98189e-07 
0.0166758 0.0166769 0.0957402 -9.39975e-07 -1.57282e-06 -1.73805e-06 
0.0943213 0.0169187 0.0169196 -1.07206e-06 -2.33857e-07 4.71583e-08 
0.0169184 0.0943208 0.0169191 2.44066e-07 -5.10075e-07 9.72347e-07 
0.0169178 0.0169189 0.0943208 -9.25232e-07 -1.56631e-06 -1.70849e-06 
0.0928581 0.0171409 0.0171418 -1.10492e-06 -2.40573e-07 3.62263e-08 
0.0171406 0.0928576 0.0171413 2.03149e-07 -5.62687e-07 9.45512e-07 
0.0171401 0.0171413 0.0928575 -9.06902e-07 -1.55238e-06 -1.68162e-06 
0.0913513 0.0173425 0.0173436 -1.1335e-06 -2.45877e-07 2.54069e-08 
0.0173423 0.0913508 0.0173429 1.64018e-07 -6.10558e-07 9.18163e-07 
0.017342 0.0173431 0.0913506 -8.84978e-07 -1.53138e-06 -1.6579e-06 
0.089802 0.0175227 0.0175238 -1.15744e-06 -2.49634e-07 1.4912e-08 
0.0175225 0.0898015 0.0175231 1.27389e-07 -6.53098e-07 8.90717e-07 
0.0175223 0.0175235 0.0898011 -8.59544e-07 -1.50375e-06 -1.63774e-06 
0.0882106 0.0176805 0.0176816 -1.17648e-06 -2.51758e-07 4.9088e-09 
0.0176803 0.0882102 0.0176809 9.38647e-08 -6.89856e-07 8.63496e-07 
0.0176802 0.0176815 0.0882097 -8.30752e-07 -1.47001e-06 -1.6215e-06 
0.0865785 0.0178151 0.0178162 -1.19045e-06 -2.5222e-07 -4.47471e-09 
0.0178148 0.0865782 0.0178154 6.39542e-08 -7.20503e-07 8.36751e-07 
0.0178149 0.0178162 0.0865775 -7.98847e-07 -1.43075e-06 -1.60945e-06 
0.0849065 0.0179255 0.0179267 -1.19925e-06 -2.51047e-07 -1.31583e-08 
0.0179253 0.0849061 0.0179258 3.80388e-08 -7.44859e-07 8.10634e-07 
0.0179255 0.0179268 0.0849053 -7.64141e-07 -1.38664e-06 -1.6018e-06 
0.083196 0.0180112 0.0180123 -1.20287e-06 -2.48319e-07 -2.11017e-08 
0.0180109 0.0831957 0.0180115 1.63963e-08 -7.62868e-07 7.85222e-07 
0.0180113 0.0180126 0.0831948 -7.27031e-07 -1.33842e-06 -1.5987e-06 
0.0814481 0.0180713 0.0180725 -1.2014e-06 -2.4417e-07 -2.83094e-08 
0.018071 0.0814478 0.0180716 -8.18008e-10 -7.74618e-07 7.60504e-07 
0.0180716 0.0180729 0.0814468 -6.87969e-07 -1.28688e-06 -1.60018e-06 
0.0796647 0.0181054 0.0181065 -1.195e-06 -2.38783e-07 -3.48213e-08 
0.018105 0.0796644 0.0181056 -1.35495e-08 -7.80317e-07 7.36407e-07 
0.0181057 0.0181071 0.0796633 -6.47483e-07 -1.23287e-06 -1.60622e-06 
0.077847 0.0181128 0.0181139 -1.18392e-06 -2.32383e-07 -4.07141e-08 
0.0181124 0.0778467 0.018113 -2.18494e-08 -7.80292e-07 7.1279e-07 
0.0181132 0.0181146 0.0778455 -6.0614e-07 -1.17725e-06 -1.6167e-06 
0.0759971 0.0180931 0.0180943 -1.16849e-06 -2.25238e-07 -4.60909e-08 
0.0180927 0.0759968 0.0180932 -2.58547e-08 -7.74968e-07 6.89469e-07 
0.0180937 0.0180951 0.0759955 -5.64563e-07 -1.12093e-06 -1.63141e-06 
0.0741168 0.018046 0.0180472 -1.1491e-06 -2.17641e-07 -5.10793e-08 
0.0180456 0.0741165 0.0180461 -2.5782e-08 -7.64858e-07 6.66224e-07 
0.0180467 0.0180482 0.0741151 -5.23397e-07 -1.06482e-06 -1.65007e-06 
0.0722078 0.0179713 0.0179725 -1.12618e-06 -2.09909e-07 -5.58228e-08 
0.0179708 0.0722075 0.0179714 -2.1909e-08 -7.50541e-07 6.42812e-07 
0.0179721 0.0179735 0.072206 -4.83306e-07 -1.00983e-06 -1.67231e-06 
0.0702727 0.0178688 0.01787 -1.10024e-06 -2.02372e-07 -6.04728e-08 
0.0178683 0.0702723 0.0178689 -1.4563e-08 -7.32648e-07 6.18993e-07 
0.0178697 0.0178712 0.0702708 -4.44975e-07 -9.56866e-07 -1.69768e-06 
0.0683133 0.0177385 0.0177396 -1.07181e-06 -1.95364e-07 -6.51847e-08 
0.0177379 0.0683129 0.0177385 -4.10123e-09 -7.11831e-07 5.94533e-07 
0.0177394 0.0177409 0.0683114 -4.09069e-07 -9.06778e-07 -1.7257e-06 
0.0663324 0.0175805 0.0175816 -1.04144e-06 -1.89214e-07 -7.01073e-08 
0.0175799 0.066332 0.0175805 9.09873e-09 -6.88762e-07 5.69229e-07 
0.0175815 0.017583 0.0663304 -3.76248e-07 -8.60405e-07 -1.75577e-06 
0.064332 0.0173949 0.017396 -1.00969e-06 -1.84235e-07 -7.538e-08 
0.0173943 0.0643316 0.0173949 2.46616e-08 -6.6409e-07 5.4291e-07 
0.017396 0.0173975 0.06433 -3.47132e-07 -8.18505e-07 -1.78729e-06 
0.0623151 0.0171822 0.0171832 -9.77133e-07 -1.80719e-07 -8.1123e-08 
0.0171815 0.0623147 0.017182 4.22178e-08 -6.38446e-07 5.15464e-07 
0.0171832 0.0171848 0.0623131 -3.22307e-07 -7.81787e-07 -1.81959e-06 
0.060284 0.0169425 0.0169435 -9.44312e-07 -1.78923e-07 -8.7436e-08 
0.0169418 0.0602835 0.0169424 6.14273e-08 -6.12407e-07 4.86828e-07 
0.0169436 0.0169452 0.060282 -3.02296e-07 -7.50863e-07 -1.85199e-06 
0.0582416 0.0166765 0.0166775 -9.11758e-07 -1.79069e-07 -9.43898e-08 
0.0166758 0.0582411 0.0166763 8.19754e-08 -5.86499e-07 4.57018e-07 
0.0166777 0.0166793 0.0582396 -2.87562e-07 -7.26268e-07 -1.88376e-06 
0.0561904 0.0163848 0.0163857 -8.79956e-07 -1.81331e-07 -1.02028e-07 
0.016384 0.0561899 0.0163846 1.03596e-07 -5.61168e-07 4.26107e-07 
0.0163859 0.0163876 0.0561885 -2.78489e-07 -7.08423e-07 -1.91421e-06 
0.0541337 0.0160681 0.0160689 -8.49358e-07 -1.85833e-07 -1.10358e-07 
0.0160672 0.0541332 0.0160678 1.26058e-07 -5.3679e-07 3.94251e-07 
0.0160692 0.0160708 0.0541318 -2.75378e-07 -6.9765e-07 -1.94261e-06 
0.0520739 0.0157271 0.0157279 -8.2035e-07 -1.92645e-07 -1.19359e-07 
0.0157262 0.0520733 0.0157268 1.49189e-07 -5.13645e-07 3.61662e-07 
0.0157282 0.0157299 0.052072 -2.78434e-07 -6.94148e-07 -1.96829e-06 
0.0500143 0.0153628 0.0153635 -7.93271e-07 -2.01781e-07 -1.28972e-07 
0.0153619 0.0500137 0.0153625 1.72852e-07 -4.91935e-07 3.28632e-07 
0.0153639 0.0153656 0.0500124 -2.87765e-07 -6.97997e-07 -1.99057e-06 
0.0479574 0.0149762 0.0149768 -7.6838e-07 -2.13198e-07 -1.39113e-07 
0.0149753 0.0479568 0.0149759 1.96963e-07 -4.71767e-07 2.95492e-07 
0.0149773 0.0149789 0.0479556 -3.03374e-07 -7.09152e-07 -2.00886e-06 
0.0459067 0.0145683 0.0145689 -7.4588e-07 -2.26794e-07 -1.49661e-07 
0.0145674 0.0459061 0.014568 2.21468e-07 -4.53169e-07 2.62633e-07 
0.0145694 0.0145711 0.045905 -3.25155e-07 -7.27439e-07 -2.02258e-06 
0.0438648 0.0141404 0.0141409 -7.25892e-07 -2.42415e-07 -1.60478e-07 
0.0141394 0.0438642 0.01414 2.46353e-07 -4.36085e-07 2.3047e-07 
0.0141414 0.0141431 0.0438631 -3.52899e-07 -7.52566e-07 -2.03123e-06 
0.041835 0.0136936 0.0136941 -7.08474e-07 -2.59851e-07 -1.71397e-07 
0.0136927 0.0418343 0.0136933 2.71615e-07 -4.204e-07 1.99446e-07 
0.0136946 0.0136963 0.0418333 -3.8628e-07 -7.84103e-07 -2.0344e-06 
0.0398201 0.0132294 0.0132298 -6.93607e-07 -2.78848e-07 -1.8224e-07 
0.0132285 0.0398195 0.0132291 2.97271e-07 -4.05933e-07 1.70002e-07 
0.0132304 0.0132321 0.0398186 -4.24874e-07 -8.21514e-07 -2.03172e-06 
0.0378231 0.0127492 0.0127495 -6.81206e-07 -2.99111e-07 -1.92817e-07 
0.0127482 0.0378224 0.0127488 3.23335e-07 -3.92456e-07 1.42568e-07 
0.01275 0.0127517 0.0378216 -4.68158e-07 -8.64148e-07 -2.02294e-06 
0.0358472 0.0122544 0.0122546 -6.71122e-07 -3.20303e-07 -2.02932e-07 
0.0122535 0.0358465 0.0122541 3.49806e-07 -3.79718e-07 1.17554e-07 
0.0122552 0.0122569 0.0358458 -5.15499e-07 -9.11237e-07 -2.00788e-06 
0.0338951 0.0117466 0.0117467 -6.63149e-07 -3.42068e-07 -2.1239e-07 
0.0117457 0.0338945 0.0117463 3.76667e-07 -3.67441e-07 9.53194e-08 
0.0117473 0.011749 0.0338938 -5.66196e-07 -9.61936e-07 -1.98645e-06 
0.0319702 0.0112275 0.0112276 -6.57028e-07 -3.64017e-07 -2.21004e-07 
0.0112266 0.0319696 0.0112272 4.0386e-07 -3.55349e-07 7.61761e-08 
0.0112281 0.0112299 0.031969 -6.19448e-07 -1.01529e-06 -1.95864e-06 
0.030075 0.0106988 0.0106988 -6.52455e-07 -3.8576e-07 -2.28598e-07 
0.0106979 0.0300744 0.0106985 4.31293e-07 -3.43171e-07 6.0359e-08 
0.0106993 0.010701 0.0300739 -6.74407e-07 -1.07031e-06 -1.92455e-06 
0.028213 0.0101623 0.0101622 -6.49091e-07 -4.06892e-07 -2.35014e-07 
0.0101615 0.0282124 0.010162 4.58815e-07 -3.30663e-07 4.80311e-08 
0.0101627 0.0101645 0.0282119 -7.3015e-07 -1.12592e-06 -1.88436e-06 
0.0263866 0.00961975 0.00961966 -6.46566e-07 -4.27018e-07 -2.40115e-07 
0.00961899 0.0263861 0.00961955 4.86229e-07 -3.1761e-07 3.9263e-08 
0.00962009 0.00962187 0.0263856 -7.8573e-07 -1.181e-06 -1.83831e-06 
0.0245992 0.00907325 0.00907309 -6.44495e-07 -4.45745e-07 -2.43791e-07 
0.00907253 0.0245987 0.00907307 5.1327e-07 -3.03845e-07 3.40376e-08 
0.00907349 0.00907527 0.0245983 -8.40151e-07 -1.23443e-06 -1.78673e-06 
0.0228533 0.00852461 0.00852439 -6.42477e-07 -4.62706e-07 -2.45959e-07 
0.00852392 0.0228528 0.00852445 5.39624e-07 -2.89245e-07 3.22411e-08 
0.00852474 0.00852653 0.0228524 -8.92426e-07 -1.28507e-06 -1.73002e-06 
0.0211521 0.00797596 0.00797567 -6.40115e-07 -4.7755e-07 -2.46564e-07 
0.00797531 0.0211516 0.00797582 5.64911e-07 -2.73749e-07 3.36683e-08 
0.00797597 0.00797778 0.0211513 -9.41549e-07 -1.33177e-06 -1.66862e-06 
0.0194981 0.00742924 0.0074289 -6.37014e-07 -4.89961e-07 -2.45584e-07 
0.00742863 0.0194976 0.00742913 5.88707e-07 -2.57348e-07 3.80253e-08 
0.00742915 0.00743096 0.0194973 -9.86551e-07 -1.37344e-06 -1.60302e-06 
0.0178944 0.00688667 0.00688627 -6.32796e-07 -4.99653e-07 -2.43027e-07 
0.0068861 0.0178939 0.00688657 6.10537e-07 -2.40095e-07 4.49362e-08 
0.00688646 0.00688828 0.0178936 -1.02648e-06 -1.40901e-06 -1.53377e-06 
0.0163434 0.00635026 0.00634981 -6.27102e-07 -5.0638e-07 -2.3893e-07 
0.00634972 0.0163429 0.00635018 6.299e-07 -2.22093e-07 5.39559e-08 
0.00634993 0.00635177 0.0163427 -1.06044e-06 -1.43749e-06 -1.46139e-06 
0.0148481 0.00582226 0.00582176 -6.19605e-07 -5.09937e-07 -2.33356e-07 
0.00582176 0.0148477 0.00582221 6.46262e-07 -2.03501e-07 6.45783e-08 
0.00582182 0.00582367 0.0148474 -1.0876e-06 -1.45793e-06 -1.38647e-06 
0.013411 0.00530474 0.00530419 -6.10005e-07 -5.10163e-07 -2.26392e-07 
0.00530427 0.0134106 0.00530469 6.59092e-07 -1.84514e-07 7.62573e-08 
0.00530418 0.00530604 0.0134103 -1.10721e-06 -1.46951e-06 -1.30955e-06 
0.0120348 0.00479994 0.00479935 -5.98048e-07 -5.0694e-07 -2.18148e-07 
0.00479951 0.0120344 0.00479991 6.67858e-07 -1.6537e-07 8.84155e-08 
0.00479928 0.00480114 0.0120341 -1.11861e-06 -1.47152e-06 -1.23121e-06 
0.010722 0.00430997 0.00430934 -5.83517e-07 -5.00196e-07 -2.08748e-07 
0.00430957 0.0107216 0.00430995 6.72055e-07 -1.46325e-07 1.0047e-07 
0.0043092 0.00431107 0.0107213 -1.12122e-06 -1.46332e-06 -1.15197e-06 
0.00947487 0.00383691 0.00383624 -5.66238e-07 -4.89901e-07 -1.98326e-07 
0.00383653 0.00947445 0.0038369 6.71217e-07 -1.27646e-07 1.11844e-07 
0.00383603 0.00383791 0.00947412 -1.11462e-06 -1.44446e-06 -1.07231e-06 
0.00829601 0.00338294 0.00338224 -5.46092e-07 -4.76073e-07 -1.87029e-07 
0.00338258 0.00829559 0.00338293 6.64933e-07 -1.0961e-07 1.21988e-07 
0.00338195 0.00338384 0.00829524 -1.09847e-06 -1.41459e-06 -9.9272e-07 
0.00718749 0.00295002 0.00294929 -5.22998e-07 -4.58763e-07 -1.74999e-07 
0.00294968 0.00718706 0.00295001 6.52862e-07 -9.24765e-08 1.30396e-07 
0.00294893 0.00295083 0.00718669 -1.07258e-06 -1.37352e-06 -9.13583e-07 
0.00615169 0.00254021 0.00253945 -4.96933e-07 -4.38071e-07 -1.62381e-07 
0.00253988 0.00615125 0.0025402 6.34752e-07 -7.64887e-08 1.36622e-07 
0.00253902 0.00254093 0.00615085 -1.0369e-06 -1.32122e-06 -8.35269e-07 
0.00519048 0.00215534 0.00215455 -4.6791e-07 -4.14122e-07 -1.4931e-07 
0.00215503 0.00519003 0.00215532 6.1044e-07 -6.18526e-08 1.40293e-07 
0.00215406 0.00215598 0.00518961 -9.91482e-07 -1.25777e-06 -7.58052e-07 
0.00430599 0.00179731 0.0017965 -4.36002e-07 -3.87086e-07 -1.35914e-07 
0.001797 0.00430554 0.00179728 5.7988e-07 -4.8739e-08 1.41122e-07 
0.00179594 0.00179787 0.00430508 -9.36561e-07 -1.18347e-06 -6.82174e-07 
0.00349988 0.00146775 0.00146692 -4.01311e-07 -3.57151e-07 -1.22302e-07 
0.00146746 0.00349941 0.00146772 5.43128e-07 -3.72646e-08 1.38918e-07 
0.00146631 0.00146824 0.00349893 -8.72473e-07 -1.09872e-06 -6.07777e-07 
0.00277397 0.00116834 0.00116749 -3.63996e-07 -3.24542e-07 -1.08572e-07 
0.00116805 0.00277349 0.0011683 5.00371e-07 -2.74971e-08 1.33589e-07 
0.00116683 0.00116877 0.00277298 -7.99713e-07 -1.00409e-06 -5.34967e-07 
0.00212966 0.000900484 0.00089962 -3.24238e-07 -2.89497e-07 -9.48002e-08 
0.000900196 0.00212917 0.000900433 4.51899e-07 -1.9442e-08 1.25147e-07 
0.000898902 0.000900852 0.00212863 -7.18874e-07 -9.00275e-07 -4.63751e-07 
0.00156844 0.000665563 0.000664686 -2.82272e-07 -2.52287e-07 -8.10476e-08 
0.000665277 0.00156794 0.000665503 3.98134e-07 -1.30494e-08 1.1371e-07 
0.000663924 0.00066588 0.00156738 -6.30697e-07 -7.88127e-07 -3.94104e-07 
0.00109143 0.000464707 0.000463819 -2.38343e-07 -2.13184e-07 -6.73517e-08 
0.000464423 0.00109091 0.000464639 3.39592e-07 -8.20868e-09 9.94907e-08 
0.000463019 0.00046498 0.00109034 -5.35999e-07 -6.68578e-07 -3.25911e-07 
0.00069974 0.000298971 0.000298075 -1.92746e-07 -1.7249e-07 -5.37373e-08 
0.000298688 0.000699219 0.000298896 2.76907e-07 -4.75699e-09 8.27982e-08 
0.000297243 0.000299209 0.000698623 -4.3573e-07 -5.42713e-07 -2.59031e-07 
0.000394163 0.000169165 0.000168261 -1.45778e-07 -1.30504e-07 -4.02073e-08 
0.000168882 0.000393634 0.000169084 2.10784e-07 -2.48045e-09 6.40183e-08 
0.000167405 0.000169374 0.000393025 -3.30881e-07 -4.11659e-07 -1.9325e-07 
0.000175432 7.59762e-05 7.50683e-05 -9.77729e-08 -8.75484e-08 -2.67563e-08 
7.56934e-05 0.000174897 7.58907e-05 1.42024e-07 -1.12458e-09 4.36126e-08 
7.41934e-05 7.61652e-05 0.000174277 -2.22556e-07 -2.76668e-07 -1.28339e-07 
4.39857e-05 1.98655e-05 1.89548e-05 -4.90607e-08 -4.39357e-08 -1.3362e-08 
1.95826e-05 4.34475e-05 1.97772e-05 7.14625e-08 -4.01222e-10 2.20889e-08 
1.80689e-05 2.00422e-05 4.28216e-05 -1.11865e-07 -1.38998e-07 -6.40156e-08 
1.43682e-07 1.13223e-06 2.206e-07 0 0 0 
8.49335e-07 -3.95692e-07 1.04299e-06 0 0 0 
-6.68913e-07 1.30488e-06 -1.02365e-06 0 0 0 
