679.875 723.215 1580.51 
679.68 723.013 1580.27 
679.103 722.415 1579.57 
678.146 721.424 1578.39 
676.81 720.041 1576.74 
675.096 718.266 1574.61 
673.007 716.102 1572 
670.546 713.552 1568.9 
667.715 710.62 1565.3 
664.519 707.307 1561.19 
660.962 703.62 1556.56 
657.048 699.562 1551.41 
652.782 695.138 1545.72 
648.17 690.354 1539.48 
643.218 685.216 1532.68 
637.933 679.729 1525.3 
632.321 673.901 1517.35 
626.389 667.739 1508.8 
620.144 661.249 1499.65 
613.596 654.441 1489.88 
606.752 647.322 1479.5 
599.621 639.901 1468.49 
592.211 632.186 1456.84 
584.533 624.187 1444.55 
576.595 615.914 1431.62 
568.408 607.376 1418.04 
559.981 598.582 1403.82 
551.326 589.545 1388.96 
542.452 580.274 1373.45 
533.371 570.78 1357.31 
524.092 561.073 1340.54 
514.628 551.166 1323.15 
504.99 541.068 1305.14 
495.189 530.793 1286.54 
485.237 520.352 1267.36 
475.144 509.756 1247.6 
464.924 499.017 1227.29 
454.587 488.146 1206.45 
444.146 477.158 1185.09 
433.612 466.062 1163.24 
422.997 454.872 1140.91 
412.313 443.599 1118.14 
401.572 432.257 1094.95 
390.784 420.855 1071.36 
379.963 409.408 1047.4 
369.119 397.926 1023.09 
358.265 386.423 998.469 
347.41 374.908 973.555 
336.568 363.397 948.384 
325.75 351.899 922.98 
314.963 340.426 897.371 
304.223 328.99 871.59 
293.537 317.601 845.662 
282.919 306.273 819.62 
272.375 295.014 793.489 
261.919 283.838 767.303 
251.559 272.754 741.085 
241.305 261.773 714.871 
231.166 250.904 688.684 
221.153 240.161 662.557 
211.274 229.55 636.516 
201.538 219.083 610.593 
191.952 208.768 584.812 
182.527 198.617 559.208 
173.27 188.636 533.805 
164.188 178.837 508.637 
155.291 169.227 483.729 
146.583 159.813 459.111 
138.074 150.606 434.814 
129.769 141.612 410.866 
121.676 132.839 387.3 
113.8 124.295 364.141 
106.148 115.988 341.425 
98.7258 107.922 319.177 
91.5393 100.107 297.433 
84.5928 92.5469 276.219 
77.8928 85.2496 255.569 
71.4428 78.2194 235.511 
65.2488 71.4634 216.079 
59.3139 64.9856 197.299 
53.6435 58.7924 179.207 
48.2403 52.8875 161.826 
43.1093 47.2765 145.192 
38.2533 41.9632 129.331 
33.6751 36.9511 114.269 
29.3788 32.2452 100.037 
25.3662 27.848 86.658 
21.6409 23.7638 74.1607 
18.2046 19.9947 62.5664 
15.06 16.5443 51.9 
12.2086 13.4146 42.1808 
9.65279 10.6083 33.4303 
7.39364 8.12721 25.6646 
5.43303 5.97347 18.9015 
3.77174 4.1483 13.1538 
2.41109 2.65346 8.43471 
1.35147 1.48993 4.7534 
0.593068 0.659437 2.11849 
0.133741 0.164875 0.535156 
-0.0238967 0.00350398 0.00808448 
-0.0238967 0.00350398 0.00808448 
0.289872 0.307217 1.08268 
1.19865 1.2156 4.33514 
2.71185 2.72843 9.73649 
4.82792 4.84404 17.2574 
7.54449 7.56005 26.8576 
10.8585 10.8734 38.4868 
14.7661 14.7802 52.0853 
19.2627 19.2761 67.5851 
24.3428 24.3554 84.9103 
30.0009 30.0127 103.982 
36.2297 36.2408 124.712 
43.0217 43.0321 147.014 
50.3682 50.378 170.797 
58.2599 58.2694 195.967 
66.6865 66.6959 222.436 
75.6369 75.6464 250.113 
85.0991 85.109 278.912 
95.0602 95.0707 308.747 
105.507 105.518 339.54 
116.423 116.435 371.214 
127.795 127.808 403.697 
139.606 139.62 436.922 
151.838 151.853 470.824 
164.474 164.489 505.345 
177.495 177.511 540.427 
190.881 190.897 576.013 
204.614 204.631 612.055 
218.672 218.689 648.496 
233.034 233.052 685.286 
247.68 247.697 722.368 
262.588 262.605 759.687 
277.735 277.752 797.181 
293.1 293.117 834.787 
308.661 308.678 872.435 
324.397 324.413 910.05 
340.284 340.3 947.551 
356.303 356.319 984.849 
372.432 372.447 1021.85 
388.651 388.665 1058.46 
404.939 404.952 1094.56 
421.276 421.29 1130.05 
437.645 437.657 1164.81 
454.027 454.039 1198.71 
470.405 470.417 1231.64 
486.763 486.774 1263.47 
503.085 503.096 1294.07 
519.356 519.367 1323.33 
535.564 535.574 1351.11 
551.694 551.704 1377.31 
567.736 567.746 1401.81 
583.678 583.688 1424.51 
599.51 599.52 1445.31 
615.223 615.233 1464.14 
630.808 630.818 1480.91 
646.257 646.267 1495.58 
661.563 661.573 1508.08 
676.719 676.729 1518.4 
691.718 691.728 1526.51 
706.553 706.565 1532.42 
721.221 721.233 1536.13 
735.715 735.728 1537.69 
750.028 750.042 1537.12 
764.156 764.171 1534.49 
778.092 778.108 1529.88 
791.831 791.848 1523.37 
805.365 805.383 1515.05 
818.688 818.707 1505.05 
831.792 831.812 1493.47 
844.67 844.69 1480.44 
857.312 857.333 1466.1 
869.71 869.731 1450.59 
881.853 881.875 1434.05 
893.732 893.753 1416.64 
905.334 905.356 1398.49 
916.648 916.669 1379.76 
927.66 927.681 1360.59 
938.359 938.38 1341.14 
948.729 948.75 1321.55 
958.757 958.777 1301.94 
968.428 968.447 1282.47 
977.727 977.745 1263.25 
986.638 986.655 1244.41 
995.145 995.162 1226.05 
1003.23 1003.25 1208.3 
1010.89 1010.9 1191.25 
1018.09 1018.11 1174.99 
1024.83 1024.85 1159.62 
1031.1 1031.11 1145.2 
1036.86 1036.88 1131.8 
1042.13 1042.15 1119.5 
1046.87 1046.89 1108.35 
1051.09 1051.11 1098.39 
1054.77 1054.79 1089.68 
1057.89 1057.91 1082.24 
1060.46 1060.49 1076.11 
1062.47 1062.5 1071.32 
1063.91 1063.94 1067.87 
1064.78 1064.81 1065.8 
1065.08 1065.09 1065.1 
1065.08 1065.09 1065.1 
1064.94 1065.2 1065.22 
1064.46 1065.56 1065.6 
1063.66 1066.17 1066.21 
1062.56 1067.02 1067.07 
1061.16 1068.11 1068.17 
1059.48 1069.43 1069.51 
1057.52 1070.99 1071.08 
1055.32 1072.78 1072.88 
1052.88 1074.8 1074.9 
1050.22 1077.03 1077.15 
1047.38 1079.48 1079.61 
1044.37 1082.14 1082.27 
1041.22 1085 1085.14 
1037.94 1088.05 1088.2 
1034.58 1091.29 1091.45 
1031.16 1094.71 1094.87 
1027.69 1098.3 1098.47 
1024.21 1102.04 1102.22 
1020.73 1105.94 1106.12 
1017.29 1109.97 1110.17 
1013.9 1114.13 1114.34 
1010.58 1118.42 1118.62 
1007.36 1122.81 1123.02 
1004.24 1127.29 1127.51 
1001.23 1131.86 1132.08 
998.359 1136.49 1136.73 
995.622 1141.19 1141.43 
993.026 1145.94 1146.18 
990.574 1150.72 1150.97 
988.266 1155.52 1155.77 
986.097 1160.33 1160.59 
984.063 1165.13 1165.4 
982.155 1169.92 1170.19 
980.362 1174.68 1174.95 
978.672 1179.39 1179.67 
977.069 1184.05 1184.34 
975.538 1188.65 1188.94 
974.062 1193.17 1193.46 
972.621 1197.59 1197.89 
971.198 1201.92 1202.21 
969.774 1206.13 1206.43 
968.329 1210.22 1210.52 
966.847 1214.17 1214.47 
965.309 1217.98 1218.29 
963.701 1221.64 1221.94 
962.008 1225.13 1225.44 
960.22 1228.46 1228.77 
958.328 1231.61 1231.92 
956.326 1234.57 1234.88 
954.21 1237.35 1237.65 
951.982 1239.92 1240.23 
949.646 1242.29 1242.6 
947.208 1244.46 1244.77 
944.682 1246.42 1246.73 
942.081 1248.16 1248.47 
939.424 1249.69 1249.99 
936.735 1251 1251.3 
934.039 1252.09 1252.39 
931.366 1252.95 1253.26 
928.747 1253.6 1253.91 
926.218 1254.04 1254.34 
923.815 1254.25 1254.55 
921.578 1254.25 1254.54 
919.548 1254.03 1254.33 
917.765 1253.6 1253.9 
916.271 1252.97 1253.26 
915.108 1252.13 1252.42 
914.316 1251.09 1251.38 
913.937 1249.85 1250.14 
914.007 1248.42 1248.71 
914.562 1246.81 1247.09 
915.635 1245.01 1245.29 
917.257 1243.04 1243.32 
919.452 1240.9 1241.17 
922.242 1238.59 1238.86 
925.645 1236.11 1236.38 
929.674 1233.48 1233.75 
934.335 1230.7 1230.96 
939.631 1227.76 1228.02 
945.561 1224.69 1224.94 
952.113 1221.47 1221.72 
959.277 1218.12 1218.36 
967.032 1214.63 1214.87 
975.354 1211 1211.25 
984.217 1207.25 1207.49 
993.586 1203.37 1203.61 
1003.42 1199.37 1199.6 
1013.69 1195.23 1195.46 
1024.34 1190.97 1191.19 
1035.33 1186.58 1186.8 
1046.6 1182.05 1182.27 
1058.11 1177.4 1177.61 
1069.8 1172.61 1172.81 
1081.62 1167.67 1167.88 
1093.51 1162.6 1162.8 
1105.43 1157.38 1157.57 
1117.31 1152 1152.19 
1129.11 1146.46 1146.65 
1140.75 1140.77 1140.97 
1140.75 1140.77 1140.97 
1134.87 1134.89 1152.45 
1128.81 1128.82 1163.7 
1122.55 1122.57 1174.68 
1116.11 1116.13 1185.36 
1109.45 1109.47 1195.68 
1102.59 1102.61 1205.62 
1095.49 1095.52 1215.15 
1088.17 1088.19 1224.23 
1080.61 1080.63 1232.85 
1072.79 1072.82 1240.98 
1064.72 1064.74 1248.61 
1056.38 1056.4 1255.71 
1047.76 1047.78 1262.27 
1038.85 1038.88 1268.29 
1029.66 1029.68 1273.75 
1020.16 1020.19 1278.64 
1010.36 1010.39 1282.95 
1000.24 1000.27 1286.68 
989.812 989.84 1289.83 
979.055 979.084 1292.38 
967.973 968.002 1294.33 
956.56 956.589 1295.68 
944.817 944.845 1296.41 
932.739 932.766 1296.53 
920.329 920.355 1296.01 
907.585 907.61 1294.86 
894.512 894.536 1293.06 
881.11 881.133 1290.6 
867.386 867.408 1287.47 
853.342 853.363 1283.66 
838.988 839.008 1279.14 
824.329 824.347 1273.92 
809.375 809.392 1267.96 
794.135 794.151 1261.26 
778.619 778.635 1253.79 
762.842 762.857 1245.56 
746.813 746.828 1236.53 
730.549 730.566 1226.7 
714.063 714.081 1216.06 
697.374 697.393 1204.59 
680.495 680.516 1192.28 
663.448 663.471 1179.13 
646.247 646.272 1165.13 
628.915 628.942 1150.28 
611.468 611.497 1134.58 
593.93 593.962 1118.03 
576.318 576.352 1100.64 
558.657 558.693 1082.41 
540.967 541.005 1063.36 
523.267 523.308 1043.5 
505.583 505.626 1022.85 
487.933 487.978 1001.43 
470.344 470.39 979.273 
452.833 452.88 956.392 
435.425 435.473 932.826 
418.138 418.188 908.603 
400.998 401.049 883.765 
384.022 384.073 858.345 
367.234 367.285 832.389 
350.649 350.701 805.934 
334.292 334.344 779.032 
318.177 318.229 751.726 
302.327 302.378 724.069 
286.755 286.805 696.108 
271.482 271.531 667.903 
256.521 256.569 639.505 
241.888 241.935 610.967 
227.599 227.644 582.355 
213.665 213.709 553.72 
200.102 200.145 525.13 
186.92 186.961 496.641 
174.132 174.171 468.322 
161.746 161.784 440.231 
149.775 149.811 412.438 
138.225 138.259 385.005 
127.106 127.139 358.002 
116.423 116.455 331.493 
106.186 106.217 305.548 
96.3984 96.4276 280.231 
87.0672 87.0953 255.614 
78.1954 78.2226 231.76 
69.7889 69.8153 208.74 
61.8505 61.8763 186.617 
54.3824 54.4078 165.454 
47.389 47.414 145.318 
40.871 40.8957 126.267 
34.8316 34.8562 108.364 
29.2712 29.2957 91.6618 
24.192 24.2165 76.2177 
19.5942 19.6187 62.0794 
15.4794 15.504 49.2967 
11.8473 11.872 37.9102 
8.69924 8.72398 27.9612 
6.03481 6.05963 19.4821 
3.85481 3.8797 12.5041 
2.15895 2.18391 7.05034 
0.947673 0.972692 3.14131 
0.220731 0.245871 0.790164 
-0.0238967 0.00350398 0.00808448 
