    3.3974710778e+03    5.9286276561e+03   -1.0225401624e+05    9.8703036148e-01    1.1366550518e+00    7.2437432556e+00    4.9244901700e+01    4.9244901700e+01    9.8489803400e+01
    3.5099847910e+03    6.1249654310e+03   -1.0238515615e+05   -7.5253847850e-01   -6.7416213299e-01    1.8787938509e+00    4.9323498780e+01    4.9323498780e+01    9.8646997561e+01
    3.4743781871e+03    6.0628314814e+03   -1.0241347678e+05   -4.1784822377e-01   -6.8533878832e-01    1.9094055744e+00    4.9327855069e+01    4.9327855069e+01    9.8655710138e+01
    3.5532684562e+03    6.2004959443e+03   -1.0197654445e+05    8.8928300536e-03    1.5577243455e-01    3.9819059221e+00    4.9357833946e+01    4.9357833946e+01    9.8715667893e+01
    3.5125014293e+03    6.1293569949e+03   -1.0222210646e+05   -7.7420239506e-01   -8.0564076960e-01    4.7409259191e-01    4.9347995850e+01    4.9347995850e+01    9.8695991699e+01
    3.4534962360e+03    6.0263922269e+03   -1.0203283248e+05   -9.7379580221e-02    1.5303563812e-01    4.0741121492e+00    4.9352504397e+01    4.9352504397e+01    9.8705008793e+01
    3.5000382739e+03    6.1076086396e+03   -1.0215933167e+05   -6.9006658021e-01   -9.8352378249e-01    1.0432193412e+00    4.9359662630e+01    4.9359662630e+01    9.8719325260e+01
    3.5421289195e+03    6.1810573196e+03   -1.0217685041e+05   -3.9533743874e-01   -5.3647092463e-01    2.0427518304e+00    4.9348004136e+01    4.9348004136e+01    9.8696008272e+01
    3.5002001331e+03    6.1078910859e+03   -1.0199060655e+05   -5.2858835047e-01   -5.3514620309e-01    2.1895023580e+00    4.9373724769e+01    4.9373724769e+01    9.8747449538e+01
    3.5490800370e+03    6.1931871028e+03   -1.0225836065e+05   -1.2365385496e+00   -1.1202000774e+00    3.4833805339e-01    4.9374742272e+01    4.9374742272e+01    9.8749484543e+01
    3.4610531226e+03    6.0395790845e+03   -1.0210407096e+05   -3.5633950109e-01   -4.6159341865e-01    2.4897592569e+00    4.9369188296e+01    4.9369188296e+01    9.8738376592e+01
    3.4850760254e+03    6.0814993371e+03   -1.0211826744e+05   -9.6971711948e-01   -9.3430665045e-01    8.5655172110e-01    4.9371737317e+01    4.9371737317e+01    9.8743474635e+01
    3.4577335227e+03    6.0337863430e+03   -1.0208118087e+05   -5.4400410562e-01   -4.3375501563e-01    1.6843753220e+00    4.9362685565e+01    4.9362685565e+01    9.8725371131e+01
    3.5116871275e+03    6.1279360284e+03   -1.0201386387e+05   -3.4686282620e-01   -5.0596192193e-01    1.4628208956e+00    4.9369661110e+01    4.9369661110e+01    9.8739322220e+01
    3.5216467920e+03    6.1453157622e+03   -1.0215685035e+05   -6.9242000792e-01   -7.2770339752e-01    8.5078250932e-01    4.9358649316e+01    4.9358649316e+01    9.8717298633e+01
    3.5596286849e+03    6.2115946193e+03   -1.0196920011e+05   -2.1552852167e-02   -4.7948992361e-02    2.1800765777e+00    4.9350055967e+01    4.9350055967e+01    9.8700111934e+01
    3.4861819995e+03    6.0834292752e+03   -1.0207858058e+05   -7.1266628323e-01   -8.0667077236e-01    7.9169210287e-01    4.9365673789e+01    4.9365673789e+01    9.8731347579e+01
    3.4734639231e+03    6.0612360798e+03   -1.0188989054e+05   -6.8593894095e-01   -5.8896315430e-01    1.3143512420e+00    4.9400282245e+01    4.9400282245e+01    9.8800564490e+01
    3.4738666576e+03    6.0619388562e+03   -1.0188284716e+05   -8.6628136821e-01   -7.6335365649e-01    1.0192484207e+00    4.9407819289e+01    4.9407819289e+01    9.8815638578e+01
    3.5000233164e+03    6.1075825387e+03   -1.0196264554e+05   -8.0789421806e-01   -7.6742211076e-01    5.5663090963e-01    4.9397122063e+01    4.9397122063e+01    9.8794244125e+01
    3.5230355843e+03    6.1477392213e+03   -1.0191722847e+05   -7.4744114090e-01   -5.9138571767e-01    1.5294742664e+00    4.9392519028e+01    4.9392519028e+01    9.8785038056e+01
    3.4444915281e+03    6.0106789040e+03   -1.0213046108e+05   -7.3451717084e-01   -7.3411169638e-01    7.2211796062e-01    4.9361232430e+01    4.9361232430e+01    9.8722464859e+01
    3.5397685858e+03    6.1769385090e+03   -1.0201136017e+05   -1.7429584822e-01   -5.1416267413e-01    1.5550130952e+00    4.9353305177e+01    4.9353305177e+01    9.8706610354e+01
    3.5382227999e+03    6.1742410941e+03   -1.0193598015e+05   -4.6495342009e-01   -5.8930334168e-01    1.1279888405e+00    4.9384338144e+01    4.9384338144e+01    9.8768676287e+01
    3.5245239526e+03    6.1503364417e+03   -1.0214255615e+05   -7.7284349528e-01   -6.1451085024e-01    5.3950576419e-01    4.9359196205e+01    4.9359196205e+01    9.8718392409e+01
    3.5032223307e+03    6.1131648569e+03   -1.0202539859e+05   -4.8532959225e-01   -5.2509785783e-01    1.0673239135e+00    4.9369400751e+01    4.9369400751e+01    9.8738801501e+01
    3.5236328766e+03    6.1487815035e+03   -1.0204094725e+05   -8.9353509508e-01   -7.5159028506e-01    4.7790286844e-01    4.9384212181e+01    4.9384212181e+01    9.8768424362e+01
    3.5372441858e+03    6.1725334009e+03   -1.0196889345e+05   -5.4674648068e-01   -6.3710525252e-01    9.2503724627e-01    4.9382264163e+01    4.9382264163e+01    9.8764528325e+01
    3.4810051175e+03    6.0743955541e+03   -1.0188862321e+05   -7.2310934583e-01   -6.2984863648e-01    9.1056865144e-01    4.9399224679e+01    4.9399224679e+01    9.8798449359e+01
    3.5413702714e+03    6.1797334695e+03   -1.0192129331e+05   -4.1758811769e-01   -6.0018949126e-01    8.7239513540e-01    4.9384572579e+01    4.9384572579e+01    9.8769145158e+01
    3.5085334913e+03    6.1224328957e+03   -1.0206052077e+05   -7.4858562036e-01   -6.3828489989e-01    8.5896421490e-01    4.9375319535e+01    4.9375319535e+01    9.8750639069e+01
    3.5025930083e+03    6.1120666817e+03   -1.0197362673e+05   -1.9282247852e-01   -7.6932078924e-01    8.2318547859e-01    4.9369333813e+01    4.9369333813e+01    9.8738667625e+01
    3.5203311643e+03    6.1430199761e+03   -1.0211489209e+05   -2.8160490048e-01   -3.4396066643e-01    1.1481470295e+00    4.9339496780e+01    4.9339496780e+01    9.8678993560e+01
    3.4875559445e+03    6.0858268256e+03   -1.0207947221e+05   -3.9547039510e-01   -3.6056323491e-01    1.1888492878e+00    4.9344643508e+01    4.9344643508e+01    9.8689287016e+01
    3.4801799285e+03    6.0729555895e+03   -1.0205247916e+05   -1.3402525996e-01   -3.7369488665e-01    8.3877538167e-01    4.9348164485e+01    4.9348164485e+01    9.8696328970e+01
    3.4677690194e+03    6.0512984048e+03   -1.0210126587e+05   -1.1882916003e-01   -3.1464213802e-01    1.2646575710e+00    4.9334188629e+01    4.9334188629e+01    9.8668377257e+01
    3.5163711506e+03    6.1361097047e+03   -1.0210595134e+05   -2.4260615093e-01   -1.9753572916e-01    1.0493152059e+00    4.9329284736e+01    4.9329284736e+01    9.8658569473e+01
    3.5134411770e+03    6.1309968659e+03   -1.0206393128e+05    1.9444984356e-02   -1.2156831232e-01    1.2792107902e+00    4.9331128743e+01    4.9331128743e+01    9.8662257487e+01
    3.5318695238e+03    6.1631545514e+03   -1.0210654483e+05   -4.6509380694e-01   -5.0920324873e-01    9.2746647582e-01    4.9343940468e+01    4.9343940468e+01    9.8687880935e+01
    3.4867323081e+03    6.0843895702e+03   -1.0222992964e+05   -7.8403774996e-01   -7.5588234197e-01    4.9359515435e-01    4.9345815529e+01    4.9345815529e+01    9.8691631058e+01
    3.5173840189e+03    6.1378771722e+03   -1.0222199170e+05   -7.8520214279e-01   -9.8477782424e-01    6.1971805417e-01    4.9353094212e+01    4.9353094212e+01    9.8706188423e+01
    3.5044124892e+03    6.1152416976e+03   -1.0217446199e+05   -8.4996547353e-01   -9.1124913309e-01    3.5448238048e-01    4.9361924059e+01    4.9361924059e+01    9.8723848118e+01
    3.5243246069e+03    6.1499885811e+03   -1.0215916562e+05   -4.2154206023e-01   -4.1649446400e-01    9.9545318575e-01    4.9335117744e+01    4.9335117744e+01    9.8670235488e+01
    3.4942406188e+03    6.0974916622e+03   -1.0213666999e+05   -2.9135274300e-01   -3.3912843365e-01    1.0539601023e+00    4.9334587916e+01    4.9334587916e+01    9.8669175832e+01
    3.5011466630e+03    6.1095427919e+03   -1.0216835375e+05   -4.6898453599e-01   -6.9776500579e-01    7.1195535752e-01    4.9342977213e+01    4.9342977213e+01    9.8685954426e+01
    3.4633320882e+03    6.0435559066e+03   -1.0228762946e+05   -5.1970283119e-01   -6.9832295655e-01    8.8325504145e-01    4.9327502220e+01    4.9327502220e+01    9.8655004441e+01
    3.5097011692e+03    6.1244705074e+03   -1.0233727953e+05   -2.7528411489e-01   -3.7998569212e-01    7.4509842101e-01    4.9302201682e+01    4.9302201682e+01    9.8604403364e+01
    3.4848941488e+03    6.0811819602e+03   -1.0222953781e+05   -2.0543887769e-02   -2.1615467116e-01    1.2927694417e+00    4.9304989374e+01    4.9304989374e+01    9.8609978749e+01
    3.5158404445e+03    6.1351836163e+03   -1.0240382948e+05   -4.6542195176e-01   -5.8066964185e-01    8.3524719549e-01    4.9305120375e+01    4.9305120375e+01    9.8610240751e+01
    3.5116158083e+03    6.1278115757e+03   -1.0235573817e+05   -1.9798345755e-01   -3.0905638922e-01    9.1062717267e-01    4.9299018929e+01    4.9299018929e+01    9.8598037857e+01
    3.5055070850e+03    6.1171517804e+03   -1.0238928038e+05   -4.9942437922e-02   -1.0842213156e-03    1.2044744523e+00    4.9278519109e+01    4.9278519109e+01    9.8557038218e+01
    3.4582884606e+03    6.0347547162e+03   -1.0229709086e+05    1.1933817699e-01    9.2522232831e-02    1.2139215602e+00    4.9278228162e+01    4.9278228162e+01    9.8556456324e+01
    3.4775282082e+03    6.0683283059e+03   -1.0233824268e+05    1.6552387039e-01   -1.0659637609e-01    1.3657048617e+00    4.9280305725e+01    4.9280305725e+01    9.8560611450e+01
    3.5104131019e+03    6.1257128386e+03   -1.0230463034e+05   -2.4902423729e-01   -3.5581360283e-01    1.0281225962e+00    4.9303978472e+01    4.9303978472e+01    9.8607956944e+01
    3.5315839021e+03    6.1626561381e+03   -1.0232081130e+05   -2.9708582324e-01   -3.6722218116e-01    7.0912138903e-01    4.9305501978e+01    4.9305501978e+01    9.8611003956e+01
    3.5228469852e+03    6.1474101135e+03   -1.0235014722e+05   -3.4479264876e-01   -4.0954508002e-01    7.7104164625e-01    4.9303771530e+01    4.9303771530e+01    9.8607543059e+01
    3.5212133301e+03    6.1445593659e+03   -1.0236190418e+05   -7.0712290416e-01   -8.2427122068e-01    4.6453032210e-01    4.9326246776e+01    4.9326246776e+01    9.8652493553e+01
    3.5078754380e+03    6.1212845847e+03   -1.0230461998e+05   -6.8118193965e-01   -7.2100102401e-01    6.4203356674e-01    4.9331643413e+01    4.9331643413e+01    9.8663286827e+01
    3.5163685579e+03    6.1361051805e+03   -1.0238773988e+05   -7.3781988620e-01   -8.5721071818e-01    6.1207573579e-01    4.9318980779e+01    4.9318980779e+01    9.8637961557e+01
    3.5047212290e+03    6.1157804523e+03   -1.0238676294e+05   -5.3145212336e-01   -7.1701985936e-01    5.8584455329e-01    4.9315386545e+01    4.9315386545e+01    9.8630773089e+01
    3.4974376971e+03    6.1030706020e+03   -1.0249372225e+05   -7.8312160299e-01   -7.4101511065e-01    7.3021386641e-01    4.9302386533e+01    4.9302386533e+01    9.8604773067e+01
    3.5046948518e+03    6.1157344238e+03   -1.0228900630e+05   -4.1112051769e-01   -3.8141380531e-01    8.5683512254e-01    4.9307086165e+01    4.9307086165e+01    9.8614172331e+01
    3.5181081023e+03    6.1391407063e+03   -1.0248768739e+05   -7.7778892312e-01   -8.0668275030e-01    7.0788265811e-01    4.9301014915e+01    4.9301014915e+01    9.8602029831e+01
    3.5562174669e+03    6.2056420032e+03   -1.0247127849e+05   -7.8784716115e-01   -8.3072015943e-01    7.9212858258e-01    4.9302302028e+01    4.9302302028e+01    9.8604604056e+01
    3.5204851333e+03    6.1432886539e+03   -1.0239100089e+05   -5.2734551725e-01   -8.0374781744e-01    9.4709096483e-01    4.9305673942e+01    4.9305673942e+01    9.8611347884e+01
    3.5019758310e+03    6.1109896999e+03   -1.0236145301e+05   -6.1347197044e-01   -6.8981585222e-01    6.6263454251e-01    4.9321534432e+01    4.9321534432e+01    9.8643068863e+01
    3.5428667270e+03    6.1823448024e+03   -1.0239533684e+05   -5.1641897038e-01   -5.6098284339e-01    6.8532610648e-01    4.9309066044e+01    4.9309066044e+01    9.8618132089e+01
    3.5058436417e+03    6.1177390760e+03   -1.0246079162e+05   -5.1362403340e-01   -4.3196855347e-01    8.8416173309e-01    4.9292584082e+01    4.9292584082e+01    9.8585168165e+01
    3.5202932420e+03    6.1429538012e+03   -1.0241313329e+05   -4.8196888803e-01   -7.2633433337e-01    7.9020753598e-01    4.9303907899e+01    4.9303907899e+01    9.8607815799e+01
    3.5100596505e+03    6.1250960616e+03   -1.0250700784e+05   -7.2408301971e-01   -6.6866070020e-01    5.4860612675e-01    4.9294020369e+01    4.9294020369e+01    9.8588040738e+01
    3.5036670002e+03    6.1139408105e+03   -1.0247249290e+05   -5.0807020936e-01   -4.8453079224e-01    1.0557317789e+00    4.9286271939e+01    4.9286271939e+01    9.8572543878e+01
    3.5098752460e+03    6.1247742737e+03   -1.0250773949e+05   -3.7893702504e-01   -3.7922052394e-01    1.0500302641e+00    4.9271922910e+01    4.9271922910e+01    9.8543845820e+01
    3.5320767821e+03    6.1635162196e+03   -1.0267371533e+05   -5.4177110157e-01   -5.7735320357e-01    7.8166110794e-01    4.9258156549e+01    4.9258156549e+01    9.8516313098e+01
    3.5058373410e+03    6.1177280812e+03   -1.0265513565e+05   -5.1453666402e-01   -4.7688648630e-01    8.5412831951e-01    4.9259183704e+01    4.9259183704e+01    9.8518367408e+01
    3.5102640361e+03    6.1254527169e+03   -1.0266262067e+05   -5.1359361868e-01   -4.5355441852e-01    9.5747431264e-01    4.9260137942e+01    4.9260137942e+01    9.8520275883e+01
    3.5067589261e+03    6.1193362581e+03   -1.0270447524e+05   -5.5520707831e-01   -6.8951335108e-01    8.0399179671e-01    4.9259093226e+01    4.9259093226e+01    9.8518186452e+01
    3.5324811348e+03    6.1642218199e+03   -1.0269260492e+05   -6.6502828980e-01   -4.8915814195e-01    8.8773082835e-01    4.9255222150e+01    4.9255222150e+01    9.8510444300e+01
    3.4672649684e+03    6.0504188298e+03   -1.0265617168e+05   -2.2349118806e-01   -2.5109471692e-01    1.1920316386e+00    4.9238515825e+01    4.9238515825e+01    9.8477031650e+01
    3.5173407257e+03    6.1378016250e+03   -1.0269096217e+05   -3.4041277519e-01   -2.3970115731e-01    1.0171375877e+00    4.9241623105e+01    4.9241623105e+01    9.8483246211e+01
    3.5178943248e+03    6.1387676619e+03   -1.0277057056e+05   -5.0407057132e-01   -5.3065611066e-01    9.2205828011e-01    4.9240737728e+01    4.9240737728e+01    9.8481475457e+01
    3.5059843052e+03    6.1179845354e+03   -1.0273713720e+05   -5.5480005874e-01   -4.1520864189e-01    8.8915383281e-01    4.9245499338e+01    4.9245499338e+01    9.8490998675e+01
    3.5438493559e+03    6.1840595016e+03   -1.0271876021e+05   -7.7038539576e-01   -7.4327686485e-01    5.1496429254e-01    4.9266853221e+01    4.9266853221e+01    9.8533706442e+01
    3.4924954651e+03    6.0944463481e+03   -1.0271142326e+05   -4.0412254711e-01   -5.7275415882e-01    7.5078927554e-01    4.9251311773e+01    4.9251311773e+01    9.8502623545e+01
    3.5510653601e+03    6.1966515153e+03   -1.0270423505e+05   -4.8078181261e-01   -6.7010853881e-01    5.0018854840e-01    4.9259539303e+01    4.9259539303e+01    9.8519078607e+01
    3.4877351483e+03    6.0861395383e+03   -1.0278029865e+05   -5.6088232547e-01   -5.7279026872e-01    9.0938082405e-01    4.9241283301e+01    4.9241283301e+01    9.8482566602e+01
    3.4999694171e+03    6.1074884837e+03   -1.0269087789e+05   -3.7632445494e-01   -4.0003794700e-01    1.0873263660e+00    4.9244706381e+01    4.9244706381e+01    9.8489412763e+01
    3.5256986665e+03    6.1523863316e+03   -1.0268057217e+05   -6.4327068923e-01   -2.4186474727e-01    9.3120496249e-01    4.9253744529e+01    4.9253744529e+01    9.8507489059e+01
    3.4633810074e+03    6.0436412713e+03   -1.0265091638e+05   -2.3745362560e-01   -2.9484270007e-01    1.0395036691e+00    4.9244465804e+01    4.9244465804e+01    9.8488931608e+01
    3.5153774159e+03    6.1343756259e+03   -1.0268348965e+05   -4.9201988712e-01   -4.4151016969e-01    8.7381860534e-01    4.9248672401e+01    4.9248672401e+01    9.8497344802e+01
    3.5541563609e+03    6.2020453486e+03   -1.0265896740e+05   -2.8820649138e-01   -4.0275081180e-01    1.0530143839e+00    4.9252388537e+01    4.9252388537e+01    9.8504777074e+01
    3.5412885423e+03    6.1795908513e+03   -1.0269644933e+05   -4.8813746581e-01   -2.9155750763e-01    8.4394525224e-01    4.9250294626e+01    4.9250294626e+01    9.8500589252e+01
    3.5148109113e+03    6.1333870685e+03   -1.0263183068e+05   -1.9969665540e-01   -3.6764319532e-01    8.8116686715e-01    4.9252837734e+01    4.9252837734e+01    9.8505675468e+01
    3.5314946589e+03    6.1625004076e+03   -1.0267177137e+05   -4.4784548858e-01   -3.8004029565e-01    9.1122244689e-01    4.9250334374e+01    4.9250334374e+01    9.8500668747e+01
    3.5019080085e+03    6.1108713489e+03   -1.0266948948e+05   -5.0208463545e-01   -4.8181180167e-01    6.4474826104e-01    4.9257839367e+01    4.9257839367e+01    9.8515678735e+01
    3.5013295001e+03    6.1098618448e+03   -1.0267888220e+05   -4.8763009549e-01   -4.3691026530e-01    7.4352835047e-01    4.9262196437e+01    4.9262196437e+01    9.8524392875e+01
    3.5077673342e+03    6.1210959422e+03   -1.0266780645e+05   -7.5971370091e-01   -8.3962011758e-01    3.3447829799e-01    4.9275496829e+01    4.9275496829e+01    9.8550993658e+01
    3.4985483443e+03    6.1050086946e+03   -1.0272188846e+05   -4.6183871488e-01   -4.8523217120e-01    6.3478921024e-01    4.9251625247e+01    4.9251625247e+01    9.8503250494e+01
    3.5110512151e+03    6.1268263537e+03   -1.0275986102e+05   -4.1140645941e-01   -3.8377415552e-01    6.4598612205e-01    4.9239622614e+01    4.9239622614e+01    9.8479245229e+01
    3.4772096001e+03    6.0677723309e+03   -1.0268671999e+05   -4.3208366611e-01   -2.5511465041e-01    1.0101611001e+00    4.9238337182e+01    4.9238337182e+01    9.8476674365e+01
    3.4993743441e+03    6.1064500743e+03   -1.0267662563e+05   -4.7894211823e-01   -4.4800593454e-01    8.9532392245e-01    4.9251535262e+01    4.9251535262e+01    9.8503070524e+01
    3.4751506513e+03    6.0641794407e+03   -1.0266613269e+05   -3.4509793343e-01   -3.8318736677e-01    9.1513652717e-01    4.9251389725e+01    4.9251389725e+01    9.8502779450e+01
    3.5103355664e+03    6.1255775381e+03   -1.0266276993e+05   -5.8438156750e-01   -4.3610054738e-01    8.0776520095e-01    4.9255414530e+01    4.9255414530e+01    9.8510829059e+01
    3.5070311900e+03    6.1198113619e+03   -1.0271311527e+05   -4.3404452853e-01   -5.4229845717e-01    7.9021335528e-01    4.9247030223e+01    4.9247030223e+01    9.8494060446e+01
    3.5192047377e+03    6.1410543482e+03   -1.0267864682e+05   -2.6115009502e-01   -2.8554216428e-01    8.3818526175e-01    4.9244712578e+01    4.9244712578e+01    9.8489425156e+01
    3.5299443003e+03    6.1597950133e+03   -1.0283786231e+05   -2.2895007593e-01   -5.5880578160e-01    9.3062348004e-01    4.9225908968e+01    4.9225908968e+01    9.8451817935e+01
    3.5161593263e+03    6.1357400689e+03   -1.0292633006e+05   -4.2590267461e-01   -5.0560714314e-01    8.3367824355e-01    4.9215271292e+01    4.9215271292e+01    9.8430542584e+01
    3.4999725950e+03    6.1074940292e+03   -1.0296162805e+05   -7.9794306740e-01   -6.9681409212e-01    2.8997700667e-01    4.9235729547e+01    4.9235729547e+01    9.8471459093e+01
    3.4990894568e+03    6.1059529426e+03   -1.0295911397e+05   -6.4969396028e-01   -8.0790147426e-01    6.1019112222e-01    4.9225216915e+01    4.9225216915e+01    9.8450433830e+01
    3.4907813616e+03    6.0914552170e+03   -1.0281881106e+05   -5.6707523974e-01   -5.0136264906e-01    8.8040641327e-01    4.9231550062e+01    4.9231550062e+01    9.8463100123e+01
    3.5013551228e+03    6.1099065568e+03   -1.0290967101e+05   -6.7753627753e-01   -6.2722889959e-01    6.3178868391e-01    4.9228893954e+01    4.9228893954e+01    9.8457787908e+01
    3.5161649646e+03    6.1357499078e+03   -1.0296226638e+05   -4.9202486679e-01   -7.4551416694e-01    4.5093559997e-01    4.9223798192e+01    4.9223798192e+01    9.8447596384e+01
    3.5154277584e+03    6.1344634741e+03   -1.0294726201e+05   -5.0987790768e-01   -4.3562241631e-01    9.3014598881e-01    4.9211747632e+01    4.9211747632e+01    9.8423495263e+01
    3.5502030348e+03    6.1951467473e+03   -1.0282824593e+05   -7.5963515909e-01   -7.6364693656e-01    4.2270080572e-01    4.9250840215e+01    4.9250840215e+01    9.8501680430e+01
    3.5468203366e+03    6.1892438984e+03   -1.0291881444e+05   -1.0391576216e+00   -9.1666257834e-01    2.2319117342e-01    4.9251916469e+01    4.9251916469e+01    9.8503832938e+01
    3.5478236490e+03    6.1909946906e+03   -1.0282413357e+05   -7.5543648276e-01   -9.8588702435e-01    5.5231481053e-01    4.9250397957e+01    4.9250397957e+01    9.8500795915e+01
    3.5031854872e+03    6.1131005645e+03   -1.0296626177e+05   -4.0108618924e-01   -5.1857480141e-01    8.8726059416e-01    4.9202026346e+01    4.9202026346e+01    9.8404052691e+01
    3.4892644500e+03    6.0888081880e+03   -1.0301421874e+05   -4.7582044942e-01   -5.4231709784e-01    5.1199576620e-01    4.9208133181e+01    4.9208133181e+01    9.8416266363e+01
    3.5563572530e+03    6.2058859316e+03   -1.0294678308e+05   -6.5177371805e-01   -5.5234915124e-01    7.4525801417e-01    4.9216756470e+01    4.9216756470e+01    9.8433512941e+01
    3.5065802345e+03    6.1190244392e+03   -1.0310236042e+05   -7.6966239631e-01   -6.3363344564e-01    5.6758189567e-01    4.9203429338e+01    4.9203429338e+01    9.8406858676e+01
    3.5034252192e+03    6.1135188997e+03   -1.0305811763e+05   -3.3421116020e-01   -3.8398555079e-01    6.7811783992e-01    4.9189819894e+01    4.9189819894e+01    9.8379639789e+01
    3.4512893597e+03    6.0225412015e+03   -1.0307718245e+05   -2.7851973828e-01   -3.4589991186e-01    8.0680775766e-01    4.9176274390e+01    4.9176274390e+01    9.8352548781e+01
    3.5162928559e+03    6.1359730797e+03   -1.0308862538e+05   -2.7059018219e-01   -2.4202203403e-01    8.5401365479e-01    4.9183037094e+01    4.9183037094e+01    9.8366074188e+01
    3.5488597622e+03    6.1928027205e+03   -1.0312747284e+05   -8.3137490858e-01   -9.3581864767e-01    3.5775863078e-01    4.9207047152e+01    4.9207047152e+01    9.8414094303e+01
    3.4968743284e+03    6.1020875169e+03   -1.0308061926e+05   -7.0500862076e-01   -5.2871858928e-01    5.2963193328e-01    4.9198015537e+01    4.9198015537e+01    9.8396031074e+01
    3.5232797220e+03    6.1481652444e+03   -1.0303345513e+05   -4.9632503366e-01   -5.4501582534e-01    7.2013778891e-01    4.9204955702e+01    4.9204955702e+01    9.8409911404e+01
    3.4915629690e+03    6.0928191312e+03   -1.0316846821e+05   -8.5813872164e-01   -6.4726658353e-01    3.7054769052e-01    4.9193545479e+01    4.9193545479e+01    9.8387090958e+01
    3.4905709371e+03    6.0910880238e+03   -1.0314285168e+05   -7.0758212681e-01   -7.2054089048e-01    5.9961929015e-01    4.9193092047e+01    4.9193092047e+01    9.8386184094e+01
    3.4870616043e+03    6.0849641960e+03   -1.0309034784e+05   -4.1855347212e-01   -5.6966012280e-01    7.1781788851e-01    4.9187208022e+01    4.9187208022e+01    9.8374416044e+01
    3.5223256375e+03    6.1465003556e+03   -1.0319873951e+05   -1.0280122624e+00   -9.8779850635e-01    2.2470388073e-01    4.9204059525e+01    4.9204059525e+01    9.8408119050e+01
    3.5177722979e+03    6.1385547236e+03   -1.0320491352e+05   -6.7730120721e-01   -7.0031566593e-01    4.3843226355e-01    4.9185369066e+01    4.9185369066e+01    9.8370738132e+01
    3.5318890179e+03    6.1631885688e+03   -1.0318306621e+05   -6.8334248046e-01   -7.3944410438e-01    3.4706573612e-01    4.9191041278e+01    4.9191041278e+01    9.8382082557e+01
    3.4992110680e+03    6.1061651555e+03   -1.0310461480e+05   -7.9621754440e-01   -6.0810049796e-01    6.0909456236e-01    4.9197762386e+01    4.9197762386e+01    9.8395524773e+01
    3.5053499424e+03    6.1168775646e+03   -1.0313992933e+05   -4.4808620123e-01   -5.5384941995e-01    7.1924077032e-01    4.9180571995e+01    4.9180571995e+01    9.8361143991e+01
    3.5007889454e+03    6.1089185704e+03   -1.0313244783e+05   -7.0274007752e-01   -3.9334780039e-01    7.3503978799e-01    4.9183518170e+01    4.9183518170e+01    9.8367036339e+01
    3.5520205454e+03    6.1983183250e+03   -1.0315590949e+05   -3.0256224367e-01   -2.7026030307e-01    9.4361822217e-01    4.9172578714e+01    4.9172578714e+01    9.8345157429e+01
    3.5651661920e+03    6.2212576355e+03   -1.0318611507e+05   -6.4175318215e-01   -7.5070955856e-01    4.2570597771e-01    4.9186339062e+01    4.9186339062e+01    9.8372678124e+01
    3.5277443753e+03    6.1559561179e+03   -1.0314419844e+05   -3.6357152484e-01   -3.0420691723e-01    9.0191406543e-01    4.9168947322e+01    4.9168947322e+01    9.8337894644e+01
    3.5078188049e+03    6.1211857592e+03   -1.0318474700e+05   -4.8877667098e-01   -4.7217229636e-01    6.3237864996e-01    4.9176075428e+01    4.9176075428e+01    9.8352150856e+01
    3.5680617511e+03    6.2263104208e+03   -1.0314178706e+05   -6.3241808689e-01   -4.1768190253e-01    4.6471921657e-01    4.9185308466e+01    4.9185308466e+01    9.8370616931e+01
    3.4962707632e+03    6.1010342884e+03   -1.0324806490e+05   -2.1231065523e-01   -6.0026025070e-01    7.6142737151e-01    4.9160749921e+01    4.9160749921e+01    9.8321499842e+01
    3.5211680606e+03    6.1444803702e+03   -1.0327360594e+05   -5.4030082233e-01   -4.0262767215e-01    7.0223705689e-01    4.9161218369e+01    4.9161218369e+01    9.8322436739e+01
    3.5202619085e+03    6.1428991238e+03   -1.0321625922e+05   -5.2057291079e-01   -5.2676054582e-01    7.1535318343e-01    4.9170396459e+01    4.9170396459e+01    9.8340792918e+01
    3.5174884126e+03    6.1380593404e+03   -1.0329201674e+05   -3.4852322907e-01   -4.6883636421e-01    7.3283182447e-01    4.9154645856e+01    4.9154645856e+01    9.8309291712e+01
    3.4720060859e+03    6.0586921364e+03   -1.0331489811e+05   -7.0562671607e-01   -6.6191381551e-01    2.7039364282e-01    4.9169283720e+01    4.9169283720e+01    9.8338567441e+01
    3.5026551832e+03    6.1121751777e+03   -1.0331603396e+05   -4.0241396256e-01   -6.5365272785e-01    7.3971416460e-01    4.9156110135e+01    4.9156110135e+01    9.8312220269e+01
    3.4909028330e+03    6.0916671860e+03   -1.0331547811e+05    1.6202906711e-02   -2.6975915465e-01    6.9987347206e-01    4.9141625601e+01    4.9141625601e+01    9.8283251203e+01
    3.5313717227e+03    6.1622858825e+03   -1.0334741816e+05   -1.6327409920e-01   -3.6546007415e-01    8.2777857402e-01    4.9132685712e+01    4.9132685712e+01    9.8265371424e+01
    3.5536926594e+03    6.2012361840e+03   -1.0334880805e+05   -2.8495418748e-01   -9.5670906346e-02    1.0183629404e+00    4.9127517501e+01    4.9127517501e+01    9.8255035002e+01
    3.5175915460e+03    6.1382393093e+03   -1.0338489827e+05   -4.9880529008e-01   -3.1734515310e-01    7.0215933092e-01    4.9139773484e+01    4.9139773484e+01    9.8279546968e+01
    3.4916708819e+03    6.0930074406e+03   -1.0342728103e+05   -3.3920614344e-01   -3.3340203280e-01    8.8364515608e-01    4.9127555793e+01    4.9127555793e+01    9.8255111587e+01
    3.5221342709e+03    6.1461664187e+03   -1.0347164751e+05   -2.6260555597e-01   -4.2046979220e-01    6.8167749090e-01    4.9121879509e+01    4.9121879509e+01    9.8243759018e+01
    3.5164335751e+03    6.1362186363e+03   -1.0351897027e+05   -3.5777764229e-01   -3.3320646429e-01    8.6064626580e-01    4.9113083020e+01    4.9113083020e+01    9.8226166040e+01
    3.5431286110e+03    6.1828017932e+03   -1.0350901011e+05   -2.0350815793e-01   -9.6577892662e-02    9.3139515045e-01    4.9107591630e+01    4.9107591630e+01    9.8215183260e+01
    3.5078565489e+03    6.1212516230e+03   -1.0354024360e+05    7.4574671926e-02    2.6681723858e-02    1.1078124580e+00    4.9084751500e+01    4.9084751500e+01    9.8169503001e+01
    3.4563302393e+03    6.0313375966e+03   -1.0351166200e+05   -3.0659375315e-01   -2.3755546771e-01    8.0757263000e-01    4.9113773686e+01    4.9113773686e+01    9.8227547373e+01
    3.5110181135e+03    6.1267685911e+03   -1.0343201494e+05   -2.2702316129e-01   -9.8296656739e-02    7.3023358919e-01    4.9115543155e+01    4.9115543155e+01    9.8231086310e+01
    3.4836814660e+03    6.0790658142e+03   -1.0341779245e+05   -4.7653127873e-01   -3.8134905901e-01    8.3711844732e-01    4.9130325548e+01    4.9130325548e+01    9.8260651095e+01
    3.5341453767e+03    6.1671259419e+03   -1.0347261866e+05   -3.6527807882e-01   -4.4007753935e-01    7.5920646671e-01    4.9126229950e+01    4.9126229950e+01    9.8252459901e+01
    3.5343941448e+03    6.1675600452e+03   -1.0343241508e+05   -6.1317779627e-01   -6.4734481174e-01    3.5541720365e-01    4.9142055594e+01    4.9142055594e+01    9.8284111188e+01
    3.5402500144e+03    6.1777786077e+03   -1.0339260471e+05   -2.3906488140e-01   -4.4644309599e-01    9.7918326969e-01    4.9129288440e+01    4.9129288440e+01    9.8258576880e+01
    3.5157841718e+03    6.1350854199e+03   -1.0346025729e+05   -4.0960128413e-01   -4.4489770142e-01    6.9250460481e-01    4.9125322761e+01    4.9125322761e+01    9.8250645522e+01
    3.5155259992e+03    6.1346349055e+03   -1.0344469180e+05   -3.5528574703e-01   -1.3916871846e-01    7.2451977013e-01    4.9123641838e+01    4.9123641838e+01    9.8247283676e+01
    3.5118873778e+03    6.1282854676e+03   -1.0349115133e+05   -1.7017022304e-01   -2.2411186859e-01    1.0335260406e+00    4.9109749454e+01    4.9109749454e+01    9.8219498907e+01
    3.4859788063e+03    6.0830747007e+03   -1.0352697385e+05   -2.8213524543e-01   -2.6517590736e-01    6.3008737292e-01    4.9112661785e+01    4.9112661785e+01    9.8225323571e+01
    3.5020375517e+03    6.1110974033e+03   -1.0357420493e+05   -3.7025144637e-01   -3.2839926185e-01    7.2401451669e-01    4.9108279084e+01    4.9108279084e+01    9.8216558169e+01
    3.4704545037e+03    6.0559846068e+03   -1.0364017989e+05   -2.4256312338e-01   -2.4102989026e-01    8.2570363640e-01    4.9092383219e+01    4.9092383219e+01    9.8184766438e+01
    3.4994237927e+03    6.1065363627e+03   -1.0361209603e+05   -3.0952526152e-01   -1.9681657169e-01    7.0795464746e-01    4.9092862557e+01    4.9092862557e+01    9.8185725113e+01
    3.5346478604e+03    6.1680027820e+03   -1.0364636208e+05   -2.8713816072e-01   -4.1508311145e-01    7.4045645055e-01    4.9098002976e+01    4.9098002976e+01    9.8196005953e+01
    3.4589887948e+03    6.0359768078e+03   -1.0376524674e+05   -3.8812228291e-01   -5.4227288787e-01    5.1958194377e-01    4.9087490446e+01    4.9087490446e+01    9.8174980893e+01
    3.4975324876e+03    6.1032360126e+03   -1.0359721888e+05   -2.4496815438e-01   -1.8556490049e-01    6.7756553228e-01    4.9099145851e+01    4.9099145851e+01    9.8198291702e+01
    3.5324279691e+03    6.1641290451e+03   -1.0359101579e+05   -4.7526240364e-01   -4.2232610234e-01    4.2751124050e-01    4.9110221387e+01    4.9110221387e+01    9.8220442773e+01
    3.5487350567e+03    6.1925851079e+03   -1.0370565507e+05   -7.3898150027e-01   -5.6164603274e-01    3.4873151223e-01    4.9104290199e+01    4.9104290199e+01    9.8208580397e+01
    3.5277329977e+03    6.1559362639e+03   -1.0380894543e+05   -3.6119652536e-01   -2.6048175673e-01    5.4883713232e-01    4.9073585497e+01    4.9073585497e+01    9.8147170993e+01
    3.5151705342e+03    6.1340146147e+03   -1.0381210628e+05   -2.4520865232e-01   -3.2555116353e-01    6.8957854038e-01    4.9066965567e+01    4.9066965567e+01    9.8133931134e+01
    3.5262820079e+03    6.1534042693e+03   -1.0376110413e+05   -1.8088052741e-01   -5.7662446148e-02    9.9945876462e-01    4.9062893517e+01    4.9062893517e+01    9.8125787033e+01
    3.5444047301e+03    6.1850286363e+03   -1.0383416727e+05   -3.8949484148e-01   -2.6222276590e-01    6.3958523431e-01    4.9064812930e+01    4.9064812930e+01    9.8129625860e+01
    3.4951351761e+03    6.0990526754e+03   -1.0383913356e+05   -3.6492685615e-01   -3.9668255510e-01    3.6791247823e-01    4.9068771816e+01    4.9068771816e+01    9.8137543632e+01
    3.5187375035e+03    6.1402390189e+03   -1.0376048914e+05   -3.5549693274e-01   -1.7577182313e-01    5.4798905530e-01    4.9073986875e+01    4.9073986875e+01    9.8147973750e+01
    3.5295588252e+03    6.1591223547e+03   -1.0380377584e+05   -5.1106146103e-01   -4.8205102192e-01    2.1971132698e-01    4.9079530158e+01    4.9079530158e+01    9.8159060316e+01
    3.4999381424e+03    6.1074339090e+03   -1.0391269051e+05   -9.3851234402e-01   -8.4362202737e-01    3.7785551630e-02    4.9086286214e+01    4.9086286214e+01    9.8172572429e+01
    3.5159121228e+03    6.1353086958e+03   -1.0400622705e+05   -8.0845144427e-01   -8.1801453470e-01   -7.8877447521e-02    4.9071326391e+01    4.9071326391e+01    9.8142652782e+01
    3.5062253143e+03    6.1184050992e+03   -1.0394801229e+05   -8.8029958065e-01   -9.3262481094e-01   -2.5327969335e-01    4.9083019234e+01    4.9083019234e+01    9.8166038468e+01
    3.5096961779e+03    6.1244617976e+03   -1.0412194641e+05   -9.2429156940e-01   -9.3475341904e-01   -3.2115549417e-01    4.9061954353e+01    4.9061954353e+01    9.8123908706e+01
    3.5428808483e+03    6.1823694442e+03   -1.0426287362e+05   -6.9767694823e-01   -7.5598993506e-01   -4.0376213291e-02    4.9025937354e+01    4.9025937354e+01    9.8051874707e+01
    3.4829177425e+03    6.0777331077e+03   -1.0429040397e+05   -6.0234090191e-01   -6.1973320275e-01   -1.0742737466e-01    4.9012434349e+01    4.9012434349e+01    9.8024868697e+01
    3.5180923587e+03    6.1391132335e+03   -1.0442699005e+05   -7.6839386168e-01   -8.2228239603e-01   -3.9304114288e-01    4.9006040147e+01    4.9006040147e+01    9.8012080293e+01
    3.5400974794e+03    6.1775124323e+03   -1.0449419983e+05   -7.7556729736e-01   -7.0750075651e-01   -4.0222650059e-01    4.8992225840e+01    4.8992225840e+01    9.7984451680e+01
    3.5511751919e+03    6.1968431731e+03   -1.0463051465e+05   -6.3953930484e-01   -4.7511383707e-01   -2.8815223759e-01    4.8962476307e+01    4.8962476307e+01    9.7924952614e+01
    3.5082013063e+03    6.1218532288e+03   -1.0459944123e+05   -5.9035943393e-01   -6.0962440076e-01   -5.0777673348e-01    4.8968525162e+01    4.8968525162e+01    9.7937050323e+01
    3.4967455196e+03    6.1018627440e+03   -1.0462023319e+05   -6.8253230113e-01   -5.7284013125e-01   -3.1533585189e-01    4.8964747438e+01    4.8964747438e+01    9.7929494876e+01
    3.5649971821e+03    6.2209627112e+03   -1.0474696438e+05   -8.1127170354e-01   -7.0672112037e-01   -6.6041153362e-01    4.8957893811e+01    4.8957893811e+01    9.7915787621e+01
    3.5020632466e+03    6.1111422412e+03   -1.0489603859e+05   -5.1110258794e-01   -6.4518423542e-01   -5.3658845165e-01    4.8924954425e+01    4.8924954425e+01    9.7849908850e+01
    3.5257670721e+03    6.1525057001e+03   -1.0491018407e+05   -4.0404510265e-01   -6.2325142701e-01   -5.3534393878e-01    4.8918753494e+01    4.8918753494e+01    9.7837506989e+01
    3.4778203295e+03    6.0688380610e+03   -1.0486578817e+05   -2.0882924181e-01   -2.5992005969e-01   -1.9822842408e-01    4.8906088716e+01    4.8906088716e+01    9.7812177433e+01
    3.5543815402e+03    6.2024382891e+03   -1.0490579026e+05   -3.1056888026e-01   -2.6653280840e-01   -3.4034046539e-01    4.8906845735e+01    4.8906845735e+01    9.7813691471e+01
    3.5022128974e+03    6.1114033837e+03   -1.0493775112e+05   -1.9425299017e-01   -2.1234851173e-01   -3.1082748459e-01    4.8898032406e+01    4.8898032406e+01    9.7796064811e+01
    3.4893228134e+03    6.0889100330e+03   -1.0498537141e+05   -1.8389704432e-01   -1.7733210770e-01   -7.8819314103e-02    4.8885229582e+01    4.8885229582e+01    9.7770459164e+01
    3.5363865785e+03    6.1710368658e+03   -1.0500407917e+05   -3.1075463255e-01   -4.7923190066e-01   -5.0889400065e-01    4.8899416025e+01    4.8899416025e+01    9.7798832051e+01
    3.5464412808e+03    6.1885824416e+03   -1.0501566815e+05   -2.8587299621e-01   -3.2192454576e-01   -3.6788164120e-01    4.8893071938e+01    4.8893071938e+01    9.7786143877e+01
    3.4909834029e+03    6.0918077816e+03   -1.0501615567e+05   -2.5124625874e-01   -1.9201036076e-01   -1.6780395434e-01    4.8882714379e+01    4.8882714379e+01    9.7765428758e+01
    3.4799946617e+03    6.0726322968e+03   -1.0502101907e+05   -2.2897589262e-01   -3.7743195719e-01   -3.0439583996e-01    4.8887270387e+01    4.8887270387e+01    9.7774540775e+01
    3.4577832028e+03    6.0338730352e+03   -1.0502934164e+05    8.5533825851e-02    3.0006602904e-02    9.8753581958e-02    4.8869073831e+01    4.8869073831e+01    9.7738147662e+01
    3.5006703749e+03    6.1087116635e+03   -1.0513812444e+05    6.7124715788e-02   -5.9759117732e-02    8.2424357100e-02    4.8853352709e+01    4.8853352709e+01    9.7706705418e+01
    3.4811875934e+03    6.0747139768e+03   -1.0505793423e+05   -1.9256004707e-01   -7.0746521503e-02   -1.0166293643e-01    4.8872771496e+01    4.8872771496e+01    9.7745542993e+01
    3.5287483059e+03    6.1577079888e+03   -1.0503098980e+05   -3.0735025506e-01   -3.3221833167e-01   -3.0574750398e-01    4.8888960329e+01    4.8888960329e+01    9.7777920659e+01
    3.4880307580e+03    6.0866553808e+03   -1.0498581198e+05   -9.9734260458e-02   -3.4124760417e-02    2.9541450176e-02    4.8876113276e+01    4.8876113276e+01    9.7752226551e+01
    3.5355577906e+03    6.1695906211e+03   -1.0505023172e+05   -1.6564509368e-01   -1.6368589853e-01   -6.2530869561e-02    4.8874212062e+01    4.8874212062e+01    9.7748424123e+01
    3.5070533078e+03    6.1198499577e+03   -1.0492110209e+05   -1.7537917306e-02   -1.2181506191e-01   -1.6332983389e-02    4.8888427218e+01    4.8888427218e+01    9.7776854435e+01
    3.5103854760e+03    6.1256646311e+03   -1.0515836004e+05   -8.4846731880e-02   -1.6144688755e-01   -5.9239390095e-02    4.8858230916e+01    4.8858230916e+01    9.7716461832e+01
    3.4950594128e+03    6.0989204675e+03   -1.0508979176e+05    2.3604444882e-01    2.3593511733e-01    1.9392544600e-01    4.8851574639e+01    4.8851574639e+01    9.7703149277e+01
    3.5538792144e+03    6.2015617247e+03   -1.0507476659e+05    3.0816775430e-01    1.8990058276e-01    3.1503674926e-01    4.8850139399e+01    4.8850139399e+01    9.7700278797e+01
    3.5100628149e+03    6.1251015836e+03   -1.0501105816e+05    5.2165975428e-01    5.6145217327e-01    5.5950742927e-01    4.8841408012e+01    4.8841408012e+01    9.7682816025e+01
    3.5058754130e+03    6.1177945172e+03   -1.0505410052e+05    2.1218471948e-01    2.4254948838e-01    2.3554519584e-01    4.8855792980e+01    4.8855792980e+01    9.7711585960e+01
    3.5032335305e+03    6.1131844007e+03   -1.0501351170e+05    1.1702643357e-01    2.0661618556e-01    1.8159748457e-01    4.8862681627e+01    4.8862681627e+01    9.7725363254e+01
    3.5006088276e+03    6.1086042627e+03   -1.0491279044e+05    1.1938680449e-01    1.1935456351e-01    1.0217598027e-01    4.8880485857e+01    4.8880485857e+01    9.7760971714e+01
    3.5365107404e+03    6.1712535298e+03   -1.0498563609e+05   -3.2011027303e-01   -3.6451366650e-01   -1.8617478643e-01    4.8893819241e+01    4.8893819241e+01    9.7787638483e+01
    3.4869212044e+03    6.0847191965e+03   -1.0500688796e+05   -4.6779103197e-02   -7.5346753275e-02    2.3656958640e-02    4.8876731379e+01    4.8876731379e+01    9.7753462757e+01
    3.5167067686e+03    6.1366953622e+03   -1.0515760384e+05    4.7036503949e-03   -1.5822513747e-01   -1.0698789918e-01    4.8858015967e+01    4.8858015967e+01    9.7716031934e+01
    3.5057343129e+03    6.1175482959e+03   -1.0513716235e+05    1.9030622276e-01    2.9415787125e-01    2.0032357774e-01    4.8840713649e+01    4.8840713649e+01    9.7681427299e+01
    3.5016303257e+03    6.1103867891e+03   -1.0495068955e+05   -6.3316781688e-02   -1.7523056196e-02   -1.3845376031e-02    4.8881018489e+01    4.8881018489e+01    9.7762036977e+01
    3.5194028144e+03    6.1413999944e+03   -1.0505055065e+05    2.0180715361e-01    2.5552541467e-01    1.2309634964e-01    4.8856870977e+01    4.8856870977e+01    9.7713741953e+01
    3.5057997043e+03    6.1176624046e+03   -1.0512608497e+05    3.4526214712e-02    4.4293787777e-03    7.9880117311e-02    4.8855203915e+01    4.8855203915e+01    9.7710407830e+01
    3.4820259569e+03    6.0761769311e+03   -1.0505736737e+05    7.6645897494e-02    2.1632277711e-02    1.4668523309e-01    4.8862418969e+01    4.8862418969e+01    9.7724837938e+01
    3.4998511344e+03    6.1072820790e+03   -1.0500051771e+05    8.0066094405e-02    6.6988389056e-02    9.7879854925e-02    4.8870288961e+01    4.8870288961e+01    9.7740577923e+01
    3.4951208106e+03    6.0990276074e+03   -1.0494115221e+05    2.6169937775e-01    2.4699634811e-01    2.9099176474e-01    4.8863969083e+01    4.8863969083e+01    9.7727938166e+01
    3.5117381476e+03    6.1280250591e+03   -1.0505121426e+05   -8.6049703497e-02    1.2769558547e-03   -7.1920180351e-04    4.8867310252e+01    4.8867310252e+01    9.7734620505e+01
    3.4958046326e+03    6.1002208850e+03   -1.0496740013e+05    1.6682263684e-01    2.2840695263e-01    2.2540051517e-01    4.8865207018e+01    4.8865207018e+01    9.7730414035e+01
    3.5349024601e+03    6.1684470614e+03   -1.0504953589e+05    1.3037701191e-03    4.0623166876e-02    1.3212555693e-01    4.8863468350e+01    4.8863468350e+01    9.7726936700e+01
    3.4785468606e+03    6.0701058665e+03   -1.0503770295e+05   -1.9479597968e-01    2.1785211223e-02   -1.5333484763e-01    4.8874765529e+01    4.8874765529e+01    9.7749531058e+01
    3.4925776856e+03    6.0945898239e+03   -1.0494508603e+05   -9.3020184355e-02   -2.4673159276e-01   -1.5027712137e-01    4.8892526676e+01    4.8892526676e+01    9.7785053351e+01
    3.4765296547e+03    6.0665858181e+03   -1.0492212214e+05    1.4214407745e-01    1.7243256387e-01    2.6940075578e-01    4.8872463613e+01    4.8872463613e+01    9.7744927226e+01
    3.5723060505e+03    6.2337167740e+03   -1.0508300418e+05   -4.3139209586e-01   -3.3388805043e-01   -3.5443060113e-01    4.8885188318e+01    4.8885188318e+01    9.7770376636e+01
    3.5162534545e+03    6.1359043237e+03   -1.0499267014e+05   -3.4655683332e-01   -3.7322196508e-01   -3.7673305338e-01    4.8896201349e+01    4.8896201349e+01    9.7792402698e+01
    3.5077439776e+03    6.1210551848e+03   -1.0493209113e+05   -2.7260859060e-01   -6.7918705027e-02   -2.4429756496e-01    4.8896568211e+01    4.8896568211e+01    9.7793136422e+01
    3.5059238173e+03    6.1178789832e+03   -1.0497937359e+05    7.0591619973e-02    7.8076597460e-02    3.6552617917e-02    4.8871004791e+01    4.8871004791e+01    9.7742009582e+01
    3.4857701435e+03    6.0827105814e+03   -1.0496619977e+05    1.5091647903e-01    2.8553076411e-01    2.6139512719e-01    4.8863988100e+01    4.8863988100e+01    9.7727976200e+01
    3.5599597551e+03    6.2121723409e+03   -1.0502992609e+05    1.0091208544e-01    1.3043676132e-01    1.4932343769e-01    4.8864589081e+01    4.8864589081e+01    9.7729178163e+01
    3.5357197540e+03    6.1698732492e+03   -1.0512158753e+05    8.4636384351e-02   -3.2461258041e-02    4.7202583917e-02    4.8856706401e+01    4.8856706401e+01    9.7713412802e+01
    3.4768284646e+03    6.0671072448e+03   -1.0510814946e+05    2.5619713884e-01    2.5931304098e-01    2.4022521518e-01    4.8850062780e+01    4.8850062780e+01    9.7700125561e+01
    3.4739671226e+03    6.0621141690e+03   -1.0505144200e+05   -1.8123166590e-02    9.8118656095e-02   -1.6147390905e-01    4.8868597559e+01    4.8868597559e+01    9.7737195117e+01
    3.4720735210e+03    6.0588098114e+03   -1.0510384254e+05    1.2528867997e-01    2.6179791902e-01    1.5445546326e-01    4.8849527142e+01    4.8849527142e+01    9.7699054285e+01
    3.5146906627e+03    6.1331772334e+03   -1.0516968279e+05    4.6248145736e-05   -5.4598373242e-02    1.0327567384e-01    4.8847478206e+01    4.8847478206e+01    9.7694956412e+01
    3.5236095738e+03    6.1487408398e+03   -1.0516549675e+05   -1.1715978291e-01   -1.6374609862e-01   -2.3776378693e-01    4.8862620058e+01    4.8862620058e+01    9.7725240116e+01
    3.5519777331e+03    6.1982436170e+03   -1.0503355391e+05   -2.2087548142e-01    4.2513108353e-03   -6.5907427610e-03    4.8875153415e+01    4.8875153415e+01    9.7750306831e+01
    3.5339210066e+03    6.1667344135e+03   -1.0502646719e+05   -1.1507539328e-01   -1.6627946854e-01   -2.4289231407e-01    4.8882613704e+01    4.8882613704e+01    9.7765227407e+01
    3.5694323864e+03    6.2287021958e+03   -1.0500660233e+05   -1.0539759796e-01   -2.0633552355e-01   -1.1469702049e-01    4.8880153572e+01    4.8880153572e+01    9.7760307143e+01
    3.5075233468e+03    6.1206701813e+03   -1.0507456005e+05   -1.2119071967e-01   -1.5296226588e-01    7.7556423622e-03    4.8867510027e+01    4.8867510027e+01    9.7735020053e+01
    3.5212642774e+03    6.1446482696e+03   -1.0507257657e+05   -6.2354370735e-02    1.4797631317e-02   -7.1593683679e-02    4.8867131413e+01    4.8867131413e+01    9.7734262825e+01
    3.5014479714e+03    6.1100685786e+03   -1.0488894774e+05    3.6804559092e-02   -1.0645340273e-01   -1.7901260049e-02    4.8890973438e+01    4.8890973438e+01    9.7781946877e+01
    3.5073845891e+03    6.1204280476e+03   -1.0505139094e+05   -5.1897906939e-02   -4.5348517455e-02   -1.5854011013e-01    4.8875768897e+01    4.8875768897e+01    9.7751537793e+01
    3.4719230535e+03    6.0585472439e+03   -1.0507605955e+05    1.5817001473e-01    1.5989306450e-01    2.3457279394e-01    4.8855925731e+01    4.8855925731e+01    9.7711851462e+01
    3.5179396492e+03    6.1388467536e+03   -1.0507016735e+05    4.1244273237e-02    2.4844226489e-02    3.9747804112e-02    4.8859999122e+01    4.8859999122e+01    9.7719998243e+01
    3.5068418177e+03    6.1194809050e+03   -1.0509370123e+05   -7.9681383106e-02   -2.2886471306e-01   -8.9083871207e-02    4.8868521070e+01    4.8868521070e+01    9.7737042141e+01
    3.5449638994e+03    6.1860043933e+03   -1.0513399649e+05    5.0881953682e-02    6.5447466215e-02   -1.7680354423e-03    4.8851734127e+01    4.8851734127e+01    9.7703468255e+01
    3.4798811936e+03    6.0724342935e+03   -1.0516160518e+05   -5.4248953901e-02   -6.4228415814e-02   -1.6284083197e-01    4.8859749356e+01    4.8859749356e+01    9.7719498712e+01
    3.5250046549e+03    6.1511752730e+03   -1.0492473383e+05   -3.0753510642e-02   -7.2853559583e-02    8.1072171149e-02    4.8880142692e+01    4.8880142692e+01    9.7760285384e+01
    3.5432740140e+03    6.1830555231e+03   -1.0510340895e+05   -2.7427428430e-01   -1.7491392600e-01   -2.4435631461e-01    4.8872408599e+01    4.8872408599e+01    9.7744817199e+01
    3.5153743729e+03    6.1343703158e+03   -1.0508423709e+05   -1.3744807016e-01   -1.4665507036e-01   -1.3117442625e-01    4.8868377383e+01    4.8868377383e+01    9.7736754767e+01
    3.4820001182e+03    6.0761318422e+03   -1.0511893852e+05   -1.0496418876e-01   -6.2631602371e-02   -9.8295413708e-02    4.8863721206e+01    4.8863721206e+01    9.7727442411e+01
    3.5606154040e+03    6.2133164560e+03   -1.0503818698e+05   -3.2583577727e-01   -2.6849330071e-01   -3.4197134944e-01    4.8888214825e+01    4.8888214825e+01    9.7776429649e+01
    3.5085697004e+03    6.1224960809e+03   -1.0504098928e+05   -2.4302311403e-01   -1.7389750332e-01   -2.6421270888e-01    4.8880253436e+01    4.8880253436e+01    9.7760506872e+01
    3.5173403070e+03    6.1378008943e+03   -1.0504138366e+05   -2.2264986163e-01   -1.9805761682e-01   -2.4234249225e-01    4.8879969690e+01    4.8879969690e+01    9.7759939380e+01
    3.4900869751e+03    6.0902435043e+03   -1.0507543083e+05    5.2900603635e-02    2.1064399862e-01    7.3965708332e-02    4.8857455534e+01    4.8857455534e+01    9.7714911068e+01
    3.5590795805e+03    6.2106364257e+03   -1.0499474891e+05   -1.9811581186e-01   -3.4100179131e-01   -2.8743540894e-01    4.8886279674e+01    4.8886279674e+01    9.7772559347e+01
    3.5064892256e+03    6.1188656275e+03   -1.0504087933e+05   -2.9732139892e-01   -3.5072081402e-01   -3.2548149876e-01    4.8887100965e+01    4.8887100965e+01    9.7774201929e+01
    3.5253376979e+03    6.1517564370e+03   -1.0500713918e+05   -1.1971849682e-01    1.9221039433e-02   -1.2890298322e-01    4.8879481736e+01    4.8879481736e+01    9.7758963471e+01
    3.5321575371e+03    6.1636571379e+03   -1.0497464697e+05    1.0815476150e-01    4.3836797190e-02    5.7282130661e-02    4.8872460789e+01    4.8872460789e+01    9.7744921578e+01
    3.5014003039e+03    6.1099853983e+03   -1.0508437891e+05   -1.3680910246e-01   -1.5937326128e-01   -2.3069375376e-01    4.8870740549e+01    4.8870740549e+01    9.7741481098e+01
    3.5058058842e+03    6.1176731885e+03   -1.0509522213e+05    2.4253908378e-01    1.4262904195e-01    1.3997635276e-01    4.8851995773e+01    4.8851995773e+01    9.7703991545e+01
    3.5176287779e+03    6.1383042794e+03   -1.0509349951e+05    2.5551928773e-01    2.9542095008e-01    1.8535884462e-01    4.8845299233e+01    4.8845299233e+01    9.7690598466e+01
    3.5502788997e+03    6.1952791325e+03   -1.0513604083e+05    2.7700874446e-01    3.3615218374e-01    2.0502786860e-01    4.8840554296e+01    4.8840554296e+01    9.7681108593e+01
    3.5159110677e+03    6.1353068546e+03   -1.0508266110e+05    1.5057978093e-01    1.1246983931e-01    8.7620047404e-02    4.8854907135e+01    4.8854907135e+01    9.7709814271e+01
    3.4998709189e+03    6.1073166033e+03   -1.0517158431e+05    1.6107471899e-01    2.4939213265e-01    1.6447740812e-01    4.8836492434e+01    4.8836492434e+01    9.7672984869e+01
    3.4992711427e+03    6.1062699866e+03   -1.0510155246e+05    4.6908646135e-01    4.0701219480e-01    3.8834621923e-01    4.8836735452e+01    4.8836735452e+01    9.7673470904e+01
    3.5121423739e+03    6.1287304389e+03   -1.0503738034e+05   -1.3992139969e-01    3.3069735610e-02    1.2088854529e-01    4.8867007145e+01    4.8867007145e+01    9.7734014291e+01
    3.5494522294e+03    6.1938365829e+03   -1.0495430467e+05   -1.9334306909e-02   -2.2893885838e-02   -7.4129896417e-03    4.8881013814e+01    4.8881013814e+01    9.7762027628e+01
    3.5017918933e+03    6.1106687265e+03   -1.0497625310e+05   -2.8154646247e-01   -3.2202490152e-01   -1.3102947601e-01    4.8892621544e+01    4.8892621544e+01    9.7785243089e+01
    3.5144501279e+03    6.1327574972e+03   -1.0490680840e+05   -3.1078264671e-01   -1.0558696350e-01   -2.9838045360e-01    4.8900329743e+01    4.8900329743e+01    9.7800659487e+01
    3.4999692661e+03    6.1074882202e+03   -1.0504325018e+05   -2.9225948627e-03   -3.3036574146e-02   -3.3452453934e-02    4.8866501274e+01    4.8866501274e+01    9.7733002547e+01
    3.5210433464e+03    6.1442627423e+03   -1.0502637133e+05    5.0607075674e-02    9.2488391657e-02    8.5279763172e-02    4.8868357909e+01    4.8868357909e+01    9.7736715818e+01
    3.5350412073e+03    6.1686891771e+03   -1.0506258224e+05   -2.3113988286e-01   -7.1430960398e-02    3.5980804021e-02    4.8869693777e+01    4.8869693777e+01    9.7739387554e+01
    3.5285749603e+03    6.1574054986e+03   -1.0497855923e+05    6.9180817046e-02    6.3453413609e-02    6.3816496914e-02    4.8872032704e+01    4.8872032704e+01    9.7744065408e+01
    3.4843420007e+03    6.0802184553e+03   -1.0503156375e+05    1.5127424135e-01    1.1599102757e-01    1.1840791767e-01    4.8860948216e+01    4.8860948216e+01    9.7721896433e+01
    3.5157754918e+03    6.1350702731e+03   -1.0503238024e+05   -1.9569687911e-01   -3.2129420068e-01   -2.2821729019e-01    4.8885638160e+01    4.8885638160e+01    9.7771276319e+01
    3.5242631686e+03    6.1498813706e+03   -1.0506127472e+05   -5.7620238202e-02   -2.2124209955e-01   -2.9067560939e-01    4.8878371366e+01    4.8878371366e+01    9.7756742733e+01
    3.5053369014e+03    6.1168548080e+03   -1.0503711806e+05   -2.7824302448e-02   -6.0573877010e-02   -2.7250282493e-01    4.8874617842e+01    4.8874617842e+01    9.7749235685e+01
    3.4584557666e+03    6.0350466672e+03   -1.0502476344e+05    2.6675734390e-01    6.0637099191e-02   -4.4447900339e-03    4.8863142050e+01    4.8863142050e+01    9.7726284100e+01
    3.4779592035e+03    6.0690803978e+03   -1.0514136357e+05    2.2016782036e-01    2.3119993338e-01    1.2689549687e-01    4.8840503451e+01    4.8840503451e+01    9.7681006902e+01
    3.4915479855e+03    6.0927929849e+03   -1.0499833634e+05   -3.8721365677e-02    5.8245834075e-03   -1.9060978410e-02    4.8875720523e+01    4.8875720523e+01    9.7751441046e+01
    3.5422782464e+03    6.1813178968e+03   -1.0501333814e+05   -3.4361004272e-01   -3.2773003320e-01   -3.1221355259e-01    4.8893694318e+01    4.8893694318e+01    9.7787388636e+01
    3.5194451856e+03    6.1414739326e+03   -1.0509998257e+05   -2.9361916555e-01   -2.8514736221e-01   -2.9822026770e-01    4.8878629225e+01    4.8878629225e+01    9.7757258450e+01
    3.5442687561e+03    6.1847913600e+03   -1.0503656328e+05    4.9738395820e-02   -2.8727407356e-02   -1.1513615719e-01    4.8868848046e+01    4.8868848046e+01    9.7737696091e+01
    3.5049736002e+03    6.1162208431e+03   -1.0503387655e+05   -1.7067661080e-01   -1.1119020302e-01    7.2128944831e-03    4.8872524066e+01    4.8872524066e+01    9.7745048133e+01
    3.5320779490e+03    6.1635182559e+03   -1.0508293055e+05   -1.6231304164e-01   -2.2811291036e-01   -1.5445602812e-01    4.8871435242e+01    4.8871435242e+01    9.7742870484e+01
    3.5084321603e+03    6.1222560719e+03   -1.0505173014e+05    1.2242014540e-01    2.4062740740e-01    2.2093651581e-01    4.8857828144e+01    4.8857828144e+01    9.7715656287e+01
    3.4968100685e+03    6.1019753827e+03   -1.0511198710e+05    1.1654445213e-01    2.4487583346e-02   -2.5887876654e-03    4.8856445452e+01    4.8856445452e+01    9.7712890904e+01
    3.4936996333e+03    6.0965476360e+03   -1.0513174354e+05    1.8994595531e-01   -1.0323755974e-02    7.1907193073e-02    4.8851481498e+01    4.8851481498e+01    9.7702962997e+01
    3.4960094507e+03    6.1005782949e+03   -1.0516241381e+05    1.5005455363e-01    1.1189756849e-01    1.8526931590e-01    4.8840846605e+01    4.8840846605e+01    9.7681693211e+01
    3.4933646666e+03    6.0959631151e+03   -1.0502487037e+05    4.4441910151e-01    5.1705151878e-01    4.6937228871e-01    4.8839370598e+01    4.8839370598e+01    9.7678741197e+01
    3.5005908214e+03    6.1085728416e+03   -1.0508466429e+05    2.3465260469e-01    1.9009036510e-01    1.6399710891e-01    4.8852060982e+01    4.8852060982e+01    9.7704121963e+01
    3.5502917404e+03    6.1953015396e+03   -1.0503046413e+05    1.1956346360e-01   -5.9508723372e-03   -3.3179128042e-02    4.8867027912e+01    4.8867027912e+01    9.7734055824e+01
    3.5061634673e+03    6.1182971755e+03   -1.0503806310e+05   -1.7247168324e-01   -1.3430421157e-01   -1.6174218387e-01    4.8875421577e+01    4.8875421577e+01    9.7750843154e+01
    3.5114241958e+03    6.1274772096e+03   -1.0497102333e+05   -2.7869687191e-01   -3.9599801753e-01   -2.3174617783e-01    4.8892637714e+01    4.8892637714e+01    9.7785275428e+01
    3.4908604214e+03    6.0915931773e+03   -1.0492648435e+05    3.4690049000e-02    6.0556524853e-02   -5.3166052812e-03    4.8880725219e+01    4.8880725219e+01    9.7761450439e+01
    3.5395782734e+03    6.1766064116e+03   -1.0498727406e+05   -2.6777945332e-01   -3.6565426374e-01   -1.5292846214e-01    4.8889853507e+01    4.8889853507e+01    9.7779707014e+01
    3.5228298278e+03    6.1473801738e+03   -1.0505242762e+05   -5.0490275592e-01   -4.7854711014e-01   -4.4124693007e-01    4.8893029325e+01    4.8893029325e+01    9.7786058651e+01
    3.5224959215e+03    6.1467975032e+03   -1.0499549979e+05    1.0141002201e-01    1.5484764577e-01    1.1750236835e-01    4.8864294637e+01    4.8864294637e+01    9.7728589273e+01
    3.5267873927e+03    6.1542861718e+03   -1.0502196981e+05   -2.5862128921e-01   -2.4524837295e-01   -2.8123214942e-01    4.8882710076e+01    4.8882710076e+01    9.7765420153e+01
    3.4580256875e+03    6.0342961739e+03   -1.0502728879e+05    8.1489550598e-02    2.1597637464e-02    1.0851088481e-01    4.8862464837e+01    4.8862464837e+01    9.7724929673e+01
    3.5539275827e+03    6.2016461279e+03   -1.0508708028e+05   -4.6325039376e-01   -4.8312380875e-01   -5.0107400138e-01    4.8885223473e+01    4.8885223473e+01    9.7770446947e+01
    3.4690905715e+03    6.0536045289e+03   -1.0500535459e+05   -3.3178479680e-01   -3.3219149521e-01   -3.4005062277e-01    4.8889918365e+01    4.8889918365e+01    9.7779836731e+01
    3.5352583229e+03    6.1690680463e+03   -1.0490698188e+05   -1.3359072081e-01   -3.0222765731e-01   -2.1867815475e-01    4.8899549717e+01    4.8899549717e+01    9.7799099434e+01
    3.5050150091e+03    6.1162931021e+03   -1.0492202575e+05    1.7218136004e-01    1.4646678576e-01    1.0415842236e-01    4.8875736601e+01    4.8875736601e+01    9.7751473202e+01
    3.4913730284e+03    6.0924876826e+03   -1.0514566120e+05   -1.2604805446e-01    3.5391857991e-02   -8.5455393446e-02    4.8858658992e+01    4.8858658992e+01    9.7717317984e+01
    3.4989660797e+03    6.1057376480e+03   -1.0498454042e+05    1.7891001105e-01    1.7729027105e-01    1.6082357117e-01    4.8866254285e+01    4.8866254285e+01    9.7732508569e+01
    3.5511651635e+03    6.1968256733e+03   -1.0503575161e+05    4.3102561186e-02    6.1885328859e-02    1.3778507628e-02    4.8866888671e+01    4.8866888671e+01    9.7733777341e+01
    3.5274562682e+03    6.1554533676e+03   -1.0500801051e+05   -9.6289120076e-02   -3.0400835782e-02   -1.3834397853e-02    4.8875460781e+01    4.8875460781e+01    9.7750921563e+01
    3.5141722214e+03    6.1322725470e+03   -1.0504379482e+05   -2.2223838201e-01   -2.8936966447e-01   -2.6787578412e-01    4.8882656533e+01    4.8882656533e+01    9.7765313066e+01
    3.4941604786e+03    6.0973518166e+03   -1.0520850797e+05   -3.9888217373e-01   -2.6750724303e-01   -3.0966797016e-01    4.8862151761e+01    4.8862151761e+01    9.7724303521e+01
    3.4768473844e+03    6.0671402602e+03   -1.0502670621e+05    1.4627533083e-01    6.6838482859e-02    1.2053362750e-01    4.8862488387e+01    4.8862488387e+01    9.7724976773e+01
    3.5259173691e+03    6.1527679702e+03   -1.0501854726e+05    1.2932946990e-01    2.7188617330e-01    2.6752752621e-01    4.8858554694e+01    4.8858554694e+01    9.7717109389e+01
    3.5440935677e+03    6.1844856541e+03   -1.0507701672e+05    2.2912396357e-02    2.9254432022e-02   -4.0176266460e-02    4.8863177484e+01    4.8863177484e+01    9.7726354969e+01
    3.5620644438e+03    6.2158450479e+03   -1.0505497381e+05   -1.8578185078e-01   -2.0840707409e-01   -2.1922961270e-01    4.8876932281e+01    4.8876932281e+01    9.7753864562e+01
    3.5335871400e+03    6.1661518121e+03   -1.0503998460e+05   -1.8541435597e-01   -1.6787981029e-01   -2.2714778619e-01    4.8876177526e+01    4.8876177526e+01    9.7752355052e+01
    3.5228099724e+03    6.1473455259e+03   -1.0494466221e+05   -5.7370899052e-02   -1.3490588032e-01   -2.4399804775e-01    4.8890372760e+01    4.8890372760e+01    9.7780745521e+01
    3.5171991045e+03    6.1375544943e+03   -1.0509546355e+05   -4.6049820001e-01   -4.9114771949e-01   -5.2603711651e-01    4.8887279239e+01    4.8887279239e+01    9.7774558477e+01
    3.5230702755e+03    6.1477997578e+03   -1.0503916629e+05   -2.4377945743e-01   -2.9157892385e-01   -1.6799193192e-02    4.8880280045e+01    4.8880280045e+01    9.7760560090e+01
    3.5121552825e+03    6.1287529645e+03   -1.0508524152e+05    8.5399720522e-03   -3.7836869209e-02   -4.6813349303e-02    4.8862204201e+01    4.8862204201e+01    9.7724408402e+01
    3.4585721922e+03    6.0352498313e+03   -1.0497949578e+05    2.0400576775e-01    3.0851956577e-01    1.7457298026e-01    4.8863201228e+01    4.8863201228e+01    9.7726402456e+01
    3.5327709413e+03    6.1647275357e+03   -1.0504918780e+05   -1.3005674532e-02   -7.4607403633e-02    4.4282124072e-02    4.8864810583e+01    4.8864810583e+01    9.7729621165e+01
    3.4911135991e+03    6.0920349754e+03   -1.0506415100e+05   -2.3454143918e-01   -2.2503552733e-01   -3.9307711494e-01    4.8879295964e+01    4.8879295964e+01    9.7758591928e+01
    3.4952518800e+03    6.0992563250e+03   -1.0505448382e+05   -2.1091758698e-01   -2.1004439565e-01   -1.4984318511e-01    4.8875920519e+01    4.8875920519e+01    9.7751841037e+01
    3.4805633700e+03    6.0736246995e+03   -1.0516431128e+05    3.1625482970e-01    2.7629024375e-01    3.0467126044e-01    4.8830571887e+01    4.8830571887e+01    9.7661143775e+01
    3.4786161646e+03    6.0702268028e+03   -1.0505534204e+05    3.5225336574e-02    1.6331920939e-01    8.8311500028e-02    4.8862475199e+01    4.8862475199e+01    9.7724950399e+01
    3.4798194411e+03    6.0723265347e+03   -1.0503672741e+05    1.6229697784e-01    1.6426286238e-01    2.1370271245e-01    4.8857675328e+01    4.8857675328e+01    9.7715350656e+01
    3.5165672460e+03    6.1364518936e+03   -1.0499446912e+05    5.7485635279e-02    1.6558535603e-01    1.0574946796e-01    4.8869168500e+01    4.8869168500e+01    9.7738337000e+01
    3.4780841176e+03    6.0692983744e+03   -1.0511660306e+05    2.6843953047e-01    1.5031036020e-01    1.4343991039e-01    4.8848018114e+01    4.8848018114e+01    9.7696036228e+01
    3.5144175702e+03    6.1327006837e+03   -1.0497005643e+05    4.6281305215e-01    5.7544841894e-01    6.9537768812e-01    4.8844300316e+01    4.8844300316e+01    9.7688600632e+01
    3.5105851067e+03    6.1260129890e+03   -1.0518727536e+05   -2.2796230930e-02   -1.1147844645e-01    3.6599189573e-02    4.8848163058e+01    4.8848163058e+01    9.7696326116e+01
    3.4941193087e+03    6.0972799746e+03   -1.0515738101e+05    3.1874947875e-01    3.8078154169e-01    3.2510525553e-01    4.8829962602e+01    4.8829962602e+01    9.7659925204e+01
    3.4982848078e+03    6.1045488203e+03   -1.0513105356e+05    2.0747344003e-01    2.2888714349e-01    1.9858330984e-01    4.8841985853e+01    4.8841985853e+01    9.7683971706e+01
    3.5300329324e+03    6.1599496774e+03   -1.0501379926e+05    4.4967875020e-01    3.0124251007e-01    1.7082898927e-01    4.8852808103e+01    4.8852808103e+01    9.7705616205e+01
    3.4895227749e+03    6.0892589681e+03   -1.0504011242e+05    2.6765969790e-01    2.8032859035e-01    3.5691674882e-01    4.8850120449e+01    4.8850120449e+01    9.7700240898e+01
    3.4930071474e+03    6.0953392398e+03   -1.0510844530e+05    2.1820103754e-01    1.8553574894e-01    2.9972918342e-01    4.8846019783e+01    4.8846019783e+01    9.7692039567e+01
    3.5324906023e+03    6.1642383408e+03   -1.0504324805e+05    2.7082062100e-01    2.7907275926e-01    1.5323157500e-01    4.8854916756e+01    4.8854916756e+01    9.7709833512e+01
    3.4825752575e+03    6.0771354672e+03   -1.0513895225e+05    1.7705615573e-01    1.8535791971e-01    2.8400749429e-01    4.8843533994e+01    4.8843533994e+01    9.7687067987e+01
    3.5198299020e+03    6.1421452674e+03   -1.0510580365e+05    2.0772492652e-01    3.4414934714e-01    3.9753749083e-01    4.8839187102e+01    4.8839187102e+01    9.7678374203e+01
    3.5066215665e+03    6.1190965639e+03   -1.0517270983e+05    1.9160547802e-01    2.8536393947e-01    1.7179285294e-01    4.8833886198e+01    4.8833886198e+01    9.7667772397e+01
    3.5030108246e+03    6.1127957762e+03   -1.0514100197e+05    5.5200275138e-01    5.6083678972e-01    4.8169670572e-01    4.8829081659e+01    4.8829081659e+01    9.7658163318e+01
    3.5267203757e+03    6.1541692264e+03   -1.0514957815e+05    5.2183287675e-01    5.3503637551e-01    6.1085278292e-01    4.8822196253e+01    4.8822196253e+01    9.7644392506e+01
    3.5022682473e+03    6.1114999699e+03   -1.0521842094e+05   -1.0284033638e-01   -1.0565086393e-01   -1.3405999141e-01    4.8846625274e+01    4.8846625274e+01    9.7693250547e+01
    3.4863158552e+03    6.0836628550e+03   -1.0500086459e+05    2.8483098552e-01    4.0330015144e-01    3.5685838447e-01    4.8851904172e+01    4.8851904172e+01    9.7703808343e+01
    3.5000508379e+03    6.1076305639e+03   -1.0508161842e+05    2.6196351667e-01    3.2143245391e-01    3.0782738601e-01    4.8844626074e+01    4.8844626074e+01    9.7689252148e+01
    3.5251703437e+03    6.1514644019e+03   -1.0517931934e+05   -2.5805891800e-01   -1.2493209551e-01   -5.9725957105e-02    4.8857320085e+01    4.8857320085e+01    9.7714640170e+01
    3.5307698054e+03    6.1612355296e+03   -1.0508594361e+05   -7.4484466366e-02    7.0510276714e-03    7.2891330055e-02    4.8861097736e+01    4.8861097736e+01    9.7722195473e+01
    3.5191303010e+03    6.1409244552e+03   -1.0516167676e+05   -2.0690965311e-02   -6.9194411791e-02   -8.6903678919e-02    4.8854789939e+01    4.8854789939e+01    9.7709579878e+01
    3.5120411427e+03    6.1285537892e+03   -1.0511929873e+05   -6.1270791128e-02   -6.6883063477e-02   -2.1045490289e-02    4.8858259747e+01    4.8858259747e+01    9.7716519493e+01
    3.5280871762e+03    6.1565543096e+03   -1.0507518907e+05    3.0031827025e-02    1.0133958445e-01    7.5256495385e-02    4.8859029140e+01    4.8859029140e+01    9.7718058279e+01
    3.4638389012e+03    6.0444403014e+03   -1.0510429572e+05   -4.8792723658e-02    1.0265369630e-02   -4.4099149328e-02    4.8861676368e+01    4.8861676368e+01    9.7723352737e+01
    3.4997295894e+03    6.1070699816e+03   -1.0516377691e+05   -1.5639150638e-01   -2.3928735678e-02   -1.2115624470e-01    4.8857154380e+01    4.8857154380e+01    9.7714308760e+01
    3.4969080516e+03    6.1021463643e+03   -1.0511765563e+05    9.8262638292e-02    1.7090560559e-01    1.8889691229e-02    4.8850501993e+01    4.8850501993e+01    9.7701003985e+01
    3.5291756752e+03    6.1584537534e+03   -1.0512824604e+05   -8.1091290001e-02   -2.1979916754e-01   -1.8605823087e-01    4.8865048277e+01    4.8865048277e+01    9.7730096555e+01
    3.4748389339e+03    6.0636354901e+03   -1.0503401519e+05    2.9435271019e-01    1.5209653199e-01    1.4427505829e-01    4.8855986598e+01    4.8855986598e+01    9.7711973195e+01
    3.5309065919e+03    6.1614742237e+03   -1.0507729030e+05   -2.9046073070e-01   -3.0634088305e-01   -2.7173298535e-01    4.8880856570e+01    4.8880856570e+01    9.7761713141e+01
    3.4821858398e+03    6.0764559287e+03   -1.0512962672e+05   -1.6352300922e-01   -1.6248560648e-01   -1.9043092302e-01    4.8865011661e+01    4.8865011661e+01    9.7730023322e+01
    3.5112512746e+03    6.1271754599e+03   -1.0521016259e+05   -1.2015163204e-01   -7.3242558314e-02   -7.8079932413e-02    4.8848205967e+01    4.8848205967e+01    9.7696411934e+01
    3.4821058214e+03    6.0763162955e+03   -1.0502062217e+05    1.6383664671e-01    1.4053513743e-01    6.9400763547e-02    4.8862647407e+01    4.8862647407e+01    9.7725294815e+01
    3.5637002887e+03    6.2186996167e+03   -1.0520461563e+05   -1.1350411659e-01   -2.8369315876e-01   -2.2454840151e-01    4.8857123649e+01    4.8857123649e+01    9.7714247298e+01
    3.4985980341e+03    6.1050954040e+03   -1.0513717689e+05    1.6335170069e-02   -6.6634431007e-02    1.3058151666e-02    4.8857305033e+01    4.8857305033e+01    9.7714610065e+01
    3.4511067762e+03    6.0222225911e+03   -1.0508713955e+05    4.0482330052e-01    3.2229683975e-01    4.2928773004e-01    4.8840605137e+01    4.8840605137e+01    9.7681210274e+01
    3.5191901322e+03    6.1410288613e+03   -1.0506631363e+05    2.5247985571e-01    2.0158358801e-01    1.7477379501e-01    4.8852593926e+01    4.8852593926e+01    9.7705187851e+01
    3.5412304032e+03    6.1794893978e+03   -1.0519674108e+05   -1.7983866446e-01   -2.4111588919e-01   -3.4359685597e-01    4.8860538008e+01    4.8860538008e+01    9.7721076016e+01
    3.5240993013e+03    6.1495954202e+03   -1.0508205691e+05    7.3815979812e-02    2.6270059023e-02    5.9872104384e-02    4.8857117527e+01    4.8857117527e+01    9.7714235055e+01
    3.4921983499e+03    6.0939278786e+03   -1.0504985640e+05   -9.6324714823e-02   -3.6747644535e-02    1.9697838000e-01    4.8865123304e+01    4.8865123304e+01    9.7730246608e+01
    3.4823412900e+03    6.0767271911e+03   -1.0501086563e+05    3.5294330306e-02    8.3410002423e-02   -1.3934843377e-02    4.8870633547e+01    4.8870633547e+01    9.7741267094e+01
    3.5003765794e+03    6.1081989868e+03   -1.0508066913e+05   -1.7866843544e-02    1.2138803738e-02   -3.3305581028e-02    4.8861982691e+01    4.8861982691e+01    9.7723965383e+01
    3.5321264712e+03    6.1636029277e+03   -1.0517671170e+05   -3.6015487930e-01   -3.3040696356e-01   -2.0506079097e-01    4.8869008440e+01    4.8869008440e+01    9.7738016879e+01
    3.5313408013e+03    6.1622319243e+03   -1.0510212891e+05   -1.8249983052e-01   -1.9996822670e-01   -7.3182661164e-02    4.8868484669e+01    4.8868484669e+01    9.7736969338e+01
    3.5159801780e+03    6.1354274530e+03   -1.0497662495e+05    8.1487207731e-02    7.0677394929e-02    1.1374162359e-01    4.8871919447e+01    4.8871919447e+01    9.7743838894e+01
    3.5302101144e+03    6.1602588621e+03   -1.0511718778e+05    1.8091440509e-01    2.4385423220e-01    1.0631023594e-01    4.8846983254e+01    4.8846983254e+01    9.7693966508e+01
    3.4932147504e+03    6.0957015096e+03   -1.0518454585e+05    8.9254493116e-02    6.2468739672e-02    1.8764014867e-01    4.8842280801e+01    4.8842280801e+01    9.7684561602e+01
    3.5177445483e+03    6.1385063002e+03   -1.0511472702e+05    8.2722774122e-02    1.8099126616e-01    1.0257978400e-01    4.8851207272e+01    4.8851207272e+01    9.7702414543e+01
    3.4950082015e+03    6.0988311031e+03   -1.0509269598e+05    3.1293916283e-01    3.8589532390e-01    2.8042523401e-01    4.8845258548e+01    4.8845258548e+01    9.7690517096e+01
    3.5072865813e+03    6.1202570228e+03   -1.0515805045e+05   -9.5389666744e-02   -8.8102078346e-02   -1.4875572473e-01    4.8859060089e+01    4.8859060089e+01    9.7718120179e+01
    3.5165016072e+03    6.1363373531e+03   -1.0498339048e+05    1.1699999349e-01    1.0077403221e-01    1.9875021098e-01    4.8868430705e+01    4.8868430705e+01    9.7736861410e+01
    3.4931976230e+03    6.0956716221e+03   -1.0507316750e+05   -1.2228450156e-01   -1.9530272413e-01   -9.7817381157e-02    4.8868525728e+01    4.8868525728e+01    9.7737051457e+01
    3.5147301946e+03    6.1332462169e+03   -1.0505295792e+05   -1.1944791630e-01    7.2498262279e-03   -5.0404237534e-03    4.8868310776e+01    4.8868310776e+01    9.7736621552e+01
    3.5011066090e+03    6.1094728971e+03   -1.0504340178e+05   -8.0156073611e-02   -1.8554988961e-02   -7.9051205727e-02    4.8872602671e+01    4.8872602671e+01    9.7745205342e+01
    3.5247223506e+03    6.1506826487e+03   -1.0508416054e+05    9.2879448503e-02    1.7067578319e-01    3.0556951562e-02    4.8857249784e+01    4.8857249784e+01    9.7714499569e+01
    3.5267825798e+03    6.1542777733e+03   -1.0508453587e+05    2.1739905663e-01    2.5721382526e-01    5.1199034217e-02    4.8851960011e+01    4.8851960011e+01    9.7703920022e+01
    3.5193085357e+03    6.1412354769e+03   -1.0504421239e+05   -4.0062686651e-03   -7.0018023846e-03   -1.1088250094e-02    4.8867005740e+01    4.8867005740e+01    9.7734011479e+01
    3.4928847141e+03    6.0951255923e+03   -1.0510031804e+05   -2.2458439537e-01   -2.1888920161e-01   -3.6144065087e-01    4.8876075557e+01    4.8876075557e+01    9.7752151114e+01
    3.5302502049e+03    6.1603288205e+03   -1.0509461431e+05   -1.5754011136e-01   -1.5827165738e-01   -1.0073674489e-01    4.8868433970e+01    4.8868433970e+01    9.7736867940e+01
    3.5352941867e+03    6.1691306291e+03   -1.0519361678e+05   -1.5985362343e-01   -2.3024002158e-01   -2.1636576854e-01    4.8859562047e+01    4.8859562047e+01    9.7719124094e+01
    3.5211160518e+03    6.1443896142e+03   -1.0509841052e+05    1.4618429757e-01    1.9862703581e-01    5.0215574227e-02    4.8855672351e+01    4.8855672351e+01    9.7711344701e+01
    3.5371078608e+03    6.1722955121e+03   -1.0508993688e+05    1.3393283968e-01   -3.7968598466e-02    3.2395803755e-02    4.8860285077e+01    4.8860285077e+01    9.7720570155e+01
    3.5206301554e+03    6.1435417190e+03   -1.0510665512e+05    3.4546361760e-02    1.0596967025e-02    7.4940555575e-02    4.8857233612e+01    4.8857233612e+01    9.7714467224e+01
    3.5065772729e+03    6.1190192711e+03   -1.0507419625e+05    4.3676649212e-02    2.7833920828e-01    3.3115667735e-01    4.8851952675e+01    4.8851952675e+01    9.7703905349e+01
    3.5374731584e+03    6.1729329607e+03   -1.0507785801e+05    1.9823353268e-01    1.9897015725e-01    2.4421623434e-01    4.8848757608e+01    4.8848757608e+01    9.7697515216e+01
    3.5253316367e+03    6.1517458602e+03   -1.0518668698e+05    1.7682159025e-01    3.2782515584e-01    2.2211921050e-01    4.8832387749e+01    4.8832387749e+01    9.7664775498e+01
    3.5449485980e+03    6.1859776922e+03   -1.0524301733e+05    2.4096685482e-01    1.5862337528e-01    1.1655499198e-01    4.8832469862e+01    4.8832469862e+01    9.7664939724e+01
    3.5110740224e+03    6.1268661528e+03   -1.0508533657e+05    2.6472702399e-01    4.1294460697e-01    3.1893397228e-01    4.8843144809e+01    4.8843144809e+01    9.7686289618e+01
    3.5031660487e+03    6.1130666440e+03   -1.0523800807e+05    3.2486914369e-01    1.6746985129e-01    1.8392012087e-01    4.8826752377e+01    4.8826752377e+01    9.7653504755e+01
    3.4914391354e+03    6.0926030401e+03   -1.0512564668e+05    2.5704269885e-01    2.8881772320e-01    2.1798531882e-01    4.8840157070e+01    4.8840157070e+01    9.7680314140e+01
    3.4909138214e+03    6.0916863609e+03   -1.0510306537e+05   -6.3943439547e-02   -5.7488043892e-02   -3.9385012378e-02    4.8860062723e+01    4.8860062723e+01    9.7720125446e+01
    3.4958542626e+03    6.1003074899e+03   -1.0507599263e+05   -1.1325668703e-01   -1.4332311810e-01   -1.8256948889e-01    4.8872507453e+01    4.8872507453e+01    9.7745014907e+01
    3.4974395322e+03    6.1030738043e+03   -1.0504751896e+05    5.6122950723e-02    1.1045406235e-01   -2.1009198249e-03    4.8861785938e+01    4.8861785938e+01    9.7723571877e+01
    3.5611399817e+03    6.2142318504e+03   -1.0504654613e+05   -5.8451593829e-02    1.8977371352e-02    6.1654299207e-03    4.8866874737e+01    4.8866874737e+01    9.7733749473e+01
    3.5117612517e+03    6.1280653761e+03   -1.0520624322e+05   -1.5602487177e-02   -1.2170803668e-01   -4.4394909919e-02    4.8848616896e+01    4.8848616896e+01    9.7697233792e+01
    3.5000015802e+03    6.1075446087e+03   -1.0510375121e+05    3.2193536900e-01    2.2926485672e-01    2.8617895562e-01    4.8842869246e+01    4.8842869246e+01    9.7685738492e+01
    3.4770043968e+03    6.0674142488e+03   -1.0508651223e+05    1.0336576038e-01   -4.9666600659e-02   -4.5483662625e-02    4.8862234892e+01    4.8862234892e+01    9.7724469785e+01
    3.4929573785e+03    6.0952523925e+03   -1.0513722020e+05    1.3574659555e-02    5.6581967618e-02    9.5229213008e-04    4.8853525696e+01    4.8853525696e+01    9.7707051393e+01
    3.4642976782e+03    6.0452408728e+03   -1.0518082400e+05    1.9839181323e-01    1.9289268309e-01    3.0115426361e-01    4.8834390366e+01    4.8834390366e+01    9.7668780732e+01
    3.4693546484e+03    6.0540653463e+03   -1.0515662928e+05    3.0859738866e-01    4.2087886807e-01    4.1786387062e-01    4.8831678658e+01    4.8831678658e+01    9.7663357317e+01
    3.4820363606e+03    6.0761950857e+03   -1.0513126380e+05    2.5588565042e-01    1.9949372194e-01    2.1594632481e-01    4.8840116786e+01    4.8840116786e+01    9.7680233571e+01
    3.5166012025e+03    6.1365111481e+03   -1.0499403546e+05    1.9807498128e-01    2.1416884942e-01    2.9963647657e-01    4.8859162333e+01    4.8859162333e+01    9.7718324665e+01
    3.5523392766e+03    6.1988745147e+03   -1.0509665016e+05    8.8212941358e-02    6.1126247253e-02    1.6698975381e-01    4.8852410753e+01    4.8852410753e+01    9.7704821506e+01
    3.5333573782e+03    6.1657508751e+03   -1.0516177590e+05    1.3486186128e-01    1.8150286221e-01   -2.3294982329e-02    4.8847023894e+01    4.8847023894e+01    9.7694047787e+01
    3.5173341438e+03    6.1377901394e+03   -1.0512974502e+05    2.2683162223e-01    1.2658612863e-01    1.8641804191e-01    4.8842386374e+01    4.8842386374e+01    9.7684772748e+01
    3.5062986419e+03    6.1185330567e+03   -1.0505785576e+05    1.4848175035e-01    1.1472287559e-01    3.7380611039e-02    4.8856424589e+01    4.8856424589e+01    9.7712849177e+01
    3.5674507751e+03    6.2252442603e+03   -1.0504708309e+05   -2.4231846701e-01   -2.1671474460e-01   -2.1325090152e-01    4.8879723299e+01    4.8879723299e+01    9.7759446597e+01
    3.5138124854e+03    6.1316448034e+03   -1.0500506846e+05   -2.7930630728e-01   -1.6872054459e-01   -1.7357919651e-01    4.8885589259e+01    4.8885589259e+01    9.7771178518e+01
    3.5086019020e+03    6.1225522731e+03   -1.0500768232e+05    7.3810227635e-02   -4.1838537326e-02   -8.4369529112e-02    4.8873407132e+01    4.8873407132e+01    9.7746814264e+01
    3.5289184011e+03    6.1580048069e+03   -1.0508232042e+05   -1.1578135329e-01   -2.6176051537e-01   -2.3227643746e-01    4.8874264510e+01    4.8874264510e+01    9.7748529020e+01
    3.5076417067e+03    6.1208767209e+03   -1.0512420196e+05   -4.0773391214e-01   -3.5045444492e-01   -4.0130167331e-01    4.8879353159e+01    4.8879353159e+01    9.7758706318e+01
    3.5036969750e+03    6.1139931168e+03   -1.0514218935e+05   -2.3035241949e-01   -3.0495967678e-01   -1.3925215080e-01    4.8866271654e+01    4.8866271654e+01    9.7732543307e+01
    3.5646750538e+03    6.2204005934e+03   -1.0501048213e+05   -1.0919383402e-01   -1.7056851461e-01   -1.6477674681e-01    4.8879200243e+01    4.8879200243e+01    9.7758400486e+01
    3.5199930475e+03    6.1424299581e+03   -1.0505883558e+05    3.3089957037e-02    2.2527328085e-01    4.8468663782e-02    4.8857786546e+01    4.8857786546e+01    9.7715573093e+01
    3.5237744630e+03    6.1490285734e+03   -1.0508311192e+05   -1.0010045707e-01   -7.8757230445e-02   -9.2998534668e-02    4.8865299110e+01    4.8865299110e+01    9.7730598221e+01
    3.5359832550e+03    6.1703330615e+03   -1.0517825748e+05   -1.1930268877e-01    3.7411912559e-02    7.4416778223e-02    4.8848680471e+01    4.8848680471e+01    9.7697360942e+01
    3.5295797885e+03    6.1591589360e+03   -1.0517301959e+05    7.6902823546e-02    9.8255477345e-02    1.6339976615e-01    4.8843333809e+01    4.8843333809e+01    9.7686667618e+01
    3.5116018277e+03    6.1277871794e+03   -1.0498696424e+05   -1.3259542816e-02    7.6796342832e-02    1.7610070996e-01    4.8867498959e+01    4.8867498959e+01    9.7734997918e+01
    3.5019235864e+03    6.1108985325e+03   -1.0518139683e+05   -1.8283234118e-01   -8.5749870733e-03   -2.1547874565e-01    4.8854683644e+01    4.8854683644e+01    9.7709367287e+01
    3.5254518656e+03    6.1519556611e+03   -1.0499130825e+05    2.2806837275e-01    1.6566063556e-01    7.3958778698e-02    4.8863781068e+01    4.8863781068e+01    9.7727562136e+01
    3.4939645572e+03    6.0970099314e+03   -1.0519643860e+05   -2.1832748326e-01   -2.9200986503e-01   -2.5784422874e-01    4.8860878765e+01    4.8860878765e+01    9.7721757530e+01
    3.4895878403e+03    6.0893725081e+03   -1.0513392654e+05    4.9295214092e-01    2.7575653487e-01    3.2514968300e-01    4.8833484222e+01    4.8833484222e+01    9.7666968445e+01
    3.5119696640e+03    6.1284290581e+03   -1.0513634216e+05    9.9200719627e-02   -1.1196941264e-02   -6.1581801199e-02    4.8855711586e+01    4.8855711586e+01    9.7711423173e+01
    3.5605274249e+03    6.2131629315e+03   -1.0520453251e+05    5.4481829511e-02   -1.0676581772e-02   -2.8740315016e-02    4.8845026927e+01    4.8845026927e+01    9.7690053854e+01
    3.4996030086e+03    6.1068490965e+03   -1.0506338582e+05    1.8431493199e-01    2.7989425291e-01    1.6796592018e-01    4.8851240175e+01    4.8851240175e+01    9.7702480351e+01
    3.4934428461e+03    6.0960995392e+03   -1.0512452751e+05   -1.4858541933e-01   -1.3056038139e-01   -1.4974282140e-01    4.8861233641e+01    4.8861233641e+01    9.7722467282e+01
    3.5193451779e+03    6.1412994179e+03   -1.0513281078e+05   -2.4305017764e-01   -2.3090410198e-01   -1.3801683989e-01    4.8869180153e+01    4.8869180153e+01    9.7738360305e+01
    3.5769371374e+03    6.2417980759e+03   -1.0504534806e+05   -2.2799169973e-01   -1.5530324915e-01   -1.8116873531e-01    4.8876638737e+01    4.8876638737e+01    9.7753277474e+01
    3.4957010076e+03    6.1000400580e+03   -1.0514326468e+05   -2.0120971431e-01   -1.3557023691e-01   -1.2682368999e-01    4.8865657731e+01    4.8865657731e+01    9.7731315462e+01
    3.4711144326e+03    6.0571361908e+03   -1.0502612042e+05    1.2224322525e-01    1.2912122657e-01    3.6781218127e-02    4.8864534264e+01    4.8864534264e+01    9.7729068528e+01
    3.5101015737e+03    6.1251692182e+03   -1.0508159691e+05   -9.1517323984e-02   -8.0030640004e-02   -1.3716963278e-01    4.8867423527e+01    4.8867423527e+01    9.7734847054e+01
    3.5045665763e+03    6.1155105815e+03   -1.0503519070e+05   -3.4369382407e-01   -3.3348123515e-01   -2.6984737405e-01    4.8885543709e+01    4.8885543709e+01    9.7771087419e+01
    3.5349036445e+03    6.1684491283e+03   -1.0506128481e+05    3.1772924897e-02    1.9050915119e-02   -1.1627493483e-01    4.8866481916e+01    4.8866481916e+01    9.7732963832e+01
    3.5192427820e+03    6.1411207360e+03   -1.0511822235e+05    8.4084151315e-04   -9.6512995503e-03    1.0053026034e-01    4.8857247577e+01    4.8857247577e+01    9.7714495154e+01
    3.4676223826e+03    6.0510425218e+03   -1.0516406491e+05    2.0353275321e-01    2.8375711755e-01    1.7557465694e-01    4.8835770389e+01    4.8835770389e+01    9.7671540779e+01
    3.5071873325e+03    6.1200838324e+03   -1.0512602160e+05    2.7207528580e-01    3.1308914831e-01    1.7780352329e-01    4.8838313804e+01    4.8838313804e+01    9.7676627607e+01
    3.4956478368e+03    6.0999472744e+03   -1.0515825197e+05    7.4023339197e-02    1.5530783318e-01    1.5167487002e-01    4.8841570711e+01    4.8841570711e+01    9.7683141423e+01
    3.5195044696e+03    6.1415773839e+03   -1.0510478918e+05    1.9250842205e-01    1.8396278872e-01    1.3653618732e-01    4.8846579092e+01    4.8846579092e+01    9.7693158185e+01
    3.4883866093e+03    6.0872763456e+03   -1.0519416708e+05   -2.8727525485e-02   -6.4182062190e-02    1.4701860624e-02    4.8848656812e+01    4.8848656812e+01    9.7697313624e+01
    3.4967834569e+03    6.1019289450e+03   -1.0507851587e+05    3.0515914348e-01    3.3379348267e-01    3.0767569104e-01    4.8842852352e+01    4.8842852352e+01    9.7685704704e+01
    3.4666656821e+03    6.0493730679e+03   -1.0516306996e+05    1.5232717813e-01    3.1450241152e-01    1.3321496600e-01    4.8838341986e+01    4.8838341986e+01    9.7676683972e+01
    3.5558055776e+03    6.2049232515e+03   -1.0516743884e+05   -2.8505421376e-02   -6.6999736259e-02    7.8525489263e-02    4.8849555717e+01    4.8849555717e+01    9.7699111433e+01
    3.5013786107e+03    6.1099475434e+03   -1.0509200230e+05    1.9607205067e-01    2.2644945294e-01    9.5027946799e-02    4.8851007835e+01    4.8851007835e+01    9.7702015670e+01
    3.4981101012e+03    6.1042439553e+03   -1.0512718432e+05    2.1515854289e-02    1.2887765519e-01   -2.6663120800e-03    4.8852776527e+01    4.8852776527e+01    9.7705553055e+01
    3.5505309744e+03    6.1957190058e+03   -1.0521765569e+05    1.0661408189e-01   -2.3894565017e-02   -1.3060832205e-01    4.8849098564e+01    4.8849098564e+01    9.7698197128e+01
    3.4670871052e+03    6.0501084563e+03   -1.0512944552e+05   -7.6717092749e-02   -1.2548716950e-01   -5.8908842837e-02    4.8859776144e+01    4.8859776144e+01    9.7719552287e+01
    3.4815382055e+03    6.0753257990e+03   -1.0509888388e+05   -3.1231309194e-02   -5.3137075260e-02    7.3792494187e-02    4.8859703206e+01    4.8859703206e+01    9.7719406411e+01
    3.4945987783e+03    6.0981166548e+03   -1.0511900115e+05   -1.5147355321e-01   -6.9280776330e-02   -1.3390508726e-01    4.8864314528e+01    4.8864314528e+01    9.7728629056e+01
    3.5353058303e+03    6.1691509472e+03   -1.0517759227e+05   -2.1465038948e-01   -1.2592993344e-01    3.7429445384e-02    4.8857161537e+01    4.8857161537e+01    9.7714323075e+01
    3.5039811304e+03    6.1144889713e+03   -1.0498502064e+05    1.5028331497e-01    1.6758707710e-01    1.3563855240e-01    4.8860915852e+01    4.8860915852e+01    9.7721831705e+01
    3.5100119085e+03    6.1250127513e+03   -1.0498532699e+05    1.5965590369e-01    1.8888379808e-01    8.4546771223e-02    4.8866486146e+01    4.8866486146e+01    9.7732972292e+01
    3.4767211387e+03    6.0669199599e+03   -1.0515185621e+05   -8.8812084909e-02   -6.0938646350e-02    3.6939848432e-03    4.8855725686e+01    4.8855725686e+01    9.7711451371e+01
    3.5016706718e+03    6.1104571936e+03   -1.0505821778e+05   -1.0191978297e-01   -9.2730700271e-02   -1.5670566417e-01    4.8872930041e+01    4.8872930041e+01    9.7745860082e+01
    3.5042824361e+03    6.1150147534e+03   -1.0502270552e+05   -2.7786821574e-02   -9.3161917655e-02   -1.3940367356e-01    4.8873193598e+01    4.8873193598e+01    9.7746387197e+01
    3.5161585069e+03    6.1357386389e+03   -1.0501022121e+05   -2.1300914323e-01   -3.1466373743e-01   -2.9221601729e-01    4.8888684299e+01    4.8888684299e+01    9.7777368599e+01
    3.5281831113e+03    6.1567217175e+03   -1.0508589937e+05   -2.9447106489e-01   -3.4584501520e-01   -3.1552704696e-01    4.8878805657e+01    4.8878805657e+01    9.7757611315e+01
    3.5686183830e+03    6.2272817501e+03   -1.0505412357e+05   -1.2327534266e-01   -4.2294487040e-01   -2.8713896552e-01    4.8881694397e+01    4.8881694397e+01    9.7763388794e+01
    3.5595681155e+03    6.2114889251e+03   -1.0497486991e+05   -2.1750426850e-01   -2.8224406781e-01   -2.3801754549e-01    4.8895030376e+01    4.8895030376e+01    9.7790060752e+01
    3.5101618567e+03    6.1252744127e+03   -1.0506714626e+05   -4.1063948724e-01   -2.8690344025e-01   -4.3895968935e-01    4.8884415682e+01    4.8884415682e+01    9.7768831363e+01
    3.4880195251e+03    6.0866357794e+03   -1.0504645742e+05    7.9845509700e-02    9.5708090229e-02    5.8151924522e-02    4.8864238738e+01    4.8864238738e+01    9.7728477477e+01
    3.5155677181e+03    6.1347077054e+03   -1.0509973407e+05   -6.4504638781e-03   -5.4711834308e-02    8.0126757309e-02    4.8860194959e+01    4.8860194959e+01    9.7720389919e+01
    3.4773610837e+03    6.0680366716e+03   -1.0509517832e+05    2.3652257263e-01    2.4217406926e-01    2.2780302282e-01    4.8847259532e+01    4.8847259532e+01    9.7694519064e+01
    3.4810716749e+03    6.0745116976e+03   -1.0507189367e+05    3.0482441662e-01    4.8014545541e-01    4.6838108218e-01    4.8839458805e+01    4.8839458805e+01    9.7678917610e+01
    3.4986959674e+03    6.1052662987e+03   -1.0514061667e+05    1.5501321024e-01    1.5584671090e-01    1.2736187135e-01    4.8843715369e+01    4.8843715369e+01    9.7687430738e+01
    3.4750203124e+03    6.0639519976e+03   -1.0496005765e+05    6.1764727160e-01    5.8393807595e-01    4.9570930003e-01    4.8843994892e+01    4.8843994892e+01    9.7687989785e+01
    3.5077778188e+03    6.1211142381e+03   -1.0511953061e+05   -5.4432895965e-02   -4.1417807662e-02    2.7954930676e-02    4.8858060874e+01    4.8858060874e+01    9.7716121747e+01
    3.5293329642e+03    6.1587282245e+03   -1.0492979218e+05   -1.9617911362e-01   -2.9921457076e-01   -2.7990152741e-01    4.8899313801e+01    4.8899313801e+01    9.7798627602e+01
    3.5323251825e+03    6.1639496813e+03   -1.0497166001e+05   -5.8441128578e-01   -5.2631092858e-01   -5.6512387908e-01    4.8911487173e+01    4.8911487173e+01    9.7822974346e+01
    3.5280925789e+03    6.1565637373e+03   -1.0500246915e+05   -4.9768269413e-01   -4.6307121513e-01   -6.4347811387e-01    4.8904856432e+01    4.8904856432e+01    9.7809712865e+01
    3.5168558598e+03    6.1369555281e+03   -1.0498030136e+05   -3.2098353707e-01   -2.6657148867e-01   -3.6512932009e-01    4.8897976788e+01    4.8897976788e+01    9.7795953577e+01
    3.5420539309e+03    6.1809264635e+03   -1.0497515683e+05   -3.9834804597e-01   -4.2489539651e-01   -4.1565162657e-01    4.8901591037e+01    4.8901591037e+01    9.7803182074e+01
    3.5024972190e+03    6.1118995283e+03   -1.0511590449e+05   -5.5355689450e-01   -5.2239403572e-01   -5.7672500936e-01    4.8889312301e+01    4.8889312301e+01    9.7778624603e+01
    3.4919855662e+03    6.0935565685e+03   -1.0503881184e+05   -2.6544888012e-01   -1.9080170611e-01   -3.8996818075e-01    4.8882737349e+01    4.8882737349e+01    9.7765474698e+01
    3.4994588579e+03    6.1065975519e+03   -1.0512089801e+05   -1.5743763310e-01   -1.1108662616e-01   -1.1103790488e-01    4.8862741337e+01    4.8862741337e+01    9.7725482675e+01
    3.5135709095e+03    6.1312232507e+03   -1.0507570052e+05   -3.5876878953e-02    7.5525088073e-02    3.6713955752e-02    4.8861111763e+01    4.8861111763e+01    9.7722223527e+01
    3.5217373864e+03    6.1454738505e+03   -1.0501544551e+05   -2.9633980065e-02    1.8791353402e-01    1.3693559946e-01    4.8866655505e+01    4.8866655505e+01    9.7733311009e+01
    3.4880254751e+03    6.0866461622e+03   -1.0514674364e+05   -1.5917319996e-01   -8.4104624306e-02   -2.3397287114e-01    4.8862862330e+01    4.8862862330e+01    9.7725724660e+01
    3.4939427111e+03    6.0969718097e+03   -1.0509338016e+05   -8.9929201671e-02    6.8983237912e-03   -1.6385873408e-01    4.8862534270e+01    4.8862534270e+01    9.7725068540e+01
    3.5561530211e+03    6.2055295445e+03   -1.0501852776e+05    3.1393576182e-02    1.4731579055e-01    2.4639865848e-02    4.8867281325e+01    4.8867281325e+01    9.7734562651e+01
    3.5249485878e+03    6.1510774354e+03   -1.0523112927e+05    1.1758465181e-01    1.4816458955e-01    1.8170527272e-01    4.8832105343e+01    4.8832105343e+01    9.7664210687e+01
    3.5849625990e+03    6.2558026024e+03   -1.0514945135e+05    3.0437621913e-02    6.4258269288e-02    3.0508830039e-02    4.8851246886e+01    4.8851246886e+01    9.7702493773e+01
    3.5066503538e+03    6.1191467981e+03   -1.0515609257e+05    1.3171079291e-01    3.2759587394e-01    3.1365120930e-01    4.8837790584e+01    4.8837790584e+01    9.7675581168e+01
    3.4990815257e+03    6.1059391026e+03   -1.0514930157e+05    3.1239666382e-01    4.3316645897e-01    3.9800427517e-01    4.8831625466e+01    4.8831625466e+01    9.7663250931e+01
    3.5373498609e+03    6.1727178052e+03   -1.0525965880e+05    1.9269080939e-01    2.2958853861e-01    1.1404766409e-01    4.8829908915e+01    4.8829908915e+01    9.7659817829e+01
    3.5280375166e+03    6.1564676530e+03   -1.0509167796e+05    7.3082184859e-02    2.1373079296e-01    1.3172402752e-01    4.8849524240e+01    4.8849524240e+01    9.7699048481e+01
    3.4841333646e+03    6.0798543827e+03   -1.0513325990e+05    1.6194012850e-01    3.7624880480e-02    9.3149924070e-02    4.8850291490e+01    4.8850291490e+01    9.7700582981e+01
