    3.4200854411e+03    5.9680899904e+03   -1.0213725550e+05    1.1836523145e+00    1.3537097580e+00    7.5153852447e+00    4.9249367859e+01    4.9249367859e+01    9.8498735718e+01
    3.5394696715e+03    6.1764169000e+03   -1.0234326683e+05   -9.1782461368e-01   -1.0334658907e+00    1.4680279608e+00    4.9347757162e+01    4.9347757162e+01    9.8695514325e+01
    3.5627263097e+03    6.2170000118e+03   -1.0228770843e+05   -6.9601592817e-01   -8.8719205088e-01    2.1046254962e+00    4.9355058431e+01    4.9355058431e+01    9.8710116863e+01
    3.5666956921e+03    6.2239266315e+03   -1.0189118297e+05   -1.7509065176e-01   -2.9910833612e-01    3.9166297924e+00    4.9393258779e+01    4.9393258779e+01    9.8786517558e+01
    3.5608971592e+03    6.2138081223e+03   -1.0205883074e+05   -9.4918187688e-01   -8.3603657034e-01    4.1654066003e-01    4.9386364736e+01    4.9386364736e+01    9.8772729471e+01
    3.5054597169e+03    6.1170691225e+03   -1.0194543988e+05   -5.0142811526e-01   -3.6693631109e-01    3.6839034155e+00    4.9392676916e+01    4.9392676916e+01    9.8785353833e+01
    3.5668396163e+03    6.2241777809e+03   -1.0200043464e+05   -1.3099452087e+00   -1.3976809568e+00    5.3055103135e-01    4.9424401869e+01    4.9424401869e+01    9.8848803737e+01
    3.5071982304e+03    6.1201028494e+03   -1.0202956171e+05   -1.0837596198e+00   -9.1475302731e-01    1.3655655478e+00    4.9410815984e+01    4.9410815984e+01    9.8821631967e+01
    3.5812352442e+03    6.2492983237e+03   -1.0184455845e+05   -7.7198613366e-01   -7.7752082235e-01    1.7286882383e+00    4.9429090863e+01    4.9429090863e+01    9.8858181725e+01
    3.5509151995e+03    6.1963894833e+03   -1.0191057386e+05   -8.9019498338e-01   -6.6901643402e-01    7.1389238856e-01    4.9400145354e+01    4.9400145354e+01    9.8800290708e+01
    3.4871601171e+03    6.0851361020e+03   -1.0183511434e+05   -4.6184881292e-01   -5.3825840777e-01    2.5781301938e+00    4.9405836350e+01    4.9405836350e+01    9.8811672700e+01
    3.5253594883e+03    6.1517944617e+03   -1.0181533205e+05   -8.7337288643e-01   -8.7667622553e-01    9.7505965003e-01    4.9420395423e+01    4.9420395423e+01    9.8840790846e+01
    3.5366749936e+03    6.1715401537e+03   -1.0187475799e+05   -6.6105697528e-01   -6.4433700927e-01    1.4707238954e+00    4.9408437343e+01    4.9408437343e+01    9.8816874686e+01
    3.5452216534e+03    6.1864541772e+03   -1.0173988747e+05   -6.4544876898e-01   -7.5217092228e-01    1.6574094833e+00    4.9424802754e+01    4.9424802754e+01    9.8849605507e+01
    3.5272917181e+03    6.1551662256e+03   -1.0184899330e+05   -9.7809242796e-01   -1.3712514778e+00    1.7766385590e-01    4.9442866328e+01    4.9442866328e+01    9.8885732656e+01
    3.4844127484e+03    6.0803419109e+03   -1.0185884293e+05   -1.1415078724e+00   -9.2503897295e-01    1.1388196983e+00    4.9436650369e+01    4.9436650369e+01    9.8873300737e+01
    3.5316862492e+03    6.1628347349e+03   -1.0181224750e+05   -1.0131630250e+00   -1.1385504384e+00    6.6627551655e-01    4.9433677685e+01    4.9433677685e+01    9.8867355369e+01
    3.5894726514e+03    6.2636726978e+03   -1.0191312044e+05   -1.0679485824e+00   -1.0888558808e+00    6.8467320929e-01    4.9428888648e+01    4.9428888648e+01    9.8857777297e+01
    3.5414946871e+03    6.1799505765e+03   -1.0189276335e+05   -8.1819077010e-01   -7.3046774728e-01    1.0004142618e+00    4.9406782016e+01    4.9406782016e+01    9.8813564033e+01
    3.5652613846e+03    6.2214237477e+03   -1.0199841487e+05   -8.3735627314e-01   -8.4385056208e-01    6.4998553345e-01    4.9391188631e+01    4.9391188631e+01    9.8782377262e+01
    3.5542602050e+03    6.2022265578e+03   -1.0193778673e+05   -3.5304364103e-01   -6.9088735617e-01    1.5519258519e+00    4.9389279307e+01    4.9389279307e+01    9.8778558613e+01
    3.5429980509e+03    6.1825739642e+03   -1.0200297792e+05   -6.0065372346e-01   -5.7242399578e-01    9.1865808425e-01    4.9373314445e+01    4.9373314445e+01    9.8746628891e+01
    3.4807179417e+03    6.0738944290e+03   -1.0194841228e+05   -4.4762587897e-01   -5.3737184272e-01    1.4113216833e+00    4.9373590162e+01    4.9373590162e+01    9.8747180325e+01
    3.5201990989e+03    6.1427895203e+03   -1.0192780693e+05   -2.4307637683e-01   -3.1681511927e-01    1.2330804533e+00    4.9375887567e+01    4.9375887567e+01    9.8751775135e+01
    3.5192499775e+03    6.1411332921e+03   -1.0202733134e+05   -6.4371279393e-01   -6.2000312162e-01    7.7482350934e-01    4.9375535963e+01    4.9375535963e+01    9.8751071926e+01
    3.5553434142e+03    6.2041167709e+03   -1.0181426625e+05   -3.7811606393e-01   -3.4738069456e-01    1.5972845549e+00    4.9384688207e+01    4.9384688207e+01    9.8769376414e+01
    3.5261217911e+03    6.1531246891e+03   -1.0192254243e+05   -4.6100543312e-01   -6.6587707807e-01    9.3270428344e-01    4.9386099641e+01    4.9386099641e+01    9.8772199282e+01
    3.5757096020e+03    6.2396560120e+03   -1.0190242190e+05   -3.1647451286e-01   -4.1206407307e-01    9.3894097371e-01    4.9379332483e+01    4.9379332483e+01    9.8758664966e+01
    3.5438034538e+03    6.1839794018e+03   -1.0189910574e+05   -4.1284714009e-01   -5.4086616997e-01    1.1021174682e+00    4.9390670723e+01    4.9390670723e+01    9.8781341446e+01
    3.5497936225e+03    6.1944323179e+03   -1.0197673027e+05   -5.6126926798e-01   -3.6975707992e-01    4.8564829743e-01    4.9376435123e+01    4.9376435123e+01    9.8752870246e+01
    3.5219373096e+03    6.1458227187e+03   -1.0200515464e+05   -3.8339165645e-01   -2.7573581952e-01    1.1579575343e+00    4.9363968230e+01    4.9363968230e+01    9.8727936460e+01
    3.5237865671e+03    6.1490496952e+03   -1.0202083596e+05   -5.1823330399e-01   -5.6378883894e-01    8.4506410175e-01    4.9373166408e+01    4.9373166408e+01    9.8746332816e+01
    3.5096458610e+03    6.1243739940e+03   -1.0198912565e+05   -3.5793636865e-01   -5.5734085514e-01    1.1298944682e+00    4.9363509540e+01    4.9363509540e+01    9.8727019079e+01
    3.5264605382e+03    6.1537158068e+03   -1.0184835229e+05   -4.0811926359e-01   -2.0492224197e-01    1.2044920045e+00    4.9385497524e+01    4.9385497524e+01    9.8770995048e+01
    3.5442151433e+03    6.1846978051e+03   -1.0181558303e+05   -1.9503578890e-01   -4.8046927976e-01    8.2049333769e-01    4.9384755720e+01    4.9384755720e+01    9.8769511439e+01
    3.5401893687e+03    6.1776727802e+03   -1.0182722319e+05   -1.8347040966e-01    4.6882777500e-02    1.2495847260e+00    4.9378133294e+01    4.9378133294e+01    9.8756266589e+01
    3.5199190379e+03    6.1423008106e+03   -1.0197182496e+05   -3.5179474189e-01   -7.9045890950e-01    5.8059230105e-01    4.9384577167e+01    4.9384577167e+01    9.8769154333e+01
    3.4806211541e+03    6.0737255334e+03   -1.0191700657e+05   -6.7944721024e-02   -4.3085759018e-01    1.2540170980e+00    4.9358961649e+01    4.9358961649e+01    9.8717923298e+01
    3.5525203459e+03    6.1991904828e+03   -1.0177859503e+05   -2.2529657395e-01   -3.0081435191e-01    1.2450676004e+00    4.9391779086e+01    4.9391779086e+01    9.8783558171e+01
    3.4993052331e+03    6.1063294747e+03   -1.0172883601e+05   -3.1764714416e-01   -3.5570447311e-01    9.4194719958e-01    4.9395556848e+01    4.9395556848e+01    9.8791113696e+01
    3.5460479591e+03    6.1878960905e+03   -1.0165123636e+05   -6.2131254200e-01   -7.0948584848e-01    5.1642997820e-01    4.9438169019e+01    4.9438169019e+01    9.8876338039e+01
    3.4963652120e+03    6.1011991027e+03   -1.0173675977e+05   -6.6142152898e-01   -4.3963496529e-01    6.4949439562e-01    4.9418984646e+01    4.9418984646e+01    9.8837969292e+01
    3.5125298670e+03    6.1294066190e+03   -1.0168338810e+05   -5.6001604061e-01   -6.2940863109e-01    6.9091857513e-01    4.9428801055e+01    4.9428801055e+01    9.8857602109e+01
    3.5123395088e+03    6.1290744417e+03   -1.0165633914e+05   -7.1348746771e-01   -7.4221500973e-01    5.4052016471e-01    4.9438036595e+01    4.9438036595e+01    9.8876073191e+01
    3.5248278097e+03    6.1508666761e+03   -1.0165225907e+05   -4.5987014531e-01   -3.3559151681e-01    8.7454784827e-01    4.9417533222e+01    4.9417533222e+01    9.8835066443e+01
    3.5350928144e+03    6.1687792320e+03   -1.0175980188e+05   -6.6506483371e-01   -7.9717969457e-01    4.2700403139e-01    4.9427320014e+01    4.9427320014e+01    9.8854640027e+01
    3.5239022062e+03    6.1492514870e+03   -1.0163431842e+05   -7.3020737015e-01   -4.4672039459e-01    5.9323124836e-01    4.9439277033e+01    4.9439277033e+01    9.8878554066e+01
    3.5368713285e+03    6.1718827604e+03   -1.0165412771e+05   -7.2146778907e-01   -8.6864843939e-01    3.6070971451e-01    4.9439610691e+01    4.9439610691e+01    9.8879221383e+01
    3.5809498610e+03    6.2488003266e+03   -1.0172091340e+05   -8.6451830116e-01   -6.7371574086e-01    5.8840576198e-01    4.9423988708e+01    4.9423988708e+01    9.8847977415e+01
    3.5374970132e+03    6.1729745876e+03   -1.0167160679e+05   -3.6240744112e-01   -4.8702619288e-01    1.0569552444e+00    4.9410394008e+01    4.9410394008e+01    9.8820788015e+01
    3.5080127689e+03    6.1215242288e+03   -1.0170445043e+05   -5.6518901007e-01   -6.1324750110e-01    7.5777366716e-01    4.9425159549e+01    4.9425159549e+01    9.8850319097e+01
    3.5481493198e+03    6.1915629901e+03   -1.0174002600e+05   -4.4481906210e-01   -6.9384957723e-01    6.6968755444e-01    4.9416594186e+01    4.9416594186e+01    9.8833188372e+01
    3.5350577721e+03    6.1687180828e+03   -1.0174446129e+05   -2.1916798066e-01   -1.4642281604e-01    1.1866609182e+00    4.9388648540e+01    4.9388648540e+01    9.8777297080e+01
    3.5837862946e+03    6.2537499371e+03   -1.0173822018e+05   -6.4169136431e-01   -5.1104813673e-01    7.3625211999e-01    4.9413229767e+01    4.9413229767e+01    9.8826459535e+01
    3.5321596891e+03    6.1636608933e+03   -1.0171821562e+05   -3.3427844675e-01   -1.9942422151e-01    1.0771274898e+00    4.9395053003e+01    4.9395053003e+01    9.8790106006e+01
    3.5224498058e+03    6.1467170308e+03   -1.0181864832e+05   -4.9764726050e-01   -3.5177569793e-01    7.2180047472e-01    4.9402414676e+01    4.9402414676e+01    9.8804829352e+01
    3.5185754891e+03    6.1399563018e+03   -1.0179244849e+05   -3.6872221906e-01   -3.4472256995e-01    1.1453941252e+00    4.9389711266e+01    4.9389711266e+01    9.8779422532e+01
    3.5202545612e+03    6.1428863027e+03   -1.0178273451e+05   -2.8191249261e-01   -1.6289699673e-01    1.2681281517e+00    4.9378378106e+01    4.9378378106e+01    9.8756756212e+01
    3.5085434032e+03    6.1224501920e+03   -1.0173934209e+05   -1.1111816106e-01   -1.5594532800e-01    9.5138989369e-01    4.9389633793e+01    4.9389633793e+01    9.8779267585e+01
    3.5680183049e+03    6.2262346067e+03   -1.0184670345e+05   -5.7534462666e-01   -7.3793862210e-01    6.0128576882e-01    4.9407156991e+01    4.9407156991e+01    9.8814313983e+01
    3.5497684033e+03    6.1943883101e+03   -1.0184951419e+05   -2.8118161192e-01   -5.6920529142e-01    1.0986375129e+00    4.9383923004e+01    4.9383923004e+01    9.8767846007e+01
    3.5122379391e+03    6.1288972013e+03   -1.0171526609e+05   -1.2141878441e-01   -2.2393124604e-01    1.2068874041e+00    4.9389697762e+01    4.9389697762e+01    9.8779395525e+01
    3.5104153765e+03    6.1257168078e+03   -1.0182215721e+05   -2.1764996019e-01   -5.2572124417e-02    9.9495061950e-01    4.9374271355e+01    4.9374271355e+01    9.8748542710e+01
    3.5333312380e+03    6.1657052601e+03   -1.0176831697e+05   -2.2081547524e-01   -3.0840985519e-01    8.9806673754e-01    4.9397371219e+01    4.9397371219e+01    9.8794742438e+01
    3.4976277743e+03    6.1034022890e+03   -1.0176250698e+05   -3.6229693181e-01   -2.5361381955e-01    6.8372331487e-01    4.9401062735e+01    4.9401062735e+01    9.8802125470e+01
    3.5149921110e+03    6.1337032642e+03   -1.0168529277e+05   -3.7093025384e-01   -5.2403443671e-01    8.8530257576e-01    4.9414974249e+01    4.9414974249e+01    9.8829948498e+01
    3.5145817705e+03    6.1329872151e+03   -1.0177354449e+05   -3.8685840253e-01   -4.5453410003e-01    7.4079349727e-01    4.9402337164e+01    4.9402337164e+01    9.8804674327e+01
    3.4988990477e+03    6.1056206764e+03   -1.0172859956e+05   -6.0202947432e-01   -4.3316199813e-01    8.1450245009e-01    4.9405842165e+01    4.9405842165e+01    9.8811684329e+01
    3.5342922883e+03    6.1673823043e+03   -1.0165058407e+05   -9.6667673573e-02   -3.1680487899e-01    7.2461690676e-01    4.9407112542e+01    4.9407112542e+01    9.8814225083e+01
    3.5432445503e+03    6.1830041087e+03   -1.0165346101e+05   -3.7538881177e-01   -5.3679123723e-01    7.7697696496e-01    4.9420888800e+01    4.9420888800e+01    9.8841777601e+01
    3.5188979529e+03    6.1405190050e+03   -1.0173733071e+05   -8.4833126535e-01   -7.6727273316e-01    3.4108822493e-01    4.9432867228e+01    4.9432867228e+01    9.8865734455e+01
    3.5057591127e+03    6.1175915718e+03   -1.0168769095e+05   -5.7171716109e-01   -3.4863229162e-01    5.2790296116e-01    4.9421293971e+01    4.9421293971e+01    9.8842587942e+01
    3.5180678332e+03    6.1390704362e+03   -1.0174368722e+05   -3.9339070327e-01   -4.5774016282e-01    9.3787208976e-01    4.9402572137e+01    4.9402572137e+01    9.8805144275e+01
    3.5438536630e+03    6.1840670176e+03   -1.0176560648e+05   -4.1395722662e-01   -2.2587238612e-01    6.2160688309e-01    4.9404322666e+01    4.9404322666e+01    9.8808645332e+01
    3.5566722379e+03    6.2064355840e+03   -1.0188504740e+05   -1.0796575842e+00   -7.7637932905e-01    3.6877881729e-01    4.9405823773e+01    4.9405823773e+01    9.8811647545e+01
    3.5495644840e+03    6.1940324685e+03   -1.0176639577e+05   -5.5199742167e-01   -6.0896716542e-01    5.1013274373e-01    4.9416660251e+01    4.9416660251e+01    9.8833320502e+01
    3.5216285800e+03    6.1452839820e+03   -1.0170911762e+05   -2.8567305282e-01   -5.6604526303e-01    6.0543220694e-01    4.9412276441e+01    4.9412276441e+01    9.8824552882e+01
    3.5451084745e+03    6.1862566787e+03   -1.0180687236e+05   -6.0489742842e-01   -7.9987953244e-01    3.7463744771e-01    4.9412371334e+01    4.9412371334e+01    9.8824742669e+01
    3.5518884659e+03    6.1980878447e+03   -1.0177540318e+05   -3.9660928146e-01   -1.9737001459e-01    9.1763513663e-01    4.9395696991e+01    4.9395696991e+01    9.8791393981e+01
    3.5036305736e+03    6.1138772457e+03   -1.0191875773e+05   -5.3546115572e-01   -6.5651744395e-01    7.2606857207e-01    4.9382801333e+01    4.9382801333e+01    9.8765602667e+01
    3.5386391989e+03    6.1749677154e+03   -1.0192012233e+05   -7.3424698251e-01   -6.4108985626e-01    5.7522058967e-01    4.9391362388e+01    4.9391362388e+01    9.8782724776e+01
    3.5042026121e+03    6.1148754596e+03   -1.0190137024e+05   -1.7753842905e-01   -4.8413195862e-01    8.0210297165e-01    4.9373129114e+01    4.9373129114e+01    9.8746258229e+01
    3.5471801893e+03    6.1898718458e+03   -1.0195715368e+05   -3.7079935195e-01   -6.4947909460e-01    3.9877266211e-01    4.9382992473e+01    4.9382992473e+01    9.8765984946e+01
    3.5205938923e+03    6.1434784396e+03   -1.0184704000e+05   -3.3249748711e-01   -4.6883256269e-01    9.9727725779e-01    4.9390410178e+01    4.9390410178e+01    9.8780820357e+01
    3.5212224923e+03    6.1445753541e+03   -1.0185497979e+05   -6.2796099880e-01   -5.8391732051e-01    4.8222173249e-01    4.9401243356e+01    4.9401243356e+01    9.8802486712e+01
    3.5624657081e+03    6.2165452589e+03   -1.0186951760e+05   -4.3730239027e-01   -5.5035818597e-01    4.6688266241e-01    4.9393571028e+01    4.9393571028e+01    9.8787142056e+01
    3.5708830934e+03    6.2312336969e+03   -1.0176069778e+05   -6.8682019133e-01   -6.6046532062e-01    8.0943784702e-01    4.9417376393e+01    4.9417376393e+01    9.8834752786e+01
    3.5312873413e+03    6.1621386359e+03   -1.0189123647e+05   -6.3411205289e-01   -7.9604631977e-01    4.0480833650e-01    4.9406848868e+01    4.9406848868e+01    9.8813697737e+01
    3.5551345420e+03    6.2037522863e+03   -1.0193213202e+05   -6.5372067891e-01   -9.7358433486e-01    4.1356102651e-01    4.9401953846e+01    4.9401953846e+01    9.8803907692e+01
    3.4981058623e+03    6.1042365584e+03   -1.0195951774e+05   -4.3053562627e-01   -4.2697917666e-01    8.8732368747e-01    4.9369043586e+01    4.9369043586e+01    9.8738087172e+01
    3.5742567838e+03    6.2371208270e+03   -1.0200726749e+05   -4.2564295619e-01   -4.6957133615e-01    7.9605142402e-01    4.9357117857e+01    4.9357117857e+01    9.8714235715e+01
    3.4753103049e+03    6.0644580381e+03   -1.0198845054e+05   -2.9971916120e-01   -2.9427913622e-01    1.1940993552e+00    4.9350479805e+01    4.9350479805e+01    9.8700959610e+01
    3.5075677903e+03    6.1207477359e+03   -1.0200678273e+05   -2.9087949556e-01   -1.7783218860e-01    9.3011151087e-01    4.9347258044e+01    4.9347258044e+01    9.8694516087e+01
    3.5400779102e+03    6.1774782839e+03   -1.0189279715e+05   -4.0885651021e-01   -2.4319333386e-01    1.1232507961e+00    4.9369675642e+01    4.9369675642e+01    9.8739351284e+01
    3.4877387506e+03    6.0861458244e+03   -1.0186250100e+05   -2.8045913916e-01   -2.2939522480e-01    8.4406338269e-01    4.9374716211e+01    4.9374716211e+01    9.8749432422e+01
    3.5292604676e+03    6.1586017170e+03   -1.0188605395e+05   -4.1793463784e-01   -2.6075179210e-01    9.0607282870e-01    4.9375149272e+01    4.9375149272e+01    9.8750298545e+01
    3.5537679560e+03    6.2013675774e+03   -1.0197642431e+05   -5.0176993047e-01   -3.2822367235e-01    7.3404748789e-01    4.9373210547e+01    4.9373210547e+01    9.8746421093e+01
    3.5055247593e+03    6.1171826224e+03   -1.0187898328e+05   -4.7486978361e-01   -5.2482065650e-01    8.0838403562e-01    4.9387656310e+01    4.9387656310e+01    9.8775312620e+01
    3.5373023583e+03    6.1726349125e+03   -1.0196358129e+05   -8.5545870156e-01   -6.4157112825e-01    8.8636654236e-01    4.9387849127e+01    4.9387849127e+01    9.8775698253e+01
    3.5495379716e+03    6.1939862040e+03   -1.0180599803e+05   -5.9464566023e-01   -6.4560066044e-01    7.5036934973e-01    4.9401564979e+01    4.9401564979e+01    9.8803129958e+01
    3.5626250053e+03    6.2168232343e+03   -1.0179195407e+05   -4.1481469182e-01   -4.8787171950e-01    7.7086228485e-01    4.9404401046e+01    4.9404401046e+01    9.8808802091e+01
    3.5258948416e+03    6.1527286595e+03   -1.0183469925e+05   -3.9708681391e-01   -5.7947023273e-01    7.5266660424e-01    4.9399533075e+01    4.9399533075e+01    9.8799066151e+01
    3.5286501860e+03    6.1575367684e+03   -1.0172385443e+05   -3.3529241911e-01   -3.6826725874e-01    6.9916372591e-01    4.9412402953e+01    4.9412402953e+01    9.8824805907e+01
    3.5334099321e+03    6.1658425823e+03   -1.0185472198e+05   -8.1404437786e-01   -7.3150908421e-01    3.3852278432e-01    4.9416460120e+01    4.9416460120e+01    9.8832920240e+01
    3.5930863228e+03    6.2699785976e+03   -1.0193909807e+05   -5.1906283909e-01   -6.0604790604e-01    6.7188473497e-01    4.9379907394e+01    4.9379907394e+01    9.8759814787e+01
    3.4937323993e+03    6.0966048131e+03   -1.0187201196e+05   -3.7206360998e-01   -3.3507012463e-01    6.9756414084e-01    4.9389036369e+01    4.9389036369e+01    9.8778072738e+01
    3.5202204848e+03    6.1428268389e+03   -1.0177277728e+05   -6.9931666657e-01   -3.0020625513e-01    7.9145014395e-01    4.9405887410e+01    4.9405887410e+01    9.8811774821e+01
    3.4775673365e+03    6.0683965853e+03   -1.0183771475e+05   -3.6656567469e-01   -4.7152653059e-01    5.1030270097e-01    4.9391976409e+01    4.9391976409e+01    9.8783952817e+01
    3.5159435800e+03    6.1353635890e+03   -1.0184702191e+05   -3.3720317548e-01   -1.3459164132e-01    9.6824689661e-01    4.9377103737e+01    4.9377103737e+01    9.8754207474e+01
    3.5044456730e+03    6.1152996037e+03   -1.0185527649e+05   -1.6733826950e-01   -3.5372298605e-01    8.7605804690e-01    4.9381169892e+01    4.9381169892e+01    9.8762339784e+01
    3.5351897272e+03    6.1689483459e+03   -1.0194749273e+05   -8.0245378638e-01   -6.2001946645e-01    8.1247813472e-01    4.9382882193e+01    4.9382882193e+01    9.8765764387e+01
    3.5076923157e+03    6.1209650342e+03   -1.0189831482e+05   -6.2410564883e-01   -5.6269818475e-01    7.5013252294e-01    4.9384236108e+01    4.9384236108e+01    9.8768472215e+01
    3.5077090116e+03    6.1209941686e+03   -1.0197321493e+05   -5.6215883288e-01   -4.7441042060e-01    7.2407659709e-01    4.9378607792e+01    4.9378607792e+01    9.8757215585e+01
    3.4996392035e+03    6.1069122571e+03   -1.0187361571e+05   -6.5097774127e-01   -6.2407240685e-01    6.7377721388e-01    4.9393231745e+01    4.9393231745e+01    9.8786463491e+01
    3.5405294508e+03    6.1782662275e+03   -1.0194492864e+05   -9.3012111331e-01   -9.5580334542e-01    4.8292942162e-01    4.9399359289e+01    4.9399359289e+01    9.8798718578e+01
    3.5029984106e+03    6.1127741136e+03   -1.0187284673e+05   -5.3214786114e-01   -3.7255059200e-01    8.0025450013e-01    4.9383578709e+01    4.9383578709e+01    9.8767157418e+01
    3.5804174968e+03    6.2478713447e+03   -1.0204768075e+05   -5.8608066516e-01   -4.5086949834e-01    8.2113793180e-01    4.9358535991e+01    4.9358535991e+01    9.8717071983e+01
    3.5502247079e+03    6.1951845670e+03   -1.0210612176e+05   -3.7831352558e-01   -2.7419496038e-01    9.2177539130e-01    4.9335600158e+01    4.9335600158e+01    9.8671200317e+01
    3.5582817846e+03    6.2092442623e+03   -1.0202882251e+05   -2.6518035361e-01   -1.1232736206e-01    1.1090418436e+00    4.9336421856e+01    4.9336421856e+01    9.8672843711e+01
    3.5500648374e+03    6.1949055913e+03   -1.0201784762e+05   -3.5785895394e-02   -1.8706967809e-01    1.0962247885e+00    4.9339441817e+01    4.9339441817e+01    9.8678883635e+01
    3.5217127644e+03    6.1454308847e+03   -1.0212331878e+05   -1.2638684312e-01   -2.2141208854e-01    1.0940298414e+00    4.9327312851e+01    4.9327312851e+01    9.8654625702e+01
    3.5343807210e+03    6.1675366206e+03   -1.0214991290e+05   -4.4543140769e-01   -6.1001776617e-01    5.9497216415e-01    4.9343787218e+01    4.9343787218e+01    9.8687574437e+01
    3.5302112747e+03    6.1602608869e+03   -1.0209900132e+05   -8.5926567840e-01   -6.2596200717e-01    5.6305762884e-01    4.9367349820e+01    4.9367349820e+01    9.8734699640e+01
    3.5048846129e+03    6.1160655592e+03   -1.0216644346e+05   -6.1962566973e-01   -5.2632054445e-01    7.7190805969e-01    4.9342574051e+01    4.9342574051e+01    9.8685148103e+01
    3.5403528822e+03    6.1779581132e+03   -1.0221147029e+05   -5.0523814474e-01   -5.2259047905e-01    6.8004705818e-01    4.9331794681e+01    4.9331794681e+01    9.8663589361e+01
    3.5237488606e+03    6.1489838970e+03   -1.0216607575e+05   -7.7517661768e-01   -4.9244707532e-01    7.3563392539e-01    4.9343969486e+01    4.9343969486e+01    9.8687938972e+01
    3.4947835112e+03    6.0984390158e+03   -1.0214070067e+05   -2.6312947572e-01   -2.3167038554e-01    7.6696905660e-01    4.9335972103e+01    4.9335972103e+01    9.8671944205e+01
    3.5161559705e+03    6.1357342129e+03   -1.0220087500e+05   -3.1563671683e-01   -1.7200394159e-01    9.5925268304e-01    4.9320991327e+01    4.9320991327e+01    9.8641982655e+01
    3.5239418178e+03    6.1493206097e+03   -1.0223076792e+05   -1.8567520113e-01   -1.1244749593e-01    1.2175830622e+00    4.9306726667e+01    4.9306726667e+01    9.8613453334e+01
    3.5386942469e+03    6.1750637747e+03   -1.0226645510e+05   -2.8324290617e-01   -2.0030992371e-01    1.1082083390e+00    4.9303710391e+01    4.9303710391e+01    9.8607420783e+01
    3.5312840492e+03    6.1621328911e+03   -1.0224170942e+05   -2.9692499514e-01   -2.6698176820e-01    1.0199013572e+00    4.9314280587e+01    4.9314280587e+01    9.8628561173e+01
    3.5728389616e+03    6.2346467102e+03   -1.0220378351e+05   -6.7228621845e-01   -6.1330313223e-01    7.1138539945e-01    4.9341643275e+01    4.9341643275e+01    9.8683286550e+01
    3.5417784983e+03    6.1804458304e+03   -1.0224722377e+05   -7.1991756368e-01   -8.5790761989e-01    4.9092674154e-01    4.9347388072e+01    4.9347388072e+01    9.8694776144e+01
    3.5469460004e+03    6.1894631833e+03   -1.0210336636e+05   -6.9428847685e-01   -4.7918919835e-01    6.8401362878e-01    4.9356392376e+01    4.9356392376e+01    9.8712784753e+01
    3.4793015883e+03    6.0714228754e+03   -1.0221086195e+05   -2.8953496262e-01   -1.4783229899e-01    1.0266444856e+00    4.9316015516e+01    4.9316015516e+01    9.8632031032e+01
    3.4901243337e+03    6.0903086954e+03   -1.0233312817e+05   -3.6920770953e-01   -1.6526462381e-01    9.7985772584e-01    4.9297567390e+01    4.9297567390e+01    9.8595134781e+01
    3.4943606641e+03    6.0977011427e+03   -1.0228972254e+05   -3.1641867603e-01   -9.0873874777e-02    1.0314985833e+00    4.9299481796e+01    4.9299481796e+01    9.8598963593e+01
    3.5095244366e+03    6.1241621071e+03   -1.0227915419e+05   -3.6970648434e-01   -2.7330256333e-01    8.9094595432e-01    4.9316486890e+01    4.9316486890e+01    9.8632973779e+01
    3.5026235432e+03    6.1121199656e+03   -1.0230409035e+05   -3.5544602680e-01   -4.4315139975e-01    7.7834772600e-01    4.9313491035e+01    4.9313491035e+01    9.8626982071e+01
    3.5357350420e+03    6.1698999269e+03   -1.0242774245e+05   -2.1999077108e-01   -5.6594922953e-01    1.1041110789e+00    4.9288406150e+01    4.9288406150e+01    9.8576812299e+01
    3.5972338569e+03    6.2772160943e+03   -1.0236499135e+05   -3.8687489011e-01   -1.2574096000e-01    8.4100999995e-01    4.9292326497e+01    4.9292326497e+01    9.8584652995e+01
    3.5049237188e+03    6.1161337995e+03   -1.0240025216e+05   -2.9704358974e-01   -3.4445809374e-01    9.7596877679e-01    4.9292536915e+01    4.9292536915e+01    9.8585073830e+01
    3.5661086213e+03    6.2229021858e+03   -1.0230754832e+05   -1.3711156529e-01   -3.6023838094e-01    1.0414294420e+00    4.9300403050e+01    4.9300403050e+01    9.8600806100e+01
    3.5347886240e+03    6.1682484161e+03   -1.0232512568e+05   -2.6183524776e-01   -1.3884080670e-01    1.3141418275e+00    4.9294811411e+01    4.9294811411e+01    9.8589622822e+01
    3.5506773934e+03    6.1959745088e+03   -1.0234908841e+05   -4.6587542717e-01   -3.7197039045e-01    1.0578676419e+00    4.9298696845e+01    4.9298696845e+01    9.8597393689e+01
    3.5298029072e+03    6.1595482806e+03   -1.0237882484e+05   -3.0481543877e-01   -2.7008831616e-01    9.8738056694e-01    4.9288144617e+01    4.9288144617e+01    9.8576289234e+01
    3.5396089309e+03    6.1766599092e+03   -1.0243736220e+05   -6.1958694135e-01   -7.1331392650e-01    5.4573293587e-01    4.9312483227e+01    4.9312483227e+01    9.8624966453e+01
    3.5173794982e+03    6.1378692835e+03   -1.0237397549e+05   -2.8012626425e-01   -4.8746363631e-01    9.6133614698e-01    4.9301959507e+01    4.9301959507e+01    9.8603919015e+01
    3.5333041728e+03    6.1656580310e+03   -1.0235904325e+05   -5.0429680823e-01   -3.5250294573e-01    7.5174774617e-01    4.9304132518e+01    4.9304132518e+01    9.8608265035e+01
    3.5160717586e+03    6.1355872622e+03   -1.0238434858e+05   -2.2193444284e-01   -3.5801324771e-01    9.3023051071e-01    4.9292468192e+01    4.9292468192e+01    9.8584936384e+01
    3.4925192502e+03    6.0944878533e+03   -1.0242082212e+05   -3.3289173503e-01   -2.2385237615e-01    6.7151273875e-01    4.9287158974e+01    4.9287158974e+01    9.8574317947e+01
    3.5374568104e+03    6.1729044333e+03   -1.0250198485e+05   -4.6501126684e-01   -4.6725142308e-01    7.1403633797e-01    4.9289197205e+01    4.9289197205e+01    9.8578394410e+01
    3.5114527990e+03    6.1275271225e+03   -1.0241083931e+05   -5.9524932810e-01   -5.4624973563e-01    6.1062603297e-01    4.9305079705e+01    4.9305079705e+01    9.8610159410e+01
    3.5123693413e+03    6.1291264998e+03   -1.0240958597e+05   -4.3238270911e-01   -4.6021381433e-01    7.9285504954e-01    4.9297538209e+01    4.9297538209e+01    9.8595076418e+01
    3.5077700099e+03    6.1211006115e+03   -1.0243613274e+05   -5.0950458684e-01   -3.0984734386e-01    1.0447398105e+00    4.9291579060e+01    4.9291579060e+01    9.8583158120e+01
    3.4990852269e+03    6.1059455612e+03   -1.0240752527e+05   -3.2679303718e-01   -2.5466517210e-01    9.9030699454e-01    4.9287159827e+01    4.9287159827e+01    9.8574319655e+01
    3.5226053410e+03    6.1469884417e+03   -1.0236538159e+05   -5.8938677004e-02   -2.1349350555e-01    9.8291152167e-01    4.9286794529e+01    4.9286794529e+01    9.8573589059e+01
    3.5620616485e+03    6.2158401700e+03   -1.0243076482e+05   -2.6705129313e-01   -7.2409930537e-02    1.1096740439e+00    4.9279901305e+01    4.9279901305e+01    9.8559802610e+01
    3.5346343771e+03    6.1679792534e+03   -1.0237504466e+05   -3.0631597360e-01   -2.3290942469e-01    9.1774310532e-01    4.9290929769e+01    4.9290929769e+01    9.8581859538e+01
    3.5098553831e+03    6.1247396125e+03   -1.0234600708e+05   -2.0972804219e-01   -2.7797408353e-01    1.0741908307e+00    4.9294203751e+01    4.9294203751e+01    9.8588407502e+01
    3.5304572280e+03    6.1606900784e+03   -1.0229125619e+05   -1.3276232927e-01   -3.3788360953e-01    9.6925974579e-01    4.9303090944e+01    4.9303090944e+01    9.8606181889e+01
    3.5164760862e+03    6.1362928186e+03   -1.0235009781e+05   -4.2717804175e-01   -2.0529913459e-01    6.8630751338e-01    4.9303096265e+01    4.9303096265e+01    9.8606192529e+01
    3.5251271304e+03    6.1513889943e+03   -1.0231671515e+05   -3.5458321731e-01   -3.3262586323e-01    8.1977205129e-01    4.9306662914e+01    4.9306662914e+01    9.8613325827e+01
    3.5619759214e+03    6.2156905751e+03   -1.0222448421e+05   -2.4745054751e-01   -2.0777024767e-01    9.2204960166e-01    4.9312906945e+01    4.9312906945e+01    9.8625813890e+01
    3.5521940557e+03    6.1986211026e+03   -1.0244176969e+05   -5.9504995472e-01   -6.2978277012e-01    7.9786066883e-01    4.9300297006e+01    4.9300297006e+01    9.8600594012e+01
    3.5274571231e+03    6.1554548593e+03   -1.0236635580e+05   -6.2117422869e-01   -5.1622125367e-01    5.7876118261e-01    4.9317393405e+01    4.9317393405e+01    9.8634786809e+01
    3.4714682918e+03    6.0577536793e+03   -1.0233484515e+05   -6.2290430777e-01   -4.6033305885e-01    7.2545790469e-01    4.9313803546e+01    4.9313803546e+01    9.8627607092e+01
    3.5217836166e+03    6.1455545227e+03   -1.0230372097e+05   -5.0059231636e-01   -8.5893777369e-01    7.1022859922e-01    4.9324387684e+01    4.9324387684e+01    9.8648775368e+01
    3.5674598176e+03    6.2252600396e+03   -1.0229656018e+05   -8.2487089990e-01   -6.7669617670e-01    5.2254604083e-01    4.9333318522e+01    4.9333318522e+01    9.8666637045e+01
    3.4667607369e+03    6.0495389398e+03   -1.0237489895e+05   -5.9858079491e-01   -5.5655095786e-01    5.7271788789e-01    4.9311237142e+01    4.9311237142e+01    9.8622474283e+01
    3.5128197047e+03    6.1299123892e+03   -1.0232960833e+05   -4.1980374213e-01   -5.2569269939e-01    6.3746229150e-01    4.9314362485e+01    4.9314362485e+01    9.8628724970e+01
    3.5569865747e+03    6.2069841055e+03   -1.0233193827e+05   -5.5707876918e-01   -5.2036314487e-01    6.2456483413e-01    4.9317186083e+01    4.9317186083e+01    9.8634372167e+01
    3.4767352903e+03    6.0669446547e+03   -1.0245233560e+05   -3.4556692979e-01   -2.3873169504e-01    5.8335561832e-01    4.9288854756e+01    4.9288854756e+01    9.8577709513e+01
    3.5050451966e+03    6.1163457796e+03   -1.0246415704e+05   -3.3340722760e-01   -2.8514603098e-01    1.0975203319e+00    4.9280031694e+01    4.9280031694e+01    9.8560063388e+01
    3.5425455746e+03    6.1817843877e+03   -1.0246607085e+05   -7.1679345718e-02   -2.4284220153e-01    1.3189629985e+00    4.9272436954e+01    4.9272436954e+01    9.8544873907e+01
    3.5694479955e+03    6.2287294339e+03   -1.0247942136e+05   -4.6549722131e-01   -2.5769925088e-01    9.6120624399e-01    4.9285440937e+01    4.9285440937e+01    9.8570881875e+01
    3.5427380665e+03    6.1821202882e+03   -1.0241829546e+05   -3.0887526827e-01   -2.4861926069e-01    8.8113533458e-01    4.9287192296e+01    4.9287192296e+01    9.8574384593e+01
    3.5326032374e+03    6.1644348904e+03   -1.0245498521e+05   -4.0058179294e-01   -5.9851581933e-01    8.2501772437e-01    4.9291126193e+01    4.9291126193e+01    9.8582252386e+01
    3.5381643864e+03    6.1741391619e+03   -1.0236999794e+05   -4.4089469858e-01   -2.6747050378e-01    1.1820205524e+00    4.9290697969e+01    4.9290697969e+01    9.8581395937e+01
    3.5235333444e+03    6.1486078187e+03   -1.0253178118e+05   -3.1222994272e-01   -3.4100651204e-01    9.4619598331e-01    4.9274283684e+01    4.9274283684e+01    9.8548567368e+01
    3.4840485356e+03    6.0797063551e+03   -1.0251593187e+05   -4.6192010366e-01   -3.6643121845e-01    9.2099878365e-01    4.9280891703e+01    4.9280891703e+01    9.8561783406e+01
    3.5740335416e+03    6.2367312666e+03   -1.0258270838e+05   -2.8249319276e-01   -4.8345453840e-01    7.7690462821e-01    4.9273902772e+01    4.9273902772e+01    9.8547805543e+01
    3.5289466972e+03    6.1580541840e+03   -1.0255371895e+05   -5.0868077275e-01   -3.4256813536e-01    9.8158792466e-01    4.9273258950e+01    4.9273258950e+01    9.8546517900e+01
    3.5067296674e+03    6.1192852014e+03   -1.0254272180e+05    4.3960544548e-03   -1.5354259224e-01    1.1561028078e+00    4.9257638581e+01    4.9257638581e+01    9.8515277162e+01
    3.4983429266e+03    6.1046502384e+03   -1.0247869977e+05   -5.3372629104e-01   -3.6444388894e-01    7.3053084908e-01    4.9286911176e+01    4.9286911176e+01    9.8573822352e+01
    3.5115113166e+03    6.1276292364e+03   -1.0252842170e+05   -4.7224842506e-01   -4.3803089075e-01    6.8725274426e-01    4.9283968716e+01    4.9283968716e+01    9.8567937433e+01
    3.5046275138e+03    6.1156169182e+03   -1.0255549051e+05   -3.9245226150e-01   -4.0232192852e-01    9.8321742303e-01    4.9268425897e+01    4.9268425897e+01    9.8536851794e+01
    3.5027533998e+03    6.1123465669e+03   -1.0253396306e+05   -3.5468233291e-01   -2.6608260867e-01    1.0663300450e+00    4.9271343334e+01    4.9271343334e+01    9.8542686668e+01
    3.5187339620e+03    6.1402328390e+03   -1.0260658732e+05   -3.5631814669e-01   -2.6348920308e-01    9.2630791131e-01    4.9260771135e+01    4.9260771135e+01    9.8521542271e+01
    3.5324455382e+03    6.1641597033e+03   -1.0251916504e+05   -3.7366087433e-01   -3.1475351331e-01    9.4247092680e-01    4.9269206229e+01    4.9269206229e+01    9.8538412458e+01
    3.5671352256e+03    6.2246936227e+03   -1.0254766134e+05   -2.7408751152e-01   -2.4705726559e-01    1.0920936452e+00    4.9265120853e+01    4.9265120853e+01    9.8530241707e+01
    3.5267434435e+03    6.1542094800e+03   -1.0264943310e+05   -6.0794997936e-01   -4.1442356787e-01    8.7966994030e-01    4.9260579597e+01    4.9260579597e+01    9.8521159194e+01
    3.5012077172e+03    6.1096493323e+03   -1.0255945128e+05    2.3267329325e-03   -3.1953722078e-02    1.4542657730e+00    4.9243212681e+01    4.9243212681e+01    9.8486425363e+01
    3.5464577732e+03    6.1886112209e+03   -1.0253474353e+05   -3.6327054788e-01   -3.9801132521e-01    1.0140081548e+00    4.9270238267e+01    4.9270238267e+01    9.8540476534e+01
    3.4921052793e+03    6.0937654692e+03   -1.0252963192e+05   -2.3561212548e-01   -1.3520878710e-01    1.0176917417e+00    4.9258993466e+01    4.9258993466e+01    9.8517986932e+01
    3.5607565959e+03    6.2135628376e+03   -1.0251768173e+05   -2.9801679733e-01   -2.2566154100e-01    9.5316034940e-01    4.9273994173e+01    4.9273994173e+01    9.8547988346e+01
    3.5296603422e+03    6.1592995030e+03   -1.0257741114e+05   -5.4019771907e-01   -4.3732042223e-01    7.8797320334e-01    4.9277101281e+01    4.9277101281e+01    9.8554202561e+01
    3.5166945131e+03    6.1366739762e+03   -1.0247512129e+05   -3.3688970321e-01   -4.1743760631e-01    9.4071924959e-01    4.9281054023e+01    4.9281054023e+01    9.8562108045e+01
    3.5023543788e+03    6.1116502704e+03   -1.0259213408e+05   -5.5460844956e-01   -4.3522845717e-01    6.7809747740e-01    4.9272533022e+01    4.9272533022e+01    9.8545066045e+01
    3.5344856613e+03    6.1677197426e+03   -1.0256618874e+05   -1.5401061753e-01   -7.1224318969e-02    8.3976288585e-01    4.9252234368e+01    4.9252234368e+01    9.8504468736e+01
    3.5220731278e+03    6.1460597232e+03   -1.0251431213e+05   -3.2547607126e-01   -4.3901989248e-01    9.7022391815e-01    4.9276760066e+01    4.9276760066e+01    9.8553520132e+01
    3.5421408394e+03    6.1810781200e+03   -1.0248354601e+05   -4.8541858049e-01   -4.2451503842e-01    9.2948244094e-01    4.9286622171e+01    4.9286622171e+01    9.8573244342e+01
    3.4980441142e+03    6.1041288072e+03   -1.0251806066e+05   -3.5363614699e-01   -5.9016673628e-01    7.6721954443e-01    4.9284017894e+01    4.9284017894e+01    9.8568035787e+01
    3.5448800367e+03    6.1858580520e+03   -1.0257967769e+05   -3.8665265313e-01   -4.9088210896e-01    1.0633433073e+00    4.9268490545e+01    4.9268490545e+01    9.8536981091e+01
    3.5172642711e+03    6.1376682108e+03   -1.0256544759e+05   -4.6545422848e-01   -6.5201244239e-01    5.9737179978e-01    4.9280223178e+01    4.9280223178e+01    9.8560446356e+01
    3.5584877598e+03    6.2096036914e+03   -1.0254773102e+05   -5.6187615508e-01   -6.4463096895e-01    7.3587988198e-01    4.9283102222e+01    4.9283102222e+01    9.8566204444e+01
    3.5654944336e+03    6.2218304211e+03   -1.0262260584e+05   -4.0504283532e-01   -3.8474551828e-01    9.1642406681e-01    4.9265695106e+01    4.9265695106e+01    9.8531390211e+01
    3.5192413046e+03    6.1411181579e+03   -1.0262945771e+05   -8.4788602513e-01   -9.1895097675e-01    3.5380252095e-01    4.9290641147e+01    4.9290641147e+01    9.8581282295e+01
    3.4862232349e+03    6.0835012315e+03   -1.0263601891e+05   -4.6648267059e-01   -3.2329574185e-01    9.1932949607e-01    4.9258540612e+01    4.9258540612e+01    9.8517081225e+01
    3.5274468508e+03    6.1554369342e+03   -1.0256843161e+05   -4.6738264057e-01   -4.1204441881e-01    9.0961584990e-01    4.9273344102e+01    4.9273344102e+01    9.8546688204e+01
    3.5551550754e+03    6.2037881173e+03   -1.0273834806e+05   -4.9454992282e-01   -4.2841783395e-01    1.0171799288e+00    4.9246933143e+01    4.9246933143e+01    9.8493866287e+01
    3.4864647090e+03    6.0839226067e+03   -1.0272267159e+05   -1.1200929292e-01   -2.3168350587e-01    1.0634982228e+00    4.9234132763e+01    4.9234132763e+01    9.8468265527e+01
    3.5730144604e+03    6.2349529578e+03   -1.0272495124e+05   -5.4426108886e-01   -3.8851802082e-01    7.7272482034e-01    4.9257333664e+01    4.9257333664e+01    9.8514667327e+01
    3.5215359996e+03    6.1451224280e+03   -1.0254640399e+05   -4.8891644710e-01   -4.0762653157e-01    7.5720884117e-01    4.9276739609e+01    4.9276739609e+01    9.8553479219e+01
    3.5323973602e+03    6.1640756322e+03   -1.0261967194e+05   -8.9894250307e-01   -7.9948341864e-01    4.6044003257e-01    4.9289029625e+01    4.9289029625e+01    9.8578059251e+01
    3.5485977251e+03    6.1923454626e+03   -1.0260124442e+05   -5.9647836473e-01   -4.9632623993e-01    7.8303963170e-01    4.9279221612e+01    4.9279221612e+01    9.8558443224e+01
    3.5228713684e+03    6.1474526625e+03   -1.0262869322e+05   -6.5332784677e-01   -8.1136849624e-01    4.1009129096e-01    4.9284675874e+01    4.9284675874e+01    9.8569351747e+01
    3.5167816737e+03    6.1368260725e+03   -1.0262170599e+05   -6.7929497687e-01   -7.3296357858e-01    2.4426940134e-01    4.9285968692e+01    4.9285968692e+01    9.8571937384e+01
    3.5393668002e+03    6.1762373884e+03   -1.0272348001e+05   -9.5674198197e-01   -9.5532607832e-01    2.8194797931e-01    4.9276842543e+01    4.9276842543e+01    9.8553685087e+01
    3.5653392342e+03    6.2215595963e+03   -1.0275959716e+05   -9.4192668511e-01   -9.5309997073e-01    8.0775073006e-02    4.9277762255e+01    4.9277762255e+01    9.8555524510e+01
    3.5382317310e+03    6.1742566790e+03   -1.0276835558e+05   -9.5198269337e-01   -8.7961570782e-01    4.2633138078e-01    4.9266602963e+01    4.9266602963e+01    9.8533205926e+01
    3.5625801235e+03    6.2167449150e+03   -1.0270025102e+05   -6.1771275160e-01   -5.3313792300e-01    8.3029665856e-01    4.9252859454e+01    4.9252859454e+01    9.8505718907e+01
    3.5116052647e+03    6.1277931768e+03   -1.0273985871e+05   -5.7111924265e-01   -6.3041722361e-01    5.7614793381e-01    4.9255093525e+01    4.9255093525e+01    9.8510187050e+01
    3.4946013334e+03    6.0981211135e+03   -1.0289088748e+05   -3.7538338448e-01   -5.8347573025e-01    8.2205743170e-01    4.9225474659e+01    4.9225474659e+01    9.8450949319e+01
    3.5277025084e+03    6.1558830596e+03   -1.0269072466e+05   -2.8397675091e-01   -2.6245754509e-01    8.6186451028e-01    4.9247001770e+01    4.9247001770e+01    9.8494003540e+01
    3.5234433123e+03    6.1484507115e+03   -1.0267138801e+05   -6.4556874552e-01   -6.3437093458e-01    6.2688634906e-01    4.9263364195e+01    4.9263364195e+01    9.8526728389e+01
    3.5211573326e+03    6.1444616496e+03   -1.0272720520e+05   -5.0774173533e-01   -2.5842424279e-01    8.3399589634e-01    4.9243367543e+01    4.9243367543e+01    9.8486735086e+01
    3.5242136177e+03    6.1497949036e+03   -1.0263221756e+05   -4.4804094340e-01   -3.6961887666e-01    6.3782832689e-01    4.9263287547e+01    4.9263287547e+01    9.8526575093e+01
    3.5111045373e+03    6.1269194016e+03   -1.0276847819e+05   -6.7165462351e-01   -7.7235247369e-01    5.2185611808e-01    4.9259826629e+01    4.9259826629e+01    9.8519653258e+01
    3.5570952184e+03    6.2071736900e+03   -1.0282003249e+05   -5.5877667266e-01   -8.8663767878e-01    4.6300024402e-01    4.9251639868e+01    4.9251639868e+01    9.8503279737e+01
    3.4522714003e+03    6.0242548741e+03   -1.0282221694e+05   -7.2856854595e-01   -8.5631273616e-01    5.3927092391e-01    4.9249272189e+01    4.9249272189e+01    9.8498544378e+01
    3.5342754329e+03    6.1673528915e+03   -1.0263636994e+05   -7.0784176136e-01   -6.8210835899e-01    5.6159945741e-01    4.9276174204e+01    4.9276174204e+01    9.8552348408e+01
    3.5138221043e+03    6.1316615885e+03   -1.0267303892e+05   -7.9226074553e-01   -7.4637943593e-01    2.2267501257e-01    4.9273957576e+01    4.9273957576e+01    9.8547915152e+01
    3.5257058404e+03    6.1523988502e+03   -1.0273078639e+05   -5.9138554209e-01   -7.6180877186e-01    7.2773643168e-01    4.9257314166e+01    4.9257314166e+01    9.8514628332e+01
    3.5301768927e+03    6.1602008899e+03   -1.0283353369e+05   -8.4272807824e-01   -7.8426449154e-01    2.5988974763e-01    4.9255499154e+01    4.9255499154e+01    9.8510998309e+01
    3.4838544507e+03    6.0793676747e+03   -1.0279314846e+05   -2.7486977898e-01   -3.6382536552e-01    7.5964928391e-01    4.9231320702e+01    4.9231320702e+01    9.8462641404e+01
    3.5707046648e+03    6.2309223368e+03   -1.0279922840e+05   -4.9298288173e-01   -3.3839374392e-01    7.0638629522e-01    4.9237923605e+01    4.9237923605e+01    9.8475847209e+01
    3.5404684605e+03    6.1781597988e+03   -1.0269854760e+05   -5.3046964781e-01   -3.8208218032e-01    5.0512407364e-01    4.9254765544e+01    4.9254765544e+01    9.8509531089e+01
    3.5446326796e+03    6.1854264108e+03   -1.0273748131e+05   -4.3110217087e-01   -3.5908337618e-01    9.7626953789e-01    4.9239231379e+01    4.9239231379e+01    9.8478462758e+01
    3.5066635834e+03    6.1191698839e+03   -1.0287381607e+05   -4.0483025357e-01   -2.9795629928e-01    8.5288181232e-01    4.9217701271e+01    4.9217701271e+01    9.8435402542e+01
    3.5174061413e+03    6.1379157759e+03   -1.0278790350e+05    2.4870396081e-02    8.5855066239e-02    1.1707138926e+00    4.9201981389e+01    4.9201981389e+01    9.8403962778e+01
    3.5202620220e+03    6.1428993220e+03   -1.0276702620e+05   -2.5629929544e-02    6.9782080364e-02    1.3554867388e+00    4.9208111717e+01    4.9208111717e+01    9.8416223434e+01
    3.5404517796e+03    6.1781306904e+03   -1.0285792108e+05   -4.8926333570e-01   -1.5129919984e-01    8.2423786695e-01    4.9217153735e+01    4.9217153735e+01    9.8434307470e+01
    3.5230483526e+03    6.1477615021e+03   -1.0281208154e+05   -3.5549363745e-01   -4.5941591113e-01    6.4688886203e-01    4.9235116262e+01    4.9235116262e+01    9.8470232524e+01
    3.5137529637e+03    6.1315409373e+03   -1.0277158099e+05   -4.9105825196e-01   -4.4558805882e-01    6.6622941210e-01    4.9235674140e+01    4.9235674140e+01    9.8471348280e+01
    3.5603733107e+03    6.2128940004e+03   -1.0293190480e+05   -2.4745874507e-01   -2.1400867398e-01    1.0334295163e+00    4.9203541276e+01    4.9203541276e+01    9.8407082552e+01
    3.5401311295e+03    6.1775711521e+03   -1.0297506369e+05   -8.5968650181e-02   -2.4760209580e-01    1.0584824246e+00    4.9191091904e+01    4.9191091904e+01    9.8382183808e+01
    3.5512156116e+03    6.1969137058e+03   -1.0300206848e+05   -2.2456629310e-01    5.5371623649e-02    8.9449959735e-01    4.9187491024e+01    4.9187491024e+01    9.8374982049e+01
    3.5241712047e+03    6.1497208924e+03   -1.0297307128e+05   -5.6330687943e-01   -4.5766020337e-01    6.2425936636e-01    4.9215956075e+01    4.9215956075e+01    9.8431912149e+01
    3.5157903961e+03    6.1350962813e+03   -1.0292094395e+05   -1.6936571477e-01   -2.7566111922e-01    1.0087835863e+00    4.9201051560e+01    4.9201051560e+01    9.8402103121e+01
    3.5297627223e+03    6.1594781575e+03   -1.0287300884e+05   -1.5684013513e-01   -1.7549498390e-01    7.8635653826e-01    4.9207588327e+01    4.9207588327e+01    9.8415176654e+01
    3.5709152631e+03    6.2312898334e+03   -1.0300105242e+05   -1.9418171917e-01   -3.6302520572e-01    9.3004523320e-01    4.9193655779e+01    4.9193655779e+01    9.8387311558e+01
    3.5529126744e+03    6.1998751008e+03   -1.0291516350e+05   -2.5384206174e-01   -2.7974328610e-01    7.9624079549e-01    4.9208603930e+01    4.9208603930e+01    9.8417207861e+01
    3.5441470323e+03    6.1845789504e+03   -1.0289189740e+05   -5.0147599135e-01   -6.7199579717e-01    6.3646237193e-01    4.9222473874e+01    4.9222473874e+01    9.8444947749e+01
    3.5199106332e+03    6.1422861443e+03   -1.0295066710e+05   -4.1338817532e-01   -4.8190711509e-01    7.9070249598e-01    4.9215502143e+01    4.9215502143e+01    9.8431004285e+01
    3.4993549812e+03    6.1064162857e+03   -1.0300492363e+05   -6.5650916072e-01   -6.8899871782e-01    3.5592228052e-01    4.9218349346e+01    4.9218349346e+01    9.8436698692e+01
    3.5563132302e+03    6.2058091112e+03   -1.0305778067e+05   -8.1029749666e-01   -6.3228166359e-01    4.8842161294e-01    4.9209288800e+01    4.9209288800e+01    9.8418577600e+01
    3.5089832781e+03    6.1232177789e+03   -1.0302980629e+05   -3.3254021338e-01   -2.4225018680e-01    9.4329479886e-01    4.9186165182e+01    4.9186165182e+01    9.8372330363e+01
    3.4986255158e+03    6.1051433598e+03   -1.0302063081e+05   -3.4649726879e-01   -4.2430407088e-01    7.0328881943e-01    4.9197692109e+01    4.9197692109e+01    9.8395384218e+01
    3.4829217028e+03    6.0777400184e+03   -1.0309651964e+05    1.2314462506e-01   -1.1238061440e-01    1.0960208754e+00    4.9161879213e+01    4.9161879213e+01    9.8323758426e+01
    3.5078129557e+03    6.1211755524e+03   -1.0311484362e+05   -2.1137955621e-01   -2.6952324731e-01    1.0694913455e+00    4.9166607578e+01    4.9166607578e+01    9.8333215157e+01
    3.5310878413e+03    6.1617905061e+03   -1.0315360505e+05   -4.4639693949e-02   -5.6757589492e-02    1.2584043738e+00    4.9151582198e+01    4.9151582198e+01    9.8303164395e+01
    3.5312220907e+03    6.1620247729e+03   -1.0311139331e+05   -3.8228770963e-01   -2.0479026540e-01    8.6211901912e-01    4.9177516388e+01    4.9177516388e+01    9.8355032776e+01
    3.5536800309e+03    6.2012141470e+03   -1.0303038366e+05   -3.2964131165e-01   -1.9545651866e-01    1.0210464086e+00    4.9184277268e+01    4.9184277268e+01    9.8368554537e+01
    3.5219485963e+03    6.1458424142e+03   -1.0311282721e+05   -1.7422302087e-01   -2.6763004756e-01    8.8981964115e-01    4.9170177336e+01    4.9170177336e+01    9.8340354673e+01
    3.5294195624e+03    6.1588793394e+03   -1.0302938723e+05   -3.3484232220e-01   -4.1727892140e-02    9.9169579045e-01    4.9182172388e+01    4.9182172388e+01    9.8364344777e+01
    3.5479740182e+03    6.1912570866e+03   -1.0309689166e+05   -2.6229985729e-01   -2.3782731684e-01    8.9878054281e-01    4.9177234515e+01    4.9177234515e+01    9.8354469029e+01
    3.5610281528e+03    6.2140367076e+03   -1.0322175979e+05   -4.1235798867e-01   -2.8738580390e-01    6.1742321435e-01    4.9161169867e+01    4.9161169867e+01    9.8322339733e+01
    3.5613494999e+03    6.2145974622e+03   -1.0321256931e+05   -1.1209801146e-01   -2.5540228134e-01    7.9996249850e-01    4.9152193119e+01    4.9152193119e+01    9.8304386238e+01
    3.4909513440e+03    6.0917518384e+03   -1.0321335020e+05   -3.2576473243e-01   -3.0459420850e-01    8.2560187961e-01    4.9165058135e+01    4.9165058135e+01    9.8330116270e+01
    3.5271729527e+03    6.1549589786e+03   -1.0312136292e+05   -3.5840168346e-01   -6.3158957216e-01    5.4787255273e-01    4.9186683372e+01    4.9186683372e+01    9.8373366743e+01
    3.5356523208e+03    6.1697555774e+03   -1.0314797829e+05   -3.0442033931e-01   -4.6450121445e-01    6.9372440940e-01    4.9179072138e+01    4.9179072138e+01    9.8358144275e+01
    3.5388509679e+03    6.1753372549e+03   -1.0323335690e+05   -2.0475165186e-01   -2.4823561052e-01    8.5412677410e-01    4.9152330570e+01    4.9152330570e+01    9.8304661139e+01
    3.4905593174e+03    6.0910677472e+03   -1.0335677541e+05    4.8489592068e-02    5.8794997190e-02    1.1904428801e+00    4.9116129092e+01    4.9116129092e+01    9.8232258184e+01
    3.5122515186e+03    6.1289208978e+03   -1.0318466935e+05   -5.1854438102e-02   -2.3681232275e-02    1.3961225118e+00    4.9139778773e+01    4.9139778773e+01    9.8279557546e+01
    3.5515994210e+03    6.1975834579e+03   -1.0317397544e+05    6.9654006827e-02   -1.9477702567e-01    8.3475593797e-01    4.9153876810e+01    4.9153876810e+01    9.8307753620e+01
    3.4772345041e+03    6.0678157887e+03   -1.0324249474e+05   -5.8679426177e-02   -6.2330706292e-02    1.0741137853e+00    4.9138706905e+01    4.9138706905e+01    9.8277413811e+01
    3.5242883336e+03    6.1499252838e+03   -1.0321005403e+05   -2.0488597926e-01   -1.8677510506e-01    1.0145794771e+00    4.9148731655e+01    4.9148731655e+01    9.8297463309e+01
    3.5073252034e+03    6.1203244188e+03   -1.0322393299e+05   -4.2033970893e-01   -4.1276596126e-01    6.9113154698e-01    4.9166561398e+01    4.9166561398e+01    9.8333122796e+01
    3.4933674930e+03    6.0959680473e+03   -1.0323783166e+05   -3.9242770850e-01   -4.0968674673e-01    7.1142729056e-01    4.9158095773e+01    4.9158095773e+01    9.8316191547e+01
    3.5273116942e+03    6.1552010843e+03   -1.0324564628e+05   -5.0850769259e-01   -4.4508866786e-01    4.9971414741e-01    4.9163193758e+01    4.9163193758e+01    9.8326387516e+01
    3.5381342928e+03    6.1740866482e+03   -1.0322269476e+05    1.0513554409e-01   -1.2748045647e-01    1.0259171153e+00    4.9139854080e+01    4.9139854080e+01    9.8279708160e+01
    3.5032644916e+03    6.1132384281e+03   -1.0334554079e+05   -1.3952996625e-01   -9.5573434314e-02    9.0844052609e-01    4.9131244200e+01    4.9131244200e+01    9.8262488401e+01
    3.5439672466e+03    6.1842652222e+03   -1.0340800482e+05   -1.2106440174e-01   -1.5656153689e-01    9.3323643271e-01    4.9119672475e+01    4.9119672475e+01    9.8239344949e+01
    3.5296710993e+03    6.1593182743e+03   -1.0359053278e+05   -6.7169920367e-01   -5.8187713788e-01    4.7387533471e-01    4.9124909612e+01    4.9124909612e+01    9.8249819224e+01
    3.5200862207e+03    6.1425925466e+03   -1.0347000457e+05   -2.6434338301e-01   -4.5260842114e-01    7.5988280848e-01    4.9121673771e+01    4.9121673771e+01    9.8243347542e+01
    3.5485396856e+03    6.1922441830e+03   -1.0348153732e+05   -4.4740071054e-01   -3.4539052716e-01    4.6581762569e-01    4.9124605564e+01    4.9124605564e+01    9.8249211129e+01
    3.5296439364e+03    6.1592708747e+03   -1.0351694047e+05   -5.4499844358e-01   -5.7313862412e-01    4.4418736298e-01    4.9128721496e+01    4.9128721496e+01    9.8257442992e+01
    3.5372855256e+03    6.1726055393e+03   -1.0346321726e+05   -6.6165651622e-01   -5.4664813461e-01    4.4450870068e-01    4.9138570589e+01    4.9138570589e+01    9.8277141179e+01
    3.5490225393e+03    6.1930867686e+03   -1.0357053157e+05   -5.2729314393e-01   -5.9387970051e-01    3.6118536153e-01    4.9126048404e+01    4.9126048404e+01    9.8252096807e+01
    3.5229998768e+03    6.1476769112e+03   -1.0351027669e+05   -6.7691916662e-01   -5.4526927553e-01    5.1474166071e-01    4.9124492392e+01    4.9124492392e+01    9.8248984783e+01
    3.5340602039e+03    6.1669773143e+03   -1.0344127896e+05   -2.1363557786e-01   -2.0829029415e-01    6.0972427152e-01    4.9123232978e+01    4.9123232978e+01    9.8246465956e+01
    3.5465603651e+03    6.1887902450e+03   -1.0344901272e+05   -3.2453457479e-01   -4.9161777249e-01    5.6730817967e-01    4.9126203156e+01    4.9126203156e+01    9.8252406311e+01
    3.5126657376e+03    6.1296437147e+03   -1.0352684407e+05   -4.8047702285e-01   -4.1419754502e-01    5.1333520769e-01    4.9121124207e+01    4.9121124207e+01    9.8242248415e+01
    3.5416594680e+03    6.1802381211e+03   -1.0361571582e+05   -6.3061466736e-01   -7.1290819503e-01    4.3942840827e-01    4.9119193103e+01    4.9119193103e+01    9.8238386205e+01
    3.5350309465e+03    6.1686712718e+03   -1.0352867799e+05   -6.2315348083e-01   -5.4947575055e-01    3.9391671796e-01    4.9129819614e+01    4.9129819614e+01    9.8259639227e+01
    3.4813765333e+03    6.0750436791e+03   -1.0359758679e+05   -2.6360141697e-01   -3.5748214839e-01    8.9568668645e-01    4.9097077765e+01    4.9097077765e+01    9.8194155529e+01
    3.5541500513e+03    6.2020343383e+03   -1.0361039764e+05   -8.6882880047e-01   -6.0153235459e-01    3.2428104833e-01    4.9123295293e+01    4.9123295293e+01    9.8246590586e+01
    3.5288403180e+03    6.1578685510e+03   -1.0362248731e+05   -7.1856642446e-01   -8.4061378558e-01   -1.6470860141e-02    4.9129568289e+01    4.9129568289e+01    9.8259136577e+01
    3.5441012869e+03    6.1844991242e+03   -1.0362904107e+05   -5.9746879588e-01   -8.7508386641e-01    2.8397397840e-01    4.9124426018e+01    4.9124426018e+01    9.8248852035e+01
    3.5574329838e+03    6.2077630948e+03   -1.0357108070e+05   -8.5948360552e-01   -7.6907222264e-01    1.4552440811e-01    4.9132602522e+01    4.9132602522e+01    9.8265205043e+01
    3.5413428627e+03    6.1796856410e+03   -1.0371997523e+05   -8.0306832855e-01   -7.0058430728e-01    1.0372547820e-01    4.9109415494e+01    4.9109415494e+01    9.8218830987e+01
    3.5246226903e+03    6.1505087403e+03   -1.0376704475e+05   -2.7698655338e-01   -3.7963420515e-01    5.6593691445e-01    4.9075129229e+01    4.9075129229e+01    9.8150258458e+01
    3.5910569088e+03    6.2664372459e+03   -1.0389513965e+05   -3.7615851220e-01   -3.3806702906e-01    4.8100161617e-01    4.9059833068e+01    4.9059833068e+01    9.8119666137e+01
    3.4915930963e+03    6.0928717037e+03   -1.0395311944e+05   -4.3951318171e-01   -3.9899712596e-01    3.9395967364e-01    4.9054150541e+01    4.9054150541e+01    9.8108301082e+01
    3.5474864190e+03    6.1904062202e+03   -1.0376582654e+05    3.9175014359e-02   -3.0526742730e-01    6.8793890560e-01    4.9063050393e+01    4.9063050393e+01    9.8126100786e+01
    3.5605639968e+03    6.2132267498e+03   -1.0393717907e+05   -5.8194081038e-01   -2.9790613809e-01    5.3293209649e-01    4.9052527572e+01    4.9052527572e+01    9.8105055144e+01
    3.5311511774e+03    6.1619010283e+03   -1.0389255108e+05    3.0262782026e-02    1.1572078467e-01    9.5437342842e-01    4.9033950142e+01    4.9033950142e+01    9.8067900284e+01
    3.5147476393e+03    6.1332766581e+03   -1.0399256259e+05   -2.0250308092e-01   -7.7555698480e-02    6.0576193566e-01    4.9034225069e+01    4.9034225069e+01    9.8068450137e+01
    3.4778424331e+03    6.0688766320e+03   -1.0393277926e+05   -8.0494650524e-02   -5.2911791532e-02    6.4077507978e-01    4.9033461145e+01    4.9033461145e+01    9.8066922290e+01
    3.4876794514e+03    6.0860423466e+03   -1.0401319230e+05   -2.6054869448e-01   -2.5896554389e-01    2.5495029878e-01    4.9036505298e+01    4.9036505298e+01    9.8073010595e+01
    3.4825060139e+03    6.0770146363e+03   -1.0407369368e+05   -2.2134630447e-01   -3.2472934555e-01    4.5285945846e-01    4.9025519114e+01    4.9025519114e+01    9.8051038229e+01
    3.5187205650e+03    6.1402094610e+03   -1.0425916871e+05   -2.6992374700e-01   -3.9215523867e-01    2.8252773464e-01    4.9005049124e+01    4.9005049124e+01    9.8010098247e+01
    3.4892392872e+03    6.0887642787e+03   -1.0414444786e+05   -2.9181310696e-01   -2.5295070970e-01    2.5561585939e-01    4.9012875180e+01    4.9012875180e+01    9.8025750361e+01
    3.5240867427e+03    6.1495735053e+03   -1.0429991752e+05   -6.3002237410e-01   -6.4530661662e-01   -6.6934634089e-02    4.9010399860e+01    4.9010399860e+01    9.8020799720e+01
    3.5216607669e+03    6.1453401484e+03   -1.0434463285e+05   -5.4975407341e-01   -7.6678186717e-01   -3.3428262452e-01    4.9008467864e+01    4.9008467864e+01    9.8016935727e+01
    3.5472829755e+03    6.1900512088e+03   -1.0446869990e+05   -1.2768185129e+00   -1.0593391994e+00   -6.4011417326e-01    4.9020299243e+01    4.9020299243e+01    9.8040598485e+01
    3.5388933612e+03    6.1754112317e+03   -1.0443370535e+05   -9.3984336366e-01   -8.8623355309e-01   -7.3684900644e-01    4.9013262761e+01    4.9013262761e+01    9.8026525523e+01
    3.5286646674e+03    6.1575620386e+03   -1.0461301501e+05   -8.4822321583e-01   -9.7072392041e-01   -5.0186598604e-01    4.8980998541e+01    4.8980998541e+01    9.7961997082e+01
    3.5807889738e+03    6.2485195766e+03   -1.0465751277e+05   -1.0360132649e+00   -9.3680117594e-01   -5.9454798883e-01    4.8979327178e+01    4.8979327178e+01    9.7958654356e+01
    3.5165649146e+03    6.1364478253e+03   -1.0469849866e+05   -5.4956001288e-01   -5.8767010191e-01   -4.2432483239e-01    4.8947673648e+01    4.8947673648e+01    9.7895347295e+01
    3.5338800876e+03    6.1666630093e+03   -1.0480492927e+05   -3.6457698803e-01   -3.0304192971e-01   -2.8234498323e-01    4.8923458092e+01    4.8923458092e+01    9.7846916184e+01
    3.5429549923e+03    6.1824988264e+03   -1.0489431744e+05   -4.8886137116e-01   -4.6421516304e-01   -1.5974301867e-01    4.8911823547e+01    4.8911823547e+01    9.7823647095e+01
    3.5170177268e+03    6.1372379880e+03   -1.0480959015e+05   -6.8250527352e-02    4.1173212680e-02    7.7581002543e-02    4.8900479970e+01    4.8900479970e+01    9.7800959939e+01
    3.5075423836e+03    6.1207034009e+03   -1.0482296028e+05    1.2797848643e-01    1.1967575127e-01    2.0618052047e-01    4.8892101052e+01    4.8892101052e+01    9.7784202104e+01
    3.5326903317e+03    6.1645868709e+03   -1.0485980600e+05   -2.4825208422e-01   -9.7807870998e-02   -1.0731084083e-01    4.8905273739e+01    4.8905273739e+01    9.7810547478e+01
    3.5157232149e+03    6.1349790492e+03   -1.0483247523e+05   -2.7239316950e-02   -2.1712024359e-01   -1.7543319676e-01    4.8909593846e+01    4.8909593846e+01    9.7819187692e+01
    3.5712031488e+03    6.2317921974e+03   -1.0488135243e+05   -3.1989492148e-01   -2.7219979369e-01   -3.0129098207e-01    4.8907867196e+01    4.8907867196e+01    9.7815734392e+01
    3.5161745644e+03    6.1357666596e+03   -1.0484105901e+05   -2.0375758712e-01   -1.8860326591e-01   -2.6723044115e-01    4.8910984187e+01    4.8910984187e+01    9.7821968374e+01
    3.5332139047e+03    6.1655005121e+03   -1.0493955882e+05   -2.2206253530e-01   -1.3429235193e-01   -1.5045702878e-01    4.8891384603e+01    4.8891384603e+01    9.7782769207e+01
    3.5462208238e+03    6.1881977415e+03   -1.0479805732e+05    3.8803126039e-01    3.0255602260e-01    3.3368171223e-01    4.8881480658e+01    4.8881480658e+01    9.7762961315e+01
    3.5685689019e+03    6.2271954049e+03   -1.0473096781e+05    9.8516189410e-02    2.1163384140e-01    2.0728806375e-01    4.8903959249e+01    4.8903959249e+01    9.7807918498e+01
    3.5760384792e+03    6.2402299067e+03   -1.0487751914e+05   -3.1460104242e-01   -2.8893583902e-01   -1.9053185870e-01    4.8909245684e+01    4.8909245684e+01    9.7818491369e+01
    3.5383284525e+03    6.1744254592e+03   -1.0477955147e+05   -4.9359291983e-01   -3.6266256198e-01   -3.3821689811e-01    4.8929795562e+01    4.8929795562e+01    9.7859591124e+01
    3.5664614508e+03    6.2235178775e+03   -1.0480703452e+05   -6.4775685652e-02   -3.9711659684e-02    4.4635951889e-02    4.8904852979e+01    4.8904852979e+01    9.7809705957e+01
    3.5228788882e+03    6.1474657848e+03   -1.0498602237e+05    2.2687950637e-01    9.3962305750e-02    1.7304838762e-01    4.8867028882e+01    4.8867028882e+01    9.7734057764e+01
    3.5550141008e+03    6.2035421150e+03   -1.0494277794e+05    1.3876093746e-01    5.3325959907e-02    4.4733100951e-02    4.8881031454e+01    4.8881031454e+01    9.7762062907e+01
    3.5324473435e+03    6.1641628536e+03   -1.0489395821e+05    1.3656787975e-01    1.2753570653e-01    1.8169992159e-01    4.8880410897e+01    4.8880410897e+01    9.7760821794e+01
    3.4951753081e+03    6.0991227062e+03   -1.0484681807e+05    1.4702341313e-01    2.2176922839e-02    9.4936233772e-02    4.8893573747e+01    4.8893573747e+01    9.7787147493e+01
    3.5408314424e+03    6.1787932065e+03   -1.0492233615e+05    2.1653544263e-03    4.9648116892e-02   -5.9996247674e-03    4.8883791727e+01    4.8883791727e+01    9.7767583454e+01
    3.5132773275e+03    6.1307109465e+03   -1.0483456441e+05    2.1352233089e-01    1.9218434377e-01    1.8145330272e-01    4.8888468161e+01    4.8888468161e+01    9.7776936322e+01
    3.5150881638e+03    6.1338708775e+03   -1.0492369088e+05    1.3921968298e-01    3.0757303603e-02    1.1105332226e-01    4.8880122975e+01    4.8880122975e+01    9.7760245951e+01
    3.4845637118e+03    6.0806053437e+03   -1.0482852784e+05   -1.3264437399e-01   -4.1885012479e-02   -4.1834272272e-02    4.8902646358e+01    4.8902646358e+01    9.7805292716e+01
    3.5281328917e+03    6.1566340836e+03   -1.0481345474e+05   -3.6721936294e-02   -1.8815401140e-01   -2.1200888873e-01    4.8909223980e+01    4.8909223980e+01    9.7818447959e+01
    3.5028193603e+03    6.1124616687e+03   -1.0489817417e+05   -1.9276825830e-02   -2.1300278979e-01   -1.1427971938e-03    4.8897133583e+01    4.8897133583e+01    9.7794267166e+01
    3.5434323959e+03    6.1833319015e+03   -1.0492520228e+05   -1.6854728128e-01   -3.4619849881e-01   -1.4082904182e-01    4.8898127372e+01    4.8898127372e+01    9.7796254743e+01
    3.5388740825e+03    6.1753775900e+03   -1.0482987689e+05   -2.8824664743e-01   -3.7880465977e-01   -3.7483786247e-01    4.8918714298e+01    4.8918714298e+01    9.7837428596e+01
    3.5411814753e+03    6.1794040181e+03   -1.0481367313e+05   -1.5795195764e-01   -1.7367958502e-01   -5.4278331521e-02    4.8909820162e+01    4.8909820162e+01    9.7819640324e+01
    3.5210220206e+03    6.1442255286e+03   -1.0494686729e+05   -1.1267556515e-01   -8.3785691692e-02   -7.2895676963e-02    4.8888125896e+01    4.8888125896e+01    9.7776251793e+01
    3.5249074201e+03    6.1510055971e+03   -1.0501270484e+05   -1.4775573493e-01   -2.8101769197e-01   -1.2789161040e-01    4.8881924821e+01    4.8881924821e+01    9.7763849642e+01
    3.5436053083e+03    6.1836336356e+03   -1.0492584622e+05    4.4068930908e-02    1.9926179343e-01    5.9454831454e-02    4.8880360744e+01    4.8880360744e+01    9.7760721487e+01
    3.5609781432e+03    6.2139494403e+03   -1.0496210066e+05    1.4585940119e-02   -1.3941723024e-01   -1.2962206325e-01    4.8883649355e+01    4.8883649355e+01    9.7767298709e+01
    3.5358085051e+03    6.1700281208e+03   -1.0492708946e+05    2.6932646892e-01    3.3784999671e-01    3.4533034748e-01    4.8864348063e+01    4.8864348063e+01    9.7728696126e+01
    3.5234117767e+03    6.1483956815e+03   -1.0494882095e+05    4.8683896680e-01    5.3786444581e-01    5.4889785824e-01    4.8850251897e+01    4.8850251897e+01    9.7700503795e+01
    3.5054099942e+03    6.1169823558e+03   -1.0496025956e+05    1.8073471136e-02    3.8104436929e-02    7.7858846747e-02    4.8879973739e+01    4.8879973739e+01    9.7759947479e+01
    3.5117412136e+03    6.1280304094e+03   -1.0486731635e+05   -7.1805603945e-02   -6.8719231921e-02    4.7646720145e-02    4.8895444905e+01    4.8895444905e+01    9.7790889810e+01
    3.5449414213e+03    6.1859651687e+03   -1.0487759654e+05   -1.2384892890e-01   -7.2706717681e-03   -1.7103048010e-01    4.8895788787e+01    4.8895788787e+01    9.7791577574e+01
    3.5255192658e+03    6.1520732752e+03   -1.0491253897e+05   -1.9506307960e-01   -2.0459673347e-01   -9.4737859909e-02    4.8899398818e+01    4.8899398818e+01    9.7798797636e+01
    3.5762778127e+03    6.2406475465e+03   -1.0490249719e+05   -2.0274405225e-01   -1.5161867080e-01   -2.2161778207e-01    4.8903083365e+01    4.8903083365e+01    9.7806166729e+01
    3.5405338747e+03    6.1782739472e+03   -1.0495556761e+05    5.3560547004e-02    9.9929335939e-03    1.9660778749e-01    4.8879048346e+01    4.8879048346e+01    9.7758096691e+01
    3.5417746342e+03    6.1804390874e+03   -1.0476562052e+05    1.0670288420e-01    1.5861292218e-01    1.0166794024e-01    4.8902766957e+01    4.8902766957e+01    9.7805533913e+01
    3.5394884808e+03    6.1764497224e+03   -1.0495015939e+05   -2.0224064090e-01   -1.4914075339e-01   -1.3723556922e-01    4.8894572043e+01    4.8894572043e+01    9.7789144087e+01
    3.5041890468e+03    6.1148517881e+03   -1.0485044594e+05    2.3169996378e-01    5.2354522826e-02    1.3142903298e-01    4.8887775423e+01    4.8887775423e+01    9.7775550846e+01
    3.5715180444e+03    6.2323416939e+03   -1.0488789447e+05    2.4791044890e-01    1.2273956665e-01    3.2704168609e-01    4.8875727808e+01    4.8875727808e+01    9.7751455615e+01
    3.5248962359e+03    6.1509860806e+03   -1.0500834035e+05   -2.1206015184e-01   -6.9991221970e-02   -2.3753495331e-01    4.8885652021e+01    4.8885652021e+01    9.7771304042e+01
    3.5187515144e+03    6.1402634680e+03   -1.0486770539e+05   -1.4297185483e-01   -1.7671655897e-01   -1.8968900414e-01    4.8903386906e+01    4.8903386906e+01    9.7806773813e+01
    3.5033407554e+03    6.1133715094e+03   -1.0490725596e+05    6.7387394495e-02    8.0353447440e-02   -1.2315514515e-01    4.8888004461e+01    4.8888004461e+01    9.7776008923e+01
    3.4992217625e+03    6.1061838175e+03   -1.0497354793e+05   -7.7383857435e-02   -1.7757324764e-01   -1.3728874700e-01    4.8885244733e+01    4.8885244733e+01    9.7770489465e+01
    3.5346905501e+03    6.1680772760e+03   -1.0485288678e+05   -1.9711914295e-01   -1.7561284346e-01   -2.8612865085e-01    4.8910803226e+01    4.8910803226e+01    9.7821606452e+01
    3.5100238739e+03    6.1250336310e+03   -1.0488518325e+05    9.4975385131e-02    3.8601535049e-02    2.6284903790e-02    4.8890156038e+01    4.8890156038e+01    9.7780312075e+01
    3.5237014695e+03    6.1489011989e+03   -1.0492364753e+05   -2.5595730643e-01   -2.2587268961e-01   -1.9711173149e-01    4.8898825422e+01    4.8898825422e+01    9.7797650844e+01
    3.5469740889e+03    6.1895121981e+03   -1.0488327861e+05    2.5912362314e-01    2.3640172451e-01    3.0618410752e-01    4.8877614656e+01    4.8877614656e+01    9.7755229311e+01
    3.5603045182e+03    6.2127739566e+03   -1.0484252158e+05   -1.0217414413e-01   -1.1607914793e-01   -5.1763198376e-02    4.8900325765e+01    4.8900325765e+01    9.7800651529e+01
    3.5131140357e+03    6.1304260003e+03   -1.0499757978e+05    2.9765049855e-02    2.7106252808e-02    5.3760656745e-02    4.8876182074e+01    4.8876182074e+01    9.7752364148e+01
    3.5754815731e+03    6.2392580989e+03   -1.0496946516e+05   -3.1439049685e-02    7.2115129777e-03    1.1350322728e-02    4.8878328485e+01    4.8878328485e+01    9.7756656969e+01
    3.5110844153e+03    6.1268842885e+03   -1.0505230777e+05    1.2406856650e-01    1.1358936573e-01    4.6947240056e-02    4.8864052788e+01    4.8864052788e+01    9.7728105577e+01
    3.5190277539e+03    6.1407455092e+03   -1.0491292230e+05    1.2554260197e-01    1.9805697924e-01    2.9359359861e-01    4.8874516778e+01    4.8874516778e+01    9.7749033556e+01
    3.5455694191e+03    6.1870610325e+03   -1.0492389258e+05   -9.9247259378e-03    7.8774416741e-02    3.5854756926e-02    4.8885304211e+01    4.8885304211e+01    9.7770608422e+01
    3.5563648863e+03    6.2058992517e+03   -1.0491693647e+05   -1.1936799943e-01   -9.9220468011e-02   -1.2066187679e-01    4.8892252951e+01    4.8892252951e+01    9.7784505902e+01
    3.5739523815e+03    6.2365896413e+03   -1.0478390980e+05   -2.2396303041e-02   -6.8915212485e-02   -2.0392318712e-01    4.8910072063e+01    4.8910072063e+01    9.7820144125e+01
    3.5216671456e+03    6.1453512794e+03   -1.0487293240e+05    1.6754826266e-01    1.0148989868e-01   -1.4571976677e-02    4.8888189774e+01    4.8888189774e+01    9.7776379547e+01
    3.5320530457e+03    6.1634747993e+03   -1.0497444101e+05    2.5122916100e-02   -7.5510134296e-02   -2.5146020077e-02    4.8880289057e+01    4.8880289057e+01    9.7760578114e+01
    3.5340432539e+03    6.1669477363e+03   -1.0496680924e+05    1.1500182214e-01    1.9471048549e-01    6.6770885884e-02    4.8867400482e+01    4.8867400482e+01    9.7734800964e+01
    3.5283348528e+03    6.1569865082e+03   -1.0499701793e+05   -3.5100056953e-02   -5.6167518275e-03   -1.1712226365e-01    4.8878795627e+01    4.8878795627e+01    9.7757591255e+01
    3.5344582662e+03    6.1676719377e+03   -1.0492019097e+05    4.8003701742e-02    2.2589239026e-01    2.1158540728e-01    4.8875610536e+01    4.8875610536e+01    9.7751221071e+01
    3.5094067657e+03    6.1239567700e+03   -1.0483086842e+05    6.2810303893e-02   -1.3990307999e-02    1.2162322904e-01    4.8897939026e+01    4.8897939026e+01    9.7795878053e+01
    3.5561132741e+03    6.2054601856e+03   -1.0491537463e+05   -8.8123437697e-02   -2.2168832269e-01   -1.1821371951e-01    4.8895111591e+01    4.8895111591e+01    9.7790223182e+01
    3.5540707203e+03    6.2018959047e+03   -1.0478611054e+05   -7.4865768071e-01   -6.1558173930e-01   -6.6946939074e-01    4.8940209442e+01    4.8940209442e+01    9.7880418884e+01
    3.5251616813e+03    6.1514492860e+03   -1.0481079125e+05   -2.3539373150e-01   -3.0644842201e-01   -2.0510724732e-01    4.8918748358e+01    4.8918748358e+01    9.7837496716e+01
    3.5159941195e+03    6.1354517810e+03   -1.0486732798e+05   -4.0320958968e-01   -3.3768460432e-01   -4.2235602329e-01    4.8916055592e+01    4.8916055592e+01    9.7832111183e+01
    3.5597755979e+03    6.2118509843e+03   -1.0502376972e+05   -3.0457499097e-01   -2.3152558816e-01   -2.3147899031e-01    4.8888156901e+01    4.8888156901e+01    9.7776313801e+01
    3.5069750685e+03    6.1197134291e+03   -1.0498159256e+05    3.3032024782e-01    2.5429676370e-01    1.4304867699e-01    4.8861413064e+01    4.8861413064e+01    9.7722826127e+01
    3.5389003089e+03    6.1754233554e+03   -1.0499665142e+05    4.9454225237e-02    1.3028893188e-01    2.8718679794e-01    4.8865648982e+01    4.8865648982e+01    9.7731297965e+01
    3.4843320784e+03    6.0802011407e+03   -1.0510802899e+05   -5.1311851156e-02    4.4588340316e-02    1.1494502881e-01    4.8857639373e+01    4.8857639373e+01    9.7715278746e+01
    3.5444949438e+03    6.1851860602e+03   -1.0502550468e+05   -5.0892406613e-03    4.8471526594e-02    1.7674267705e-01    4.8864800489e+01    4.8864800489e+01    9.7729600977e+01
    3.5465881316e+03    6.1888386980e+03   -1.0512444494e+05    1.2495390875e-01    1.1020666895e-01    4.2588314636e-02    4.8849718812e+01    4.8849718812e+01    9.7699437623e+01
    3.5090215287e+03    6.1232845266e+03   -1.0505224033e+05   -6.4595208737e-03   -4.9956802791e-02    2.8811340017e-03    4.8872113997e+01    4.8872113997e+01    9.7744227995e+01
    3.5460287482e+03    6.1878625672e+03   -1.0495657672e+05   -9.2183664459e-02   -1.6119014314e-01   -1.2158857938e-01    4.8885912955e+01    4.8885912955e+01    9.7771825911e+01
    3.5231267178e+03    6.1478982504e+03   -1.0495086459e+05   -9.8238391469e-02   -7.0264611915e-02   -2.0943980833e-01    4.8888458900e+01    4.8888458900e+01    9.7776917800e+01
    3.5616773193e+03    6.2151695109e+03   -1.0493382724e+05   -7.0747025001e-02   -8.6909315267e-02   -7.5920393565e-02    4.8887415639e+01    4.8887415639e+01    9.7774831277e+01
    3.4887422141e+03    6.0878968803e+03   -1.0501614202e+05   -1.9343170435e-01   -1.6656186469e-01   -1.0650398988e-01    4.8881760211e+01    4.8881760211e+01    9.7763520423e+01
    3.5578556837e+03    6.2085007112e+03   -1.0495641602e+05   -4.7433247456e-02   -1.1639135754e-01   -1.9673210173e-01    4.8889768202e+01    4.8889768202e+01    9.7779536403e+01
    3.5553438220e+03    6.2041174824e+03   -1.0498317036e+05   -1.4829750941e-01   -2.1531837749e-01   -1.4758519256e-01    4.8885721863e+01    4.8885721863e+01    9.7771443727e+01
    3.5149016463e+03    6.1335454022e+03   -1.0485081823e+05   -5.3042194542e-02   -1.7223430587e-01   -6.4330788032e-02    4.8897206479e+01    4.8897206479e+01    9.7794412958e+01
    3.5699005744e+03    6.2295191893e+03   -1.0490125891e+05   -7.8107851545e-02   -1.3476174152e-01   -1.4094086030e-01    4.8894126030e+01    4.8894126030e+01    9.7788252060e+01
    3.5037357415e+03    6.1140607649e+03   -1.0485567950e+05   -1.4102250892e-01   -2.8187267945e-01   -2.5232611664e-01    4.8904785771e+01    4.8904785771e+01    9.7809571543e+01
    3.5579544578e+03    6.2086730731e+03   -1.0489062458e+05   -2.7980410268e-01   -3.5278640651e-01   -3.0502664878e-01    4.8907865921e+01    4.8907865921e+01    9.7815731841e+01
    3.5479467058e+03    6.1912094262e+03   -1.0493455354e+05   -2.6306295550e-01   -1.8061171441e-01   -2.2856181092e-01    4.8898090695e+01    4.8898090695e+01    9.7796181391e+01
    3.4888798402e+03    6.0881370394e+03   -1.0482884684e+05   -2.2682864928e-01   -1.5088844903e-01   -1.9718221575e-01    4.8908875182e+01    4.8908875182e+01    9.7817750364e+01
    3.5336690434e+03    6.1662947345e+03   -1.0496279994e+05   -4.6017578883e-01   -4.3134005953e-01   -3.8993025489e-01    4.8907545852e+01    4.8907545852e+01    9.7815091704e+01
    3.5204333225e+03    6.1431982433e+03   -1.0487867561e+05   -3.0136974981e-02    1.5668145592e-01    1.3229574721e-01    4.8887046524e+01    4.8887046524e+01    9.7774093048e+01
    3.4980633000e+03    6.1041622866e+03   -1.0492987636e+05    3.0174932005e-01    1.8974045735e-01    1.4523792549e-01    4.8871321634e+01    4.8871321634e+01    9.7742643269e+01
    3.5381991534e+03    6.1741998308e+03   -1.0485244303e+05   -4.5722514478e-02   -1.9237795609e-02   -9.8920312281e-03    4.8896766658e+01    4.8896766658e+01    9.7793533315e+01
    3.5379045823e+03    6.1736858006e+03   -1.0492183471e+05   -4.4373381652e-01   -3.1842224330e-01   -4.7200920514e-01    4.8910297199e+01    4.8910297199e+01    9.7820594398e+01
    3.5259171643e+03    6.1527676128e+03   -1.0480345202e+05   -3.2961546846e-01   -3.6334360797e-01   -2.9671583692e-01    4.8923564091e+01    4.8923564091e+01    9.7847128183e+01
    3.5126481625e+03    6.1296130461e+03   -1.0507111513e+05   -2.4574569495e-01   -2.3467854443e-01   -3.0038702592e-01    4.8877710788e+01    4.8877710788e+01    9.7755421576e+01
    3.5387416652e+03    6.1751465203e+03   -1.0505697391e+05   -3.3627077077e-02   -1.7650242108e-01   -7.2482521911e-02    4.8872273421e+01    4.8872273421e+01    9.7744546842e+01
    3.5141467164e+03    6.1322280405e+03   -1.0508675689e+05    1.0909098696e-01    1.3534105227e-01    1.7185003770e-01    4.8853807319e+01    4.8853807319e+01    9.7707614638e+01
    3.5044315653e+03    6.1152749857e+03   -1.0500109572e+05    1.5097569557e-02    3.9836765359e-02    1.9817715916e-01    4.8865255042e+01    4.8865255042e+01    9.7730510084e+01
    3.4860798047e+03    6.0832509440e+03   -1.0496966287e+05    1.3999978920e-01    1.2024743945e-02    1.1579819301e-01    4.8872439222e+01    4.8872439222e+01    9.7744878444e+01
    3.5177003439e+03    6.1384291630e+03   -1.0497966364e+05    2.0178981631e-01    3.5783810739e-01    3.7204070684e-01    4.8857805873e+01    4.8857805873e+01    9.7715611745e+01
    3.5232164157e+03    6.1480547743e+03   -1.0491265060e+05    2.0022713239e-01    1.3700459984e-01    2.1349800487e-01    4.8873316024e+01    4.8873316024e+01    9.7746632048e+01
    3.5557664672e+03    6.2048550033e+03   -1.0501963895e+05   -4.7016622683e-02   -2.0154762975e-01   -1.2456587453e-01    4.8877658642e+01    4.8877658642e+01    9.7755317284e+01
    3.5257083540e+03    6.1524032364e+03   -1.0491114548e+05    1.5427777008e-01    3.2064109757e-01    2.8698317004e-01    4.8871791300e+01    4.8871791300e+01    9.7743582601e+01
    3.5503882502e+03    6.1954699504e+03   -1.0506826540e+05    6.6210175394e-02   -1.5208113845e-02   -6.4764211923e-02    4.8867329899e+01    4.8867329899e+01    9.7734659797e+01
    3.5064985743e+03    6.1188819410e+03   -1.0498916325e+05    6.0269162819e-02   -4.7933191533e-02    9.5141770034e-02    4.8875338992e+01    4.8875338992e+01    9.7750677983e+01
    3.5106055524e+03    6.1260486669e+03   -1.0503602881e+05   -4.2699676468e-02    3.0462520947e-02    3.1388545418e-02    4.8869496897e+01    4.8869496897e+01    9.7738993795e+01
    3.5284655045e+03    6.1572144970e+03   -1.0501937415e+05   -1.2137376816e-01   -3.1924582813e-01   -1.7603757786e-01    4.8886181841e+01    4.8886181841e+01    9.7772363682e+01
    3.5556142650e+03    6.2045894087e+03   -1.0495887768e+05   -2.1455388798e-02   -4.6966426711e-02   -1.2251222564e-01    4.8886721669e+01    4.8886721669e+01    9.7773443339e+01
    3.5172227212e+03    6.1375957056e+03   -1.0496694569e+05   -2.0778745918e-01   -1.7112504792e-01   -3.1597137958e-01    4.8892432336e+01    4.8892432336e+01    9.7784864671e+01
    3.5228433432e+03    6.1474037583e+03   -1.0491978506e+05    1.1253020034e-02   -1.0490001472e-01   -2.1878054985e-02    4.8885500913e+01    4.8885500913e+01    9.7771001825e+01
    3.5304290643e+03    6.1606409323e+03   -1.0505053651e+05   -2.4645497101e-01   -3.7112351407e-01   -1.6087822356e-01    4.8882118330e+01    4.8882118330e+01    9.7764236660e+01
    3.5472130953e+03    6.1899292671e+03   -1.0498611593e+05    2.2450993211e-02   -7.8144524389e-02   -5.2977888064e-02    4.8876742468e+01    4.8876742468e+01    9.7753484937e+01
    3.5445153712e+03    6.1852217062e+03   -1.0504466762e+05    4.1883642882e-01    3.2901023973e-01    3.9940772149e-01    4.8842760305e+01    4.8842760305e+01    9.7685520609e+01
    3.5316601045e+03    6.1627891121e+03   -1.0504803641e+05    4.7356821280e-02   -7.7078614852e-02    9.8779342363e-02    4.8867630460e+01    4.8867630460e+01    9.7735260921e+01
    3.5313285074e+03    6.1622104712e+03   -1.0496002576e+05    1.6652965968e-01    2.8026155086e-01    3.1119632268e-01    4.8863864832e+01    4.8863864832e+01    9.7727729665e+01
    3.5395491253e+03    6.1765555479e+03   -1.0496116159e+05   -1.9782783123e-01   -1.9955236555e-01   -2.0775787332e-01    4.8891975398e+01    4.8891975398e+01    9.7783950796e+01
    3.4925938642e+03    6.0946180557e+03   -1.0497508131e+05   -2.5305312739e-01   -3.3161757169e-01   -1.7455381325e-01    4.8892664947e+01    4.8892664947e+01    9.7785329894e+01
    3.5082060650e+03    6.1218615328e+03   -1.0503009243e+05   -2.7075232477e-01   -1.8966776441e-01   -2.0281091248e-01    4.8881912295e+01    4.8881912295e+01    9.7763824590e+01
    3.5285694213e+03    6.1573958330e+03   -1.0505313485e+05   -4.2643490411e-01   -2.6723228121e-01   -3.0021703432e-01    4.8887308139e+01    4.8887308139e+01    9.7774616279e+01
    3.5104224816e+03    6.1257292063e+03   -1.0489012249e+05    2.4137464583e-01    9.6715181613e-02    1.4987397456e-01    4.8880392276e+01    4.8880392276e+01    9.7760784553e+01
    3.5086117330e+03    6.1225694284e+03   -1.0503747580e+05   -3.6898567919e-01   -3.0845029806e-01   -3.5393058201e-01    4.8888374731e+01    4.8888374731e+01    9.7776749463e+01
    3.5503899000e+03    6.1954728292e+03   -1.0496749292e+05   -1.6899094245e-02   -1.8680808491e-01   -2.0529930604e-01    4.8885213169e+01    4.8885213169e+01    9.7770426338e+01
    3.5448267072e+03    6.1857649914e+03   -1.0500573092e+05   -5.7851227608e-02   -3.4818634645e-02   -1.2523394324e-01    4.8877230863e+01    4.8877230863e+01    9.7754461726e+01
    3.5083906287e+03    6.1221835986e+03   -1.0507809422e+05    2.4097186626e-01    1.9366097763e-01    3.0676972675e-01    4.8848423713e+01    4.8848423713e+01    9.7696847426e+01
    3.5640586590e+03    6.2193249771e+03   -1.0490615638e+05    1.6607368947e-01   -2.6957907965e-02    1.6932356678e-01    4.8881958035e+01    4.8881958035e+01    9.7763916069e+01
    3.5686117943e+03    6.2272702527e+03   -1.0493267886e+05   -2.2441560932e-01   -1.1074531572e-01   -1.4554842317e-01    4.8891989987e+01    4.8891989987e+01    9.7783979974e+01
    3.5744782520e+03    6.2375072915e+03   -1.0498541152e+05   -1.2024626726e-01   -4.7800223373e-02   -1.4021940530e-01    4.8882039816e+01    4.8882039816e+01    9.7764079633e+01
    3.5411970742e+03    6.1794312384e+03   -1.0489847063e+05   -3.6607437939e-01   -9.3079117884e-02   -3.1072824703e-01    4.8902564989e+01    4.8902564989e+01    9.7805129979e+01
    3.5330821763e+03    6.1652706445e+03   -1.0497807298e+05   -9.7931181077e-02   -1.4206090575e-01   -8.3358218473e-02    4.8882324604e+01    4.8882324604e+01    9.7764649209e+01
    3.5042694878e+03    6.1149921585e+03   -1.0481067395e+05    1.6839542469e-01    1.8704819499e-01    1.5309652449e-01    4.8889680532e+01    4.8889680532e+01    9.7779361064e+01
    3.5078184129e+03    6.1211850753e+03   -1.0497250177e+05    3.4488616337e-01    3.1132811373e-01    2.6685475337e-01    4.8863069673e+01    4.8863069673e+01    9.7726139346e+01
    3.5627826743e+03    6.2170983686e+03   -1.0495591924e+05   -2.0631078106e-01   -1.9825971586e-01   -6.4725993318e-02    4.8888827354e+01    4.8888827354e+01    9.7777654708e+01
    3.5145780343e+03    6.1329806954e+03   -1.0492475462e+05   -4.4564869183e-02   -1.6203691932e-01   -3.1192185820e-01    4.8898117789e+01    4.8898117789e+01    9.7796235578e+01
    3.5255087005e+03    6.1520548386e+03   -1.0498201804e+05   -3.3028660777e-01   -3.1048776151e-01   -3.5898063399e-01    4.8898071073e+01    4.8898071073e+01    9.7796142146e+01
    3.5199538215e+03    6.1423615084e+03   -1.0496231088e+05   -1.6164507272e-01   -2.1376825485e-01   -2.6058692352e-01    4.8891606594e+01    4.8891606594e+01    9.7783213187e+01
    3.5210502998e+03    6.1442748761e+03   -1.0506922200e+05   -1.9608331455e-01   -1.7101296426e-01   -1.2158044979e-01    4.8875092872e+01    4.8875092872e+01    9.7750185743e+01
    3.5299960834e+03    6.1598853754e+03   -1.0491161379e+05    2.4194951447e-03   -9.2184220133e-02    6.6804563338e-02    4.8887739806e+01    4.8887739806e+01    9.7775479612e+01
    3.5112072616e+03    6.1270986567e+03   -1.0507864113e+05   -2.8580241442e-01   -2.2507498891e-01   -2.1849305376e-01    4.8876992707e+01    4.8876992707e+01    9.7753985414e+01
    3.5221875894e+03    6.1462594601e+03   -1.0497365478e+05   -1.8225256300e-01   -1.7591881908e-01   -1.2726373542e-01    4.8885492601e+01    4.8885492601e+01    9.7770985203e+01
    3.4957185839e+03    6.1000707290e+03   -1.0503723730e+05   -8.8874569029e-02   -1.4836176589e-01   -4.7660996815e-03    4.8874221938e+01    4.8874221938e+01    9.7748443877e+01
    3.5546358803e+03    6.2028821156e+03   -1.0497297463e+05    2.7571210789e-01    2.7914471510e-01    1.1903341742e-01    4.8865120805e+01    4.8865120805e+01    9.7730241609e+01
    3.5571876594e+03    6.2073350007e+03   -1.0502363040e+05    1.7316641670e-01    2.8627112460e-01    1.9499151899e-01    4.8858368665e+01    4.8858368665e+01    9.7716737331e+01
    3.4942978186e+03    6.0975914765e+03   -1.0502966647e+05    4.4261561722e-01    5.5411741512e-01    4.6193947643e-01    4.8843736269e+01    4.8843736269e+01    9.7687472539e+01
    3.5636872664e+03    6.2186768927e+03   -1.0504599033e+05    2.3817292804e-01    2.1493977634e-01    1.6419317118e-01    4.8854907317e+01    4.8854907317e+01    9.7709814635e+01
    3.5116520609e+03    6.1278748369e+03   -1.0505992113e+05    2.1080340209e-01    2.7427660496e-01    3.0758819638e-01    4.8851390549e+01    4.8851390549e+01    9.7702781099e+01
    3.5065843936e+03    6.1190316968e+03   -1.0501656744e+05   -1.3097911315e-01   -1.5173737501e-01   -1.2312595143e-01    4.8881025177e+01    4.8881025177e+01    9.7762050354e+01
    3.5128615591e+03    6.1299854257e+03   -1.0498655255e+05   -1.5858296170e-01   -7.6462155592e-02   -2.9077734338e-01    4.8886399930e+01    4.8886399930e+01    9.7772799860e+01
    3.5348898330e+03    6.1684250271e+03   -1.0500961666e+05   -3.1526626545e-01   -3.6825479283e-01   -2.7761799836e-01    4.8892185013e+01    4.8892185013e+01    9.7784370027e+01
    3.5597855940e+03    6.2118684277e+03   -1.0497554007e+05   -1.2170472069e-01   -1.4485433912e-01   -1.2556115320e-01    4.8883269643e+01    4.8883269643e+01    9.7766539285e+01
    3.5335554725e+03    6.1660965521e+03   -1.0503672707e+05   -4.1626276050e-02   -1.4350117837e-01   -1.0683905510e-01    4.8875161459e+01    4.8875161459e+01    9.7750322918e+01
    3.5455541360e+03    6.1870343633e+03   -1.0486211239e+05    5.3085289236e-02    1.1446550330e-01    9.7505699930e-02    4.8889431551e+01    4.8889431551e+01    9.7778863103e+01
    3.5529361838e+03    6.1999161250e+03   -1.0509655946e+05   -2.4439870373e-01   -3.5407783598e-01   -3.2955801629e-01    4.8881229140e+01    4.8881229140e+01    9.7762458280e+01
    3.4840924908e+03    6.0797830576e+03   -1.0503402949e+05    1.3857147477e-01    1.2719773022e-01   -6.2419064319e-03    4.8864389909e+01    4.8864389909e+01    9.7728779818e+01
    3.5301540960e+03    6.1601611093e+03   -1.0487184550e+05    1.5425481471e-01    2.1740076179e-01    1.0083874571e-01    4.8885866935e+01    4.8885866935e+01    9.7771733870e+01
    3.5301405814e+03    6.1601375262e+03   -1.0498009230e+05   -1.1794920028e-01   -1.8555717759e-01   -2.5065966835e-01    4.8888467257e+01    4.8888467257e+01    9.7776934515e+01
    3.5056214233e+03    6.1173513021e+03   -1.0499537750e+05    1.0338558987e-01    1.1136790716e-01    1.6352765699e-01    4.8868591780e+01    4.8868591780e+01    9.7737183560e+01
    3.5252575978e+03    6.1516166615e+03   -1.0498431315e+05   -2.3709543955e-02   -4.2357957435e-02   -1.2844312825e-01    4.8879163694e+01    4.8879163694e+01    9.7758327388e+01
    3.5811827590e+03    6.2492067365e+03   -1.0509516467e+05    5.1418216186e-02    1.5688410863e-01    2.1002573368e-01    4.8853790885e+01    4.8853790885e+01    9.7707581771e+01
    3.5370518340e+03    6.1721977445e+03   -1.0491434295e+05    6.1810849388e-02    1.3445833766e-01    1.0138604714e-01    4.8879893021e+01    4.8879893021e+01    9.7759786043e+01
    3.5119311357e+03    6.1283618258e+03   -1.0495924295e+05   -9.5186159897e-02    5.2230592603e-02   -9.2348991878e-04    4.8882432556e+01    4.8882432556e+01    9.7764865113e+01
    3.5359079751e+03    6.1702016971e+03   -1.0488289385e+05   -1.6763609401e-01   -4.1715144837e-02   -1.3123651506e-01    4.8896101793e+01    4.8896101793e+01    9.7792203586e+01
    3.4948788164e+03    6.0986053246e+03   -1.0511396416e+05    4.8133505377e-02    7.0837427063e-02    4.2512937976e-02    4.8856314821e+01    4.8856314821e+01    9.7712629641e+01
    3.5120051261e+03    6.1284909399e+03   -1.0505606930e+05    4.5082900958e-01    3.6108715142e-01    2.9138386578e-01    4.8844634203e+01    4.8844634203e+01    9.7689268407e+01
    3.5395882901e+03    6.1766238908e+03   -1.0509365528e+05    1.7729273193e-01    3.0495629339e-01    2.0719017793e-01    4.8852941252e+01    4.8852941252e+01    9.7705882504e+01
    3.5234994471e+03    6.1485486675e+03   -1.0517735430e+05    2.5104496436e-01    2.0847447798e-01    1.6658528512e-01    4.8839753850e+01    4.8839753850e+01    9.7679507700e+01
    3.5657863990e+03    6.2223399041e+03   -1.0510882966e+05    2.4810214681e-01    2.4946246202e-01    2.2426635658e-01    4.8845000697e+01    4.8845000697e+01    9.7690001394e+01
    3.5306622885e+03    6.1610479113e+03   -1.0508226009e+05    5.3178987551e-01    6.4449408067e-01    6.6114324741e-01    4.8827924211e+01    4.8827924211e+01    9.7655848422e+01
    3.5005808073e+03    6.1085553670e+03   -1.0509987287e+05    1.5937500826e-01    1.2606036485e-01    8.1589085162e-02    4.8853508673e+01    4.8853508673e+01    9.7707017346e+01
    3.5226208775e+03    6.1470155530e+03   -1.0512462127e+05    2.0934780288e-01    1.7423938286e-01    1.8127452102e-01    4.8849304043e+01    4.8849304043e+01    9.7698608086e+01
    3.5179358283e+03    6.1388400860e+03   -1.0498486441e+05   -3.6326723668e-03    6.8452974987e-02    2.9823740567e-02    4.8877363859e+01    4.8877363859e+01    9.7754727718e+01
    3.5199772365e+03    6.1424023679e+03   -1.0500223322e+05   -2.2464437375e-01   -2.2084181760e-01   -3.9457138151e-01    4.8889010592e+01    4.8889010592e+01    9.7778021185e+01
    3.4954482333e+03    6.0995989639e+03   -1.0502094491e+05    3.7915011958e-02    9.4664224270e-02    1.4137469727e-01    4.8867768365e+01    4.8867768365e+01    9.7735536731e+01
    3.5200025515e+03    6.1424465428e+03   -1.0498910053e+05    5.7542235868e-02    4.2859869348e-03    4.5588727727e-02    4.8872362866e+01    4.8872362866e+01    9.7744725731e+01
    3.5465631633e+03    6.1887951280e+03   -1.0505451885e+05   -6.3637454512e-02   -5.0691959161e-02    1.5507628941e-02    4.8867917984e+01    4.8867917984e+01    9.7735835969e+01
    3.5587058344e+03    6.2099842343e+03   -1.0500903540e+05    9.0297107310e-02   -7.5914002649e-02   -8.2896522432e-02    4.8874898396e+01    4.8874898396e+01    9.7749796791e+01
    3.5345821428e+03    6.1678881040e+03   -1.0486121013e+05   -5.0776668835e-02    3.9700025544e-03   -2.3258028887e-03    4.8894900297e+01    4.8894900297e+01    9.7789800593e+01
    3.5764316706e+03    6.2409160303e+03   -1.0501351381e+05   -5.6643487200e-02   -1.4055394266e-01   -1.6779478984e-01    4.8876674080e+01    4.8876674080e+01    9.7753348159e+01
    3.5575521017e+03    6.2079709568e+03   -1.0497783934e+05   -6.4424880476e-02   -1.0926177887e-01   -8.1880107269e-02    4.8882412160e+01    4.8882412160e+01    9.7764824321e+01
    3.5247481224e+03    6.1507276208e+03   -1.0501157401e+05    7.3669544135e-03   -1.2425144971e-01   -8.6359656195e-02    4.8878302629e+01    4.8878302629e+01    9.7756605257e+01
