    3.4315851844e+03    5.9881571800e+03   -1.0217386788e+05    1.2247717323e+00    1.2849930373e+00    7.3102480665e+00    4.9254830266e+01    4.9254830266e+01    9.8509660533e+01
    3.5370304780e+03    6.1721604782e+03   -1.0229013532e+05   -7.6642237881e-01   -9.1438296708e-01    1.6092408474e+00    4.9348957910e+01    4.9348957910e+01    9.8697915820e+01
    3.5306689480e+03    6.1610595323e+03   -1.0236639519e+05   -9.2415243621e-01   -1.1601637479e+00    1.9495429901e+00    4.9353824087e+01    4.9353824087e+01    9.8707648174e+01
    3.5295668798e+03    6.1591364101e+03   -1.0196518322e+05   -4.0780977027e-01   -4.7396259337e-01    3.4459628763e+00    4.9396206034e+01    4.9396206034e+01    9.8792412069e+01
    3.4861570080e+03    6.0833856648e+03   -1.0221623908e+05   -1.1516605580e+00   -1.3035201514e+00    1.9105381828e-01    4.9378450070e+01    4.9378450070e+01    9.8756900139e+01
    3.4764621334e+03    6.0664679927e+03   -1.0188219433e+05   -8.2281881305e-02   -3.0886672347e-01    3.7950775146e+00    4.9386567256e+01    4.9386567256e+01    9.8773134512e+01
    3.5001949339e+03    6.1078820133e+03   -1.0214779636e+05   -1.4889523350e+00   -1.6040107750e+00    4.1795879936e-01    4.9409251447e+01    4.9409251447e+01    9.8818502895e+01
    3.4474545986e+03    6.0158494975e+03   -1.0213364813e+05   -1.0532859504e+00   -9.4804827652e-01    1.5390486828e+00    4.9389739595e+01    4.9389739595e+01    9.8779479190e+01
    3.5368283608e+03    6.1718077812e+03   -1.0202457022e+05   -9.1407091673e-01   -1.2273614844e+00    1.6048037942e+00    4.9413150692e+01    4.9413150692e+01    9.8826301383e+01
    3.4898134250e+03    6.0897661561e+03   -1.0211542242e+05   -1.0278172421e+00   -1.1125153753e+00    2.7782775586e-01    4.9395755614e+01    4.9395755614e+01    9.8791511228e+01
    3.5186259749e+03    6.1400444001e+03   -1.0192705139e+05   -5.1262250214e-01   -6.4694136876e-01    2.1330077852e+00    4.9403101753e+01    4.9403101753e+01    9.8806203506e+01
    3.4978001378e+03    6.1037030655e+03   -1.0213822829e+05   -1.3325314740e+00   -1.1161884614e+00    3.5070116797e-01    4.9391334525e+01    4.9391334525e+01    9.8782669050e+01
    3.5085691031e+03    6.1224950386e+03   -1.0222415316e+05   -9.3883528537e-01   -8.1594244363e-01    9.5536168072e-01    4.9367645755e+01    4.9367645755e+01    9.8735291510e+01
    3.5239694371e+03    6.1493688057e+03   -1.0203395657e+05   -8.0126714875e-01   -6.9609236364e-01    1.4911575610e+00    4.9383957341e+01    4.9383957341e+01    9.8767914682e+01
    3.4990930981e+03    6.1059592965e+03   -1.0220001137e+05   -9.0359066301e-01   -6.0387648711e-01    4.1265557746e-01    4.9360296069e+01    4.9360296069e+01    9.8720592138e+01
    3.4626150496e+03    6.0423046658e+03   -1.0203596601e+05   -4.3658860399e-01   -3.1525094823e-01    1.7948031643e+00    4.9360389245e+01    4.9360389245e+01    9.8720778490e+01
    3.4988087250e+03    6.1054630622e+03   -1.0218905792e+05   -5.3791076162e-01   -5.9064533666e-01    7.9516563261e-01    4.9348681057e+01    4.9348681057e+01    9.8697362115e+01
    3.4592865446e+03    6.0364963847e+03   -1.0227952127e+05   -5.1167242617e-01   -6.8459951876e-01    1.2228599884e+00    4.9327697539e+01    4.9327697539e+01    9.8655395079e+01
    3.5023277899e+03    6.1116038725e+03   -1.0220659921e+05   -3.2324775600e-01   -2.9120585051e-01    1.7477314066e+00    4.9324987418e+01    4.9324987418e+01    9.8649974836e+01
    3.5460638954e+03    6.1879238995e+03   -1.0222975471e+05   -9.3180907372e-01   -7.0403101546e-01    7.2067329333e-01    4.9345867717e+01    4.9345867717e+01    9.8691735433e+01
    3.4951285968e+03    6.0990411944e+03   -1.0213226235e+05   -6.7401192727e-01   -4.3445513799e-01    1.3700551146e+00    4.9353723467e+01    4.9353723467e+01    9.8707446934e+01
    3.4959084128e+03    6.1004019827e+03   -1.0220817931e+05   -3.7709658278e-01   -5.6204401331e-01    8.3170789095e-01    4.9338847687e+01    4.9338847687e+01    9.8677695375e+01
    3.4911009478e+03    6.0920128988e+03   -1.0218505230e+05   -7.7222139239e-01   -4.0616245094e-01    1.0509148803e+00    4.9348159836e+01    4.9348159836e+01    9.8696319672e+01
    3.4922704869e+03    6.0940537585e+03   -1.0210281830e+05   -3.6687197602e-01   -2.7830522283e-01    1.4398654041e+00    4.9334829002e+01    4.9334829002e+01    9.8669658004e+01
    3.4805531908e+03    6.0736069367e+03   -1.0215420587e+05   -3.0906012413e-01   -3.6655443054e-01    9.7568363207e-01    4.9335117021e+01    4.9335117021e+01    9.8670234042e+01
    3.5044090843e+03    6.1152357561e+03   -1.0225396311e+05   -3.9492226896e-01   -4.5680706177e-01    1.0828473024e+00    4.9326834628e+01    4.9326834628e+01    9.8653669257e+01
    3.5328255184e+03    6.1648227734e+03   -1.0222153762e+05   -4.8533033561e-01   -3.3318437711e-01    1.2845389665e+00    4.9319923596e+01    4.9319923596e+01    9.8639847192e+01
    3.5048745845e+03    6.1160480595e+03   -1.0222925607e+05   -6.5356838602e-01   -6.4783175496e-01    8.9103989917e-01    4.9337860451e+01    4.9337860451e+01    9.8675720902e+01
    3.4680336113e+03    6.0517601207e+03   -1.0224207226e+05   -4.0115197222e-01   -5.7137933928e-01    9.2372078612e-01    4.9334918408e+01    4.9334918408e+01    9.8669836816e+01
    3.5023425490e+03    6.1116296272e+03   -1.0223951121e+05   -2.7555026054e-01   -8.3259075767e-01    5.9683946735e-01    4.9335399126e+01    4.9335399126e+01    9.8670798252e+01
    3.4949185981e+03    6.0986747442e+03   -1.0223884159e+05   -4.0835998209e-01   -4.4087015583e-01    1.1870317251e+00    4.9317466484e+01    4.9317466484e+01    9.8634932969e+01
    3.5279006418e+03    6.1562288048e+03   -1.0233996314e+05   -7.2196247913e-01   -8.2736614177e-01    8.1067837237e-01    4.9326069764e+01    4.9326069764e+01    9.8652139527e+01
    3.5456462349e+03    6.1871950769e+03   -1.0224375992e+05   -8.7418658085e-01   -7.7323891200e-01    4.4464703186e-01    4.9350584920e+01    4.9350584920e+01    9.8701169839e+01
    3.5142570590e+03    6.1324205897e+03   -1.0219818879e+05   -5.6894446148e-01   -5.8495471348e-01    7.0930815270e-01    4.9338112115e+01    4.9338112115e+01    9.8676224230e+01
    3.4762181839e+03    6.0660422978e+03   -1.0220380077e+05   -3.8833707161e-01   -5.6653497109e-01    7.3466637240e-01    4.9335354839e+01    4.9335354839e+01    9.8670709678e+01
    3.4944321650e+03    6.0978259125e+03   -1.0234762182e+05   -9.7265946782e-01   -1.0512603809e+00    6.0264510636e-01    4.9341170222e+01    4.9341170222e+01    9.8682340444e+01
    3.4937830370e+03    6.0966931765e+03   -1.0226746311e+05   -6.0890968530e-01   -5.6387993467e-01    6.8263180557e-01    4.9336715832e+01    4.9336715832e+01    9.8673431664e+01
    3.5039620445e+03    6.1144556662e+03   -1.0235423154e+05   -6.7563396599e-01   -7.6567122497e-01    6.8328867185e-01    4.9322684706e+01    4.9322684706e+01    9.8645369412e+01
    3.5314000178e+03    6.1623352577e+03   -1.0241787818e+05   -5.6124793170e-01   -8.0179324565e-01    9.6655292030e-01    4.9307071609e+01    4.9307071609e+01    9.8614143218e+01
    3.5117220082e+03    6.1279968957e+03   -1.0233771165e+05   -6.2012597820e-01   -5.8885473678e-01    7.3023410945e-01    4.9319134126e+01    4.9319134126e+01    9.8638268252e+01
    3.5520694309e+03    6.1984036308e+03   -1.0228969071e+05   -4.4242455729e-01   -5.7224895619e-01    8.2894612876e-01    4.9322460252e+01    4.9322460252e+01    9.8644920503e+01
    3.5182330226e+03    6.1393586937e+03   -1.0235986774e+05   -6.6637168719e-01   -7.4674677262e-01    6.8114037390e-01    4.9318392627e+01    4.9318392627e+01    9.8636785254e+01
    3.4992002351e+03    6.1061462519e+03   -1.0222702258e+05   -3.9996209703e-01   -4.0902062413e-01    8.9699351211e-01    4.9324768532e+01    4.9324768532e+01    9.8649537065e+01
    3.4897661543e+03    6.0896836682e+03   -1.0234903382e+05   -8.3482704587e-01   -1.0160897524e+00    6.0102607473e-01    4.9339639069e+01    4.9339639069e+01    9.8679278138e+01
    3.4586183051e+03    6.0353302987e+03   -1.0244448497e+05   -9.5160622404e-01   -9.6672435092e-01    2.0567000277e-01    4.9325359817e+01    4.9325359817e+01    9.8650719635e+01
    3.4789254670e+03    6.0707665392e+03   -1.0234848953e+05   -5.0685991310e-01   -7.0631670497e-01    5.5995912728e-01    4.9316152668e+01    4.9316152668e+01    9.8632305336e+01
    3.5140918846e+03    6.1321323584e+03   -1.0240583869e+05   -9.5028671824e-01   -6.8403877511e-01    3.2896498524e-01    4.9323219524e+01    4.9323219524e+01    9.8646439048e+01
    3.5223865622e+03    6.1466066701e+03   -1.0243536172e+05   -9.4105057218e-01   -6.7243004478e-01    6.6862961486e-01    4.9305878476e+01    4.9305878476e+01    9.8611756953e+01
    3.5041013083e+03    6.1146986833e+03   -1.0247289211e+05   -7.0940666680e-01   -1.0044202287e+00    5.6046971679e-01    4.9309931221e+01    4.9309931221e+01    9.8619862442e+01
    3.5427441230e+03    6.1821308570e+03   -1.0261871024e+05   -6.6849441156e-01   -7.8110546077e-01    7.2332323347e-01    4.9279685113e+01    4.9279685113e+01    9.8559370225e+01
    3.4892088750e+03    6.0887112091e+03   -1.0250895250e+05   -4.3995063866e-01   -5.7135777780e-01    9.0999707671e-01    4.9277769002e+01    4.9277769002e+01    9.8555538003e+01
    3.5304638929e+03    6.1607017087e+03   -1.0261576344e+05   -6.6031462381e-01   -3.5098417385e-01    9.2877143445e-01    4.9267432971e+01    4.9267432971e+01    9.8534865943e+01
    3.4902327238e+03    6.0904978374e+03   -1.0259180745e+05   -3.1958582056e-01   -1.8604260546e-01    1.0157800990e+00    4.9255907109e+01    4.9255907109e+01    9.8511814219e+01
    3.4959595473e+03    6.1004912129e+03   -1.0275006954e+05   -5.7853638114e-01   -4.4207692675e-01    6.4155797674e-01    4.9253632988e+01    4.9253632988e+01    9.8507265976e+01
    3.4797205464e+03    6.0721539622e+03   -1.0272438592e+05   -4.8929539124e-01   -6.0034412907e-01    7.8778255568e-01    4.9252197797e+01    4.9252197797e+01    9.8504395594e+01
    3.5026016722e+03    6.1120818004e+03   -1.0283239053e+05   -6.4716376787e-01   -6.1961869037e-01    5.6518416855e-01    4.9241393596e+01    4.9241393596e+01    9.8482787192e+01
    3.4859961790e+03    6.0831050162e+03   -1.0279648633e+05   -4.5372822097e-01   -5.4719189435e-01    7.5052958654e-01    4.9239286752e+01    4.9239286752e+01    9.8478573504e+01
    3.4908252325e+03    6.0915317722e+03   -1.0289930484e+05   -8.7732837928e-01   -6.8827628836e-01    5.8002720975e-01    4.9235890687e+01    4.9235890687e+01    9.8471781374e+01
    3.5031060915e+03    6.1129620181e+03   -1.0286794972e+05   -2.1722410106e-01   -3.5135269115e-01    9.1710679346e-01    4.9213192184e+01    4.9213192184e+01    9.8426384369e+01
    3.4790261276e+03    6.0709421931e+03   -1.0287727569e+05   -2.1707672162e-01   -2.8625390755e-01    1.0013573447e+00    4.9209978705e+01    4.9209978705e+01    9.8419957411e+01
    3.5093742855e+03    6.1239000915e+03   -1.0293441949e+05   -5.3967230171e-01   -7.4365446852e-01    1.0219052589e+00    4.9219069508e+01    4.9219069508e+01    9.8438139016e+01
    3.5008888400e+03    6.1090928877e+03   -1.0309361686e+05   -3.4500313992e-01   -4.4889092876e-01    5.7782760198e-01    4.9190410536e+01    4.9190410536e+01    9.8380821071e+01
    3.4871929588e+03    6.0851934112e+03   -1.0297425170e+05   -4.0559720309e-01   -3.7724897823e-01    7.6530365455e-01    4.9206560573e+01    4.9206560573e+01    9.8413121147e+01
    3.4706281172e+03    6.0562875646e+03   -1.0310468293e+05   -4.7615040108e-01   -4.3961032501e-01    6.7315169960e-01    4.9188025774e+01    4.9188025774e+01    9.8376051547e+01
    3.4866880164e+03    6.0843122807e+03   -1.0302402720e+05   -1.1478083736e-01   -3.5507293791e-01    9.3182023077e-01    4.9181710697e+01    4.9181710697e+01    9.8363421395e+01
    3.5100228108e+03    6.1250317760e+03   -1.0307027804e+05   -5.3763376845e-01   -6.3513773089e-01    8.3085525911e-01    4.9204048762e+01    4.9204048762e+01    9.8408097525e+01
    3.4833793540e+03    6.0785386252e+03   -1.0301983720e+05   -5.7231477280e-01   -4.6270441914e-01    6.1430371866e-01    4.9203809955e+01    4.9203809955e+01    9.8407619910e+01
    3.5135212693e+03    6.1311366278e+03   -1.0295241518e+05   -3.3226322284e-01   -5.3201788784e-01    5.9881780301e-01    4.9209939246e+01    4.9209939246e+01    9.8419878492e+01
    3.5310507386e+03    6.1617257614e+03   -1.0292127585e+05   -4.9528058127e-01   -4.3756760414e-01    7.1902738730e-01    4.9214831994e+01    4.9214831994e+01    9.8429663988e+01
    3.5461910955e+03    6.1881458652e+03   -1.0315780388e+05   -7.0749329865e-01   -8.4380760204e-01    5.0314143426e-01    4.9191950605e+01    4.9191950605e+01    9.8383901210e+01
    3.4557686337e+03    6.0303575881e+03   -1.0312608642e+05   -7.0250669354e-01   -8.0580851122e-01    5.5587879094e-01    4.9200538690e+01    4.9200538690e+01    9.8401077380e+01
    3.4943171428e+03    6.0976251975e+03   -1.0307927465e+05   -7.6249672165e-01   -8.0618579416e-01    2.6763340420e-01    4.9210203810e+01    4.9210203810e+01    9.8420407620e+01
    3.5211057122e+03    6.1443715713e+03   -1.0308535749e+05   -6.7717828859e-01   -4.8303160648e-01    7.1865992142e-01    4.9196919354e+01    4.9196919354e+01    9.8393838708e+01
    3.5502128998e+03    6.1951639618e+03   -1.0318590519e+05   -7.5935439306e-01   -6.4407067801e-01    6.4647510565e-01    4.9187842516e+01    4.9187842516e+01    9.8375685031e+01
    3.5407398122e+03    6.1786333106e+03   -1.0319996271e+05   -6.5676682730e-01   -7.1256072811e-01    3.7302058730e-01    4.9182791449e+01    4.9182791449e+01    9.8365582898e+01
    3.5292439852e+03    6.1585729552e+03   -1.0313188632e+05   -7.7256147662e-01   -6.5161933580e-01    4.9291282429e-01    4.9196632666e+01    4.9196632666e+01    9.8393265332e+01
    3.4643609013e+03    6.0453511979e+03   -1.0321029714e+05   -7.4122164440e-01   -7.6656181941e-01    6.4254930874e-01    4.9185569080e+01    4.9185569080e+01    9.8371138160e+01
    3.4907900642e+03    6.0914704031e+03   -1.0314204185e+05   -2.9259021148e-01   -3.3647645399e-01    7.5153189214e-01    4.9172057551e+01    4.9172057551e+01    9.8344115103e+01
    3.5001317385e+03    6.1077717365e+03   -1.0331576962e+05   -6.1068285152e-01   -3.5817221387e-01    9.1651214984e-01    4.9150715308e+01    4.9150715308e+01    9.8301430616e+01
    3.4851953754e+03    6.0817076043e+03   -1.0327263133e+05   -4.0976540390e-01   -1.8313474878e-01    6.5108673471e-01    4.9148730594e+01    4.9148730594e+01    9.8297461189e+01
    3.5388879257e+03    6.1754017466e+03   -1.0316827113e+05   -3.5293315447e-01   -3.1709916225e-01    9.6280659489e-01    4.9170003992e+01    4.9170003992e+01    9.8340007984e+01
    3.5172826281e+03    6.1377002439e+03   -1.0328990203e+05   -2.6957224665e-01   -4.5575156951e-01    8.2350892871e-01    4.9152934349e+01    4.9152934349e+01    9.8305868699e+01
    3.4748367076e+03    6.0636316052e+03   -1.0328544508e+05   -3.1024621931e-01   -4.1003804895e-01    9.4809294048e-01    4.9150359113e+01    4.9150359113e+01    9.8300718225e+01
    3.5073185282e+03    6.1203127705e+03   -1.0337202515e+05   -3.9958412573e-01   -3.0134349655e-01    9.3713393510e-01    4.9136206123e+01    4.9136206123e+01    9.8272412246e+01
    3.4783100023e+03    6.0696925460e+03   -1.0330449746e+05   -1.9218058743e-01   -3.0834101853e-01    8.2994663456e-01    4.9141499873e+01    4.9141499873e+01    9.8282999746e+01
    3.5158308044e+03    6.1351667942e+03   -1.0343508599e+05   -4.7583956715e-01   -4.6353376288e-01    8.4015636709e-01    4.9133757255e+01    4.9133757255e+01    9.8267514511e+01
    3.5089020416e+03    6.1230760204e+03   -1.0331603216e+05   -1.1196454389e-01   -3.5417844486e-01    1.0196600130e+00    4.9137492609e+01    4.9137492609e+01    9.8274985219e+01
    3.5020108962e+03    6.1110508892e+03   -1.0339388707e+05   -4.1452509007e-01   -4.1618746423e-01    7.5533133390e-01    4.9136171938e+01    4.9136171938e+01    9.8272343876e+01
    3.5009100631e+03    6.1091299223e+03   -1.0340280807e+05   -3.2683403376e-01   -5.1956157588e-01    8.0334093978e-01    4.9135640691e+01    4.9135640691e+01    9.8271281382e+01
    3.5167765235e+03    6.1368170854e+03   -1.0338701541e+05   -4.7272533003e-01   -5.8483345144e-01    7.3164339035e-01    4.9141136153e+01    4.9141136153e+01    9.8282272305e+01
    3.4834447780e+03    6.0786527909e+03   -1.0346905972e+05   -4.4782478115e-01   -5.6257096157e-01    7.5162293613e-01    4.9129955827e+01    4.9129955827e+01    9.8259911654e+01
    3.4555244731e+03    6.0299315251e+03   -1.0345795751e+05   -2.5533937042e-01   -4.0364295891e-01    7.4481494724e-01    4.9122067558e+01    4.9122067558e+01    9.8244135117e+01
    3.5016104185e+03    6.1103520507e+03   -1.0342744272e+05   -5.6524692774e-01   -4.8027411112e-01    6.2484125270e-01    4.9136299738e+01    4.9136299738e+01    9.8272599477e+01
    3.5068277779e+03    6.1194564053e+03   -1.0354931152e+05   -4.4904555526e-01   -5.3027152595e-01    7.2170374994e-01    4.9121023274e+01    4.9121023274e+01    9.8242046549e+01
    3.5475838656e+03    6.1905762657e+03   -1.0339228070e+05   -4.6679004367e-01   -6.1100578361e-01    6.5341218762e-01    4.9147511131e+01    4.9147511131e+01    9.8295022261e+01
    3.4782836716e+03    6.0696465986e+03   -1.0344267034e+05   -5.3757193085e-01   -7.0453742017e-01    6.8249978577e-01    4.9145436788e+01    4.9145436788e+01    9.8290873577e+01
    3.5048549795e+03    6.1160138486e+03   -1.0338249003e+05   -3.8703378097e-01   -5.1857001481e-01    7.6762782417e-01    4.9140582669e+01    4.9140582669e+01    9.8281165337e+01
    3.5094762173e+03    6.1240779637e+03   -1.0346404511e+05   -4.6227895941e-01   -5.7621010260e-01    5.4756144236e-01    4.9133389707e+01    4.9133389707e+01    9.8266779413e+01
    3.4902788147e+03    6.0905782666e+03   -1.0354048750e+05   -3.8847938215e-01   -3.7903354929e-01    7.0446937326e-01    4.9114395583e+01    4.9114395583e+01    9.8228791167e+01
    3.4623351498e+03    6.0418162373e+03   -1.0359098297e+05   -5.0989704279e-01   -2.0271933105e-01    7.2769980752e-01    4.9105814133e+01    4.9105814133e+01    9.8211628266e+01
    3.5213229866e+03    6.1447507179e+03   -1.0355038361e+05   -4.0653222794e-01   -1.0292033469e-01    8.0978273061e-01    4.9103469502e+01    4.9103469502e+01    9.8206939005e+01
    3.4851192849e+03    6.0815748255e+03   -1.0350135384e+05   -6.1065358044e-01   -6.2936415222e-01    4.8348926280e-01    4.9133623953e+01    4.9133623953e+01    9.8267247907e+01
    3.4551152385e+03    6.0292174057e+03   -1.0354536704e+05   -4.4479638746e-01   -4.6949146237e-01    8.1729009185e-01    4.9114196334e+01    4.9114196334e+01    9.8228392667e+01
    3.5008088570e+03    6.1089533163e+03   -1.0371720007e+05   -5.7339081536e-01   -7.1024193343e-01    1.9015614644e-01    4.9105736540e+01    4.9105736540e+01    9.8211473079e+01
    3.4991006463e+03    6.1059724683e+03   -1.0365937941e+05   -2.1945642040e-01   -2.6484355796e-01    5.8440018561e-01    4.9092689595e+01    4.9092689595e+01    9.8185379189e+01
    3.4597459764e+03    6.0372980987e+03   -1.0369969243e+05   -4.2005377657e-01   -2.9523018107e-01    6.5453323080e-01    4.9089678816e+01    4.9089678816e+01    9.8179357632e+01
    3.5037015943e+03    6.1140011776e+03   -1.0374834701e+05   -7.7876509227e-02   -2.1129906591e-01    7.0747571728e-01    4.9066418271e+01    4.9066418271e+01    9.8132836541e+01
    3.5158776510e+03    6.1352485421e+03   -1.0368876132e+05   -1.3971505857e-01   -1.2747689068e-01    8.9810128270e-01    4.9075749447e+01    4.9075749447e+01    9.8151498894e+01
    3.4782664427e+03    6.0696165339e+03   -1.0380211562e+05   -3.7566453289e-01   -2.6255404477e-01    8.4546294690e-01    4.9067350056e+01    4.9067350056e+01    9.8134700112e+01
    3.4916295217e+03    6.0929352665e+03   -1.0379759836e+05   -4.0307691876e-01   -4.6122445619e-01    6.7053360486e-01    4.9073587176e+01    4.9073587176e+01    9.8147174353e+01
    3.4832415972e+03    6.0782982380e+03   -1.0371868442e+05   -4.9224265072e-01   -6.3069319034e-01    4.2525576565e-01    4.9098037253e+01    4.9098037253e+01    9.8196074506e+01
    3.4553564142e+03    6.0296382602e+03   -1.0377681320e+05   -8.6930724484e-01   -7.9151409730e-01    3.0338600339e-01    4.9101175143e+01    4.9101175143e+01    9.8202350286e+01
    3.5064764923e+03    6.1188434078e+03   -1.0369966205e+05   -5.4884373287e-01   -4.7596868927e-01    4.9735058616e-01    4.9099759732e+01    4.9099759732e+01    9.8199519465e+01
    3.4926885760e+03    6.0947833289e+03   -1.0365783139e+05   -2.0073045798e-01   -2.1043682220e-01    8.3509282862e-01    4.9085624143e+01    4.9085624143e+01    9.8171248286e+01
    3.4817509477e+03    6.0756970368e+03   -1.0380821718e+05   -2.1668984922e-01   -1.6557009052e-01    9.3657567257e-01    4.9059200230e+01    4.9059200230e+01    9.8118400459e+01
    3.4820716921e+03    6.0762567396e+03   -1.0372961057e+05    6.5213629227e-02    1.0872205041e-01    1.1801308087e+00    4.9056745700e+01    4.9056745700e+01    9.8113491400e+01
    3.4991302094e+03    6.1060240562e+03   -1.0380051492e+05   -9.4798020295e-02   -2.9387487163e-01    8.2560760433e-01    4.9063622172e+01    4.9063622172e+01    9.8127244344e+01
    3.4991747430e+03    6.1061017679e+03   -1.0367806395e+05   -4.1985282191e-01   -1.3680439744e-01    6.9473579076e-01    4.9092050932e+01    4.9092050932e+01    9.8184101864e+01
    3.4401141689e+03    6.0030403599e+03   -1.0396337672e+05   -2.8359209069e-01   -4.9829139778e-01    5.3782630808e-01    4.9053583383e+01    4.9053583383e+01    9.8107166765e+01
    3.4914652938e+03    6.0926486869e+03   -1.0383718862e+05   -3.1689114179e-01   -2.9484467585e-01    6.7485949265e-01    4.9068876433e+01    4.9068876433e+01    9.8137752865e+01
    3.5167024224e+03    6.1366877780e+03   -1.0385777559e+05   -5.2127229001e-01   -7.0468105122e-01    5.9202001143e-01    4.9073311093e+01    4.9073311093e+01    9.8146622185e+01
    3.5264815516e+03    6.1537524754e+03   -1.0379021505e+05   -3.7371807939e-01   -2.2759180111e-01    4.8021159736e-01    4.9069241574e+01    4.9069241574e+01    9.8138483148e+01
    3.4696175943e+03    6.0545241901e+03   -1.0384406939e+05   -4.2066602422e-01   -5.7540383635e-01    3.7549820993e-01    4.9075283174e+01    4.9075283174e+01    9.8150566349e+01
    3.4940488083e+03    6.0971569506e+03   -1.0395749196e+05   -8.8935003187e-01   -8.7369778956e-01   -1.6869889167e-01    4.9077557001e+01    4.9077557001e+01    9.8155114002e+01
    3.5318457722e+03    6.1631131046e+03   -1.0401312082e+05   -6.1125026501e-01   -3.8338231810e-01    3.1396796233e-01    4.9049414650e+01    4.9049414650e+01    9.8098829299e+01
    3.4936462938e+03    6.0964545579e+03   -1.0410369155e+05   -5.1676936682e-01   -6.0214296631e-01    7.0605217326e-02    4.9040084423e+01    4.9040084423e+01    9.8080168846e+01
    3.5157357349e+03    6.1350008968e+03   -1.0418119590e+05   -6.0154338777e-01   -8.5057893494e-01   -1.7679112851e-01    4.9037035009e+01    4.9037035009e+01    9.8074070018e+01
    3.5172397593e+03    6.1376254374e+03   -1.0420319158e+05   -6.1563594661e-01   -5.3823055628e-01   -2.1850208382e-02    4.9026854414e+01    4.9026854414e+01    9.8053708829e+01
    3.5016001396e+03    6.1103341140e+03   -1.0431669903e+05   -6.2230957795e-01   -7.4803855003e-01   -7.6236649764e-02    4.9008293747e+01    4.9008293747e+01    9.8016587494e+01
    3.5073251208e+03    6.1203242746e+03   -1.0454574062e+05   -6.4811462133e-01   -7.2583959759e-01   -1.0453030404e-01    4.8976288595e+01    4.8976288595e+01    9.7952577189e+01
    3.5337120077e+03    6.1663697077e+03   -1.0460432255e+05   -6.3819284785e-01   -5.2423263905e-01   -2.4298389660e-01    4.8963732569e+01    4.8963732569e+01    9.7927465138e+01
    3.5412567017e+03    6.1795352890e+03   -1.0475317126e+05   -6.8336080809e-01   -5.9953636743e-01   -3.6633097195e-01    4.8946291082e+01    4.8946291082e+01    9.7892582164e+01
    3.5135150550e+03    6.1311257839e+03   -1.0475993808e+05   -6.6024164619e-01   -7.6501833005e-01   -3.9391612551e-01    4.8951745962e+01    4.8951745962e+01    9.7903491924e+01
    3.5129804976e+03    6.1301929748e+03   -1.0495503228e+05   -8.9903547570e-01   -8.3063136275e-01   -7.1387013688e-01    4.8932635580e+01    4.8932635580e+01    9.7865271161e+01
    3.4908031588e+03    6.0914932534e+03   -1.0474278422e+05   -5.5572649381e-01   -5.5412526411e-01   -4.0987700646e-01    4.8944677788e+01    4.8944677788e+01    9.7889355576e+01
    3.4606494647e+03    6.0388746967e+03   -1.0476446796e+05   -5.1852875831e-01   -4.0150572282e-01   -3.7874326720e-01    4.8935280609e+01    4.8935280609e+01    9.7870561217e+01
    3.5160024896e+03    6.1354663869e+03   -1.0493426198e+05   -6.4393884584e-01   -5.7490592517e-01   -5.2054418476e-01    4.8920923508e+01    4.8920923508e+01    9.7841847016e+01
    3.5075700284e+03    6.1207516414e+03   -1.0492576916e+05   -2.9919998428e-01   -2.3203732178e-01   -1.8103918528e-01    4.8899126300e+01    4.8899126300e+01    9.7798252600e+01
    3.5016761709e+03    6.1104667895e+03   -1.0484187433e+05    2.9940616219e-02   -2.0109762420e-01   -9.7656646764e-02    4.8902735268e+01    4.8902735268e+01    9.7805470536e+01
    3.4710450765e+03    6.0570151635e+03   -1.0503237373e+05   -1.4075761648e-01   -1.0362600923e-01    3.3812126434e-02    4.8876775886e+01    4.8876775886e+01    9.7753551773e+01
    3.4714749775e+03    6.0577653459e+03   -1.0500299367e+05   -1.7291479877e-01    3.1216338262e-02    1.3354074669e-02    4.8875949312e+01    4.8875949312e+01    9.7751898624e+01
    3.5047519522e+03    6.1158340647e+03   -1.0492128356e+05    2.1081320908e-01    3.3712713754e-01    2.5647032521e-01    4.8869180022e+01    4.8869180022e+01    9.7738360045e+01
    3.4993317803e+03    6.1063758000e+03   -1.0494553775e+05    1.0473819704e-01    2.8747524387e-02   -4.8082485345e-03    4.8878926227e+01    4.8878926227e+01    9.7757852454e+01
    3.4642521569e+03    6.0451614376e+03   -1.0490601159e+05    2.5374643397e-01    1.5396547240e-01    2.0427704475e-01    4.8877608544e+01    4.8877608544e+01    9.7755217089e+01
    3.4825412208e+03    6.0770760728e+03   -1.0501036953e+05   -2.9539771688e-01   -3.6863621435e-01   -1.7369913145e-01    4.8890452627e+01    4.8890452627e+01    9.7780905254e+01
    3.4938618771e+03    6.0968307534e+03   -1.0499731477e+05   -2.6184864282e-01   -1.7166861765e-01   -1.2481432700e-01    4.8887001871e+01    4.8887001871e+01    9.7774003743e+01
    3.4972294431e+03    6.1027071963e+03   -1.0504210328e+05   -4.1213823078e-01   -3.5032947476e-01   -2.9820921295e-01    4.8891600654e+01    4.8891600654e+01    9.7783201309e+01
    3.5286664195e+03    6.1575650961e+03   -1.0503122130e+05   -2.7350606104e-01   -3.0291489441e-01   -3.9557000003e-01    4.8891248695e+01    4.8891248695e+01    9.7782497391e+01
    3.5088760091e+03    6.1230305932e+03   -1.0501200479e+05   -4.6504660122e-01   -3.1172481511e-01   -4.1314479470e-01    4.8895545119e+01    4.8895545119e+01    9.7791090238e+01
    3.5146150658e+03    6.1330453158e+03   -1.0503009846e+05   -3.0547636289e-01   -3.6537694369e-01   -3.2857196655e-01    4.8888293571e+01    4.8888293571e+01    9.7776587143e+01
    3.5011009492e+03    6.1094630208e+03   -1.0499418820e+05   -3.8785014687e-01   -3.9203720571e-01   -4.5408423781e-01    4.8901814447e+01    4.8901814447e+01    9.7803628895e+01
    3.4614942812e+03    6.0403489115e+03   -1.0500205086e+05   -1.0679652805e-01   -1.3932725061e-01   -2.5051125734e-01    4.8883031529e+01    4.8883031529e+01    9.7766063059e+01
    3.4986897773e+03    6.1052554969e+03   -1.0502551090e+05   -7.8420363149e-02   -8.8080824601e-02   -1.0568674722e-01    4.8875470208e+01    4.8875470208e+01    9.7750940415e+01
    3.4563207868e+03    6.0313211020e+03   -1.0509183060e+05    1.2062668428e-02   -1.7580299684e-03    3.4974533339e-02    4.8862353210e+01    4.8862353210e+01    9.7724706419e+01
    3.5224591536e+03    6.1467333428e+03   -1.0507862327e+05   -3.1692490065e-01   -1.8793239264e-01   -2.4398950655e-01    4.8876189614e+01    4.8876189614e+01    9.7752379228e+01
    3.5036682866e+03    6.1139430552e+03   -1.0514136425e+05   -1.2688033289e-01   -1.4790472688e-01   -8.7429685351e-02    4.8862046033e+01    4.8862046033e+01    9.7724092065e+01
    3.5260538105e+03    6.1530060622e+03   -1.0500404844e+05   -4.1286344887e-02    6.6267103306e-02   -5.2227966814e-02    4.8874130381e+01    4.8874130381e+01    9.7748260761e+01
    3.5522345916e+03    6.1986918383e+03   -1.0492657902e+05   -2.0382398540e-01   -2.1424698804e-01   -3.2373785241e-01    4.8898822211e+01    4.8898822211e+01    9.7797644421e+01
    3.4881819666e+03    6.0869192417e+03   -1.0507930264e+05   -2.5379319569e-01   -2.6332389373e-01   -1.8386654326e-01    4.8875872155e+01    4.8875872155e+01    9.7751744310e+01
    3.4818974703e+03    6.0759527204e+03   -1.0505017028e+05   -1.8879925633e-01   -3.7538408382e-02   -3.0339458596e-01    4.8875450937e+01    4.8875450937e+01    9.7750901875e+01
    3.5580372486e+03    6.2088175441e+03   -1.0502287783e+05   -6.2673018139e-02    1.1445688077e-02    6.0083787490e-02    4.8870185999e+01    4.8870185999e+01    9.7740371998e+01
    3.4891358406e+03    6.0885837632e+03   -1.0503233804e+05   -2.9174725196e-01   -3.1348727107e-01   -2.0640560419e-01    4.8883359867e+01    4.8883359867e+01    9.7766719733e+01
    3.5460731398e+03    6.1879400310e+03   -1.0501639103e+05    1.2156723644e-01    8.3240080935e-02    1.2993567524e-02    4.8867183224e+01    4.8867183224e+01    9.7734366448e+01
    3.4291453459e+03    5.9838996325e+03   -1.0506949951e+05    1.0481502471e-01    1.6790987587e-01    5.9721484732e-02    4.8856548069e+01    4.8856548069e+01    9.7713096139e+01
    3.5122079435e+03    6.1288448586e+03   -1.0507999510e+05    1.7444072439e-01    2.3293166922e-01    9.8674385936e-02    4.8851001991e+01    4.8851001991e+01    9.7702003982e+01
    3.5057604269e+03    6.1175938651e+03   -1.0495738290e+05   -2.2409291738e-01   -1.3940090993e-01   -1.7128376891e-01    4.8891208241e+01    4.8891208241e+01    9.7782416482e+01
    3.5140593921e+03    6.1320756587e+03   -1.0510980342e+05   -3.8624568277e-01   -5.4945795987e-01   -4.1691584498e-01    4.8884224757e+01    4.8884224757e+01    9.7768449513e+01
    3.5072730008e+03    6.1202333247e+03   -1.0500569148e+05   -4.2171585438e-01   -5.8170315035e-01   -4.3692279315e-01    4.8900822271e+01    4.8900822271e+01    9.7801644543e+01
    3.5251274107e+03    6.1513894834e+03   -1.0494268175e+05   -5.3390115055e-01   -5.6986116683e-01   -6.3764802443e-01    4.8915209565e+01    4.8915209565e+01    9.7830419131e+01
    3.4939883018e+03    6.0970513661e+03   -1.0499551181e+05   -4.0898854292e-01   -4.7476662210e-01   -4.1255148337e-01    4.8900212652e+01    4.8900212652e+01    9.7800425304e+01
    3.5033957120e+03    6.1134674093e+03   -1.0499845825e+05   -2.9932579463e-01   -4.8598747018e-01   -4.8291232169e-01    4.8900160546e+01    4.8900160546e+01    9.7800321091e+01
    3.4944124602e+03    6.0977915275e+03   -1.0492139432e+05   -4.8715449217e-01   -5.1528797490e-01   -5.0121397762e-01    4.8913928872e+01    4.8913928872e+01    9.7827857745e+01
    3.5148125642e+03    6.1333899530e+03   -1.0501038119e+05   -6.6468831175e-01   -6.6268926237e-01   -6.3250321005e-01    4.8910671929e+01    4.8910671929e+01    9.7821343859e+01
    3.5057513653e+03    6.1175780526e+03   -1.0498498499e+05   -2.3285244255e-01   -2.6420884949e-01   -2.0973793259e-01    4.8891724481e+01    4.8891724481e+01    9.7783448963e+01
    3.4873247319e+03    6.0854233569e+03   -1.0491395884e+05   -2.4850400900e-01   -2.0960880182e-01   -1.9479413083e-01    4.8896598361e+01    4.8896598361e+01    9.7793196722e+01
    3.5220370502e+03    6.1459967674e+03   -1.0489175312e+05    8.3233150151e-02    1.3141863311e-01    4.5336208291e-02    4.8884295081e+01    4.8884295081e+01    9.7768590161e+01
    3.4679454680e+03    6.0516063096e+03   -1.0510606525e+05    4.0930303747e-02    1.4510483757e-01    1.3083440843e-01    4.8852831617e+01    4.8852831617e+01    9.7705663234e+01
    3.5430148221e+03    6.1826032301e+03   -1.0522401695e+05   -4.4609783479e-01   -4.5484440556e-01   -3.6522127001e-01    4.8866171173e+01    4.8866171173e+01    9.7732342345e+01
    3.5330710972e+03    6.1652513113e+03   -1.0506261029e+05    1.5319756432e-01    2.7689749121e-01    1.0627471099e-01    4.8859100510e+01    4.8859100510e+01    9.7718201019e+01
    3.5073023972e+03    6.1202846217e+03   -1.0515978099e+05   -1.6919486133e-01   -8.6188779842e-02    2.6612219476e-02    4.8856445819e+01    4.8856445819e+01    9.7712891638e+01
    3.4992572088e+03    6.1062456718e+03   -1.0505679620e+05    3.3294257675e-01    1.2424213271e-01    2.0062851048e-01    4.8853461258e+01    4.8853461258e+01    9.7706922515e+01
    3.4555704235e+03    6.0300117091e+03   -1.0510673109e+05   -2.0803565752e-01   -4.2231843291e-02   -2.2975025621e-01    4.8865378577e+01    4.8865378577e+01    9.7730757153e+01
    3.4765580599e+03    6.0666353855e+03   -1.0504690807e+05    2.1573431086e-01    2.1006652791e-01    1.3203530009e-01    4.8859835293e+01    4.8859835293e+01    9.7719670586e+01
    3.5260291846e+03    6.1529630896e+03   -1.0510499074e+05   -6.5001528973e-02   -8.5127747427e-02   -4.4266363761e-02    4.8861211681e+01    4.8861211681e+01    9.7722423362e+01
    3.4497017410e+03    6.0197707879e+03   -1.0498644403e+05   -1.9118146712e-01   -1.3630151833e-01   -1.0788406126e-01    4.8884159191e+01    4.8884159191e+01    9.7768318382e+01
    3.4918522107e+03    6.0933238615e+03   -1.0505086010e+05   -7.5377651648e-02   -1.2020824657e-01   -9.0487627880e-02    4.8872270233e+01    4.8872270233e+01    9.7744540466e+01
    3.4803856827e+03    6.0733146330e+03   -1.0504906792e+05   -1.5863231081e-01   -1.2758489687e-01   -1.1028006329e-01    4.8873637364e+01    4.8873637364e+01    9.7747274728e+01
    3.5082487933e+03    6.1219360942e+03   -1.0507539855e+05    1.3963305062e-01    1.3941800970e-01    1.1059846861e-01    4.8856799739e+01    4.8856799739e+01    9.7713599478e+01
    3.5424615779e+03    6.1816378125e+03   -1.0511536161e+05   -4.1196887933e-02    4.3047978963e-03    1.5879242676e-03    4.8857356316e+01    4.8857356316e+01    9.7714712632e+01
    3.4828502422e+03    6.0776153189e+03   -1.0499039597e+05    1.6740231951e-02   -4.5746255581e-02   -2.7771290086e-02    4.8877088094e+01    4.8877088094e+01    9.7754176187e+01
    3.4993910133e+03    6.1064791622e+03   -1.0495093096e+05   -2.9327371789e-01   -3.6641318757e-01   -2.6610924494e-01    4.8899537676e+01    4.8899537676e+01    9.7799075352e+01
    3.5166560112e+03    6.1366067900e+03   -1.0491741138e+05   -4.6345735942e-01   -3.5377394633e-01   -3.1587758501e-01    4.8905717132e+01    4.8905717132e+01    9.7811434264e+01
    3.4751780104e+03    6.0642271827e+03   -1.0502888644e+05   -4.8435454259e-01   -3.1342617902e-01   -3.7328480156e-01    4.8892301369e+01    4.8892301369e+01    9.7784602738e+01
    3.5203565640e+03    6.1430642988e+03   -1.0514834653e+05   -5.3848429823e-02    1.5246654135e-01    9.7075017362e-02    4.8848482195e+01    4.8848482195e+01    9.7696964391e+01
    3.4744488254e+03    6.0629547460e+03   -1.0510689664e+05    3.5172579246e-01    5.6125774841e-01    2.4951758288e-01    4.8835855971e+01    4.8835855971e+01    9.7671711941e+01
    3.5250159465e+03    6.1511949770e+03   -1.0522469551e+05    4.3729909700e-01    4.5397102906e-01    3.5759617887e-01    4.8816422452e+01    4.8816422452e+01    9.7632844904e+01
    3.4709592913e+03    6.0568654673e+03   -1.0514954638e+05    5.8725742698e-01    4.1580499684e-01    5.4150307593e-01    4.8820164030e+01    4.8820164030e+01    9.7640328060e+01
    3.5275964977e+03    6.1556980697e+03   -1.0510327971e+05    4.2231079260e-01    2.9206193307e-01    4.2472325133e-01    4.8838281922e+01    4.8838281922e+01    9.7676563845e+01
    3.5265572623e+03    6.1538845916e+03   -1.0510777683e+05    3.4919741113e-01    2.3248626750e-01    3.6113230961e-01    4.8839862774e+01    4.8839862774e+01    9.7679725549e+01
    3.4780643654e+03    6.0692639065e+03   -1.0513690518e+05    5.1221083891e-01    6.2222203069e-01    6.0677574438e-01    4.8818704298e+01    4.8818704298e+01    9.7637408596e+01
    3.4989792062e+03    6.1057605539e+03   -1.0513211580e+05    3.2850894122e-02    7.6446675504e-02   -8.7113297136e-03    4.8856762289e+01    4.8856762289e+01    9.7713524578e+01
    3.4782523171e+03    6.0695918846e+03   -1.0517908987e+05    4.2995921571e-02    3.6735264454e-02   -7.5677540353e-03    4.8846334413e+01    4.8846334413e+01    9.7692668827e+01
    3.5048821527e+03    6.1160612661e+03   -1.0503169749e+05    4.9670273115e-01    2.6164999066e-01    3.3811893437e-01    4.8847438940e+01    4.8847438940e+01    9.7694877880e+01
    3.5111078380e+03    6.1269251613e+03   -1.0496128159e+05    1.4362559884e-01    1.4438168783e-01    1.3572893695e-01    4.8870869106e+01    4.8870869106e+01    9.7741738212e+01
    3.5010918656e+03    6.1094471697e+03   -1.0503596588e+05   -2.2421045485e-01   -1.4979300620e-01   -1.4623066491e-01    4.8876462472e+01    4.8876462472e+01    9.7752924945e+01
    3.4775002075e+03    6.0682794442e+03   -1.0519699801e+05   -9.7573066095e-02   -2.2461829495e-01    2.5409609987e-02    4.8854375370e+01    4.8854375370e+01    9.7708750741e+01
    3.4718405454e+03    6.0584032663e+03   -1.0505724649e+05    5.4752583565e-02   -3.9371300746e-02   -6.8310382606e-02    4.8866204148e+01    4.8866204148e+01    9.7732408295e+01
    3.4827259191e+03    6.0773983735e+03   -1.0500429581e+05    7.2968466034e-02    3.1387506971e-02    9.5703652736e-02    4.8870073099e+01    4.8870073099e+01    9.7740146197e+01
    3.5363480828e+03    6.1709696903e+03   -1.0499480419e+05   -1.2512636570e-01   -1.8446771772e-01   -1.8931167296e-01    4.8881777865e+01    4.8881777865e+01    9.7763555731e+01
    3.4912267209e+03    6.0922323742e+03   -1.0501630370e+05   -2.1620411236e-01   -1.4237253305e-01   -5.1015728702e-03    4.8879367733e+01    4.8879367733e+01    9.7758735465e+01
    3.4971261268e+03    6.1025269082e+03   -1.0508286442e+05    3.7693611053e-02    3.8998920386e-02    5.7165440838e-02    4.8859113769e+01    4.8859113769e+01    9.7718227538e+01
    3.5234065616e+03    6.1483865811e+03   -1.0512295244e+05   -1.5021247408e-01   -3.0528695524e-01   -2.2728355402e-01    4.8867328639e+01    4.8867328639e+01    9.7734657279e+01
    3.4790000354e+03    6.0708966620e+03   -1.0506560568e+05    1.8293234376e-01    7.2531803249e-02    2.0367357474e-01    4.8856310327e+01    4.8856310327e+01    9.7712620654e+01
    3.5502865616e+03    6.1952925025e+03   -1.0504360558e+05   -2.1987580867e-01   -2.7251947068e-01   -3.2046187221e-01    4.8884252125e+01    4.8884252125e+01    9.7768504249e+01
    3.5033951406e+03    6.1134664121e+03   -1.0511893661e+05   -3.8082573576e-01   -4.3253241992e-01   -3.4410729928e-01    4.8879709040e+01    4.8879709040e+01    9.7759418079e+01
    3.5249228392e+03    6.1510325036e+03   -1.0512013932e+05   -1.7729482198e-01   -2.8504279563e-01   -1.2223252587e-01    4.8866967463e+01    4.8866967463e+01    9.7733934926e+01
    3.5159200678e+03    6.1353225600e+03   -1.0509598540e+05   -2.3262887594e-01   -2.7953868085e-01   -1.7386383093e-01    4.8872467505e+01    4.8872467505e+01    9.7744935010e+01
    3.4492019179e+03    6.0188985905e+03   -1.0506751591e+05    1.5357924536e-01    1.8467662469e-01    1.6081754718e-01    4.8854914687e+01    4.8854914687e+01    9.7709829374e+01
    3.5355227250e+03    6.1695294312e+03   -1.0503487784e+05    3.3041770643e-01    7.7249914348e-02    1.8799959526e-01    4.8858759537e+01    4.8858759537e+01    9.7717519074e+01
    3.4607192807e+03    6.0389965264e+03   -1.0503522299e+05    1.5181940457e-01    6.8036122085e-02    1.7148208031e-02    4.8862573485e+01    4.8862573485e+01    9.7725146971e+01
    3.4903286717e+03    6.0906652677e+03   -1.0495248704e+05   -1.3844092073e-01   -1.9045567494e-01   -2.4859556931e-01    4.8889375009e+01    4.8889375009e+01    9.7778750018e+01
    3.5234556859e+03    6.1484723036e+03   -1.0503517902e+05   -6.3586952175e-02   -9.4500253903e-02   -4.4677543041e-02    4.8875225682e+01    4.8875225682e+01    9.7750451363e+01
    3.4718403348e+03    6.0584028988e+03   -1.0497248269e+05   -2.8188360114e-02   -1.5804641410e-01    2.0118181366e-02    4.8879647602e+01    4.8879647602e+01    9.7759295204e+01
    3.4583734082e+03    6.0349029509e+03   -1.0517045581e+05   -1.6515209071e-01   -2.8352298809e-01   -3.3070554085e-01    4.8865571606e+01    4.8865571606e+01    9.7731143211e+01
    3.5088742360e+03    6.1230274992e+03   -1.0513047285e+05   -1.3087373651e-01   -2.8120301092e-01   -7.3137562914e-02    4.8866197042e+01    4.8866197042e+01    9.7732394084e+01
    3.4795302819e+03    6.0718219485e+03   -1.0517055922e+05    9.7361467810e-02    1.5483051110e-01    1.6399599675e-01    4.8842948286e+01    4.8842948286e+01    9.7685896572e+01
    3.5050524863e+03    6.1163585002e+03   -1.0516068258e+05    2.0621297549e-01    2.4158367311e-01    1.4441067842e-01    4.8840057860e+01    4.8840057860e+01    9.7680115721e+01
    3.4563241729e+03    6.0313270107e+03   -1.0517872927e+05    3.0262612083e-01    2.6872613978e-01    2.3435790431e-01    4.8835029595e+01    4.8835029595e+01    9.7670059190e+01
    3.5342937982e+03    6.1673849391e+03   -1.0516967326e+05    3.6151431395e-01    2.7782225150e-01    2.3466335693e-01    4.8834186189e+01    4.8834186189e+01    9.7668372379e+01
    3.5199322365e+03    6.1423238423e+03   -1.0522604070e+05    2.1322829598e-01    7.3026210724e-03    2.2836146588e-01    4.8832737924e+01    4.8832737924e+01    9.7665475847e+01
    3.4636245687e+03    6.0440662886e+03   -1.0516510114e+05    2.5737032730e-01    3.5471444044e-01    3.8210297146e-01    4.8831066997e+01    4.8831066997e+01    9.7662133993e+01
    3.4986543944e+03    6.1051937535e+03   -1.0514284008e+05    1.6711729986e-01    3.5329218030e-02    1.3558436400e-02    4.8851370281e+01    4.8851370281e+01    9.7702740562e+01
    3.4763084072e+03    6.0661997385e+03   -1.0515772348e+05    1.9039030093e-01    1.6943719014e-01    2.3325868239e-01    4.8839261192e+01    4.8839261192e+01    9.7678522384e+01
    3.4870856354e+03    6.0850061305e+03   -1.0508327544e+05   -5.0442808663e-02    7.5437572316e-02    1.8458218041e-02    4.8861136177e+01    4.8861136177e+01    9.7722272353e+01
    3.5343188128e+03    6.1674285900e+03   -1.0501643675e+05    1.4942931732e-01    1.5509728898e-01    2.1845904465e-01    4.8859009740e+01    4.8859009740e+01    9.7718019479e+01
    3.5173845321e+03    6.1378780677e+03   -1.0513368970e+05   -5.8171871405e-02    1.9909358743e-02   -4.5305878035e-03    4.8856632104e+01    4.8856632104e+01    9.7713264207e+01
    3.5149736338e+03    6.1336710213e+03   -1.0502905106e+05   -1.6808337492e-01   -5.2004506841e-02   -9.1367821486e-02    4.8873555708e+01    4.8873555708e+01    9.7747111416e+01
    3.4962043170e+03    6.1009183390e+03   -1.0506612117e+05   -1.7164166712e-01   -2.1954236049e-01   -8.2625279439e-02    4.8871719990e+01    4.8871719990e+01    9.7743439980e+01
    3.4871253938e+03    6.0850755094e+03   -1.0513412086e+05   -1.8783230512e-01   -2.2647404192e-01   -8.4679220448e-02    4.8861956883e+01    4.8861956883e+01    9.7723913766e+01
    3.5054187507e+03    6.1169976361e+03   -1.0509754543e+05    2.8788251121e-03   -1.8074052629e-02    1.7199957144e-01    4.8858528717e+01    4.8858528717e+01    9.7717057435e+01
    3.5020244397e+03    6.1110745227e+03   -1.0507011865e+05    6.9719216950e-02    3.7096662631e-02    7.3972088571e-03    4.8862498677e+01    4.8862498677e+01    9.7724997353e+01
    3.5077825782e+03    6.1211225433e+03   -1.0517111068e+05   -1.4695841191e-02   -6.6850004623e-02   -4.7255370285e-02    4.8852109751e+01    4.8852109751e+01    9.7704219503e+01
    3.4921921256e+03    6.0939170171e+03   -1.0512599724e+05    7.7905479181e-02    8.9644825032e-02    4.9626252733e-02    4.8851659257e+01    4.8851659257e+01    9.7703318514e+01
    3.5174987605e+03    6.1380773975e+03   -1.0516067252e+05   -3.1895672877e-01   -1.6773156897e-01   -3.4960237259e-01    4.8864947062e+01    4.8864947062e+01    9.7729894124e+01
    3.5344746289e+03    6.1677004909e+03   -1.0502368071e+05   -1.5721711685e-01   -1.4273691839e-01   -3.7167850559e-02    4.8879335367e+01    4.8879335367e+01    9.7758670735e+01
    3.4871082336e+03    6.0850455647e+03   -1.0510573608e+05    3.8805261441e-01    3.3887403219e-01    2.7227825081e-01    4.8839907362e+01    4.8839907362e+01    9.7679814724e+01
    3.5347060033e+03    6.1681042420e+03   -1.0518795364e+05   -5.2360214078e-02   -3.8446255558e-02   -2.5738231798e-01    4.8854753248e+01    4.8854753248e+01    9.7709506496e+01
    3.5072209899e+03    6.1201425649e+03   -1.0504898659e+05    4.2003719848e-02    1.0533223244e-01    2.4149071856e-02    4.8861421193e+01    4.8861421193e+01    9.7722842387e+01
    3.4689197244e+03    6.0533063986e+03   -1.0510463963e+05    2.1138046626e-01    3.3404508112e-01    1.5602829791e-01    4.8843532082e+01    4.8843532082e+01    9.7687064164e+01
    3.4572740806e+03    6.0329846110e+03   -1.0521996056e+05    6.4426232926e-02    1.5722747117e-01    2.1004640406e-01    4.8834517401e+01    4.8834517401e+01    9.7669034802e+01
    3.5268672629e+03    6.1544255463e+03   -1.0507160252e+05    4.4441040663e-01    3.9357367423e-01    4.6989121392e-01    4.8835634671e+01    4.8835634671e+01    9.7671269343e+01
    3.4806630059e+03    6.0737985653e+03   -1.0511591565e+05   -6.6403136040e-02    5.1045286745e-02    4.4967250577e-02    4.8857902365e+01    4.8857902365e+01    9.7715804729e+01
    3.5188944215e+03    6.1405128426e+03   -1.0516386181e+05   -2.2301120293e-02   -4.2323790627e-02   -3.4778043236e-02    4.8855358808e+01    4.8855358808e+01    9.7710717616e+01
    3.5128156904e+03    6.1299053843e+03   -1.0517506521e+05   -8.4810213807e-02   -1.2845058872e-01   -1.7896289769e-01    4.8859003272e+01    4.8859003272e+01    9.7718006544e+01
    3.5156625635e+03    6.1348732119e+03   -1.0522200526e+05   -6.4582404960e-02   -4.0333221687e-02   -4.9398649501e-02    4.8846850273e+01    4.8846850273e+01    9.7693700545e+01
    3.4623273525e+03    6.0418026309e+03   -1.0513639735e+05    1.8581778854e-01    3.8681119000e-01    3.2604234927e-01    4.8837485013e+01    4.8837485013e+01    9.7674970026e+01
    3.4941393238e+03    6.0973149011e+03   -1.0512503835e+05   -7.3785952315e-02   -6.9297918483e-02   -2.9398329779e-02    4.8859890253e+01    4.8859890253e+01    9.7719780507e+01
    3.4903183105e+03    6.0906471873e+03   -1.0509092144e+05   -2.1213368428e-01   -1.5563585606e-01   -1.9300619245e-01    4.8870596394e+01    4.8870596394e+01    9.7741192788e+01
    3.5157505976e+03    6.1350268325e+03   -1.0500248074e+05   -1.2874288915e-01   -1.2277811154e-01    9.4050577035e-02    4.8875074584e+01    4.8875074584e+01    9.7750149169e+01
    3.5024579755e+03    6.1118310479e+03   -1.0506889096e+05   -5.0531401836e-02   -1.3528680672e-01   -3.9881391520e-02    4.8871367041e+01    4.8871367041e+01    9.7742734082e+01
    3.4664738285e+03    6.0490382812e+03   -1.0511783289e+05   -2.3612257520e-01   -3.4183106641e-01   -1.5185350707e-01    4.8872173506e+01    4.8872173506e+01    9.7744347012e+01
    3.5270439454e+03    6.1547338594e+03   -1.0518394143e+05   -3.3125721375e-01   -3.8058556850e-01   -3.9026490910e-01    4.8870426888e+01    4.8870426888e+01    9.7740853776e+01
    3.4942534728e+03    6.0975140926e+03   -1.0508339806e+05   -1.6882069859e-01    2.1714249254e-02   -8.0227523492e-02    4.8863814576e+01    4.8863814576e+01    9.7727629152e+01
    3.4877367268e+03    6.0861422928e+03   -1.0522055005e+05   -3.5020770786e-01   -2.0062742610e-01   -3.0945535985e-01    4.8860723801e+01    4.8860723801e+01    9.7721447601e+01
    3.5046166182e+03    6.1155979052e+03   -1.0505679936e+05   -1.6792262643e-01   -1.0574291693e-01   -1.9791717181e-01    4.8873322738e+01    4.8873322738e+01    9.7746645477e+01
    3.4936374467e+03    6.0964391196e+03   -1.0516195458e+05    1.1562904890e-02    1.0627879176e-01   -8.5198796425e-03    4.8850569160e+01    4.8850569160e+01    9.7701138319e+01
    3.4846003618e+03    6.0806692985e+03   -1.0502623409e+05    7.3190273715e-02    1.3818635977e-02    1.4608073498e-01    4.8865089579e+01    4.8865089579e+01    9.7730179159e+01
    3.4988930878e+03    6.1056102763e+03   -1.0516230091e+05    1.2690730231e-01    1.5843377283e-01    8.2733048863e-02    4.8846608311e+01    4.8846608311e+01    9.7693216623e+01
    3.4896054104e+03    6.0894031681e+03   -1.0515678738e+05    1.6030089116e-01    2.6781592943e-01    3.1096577901e-01    4.8838132864e+01    4.8838132864e+01    9.7676265728e+01
    3.4869134387e+03    6.0847056452e+03   -1.0514269736e+05    6.8750420110e-02    4.0457052076e-02   -2.7235231024e-02    4.8849014673e+01    4.8849014673e+01    9.7698029347e+01
    3.5080823695e+03    6.1216456826e+03   -1.0513687990e+05   -3.3469531702e-02    1.0744887154e-02    5.7029724928e-02    4.8852764623e+01    4.8852764623e+01    9.7705529246e+01
    3.5170536673e+03    6.1373007046e+03   -1.0523260644e+05    1.6492980433e-01    1.8231694896e-01    1.8735533693e-01    4.8830805367e+01    4.8830805367e+01    9.7661610735e+01
    3.4847065964e+03    6.0808546791e+03   -1.0527553344e+05   -2.1156978292e-01   -1.4813168180e-01   -1.1655857739e-01    4.8845629595e+01    4.8845629595e+01    9.7691259189e+01
    3.5186483204e+03    6.1400833933e+03   -1.0510670508e+05   -9.1055968136e-02   -1.2129945657e-01   -2.3096680658e-01    4.8868155833e+01    4.8868155833e+01    9.7736311666e+01
    3.4935831169e+03    6.0963443136e+03   -1.0514007053e+05   -2.8443262324e-01   -2.5621760863e-01   -1.9713685093e-01    4.8867505155e+01    4.8867505155e+01    9.7735010310e+01
    3.4842227836e+03    6.0800104199e+03   -1.0528918514e+05   -1.1860056203e-01   -2.3625833740e-01   -1.5673247059e-01    4.8845391826e+01    4.8845391826e+01    9.7690783651e+01
    3.4342386647e+03    5.9927875349e+03   -1.0510624523e+05    5.0508387063e-01    4.1223004638e-01    5.3699088562e-01    4.8829712037e+01    4.8829712037e+01    9.7659424075e+01
    3.4755042190e+03    6.0647964205e+03   -1.0522975704e+05    7.4444426923e-02    4.3713788283e-02    1.0100911517e-01    4.8836121362e+01    4.8836121362e+01    9.7672242724e+01
    3.5114079280e+03    6.1274488220e+03   -1.0536642265e+05    1.5482888370e-01    2.6335824450e-01    2.0235135029e-01    4.8811255560e+01    4.8811255560e+01    9.7622511120e+01
    3.4893056411e+03    6.0888800671e+03   -1.0526337223e+05    3.2408536815e-01    2.0198553041e-01    3.4543050375e-01    4.8820126213e+01    4.8820126213e+01    9.7640252426e+01
    3.4926064607e+03    6.0946400368e+03   -1.0518820305e+05    1.2796492024e-01    1.6245610293e-01    2.0687534565e-01    4.8835313030e+01    4.8835313030e+01    9.7670626060e+01
    3.4707279892e+03    6.0564618424e+03   -1.0518371770e+05    7.0735927086e-02    1.1924753962e-01    1.2542688671e-01    4.8838572221e+01    4.8838572221e+01    9.7677144441e+01
    3.4996164624e+03    6.1068725735e+03   -1.0526841191e+05    2.0190327636e-01    9.2413669535e-02    8.1812935150e-02    4.8829803205e+01    4.8829803205e+01    9.7659606410e+01
    3.4803888466e+03    6.0733201540e+03   -1.0521244535e+05    3.4013812072e-01    3.7991031974e-01    4.2206480713e-01    4.8822837360e+01    4.8822837360e+01    9.7645674719e+01
    3.5182184565e+03    6.1393332756e+03   -1.0507560764e+05    3.0560450822e-01    3.4245265166e-01    3.3264241464e-01    4.8841783996e+01    4.8841783996e+01    9.7683567993e+01
    3.4847079812e+03    6.0808570956e+03   -1.0514938193e+05    3.1925875041e-01    2.4126122015e-01    3.5794824194e-01    4.8837609523e+01    4.8837609523e+01    9.7675219045e+01
    3.5218183724e+03    6.1456151720e+03   -1.0519281333e+05   -3.3710126274e-02   -2.2281089982e-01   -1.8043768755e-01    4.8855611530e+01    4.8855611530e+01    9.7711223060e+01
    3.5096617780e+03    6.1244017693e+03   -1.0511427170e+05   -5.5471991678e-02   -6.5707117696e-02   -9.6050204242e-02    4.8861325403e+01    4.8861325403e+01    9.7722650806e+01
    3.5059919747e+03    6.1179979188e+03   -1.0506347285e+05   -1.9264273691e-01   -3.0519048211e-01   -2.7947431256e-01    4.8880036794e+01    4.8880036794e+01    9.7760073588e+01
    3.5150336507e+03    6.1337757514e+03   -1.0505263653e+05   -1.2843878478e-01   -2.0751378506e-01   -2.2477113681e-01    4.8876591437e+01    4.8876591437e+01    9.7753182874e+01
    3.5068512333e+03    6.1194973353e+03   -1.0498827285e+05   -2.5547260657e-01   -2.1294869315e-01   -2.3086160866e-01    4.8885584217e+01    4.8885584217e+01    9.7771168433e+01
    3.5072856669e+03    6.1202554272e+03   -1.0503433707e+05   -1.2384180352e-01   -1.8989070417e-01   -1.7233377938e-01    4.8877208513e+01    4.8877208513e+01    9.7754417026e+01
    3.4682954141e+03    6.0522169698e+03   -1.0505107221e+05    5.8457432486e-02   -3.0149988178e-02    7.7643932674e-02    4.8864092648e+01    4.8864092648e+01    9.7728185296e+01
    3.5078098430e+03    6.1211701207e+03   -1.0504792665e+05   -4.3857552747e-01   -5.7057441617e-01   -3.5490672973e-01    4.8893233812e+01    4.8893233812e+01    9.7786467624e+01
    3.4940844319e+03    6.0972191142e+03   -1.0505573406e+05   -2.8509940512e-03    1.1287799005e-01   -3.8642377952e-02    4.8866012446e+01    4.8866012446e+01    9.7732024892e+01
    3.5123354895e+03    6.1290674279e+03   -1.0505439157e+05   -6.7986063830e-02   -2.1528561575e-02   -8.9998705969e-03    4.8868573888e+01    4.8868573888e+01    9.7737147777e+01
    3.5053060408e+03    6.1168009559e+03   -1.0518036429e+05   -2.9368309875e-01   -3.1082248600e-01   -3.1219696854e-01    4.8867931366e+01    4.8867931366e+01    9.7735862732e+01
    3.5199723694e+03    6.1423938747e+03   -1.0511577609e+05    1.5307229193e-01    4.0020761090e-02    7.2811781548e-02    4.8854696819e+01    4.8854696819e+01    9.7709393637e+01
    3.4999037248e+03    6.1073738498e+03   -1.0517642218e+05   -1.6229685821e-01   -2.1386720343e-01   -1.6015791375e-01    4.8858754103e+01    4.8858754103e+01    9.7717508206e+01
    3.5024740689e+03    6.1118591311e+03   -1.0520865624e+05    1.7984775321e-01    1.0184340004e-01    2.4197424062e-01    4.8833859276e+01    4.8833859276e+01    9.7667718552e+01
    3.5107963057e+03    6.1263815338e+03   -1.0502206843e+05    1.8917041754e-01    2.4343937028e-01    2.6213119658e-01    4.8855925483e+01    4.8855925483e+01    9.7711850966e+01
    3.5184102680e+03    6.1396679890e+03   -1.0518916397e+05   -7.3408655796e-02   -6.1387651020e-02    8.9615009983e-02    4.8846437992e+01    4.8846437992e+01    9.7692875983e+01
    3.5203746973e+03    6.1430959416e+03   -1.0511699446e+05    1.9041411791e-01    6.8044230975e-02   -4.5944250213e-02    4.8851795675e+01    4.8851795675e+01    9.7703591350e+01
    3.5159319042e+03    6.1353432146e+03   -1.0501436629e+05   -1.1498186103e-01   -1.6777813696e-01   -1.1275665284e-01    4.8878080931e+01    4.8878080931e+01    9.7756161863e+01
    3.4960255990e+03    6.1006064740e+03   -1.0506798605e+05    4.4242874171e-02    8.1148878308e-02    1.1032982218e-01    4.8859554846e+01    4.8859554846e+01    9.7719109693e+01
    3.4948328329e+03    6.0985250828e+03   -1.0499555989e+05   -8.1073077809e-02   -9.6566846310e-02   -2.4217442734e-01    4.8880978216e+01    4.8880978216e+01    9.7761956432e+01
    3.5198301358e+03    6.1421456753e+03   -1.0491336781e+05   -4.0551661746e-01   -2.8228871603e-01   -2.8836538078e-01    4.8906221961e+01    4.8906221961e+01    9.7812443921e+01
    3.5101814055e+03    6.1253085255e+03   -1.0507190421e+05   -4.9429951168e-01   -5.5951597322e-01   -5.8709312320e-01    4.8896851187e+01    4.8896851187e+01    9.7793702374e+01
    3.4838791210e+03    6.0794107246e+03   -1.0516927620e+05   -4.8752140106e-01   -4.2856892844e-01   -4.6562174587e-01    4.8874036211e+01    4.8874036211e+01    9.7748072423e+01
    3.4867716771e+03    6.0844582696e+03   -1.0510284951e+05    1.2976038632e-02   -1.7515756984e-01   -2.7149461657e-01    4.8870284028e+01    4.8870284028e+01    9.7740568056e+01
    3.5129011738e+03    6.1300545537e+03   -1.0515389524e+05   -6.6529405798e-02   -1.9906601433e-01   -1.2097017533e-01    4.8858143767e+01    4.8858143767e+01    9.7716287535e+01
    3.5362168772e+03    6.1707407350e+03   -1.0518092726e+05    6.4895803791e-02    9.4936406885e-02    1.5072461402e-01    4.8840951853e+01    4.8840951853e+01    9.7681903706e+01
    3.4848260884e+03    6.0810631941e+03   -1.0514234296e+05   -5.5966271662e-02    4.7788745830e-02    4.4788151988e-02    4.8851084980e+01    4.8851084980e+01    9.7702169960e+01
    3.5120749926e+03    6.1286128577e+03   -1.0510681951e+05    3.8088735465e-02   -3.0408237078e-03    1.6917596172e-02    4.8857014027e+01    4.8857014027e+01    9.7714028053e+01
    3.4696642375e+03    6.0546055830e+03   -1.0514057618e+05    1.0072938931e-02    2.4332085668e-02    1.7326047785e-02    4.8854596204e+01    4.8854596204e+01    9.7709192409e+01
    3.5111488683e+03    6.1269967597e+03   -1.0517850321e+05   -2.5585525308e-01   -3.1014557722e-01   -2.9065088349e-01    4.8866607418e+01    4.8866607418e+01    9.7733214837e+01
    3.5068051518e+03    6.1194169225e+03   -1.0510029659e+05    7.3543625079e-02   -3.7913949692e-02    2.0160948058e-02    4.8857657369e+01    4.8857657369e+01    9.7715314738e+01
    3.4676426576e+03    6.0510779018e+03   -1.0516501019e+05   -2.7044731449e-01   -1.2256306887e-01   -2.9133758616e-01    4.8859543215e+01    4.8859543215e+01    9.7719086430e+01
    3.4904566710e+03    6.0908886280e+03   -1.0516013079e+05   -2.2868817709e-01   -1.3244258183e-01   -2.8071309486e-01    4.8863305097e+01    4.8863305097e+01    9.7726610194e+01
    3.5148876753e+03    6.1335210227e+03   -1.0509162602e+05    1.4776845049e-01    3.9557108329e-02    2.0621707241e-01    4.8851377431e+01    4.8851377431e+01    9.7702754862e+01
    3.5086008890e+03    6.1225505055e+03   -1.0517568175e+05    8.4697368404e-02    2.7825992642e-01    2.5299631197e-01    4.8835225592e+01    4.8835225592e+01    9.7670451184e+01
    3.5309025019e+03    6.1614670865e+03   -1.0527940525e+05   -1.4064024896e-01   -3.0049102379e-01   -1.3149079621e-01    4.8846024569e+01    4.8846024569e+01    9.7692049138e+01
    3.5311234203e+03    6.1618525919e+03   -1.0517095280e+05    3.4066525632e-01    2.1536822657e-01    2.8397619074e-01    4.8837363780e+01    4.8837363780e+01    9.7674727560e+01
    3.5086427824e+03    6.1226236099e+03   -1.0513064593e+05    2.3117165289e-01    1.5795972782e-01    1.9608789331e-01    4.8843202658e+01    4.8843202658e+01    9.7686405317e+01
    3.4735632488e+03    6.0614094042e+03   -1.0517942595e+05    1.8269545703e-02   -4.3616729853e-03    1.7570508720e-01    4.8844653989e+01    4.8844653989e+01    9.7689307978e+01
    3.5183643897e+03    6.1395879308e+03   -1.0503239424e+05    2.6020290749e-03   -1.0449277016e-01    1.0000685342e-02    4.8871201442e+01    4.8871201442e+01    9.7742402885e+01
    3.4705201113e+03    6.0560990930e+03   -1.0519078365e+05   -8.3960174287e-02   -4.8388445353e-02   -4.4438488895e-02    4.8848743519e+01    4.8848743519e+01    9.7697487038e+01
    3.5038119407e+03    6.1141937333e+03   -1.0509929315e+05    2.5365399164e-01    2.0929654092e-01    1.1297835927e-01    4.8847625250e+01    4.8847625250e+01    9.7695250501e+01
    3.4868687745e+03    6.0846277057e+03   -1.0520189256e+05    9.7983862131e-03    6.1690434695e-02   -6.9005948195e-02    4.8843844642e+01    4.8843844642e+01    9.7687689285e+01
    3.5198100768e+03    6.1421106721e+03   -1.0512916986e+05   -1.4144482641e-02    3.6092662810e-02    1.3145359410e-01    4.8853753376e+01    4.8853753376e+01    9.7707506753e+01
    3.5098793761e+03    6.1247814806e+03   -1.0507063065e+05    3.6512936890e-03   -2.4492955934e-02    1.9550350931e-02    4.8862431556e+01    4.8862431556e+01    9.7724863111e+01
    3.4954214556e+03    6.0995522365e+03   -1.0513011077e+05    3.5251631436e-02    4.9353330991e-02    1.3909886748e-01    4.8852426284e+01    4.8852426284e+01    9.7704852569e+01
    3.5021123907e+03    6.1112279983e+03   -1.0516806015e+05   -1.8088296814e-01   -8.8272108004e-02   -1.5931280155e-01    4.8858927645e+01    4.8858927645e+01    9.7717855291e+01
    3.4886303560e+03    6.0877016866e+03   -1.0528160441e+05    1.4756110345e-01    1.0903401143e-01   -2.7905164402e-02    4.8828222351e+01    4.8828222351e+01    9.7656444702e+01
    3.4671618593e+03    6.0502389031e+03   -1.0511955014e+05    5.3564434235e-01    5.0517168563e-01    5.6285202636e-01    4.8823368871e+01    4.8823368871e+01    9.7646737741e+01
    3.5291611887e+03    6.1584284741e+03   -1.0510603188e+05    2.3209052939e-01    2.3488862342e-01    3.0347799305e-01    4.8843314086e+01    4.8843314086e+01    9.7686628171e+01
    3.4982825801e+03    6.1045449330e+03   -1.0517816702e+05    3.4498978617e-01    3.7151129997e-01    3.8922019346e-01    4.8826032722e+01    4.8826032722e+01    9.7652065443e+01
    3.5154141895e+03    6.1344397963e+03   -1.0518123039e+05    2.4928644743e-01    1.9992115862e-01    1.1466826812e-01    4.8836199362e+01    4.8836199362e+01    9.7672398725e+01
    3.5157085729e+03    6.1349534988e+03   -1.0523153309e+05    3.2764367871e-02    9.1462881710e-02    9.9353962412e-02    4.8835091634e+01    4.8835091634e+01    9.7670183267e+01
    3.4802110211e+03    6.0730098464e+03   -1.0514661961e+05    3.0805542828e-02    1.1043016515e-01    1.2157420713e-01    4.8846134933e+01    4.8846134933e+01    9.7692269866e+01
    3.5328608033e+03    6.1648843459e+03   -1.0514372144e+05    5.8418171178e-01    6.3289533389e-01    5.0745713647e-01    4.8819699425e+01    4.8819699425e+01    9.7639398849e+01
    3.5328698899e+03    6.1649002021e+03   -1.0519256164e+05    1.1405167640e-01   -8.2148941647e-03    2.5333839517e-01    4.8837669856e+01    4.8837669856e+01    9.7675339712e+01
    3.4421034600e+03    6.0065116967e+03   -1.0512406342e+05    2.5767578355e-01    2.7712505692e-01    3.4413417123e-01    4.8837268324e+01    4.8837268324e+01    9.7674536648e+01
    3.5169884084e+03    6.1371868271e+03   -1.0518244655e+05    2.1600581368e-01    1.1272171058e-01    1.4087426270e-01    4.8840610026e+01    4.8840610026e+01    9.7681220053e+01
    3.5341549573e+03    6.1671426601e+03   -1.0518113384e+05    1.2232795059e-01    3.0066363567e-01    2.4139340752e-01    4.8835096081e+01    4.8835096081e+01    9.7670192162e+01
    3.4432905212e+03    6.0085831326e+03   -1.0514768833e+05    4.3618413254e-01    4.1125255663e-01    2.2971852171e-01    4.8832659787e+01    4.8832659787e+01    9.7665319574e+01
    3.5040031322e+03    6.1145273649e+03   -1.0511043518e+05    4.4070070062e-01    3.2289768577e-01    3.1156377387e-01    4.8837893564e+01    4.8837893564e+01    9.7675787128e+01
    3.5083205027e+03    6.1220612279e+03   -1.0510015340e+05    1.0606394575e-01    1.4372023685e-01    6.0846267179e-02    4.8853211880e+01    4.8853211880e+01    9.7706423760e+01
    3.4729690742e+03    6.0603725625e+03   -1.0511486552e+05    1.4361741403e-01    5.4016697798e-03    4.2695664970e-02    4.8851113882e+01    4.8851113882e+01    9.7702227764e+01
    3.5083428309e+03    6.1221001909e+03   -1.0516340989e+05    2.9450128235e-01    2.2693184217e-01    2.7781856674e-01    4.8833285520e+01    4.8833285520e+01    9.7666571040e+01
    3.5193687753e+03    6.1413405958e+03   -1.0513228445e+05    1.5985184933e-01    3.0542592786e-01    1.7806455788e-01    4.8840035600e+01    4.8840035600e+01    9.7680071199e+01
    3.5150337957e+03    6.1337760046e+03   -1.0511914985e+05    1.4543586778e-01    2.5204563341e-01    2.4047039325e-01    4.8842562122e+01    4.8842562122e+01    9.7685124245e+01
    3.4841424938e+03    6.0798703134e+03   -1.0514134865e+05   -2.0982852746e-01   -2.4067657582e-01   -1.7837793971e-01    4.8865078564e+01    4.8865078564e+01    9.7730157127e+01
    3.4899331894e+03    6.0899751464e+03   -1.0512217313e+05   -1.1433675284e-02    9.6549571551e-03   -6.8519112055e-02    4.8857575165e+01    4.8857575165e+01    9.7715150330e+01
    3.5082547563e+03    6.1219464997e+03   -1.0517559007e+05    1.2555298771e-01    1.8270202584e-01    1.0305569450e-01    4.8839303137e+01    4.8839303137e+01    9.7678606273e+01
    3.5238662370e+03    6.1491887201e+03   -1.0506318384e+05   -3.2553080605e-02   -3.8739955953e-02   -2.4438086663e-02    4.8864340265e+01    4.8864340265e+01    9.7728680531e+01
    3.4684213299e+03    6.0524366943e+03   -1.0515300126e+05   -1.7530287798e-02   -2.9921485368e-02   -9.5297676995e-02    4.8857125590e+01    4.8857125590e+01    9.7714251179e+01
    3.4939340599e+03    6.0969567132e+03   -1.0514703793e+05    2.9294776334e-02    4.5018742063e-03    2.7656873692e-02    4.8852076751e+01    4.8852076751e+01    9.7704153501e+01
    3.5435842232e+03    6.1835968418e+03   -1.0520212331e+05   -1.4757984984e-01   -1.0040005943e-01    6.2504949748e-02    4.8846554099e+01    4.8846554099e+01    9.7693108198e+01
    3.5184394052e+03    6.1397188338e+03   -1.0518141625e+05   -1.7463894686e-04    5.9517120350e-02   -1.9708695246e-02    4.8848766086e+01    4.8848766086e+01    9.7697532171e+01
    3.4889189907e+03    6.0882053575e+03   -1.0505957113e+05   -4.6191598724e-02    1.1917103601e-02   -2.4487150207e-02    4.8867858430e+01    4.8867858430e+01    9.7735716861e+01
    3.5301542991e+03    6.1601614638e+03   -1.0503583709e+05   -4.0543794518e-01   -4.5767456870e-01   -4.1234769846e-01    4.8894776836e+01    4.8894776836e+01    9.7789553673e+01
    3.4956734688e+03    6.0999920026e+03   -1.0502827201e+05   -2.9693791698e-01   -2.4076053908e-01   -1.9747069327e-01    4.8880374124e+01    4.8880374124e+01    9.7760748247e+01
    3.5192865428e+03    6.1411970991e+03   -1.0519448555e+05   -3.1791048388e-01   -4.5558900382e-01   -2.8283574930e-01    4.8863973769e+01    4.8863973769e+01    9.7727947537e+01
    3.4955690447e+03    6.0998097812e+03   -1.0513675517e+05   -2.1668462278e-01   -2.7747865610e-01   -2.5433137024e-01    4.8868266921e+01    4.8868266921e+01    9.7736533842e+01
    3.5000100068e+03    6.1075593133e+03   -1.0512711807e+05   -5.7149940987e-02   -1.0062603722e-01   -1.2630945027e-01    4.8862218475e+01    4.8862218475e+01    9.7724436949e+01
    3.4886277234e+03    6.0876970926e+03   -1.0529285512e+05   -8.0457676450e-02    7.1178903239e-02    8.0724494816e-02    4.8833030576e+01    4.8833030576e+01    9.7666061152e+01
    3.4875536812e+03    6.0858228761e+03   -1.0527230037e+05    4.9634665457e-01    3.3968945209e-01    4.4820531326e-01    4.8809260686e+01    4.8809260686e+01    9.7618521372e+01
    3.5573338748e+03    6.2075901484e+03   -1.0517299399e+05    3.5092390803e-01    4.0040571360e-01    4.1029058821e-01    4.8825972545e+01    4.8825972545e+01    9.7651945089e+01
    3.4950783480e+03    6.0989535096e+03   -1.0514489786e+05    4.5469303778e-01    5.0845078775e-01    4.8869519183e-01    4.8824074725e+01    4.8824074725e+01    9.7648149451e+01
    3.5068623286e+03    6.1195166968e+03   -1.0508162376e+05    5.0905434222e-01    5.4803759939e-01    3.8381380967e-01    4.8831556948e+01    4.8831556948e+01    9.7663113896e+01
    3.4949825677e+03    6.0987863718e+03   -1.0515130855e+05    3.7463106738e-01    4.6862105004e-01    3.1298949015e-01    4.8829189239e+01    4.8829189239e+01    9.7658378479e+01
    3.4736590805e+03    6.0615766317e+03   -1.0520358029e+05    2.8711626246e-01    2.2012417545e-01    3.8060665318e-01    4.8827678952e+01    4.8827678952e+01    9.7655357905e+01
    3.5233343124e+03    6.1482605054e+03   -1.0516549548e+05    3.4792321976e-01    2.5352578224e-01    4.7005397508e-01    4.8832687080e+01    4.8832687080e+01    9.7665374161e+01
    3.4980953395e+03    6.1042181959e+03   -1.0515939496e+05   -4.1433221022e-02   -6.4638602254e-02    6.1457551448e-02    4.8851795498e+01    4.8851795498e+01    9.7703590996e+01
    3.5235624385e+03    6.1486585881e+03   -1.0500244107e+05    3.6417401245e-02   -4.1702888250e-02    3.4758452773e-02    4.8873438445e+01    4.8873438445e+01    9.7746876890e+01
    3.5216995879e+03    6.1454078916e+03   -1.0510668328e+05   -1.4914107490e-01   -1.4128299275e-01   -1.4794428147e-01    4.8865646647e+01    4.8865646647e+01    9.7731293294e+01
    3.4824235205e+03    6.0768706843e+03   -1.0518119388e+05   -1.3722578535e-01    9.2072499734e-02    1.7035317856e-02    4.8848615461e+01    4.8848615461e+01    9.7697230922e+01
    3.5308523547e+03    6.1613795792e+03   -1.0506193109e+05    1.0980556149e-02   -9.8460724285e-03    4.7117623627e-02    4.8863970281e+01    4.8863970281e+01    9.7727940562e+01
    3.4818972699e+03    6.0759523708e+03   -1.0506782776e+05    3.4282283722e-02    5.3369757672e-02   -7.5869970496e-03    4.8861950583e+01    4.8861950583e+01    9.7723901165e+01
    3.4749920430e+03    6.0639026672e+03   -1.0512992213e+05   -2.2168184123e-02   -2.1767024456e-02   -5.6936648611e-02    4.8854686166e+01    4.8854686166e+01    9.7709372332e+01
    3.4277773944e+03    5.9815125408e+03   -1.0515442402e+05    5.7981621706e-02    1.7686302315e-01   -3.0235468013e-02    4.8847393358e+01    4.8847393358e+01    9.7694786717e+01
    3.5062413537e+03    6.1184330880e+03   -1.0516793348e+05   -2.2968120564e-01   -2.3302238770e-01   -1.9990445843e-01    4.8863057898e+01    4.8863057898e+01    9.7726115796e+01
    3.4809571970e+03    6.0743119323e+03   -1.0510859398e+05   -2.4185550147e-01   -2.7479095968e-01   -8.7947748404e-02    4.8872457612e+01    4.8872457612e+01    9.7744915224e+01
    3.4822713209e+03    6.0766050943e+03   -1.0509781202e+05   -7.4173713071e-02   -1.5739172064e-01   -4.0111229156e-02    4.8861791103e+01    4.8861791103e+01    9.7723582206e+01
    3.5422826193e+03    6.1813255275e+03   -1.0518095936e+05    1.8271681657e-02    5.8968681040e-02   -4.7367253863e-03    4.8846992361e+01    4.8846992361e+01    9.7693984722e+01
    3.4893672371e+03    6.0889875529e+03   -1.0511345500e+05   -8.5454050274e-02   -9.2441113991e-02   -1.9633466621e-01    4.8863671099e+01    4.8863671099e+01    9.7727342198e+01
    3.5238089432e+03    6.1490887418e+03   -1.0502567853e+05   -1.9138981116e-01   -1.0845326693e-01   -2.0525331598e-02    4.8873114466e+01    4.8873114466e+01    9.7746228932e+01
    3.5221718545e+03    6.1462320025e+03   -1.0503876964e+05   -3.4025691130e-01   -3.5649929906e-01   -2.3331883921e-01    4.8885036200e+01    4.8885036200e+01    9.7770072400e+01
    3.4783017787e+03    6.0696781956e+03   -1.0498792347e+05   -3.0585056603e-01   -3.9471735708e-01   -4.5235820260e-01    4.8893853680e+01    4.8893853680e+01    9.7787707360e+01
    3.5077231631e+03    6.1210188632e+03   -1.0511824376e+05   -3.2650273535e-01   -3.7284116763e-01   -4.0343644303e-01    4.8880440936e+01    4.8880440936e+01    9.7760881872e+01
    3.4597678280e+03    6.0373362301e+03   -1.0518150926e+05    1.3195487164e-01   -4.1697116160e-02    1.0550648572e-01    4.8843541891e+01    4.8843541891e+01    9.7687083781e+01
    3.4886163636e+03    6.0876772697e+03   -1.0524026967e+05   -1.4227487636e-01   -1.5235039568e-01   -1.7800846276e-01    4.8851292287e+01    4.8851292287e+01    9.7702584573e+01
    3.4981716315e+03    6.1043513264e+03   -1.0528422349e+05    2.0647868401e-02    7.9238021591e-02    1.4352544558e-01    4.8829327212e+01    4.8829327212e+01    9.7658654424e+01
    3.5083925011e+03    6.1221868660e+03   -1.0515565789e+05    1.9543539845e-01    2.1420743538e-01    1.8404824798e-01    4.8842508715e+01    4.8842508715e+01    9.7685017429e+01
    3.4903467814e+03    6.0906968694e+03   -1.0513562217e+05    1.7733301458e-01    1.6755840387e-01    1.7208622352e-01    4.8844159112e+01    4.8844159112e+01    9.7688318224e+01
    3.4865627232e+03    6.0840936426e+03   -1.0514587048e+05   -1.5288037851e-02   -3.2123683293e-02   -9.7232857384e-02    4.8854852007e+01    4.8854852007e+01    9.7709704014e+01
    3.5099452224e+03    6.1248963833e+03   -1.0519377456e+05    1.6282499558e-01    1.4988804770e-01    8.8813028643e-02    4.8838924482e+01    4.8838924482e+01    9.7677848963e+01
    3.5141630421e+03    6.1322565291e+03   -1.0517546160e+05    2.4385277363e-01    3.2058515228e-01    2.3864682321e-01    4.8832720217e+01    4.8832720217e+01    9.7665440433e+01
    3.5468815620e+03    6.1893507374e+03   -1.0522090931e+05   -2.4061248780e-01   -3.0923934797e-01   -1.9042137402e-01    4.8856499289e+01    4.8856499289e+01    9.7712998578e+01
    3.5264119124e+03    6.1536309542e+03   -1.0514580800e+05   -1.2718687024e-01   -2.6299176062e-01   -2.3849459895e-01    4.8863398131e+01    4.8863398131e+01    9.7726796262e+01
    3.4981248095e+03    6.1042696214e+03   -1.0512514328e+05    2.6360193530e-02   -1.4724080480e-01   -8.9961667600e-02    4.8863831704e+01    4.8863831704e+01    9.7727663408e+01
    3.4851554528e+03    6.0816379389e+03   -1.0516504714e+05   -4.6560080631e-01   -5.2391516697e-01   -5.5530080098e-01    4.8881375205e+01    4.8881375205e+01    9.7762750410e+01
    3.5332066215e+03    6.1654878028e+03   -1.0516515246e+05    3.4182883219e-02   -2.1390634020e-03    1.9459543169e-03    4.8849754344e+01    4.8849754344e+01    9.7699508687e+01
    3.4910268457e+03    6.0918835897e+03   -1.0516788789e+05   -1.0565178395e-01   -3.0563326330e-01   -2.4960493015e-01    4.8863024438e+01    4.8863024438e+01    9.7726048877e+01
    3.4563729858e+03    6.0314121898e+03   -1.0523805165e+05   -7.9438625292e-02   -1.1279914526e-02   -2.2942519847e-01    4.8846251790e+01    4.8846251790e+01    9.7692503581e+01
    3.5137285699e+03    6.1314983698e+03   -1.0525642779e+05    2.8618286691e-01    1.3505744749e-01    2.4283192006e-01    4.8826459352e+01    4.8826459352e+01    9.7652918703e+01
    3.5339859333e+03    6.1668477113e+03   -1.0517354286e+05    1.5397784501e-01    1.1863902787e-01    3.1155824805e-03    4.8841738479e+01    4.8841738479e+01    9.7683476958e+01
    3.4826864380e+03    6.0773294786e+03   -1.0506381096e+05    4.1073721352e-02    2.6105996247e-02    3.7064486344e-02    4.8862550811e+01    4.8862550811e+01    9.7725101622e+01
    3.5027457251e+03    6.1123331744e+03   -1.0518113813e+05   -2.4528550539e-01   -2.2653030562e-01   -1.5852073255e-01    4.8862277547e+01    4.8862277547e+01    9.7724555094e+01
    3.4880192538e+03    6.0866353059e+03   -1.0516521250e+05    4.3778751016e-02    4.6110198383e-02    2.0603924730e-01    4.8845897585e+01    4.8845897585e+01    9.7691795170e+01
    3.5019419621e+03    6.1109305984e+03   -1.0506708535e+05    4.6863891290e-02    2.9479314948e-02    7.8317614907e-02    4.8859868899e+01    4.8859868899e+01    9.7719737797e+01
    3.5071244188e+03    6.1199740473e+03   -1.0498712678e+05    3.8102167544e-01    4.1341987708e-01    3.1082761909e-01    4.8853154820e+01    4.8853154820e+01    9.7706309640e+01
    3.5276276148e+03    6.1557523695e+03   -1.0514316754e+05   -6.1736971871e-02   -9.7447039878e-02    7.3384308826e-02    4.8850950907e+01    4.8850950907e+01    9.7701901814e+01
    3.4692617972e+03    6.0539033199e+03   -1.0510836189e+05    2.5645156193e-01    1.8506654799e-01    2.5796978095e-01    4.8843393623e+01    4.8843393623e+01    9.7686787245e+01
    3.5171581219e+03    6.1374829791e+03   -1.0513643055e+05   -2.7431091664e-02   -1.4373836983e-01   -2.5044891634e-01    4.8859019723e+01    4.8859019723e+01    9.7718039446e+01
    3.5157162062e+03    6.1349668191e+03   -1.0511142617e+05    4.7127894376e-02   -1.9143620045e-02   -1.3873776721e-03    4.8859780004e+01    4.8859780004e+01    9.7719560008e+01
    3.4921202885e+03    6.0937916605e+03   -1.0514680124e+05    1.2737415299e-01    1.0092654653e-01    6.6216951559e-02    4.8846288166e+01    4.8846288166e+01    9.7692576331e+01
    3.4902858506e+03    6.0905905445e+03   -1.0514674821e+05    1.1863109649e-01    1.1928391936e-01    6.4105269782e-02    4.8845912393e+01    4.8845912393e+01    9.7691824786e+01
    3.4602391175e+03    6.0381586358e+03   -1.0522764030e+05   -2.9870077679e-01   -3.7341625805e-01   -8.7848940966e-02    4.8856365678e+01    4.8856365678e+01    9.7712731356e+01
    3.4782813827e+03    6.0696426044e+03   -1.0511664273e+05   -1.9988343056e-01   -8.0122582307e-02   -1.3749873840e-01    4.8866044677e+01    4.8866044677e+01    9.7732089353e+01
    3.5336295211e+03    6.1662257678e+03   -1.0518039822e+05   -7.8104807769e-02   -2.1907146549e-01   -9.3261691596e-02    4.8857951676e+01    4.8857951676e+01    9.7715903352e+01
    3.4820547201e+03    6.0762271232e+03   -1.0508564834e+05   -1.1990667359e-02    1.2490429152e-02   -1.7905005647e-03    4.8860320784e+01    4.8860320784e+01    9.7720641568e+01
    3.5146598494e+03    6.1331234638e+03   -1.0503260903e+05    2.8712303117e-01    3.2036711429e-01    4.1318703853e-01    4.8846170270e+01    4.8846170270e+01    9.7692340540e+01
    3.4928446014e+03    6.0950555951e+03   -1.0521186575e+05   -1.2062777529e-01   -2.0727937723e-01   -1.9872500761e-01    4.8850956545e+01    4.8850956545e+01    9.7701913091e+01
    3.4691030776e+03    6.0536263521e+03   -1.0510273372e+05    1.0340387406e-01    1.1020022103e-01    2.1764246632e-01    4.8849390148e+01    4.8849390148e+01    9.7698780296e+01
    3.4894936495e+03    6.0892081440e+03   -1.0500448048e+05    2.9962838088e-01    2.9232371254e-01    1.9263727261e-01    4.8858587143e+01    4.8858587143e+01    9.7717174287e+01
    3.4936692343e+03    6.0964945893e+03   -1.0513093343e+05    2.3693428962e-01    8.2232167153e-02    1.2317293185e-01    4.8844579657e+01    4.8844579657e+01    9.7689159313e+01
    3.5014059570e+03    6.1099952630e+03   -1.0507735500e+05    4.4736717082e-02    5.7882417252e-02    1.6139577383e-02    4.8861833268e+01    4.8861833268e+01    9.7723666536e+01
    3.4984995366e+03    6.1049235247e+03   -1.0516307621e+05   -2.9444053510e-01   -2.4769930043e-01   -2.5498885797e-01    4.8865915524e+01    4.8865915524e+01    9.7731831048e+01
    3.5007812864e+03    6.1089052054e+03   -1.0496583255e+05   -1.0536618288e-01   -1.0236235211e-01   -1.9174113378e-01    4.8884545089e+01    4.8884545089e+01    9.7769090179e+01
    3.4928000112e+03    6.0949777847e+03   -1.0514055701e+05   -2.1460086074e-01   -1.4632994178e-01    1.1355900921e-02    4.8861325836e+01    4.8861325836e+01    9.7722651672e+01
    3.4957854771e+03    6.1001874584e+03   -1.0499227325e+05    1.7339809496e-01    2.8170992780e-02    2.1065112813e-01    4.8865531290e+01    4.8865531290e+01    9.7731062579e+01
    3.4790503134e+03    6.0709843977e+03   -1.0512820107e+05   -6.5222372386e-02   -2.3019064426e-01   -2.7816731776e-01    4.8863089338e+01    4.8863089338e+01    9.7726178676e+01
    3.4997489670e+03    6.1071037956e+03   -1.0513819702e+05   -9.1277397515e-02   -1.8021351384e-01   -1.0738472203e-01    4.8860422917e+01    4.8860422917e+01    9.7720845835e+01
    3.5114992187e+03    6.1276081253e+03   -1.0526052958e+05   -1.3027141719e-01   -2.9968855052e-01   -2.0492848930e-01    4.8847969750e+01    4.8847969750e+01    9.7695939501e+01
    3.5144807974e+03    6.1328110159e+03   -1.0508043160e+05   -1.7981640576e-01   -1.2087952147e-01   -1.6486330747e-01    4.8867598746e+01    4.8867598746e+01    9.7735197493e+01
    3.5316882476e+03    6.1628382222e+03   -1.0512840533e+05   -2.9852061037e-02    6.4668834790e-02    1.0895580495e-01    4.8849725595e+01    4.8849725595e+01    9.7699451190e+01
    3.4831863017e+03    6.0782017467e+03   -1.0518726492e+05   -2.4403819439e-01   -1.9271568669e-01   -3.1021979815e-01    4.8861189525e+01    4.8861189525e+01    9.7722379050e+01
    3.4666345328e+03    6.0493187119e+03   -1.0513503004e+05    2.8573306359e-01    3.8225875555e-01    3.7716520548e-01    4.8833629674e+01    4.8833629674e+01    9.7667259348e+01
    3.4843829766e+03    6.0802899586e+03   -1.0517118896e+05    4.2739302820e-01    4.2226241200e-01    5.1302355192e-01    4.8822890961e+01    4.8822890961e+01    9.7645781923e+01
    3.4943695203e+03    6.0977165969e+03   -1.0524141493e+05    1.0010681335e-01    3.1382886520e-01    1.0724960843e-01    4.8830837003e+01    4.8830837003e+01    9.7661674006e+01
    3.4559404467e+03    6.0306574040e+03   -1.0515686028e+05    4.3441246798e-01    4.5142637847e-01    4.6765302916e-01    4.8827037232e+01    4.8827037232e+01    9.7654074463e+01
    3.5269847034e+03    6.1546304813e+03   -1.0515386270e+05    3.2127299363e-01    2.3001544023e-01    3.8458622249e-01    4.8834688767e+01    4.8834688767e+01    9.7669377534e+01
    3.5000575187e+03    6.1076422221e+03   -1.0518877477e+05    5.8051849250e-01    5.5217677824e-01    6.2753445294e-01    4.8809885344e+01    4.8809885344e+01    9.7619770688e+01
    3.5117162235e+03    6.1279868013e+03   -1.0518431363e+05    2.4684323170e-01    1.8757224651e-01    3.4389393475e-01    4.8833000109e+01    4.8833000109e+01    9.7666000217e+01
    3.5155397008e+03    6.1346588149e+03   -1.0516771540e+05   -1.7724420888e-01   -5.8723607911e-02   -1.6405846340e-01    4.8859227821e+01    4.8859227821e+01    9.7718455642e+01
    3.5284242256e+03    6.1571424648e+03   -1.0505721065e+05   -3.2549516938e-01   -2.4392341045e-01   -5.2141783449e-02    4.8874877173e+01    4.8874877173e+01    9.7749754346e+01
    3.4476249094e+03    6.0161466918e+03   -1.0514327210e+05    9.4486274849e-02    1.1508198450e-01    1.3132032225e-01    4.8845404556e+01    4.8845404556e+01    9.7690809112e+01
    3.4962045546e+03    6.1009187537e+03   -1.0522230502e+05    1.0883387673e-01    1.3355318966e-01    2.9242781716e-02    4.8837559694e+01    4.8837559694e+01    9.7675119388e+01
    3.4834941305e+03    6.0787389116e+03   -1.0516481978e+05    1.2647858032e-01    1.9992444223e-01    3.4789471295e-01    4.8836610766e+01    4.8836610766e+01    9.7673221532e+01
    3.5281767737e+03    6.1567106583e+03   -1.0508058295e+05    1.7826912254e-01    2.0906162807e-01    1.8278668039e-01    4.8852021555e+01    4.8852021555e+01    9.7704043110e+01
    3.4860779302e+03    6.0832476731e+03   -1.0505742513e+05   -2.8080740728e-01   -8.8777424381e-02   -5.2017501347e-02    4.8872930304e+01    4.8872930304e+01    9.7745860608e+01
    3.5075758167e+03    6.1207617420e+03   -1.0509462280e+05   -1.2151958511e-01    1.8441355932e-02    8.5162651276e-02    4.8860130772e+01    4.8860130772e+01    9.7720261545e+01
    3.5286697838e+03    6.1575709669e+03   -1.0516430899e+05   -4.2626872871e-01   -3.8887805300e-01   -3.9950942521e-01    4.8873428379e+01    4.8873428379e+01    9.7746856758e+01
    3.4910432033e+03    6.0919121338e+03   -1.0510255178e+05   -1.3563972853e-01   -2.5367628478e-02   -1.1144941514e-01    4.8863651281e+01    4.8863651281e+01    9.7727302563e+01
    3.5442176387e+03    6.1847021594e+03   -1.0506894416e+05   -1.6835832973e-01   -1.9170491783e-01   -6.6590306252e-02    4.8874239557e+01    4.8874239557e+01    9.7748479115e+01
    3.4766134836e+03    6.0667321006e+03   -1.0516872592e+05   -3.6287362400e-01   -3.3021521696e-01   -3.2895250349e-01    4.8868010250e+01    4.8868010250e+01    9.7736020499e+01
    3.4876211701e+03    6.0859406451e+03   -1.0511618764e+05   -3.5490212228e-01   -1.2288566364e-01   -2.6175146802e-01    4.8872522318e+01    4.8872522318e+01    9.7745044635e+01
    3.4988999757e+03    6.1056222956e+03   -1.0508565648e+05   -1.5885492583e-01   -1.2738081145e-01   -1.0770111067e-01    4.8868181642e+01    4.8868181642e+01    9.7736363283e+01
    3.5344286735e+03    6.1676202982e+03   -1.0509144604e+05   -1.2394960402e-01   -2.7858413938e-01   -2.9178216822e-01    4.8873942510e+01    4.8873942510e+01    9.7747885020e+01
    3.5094637165e+03    6.1240561496e+03   -1.0509918109e+05   -4.2419165860e-01   -4.5809306635e-01   -5.1042445278e-01    4.8885004388e+01    4.8885004388e+01    9.7770008776e+01
    3.4950898661e+03    6.0989736089e+03   -1.0506498921e+05   -3.1163418870e-01   -4.2037240253e-01   -4.1365627992e-01    4.8882374338e+01    4.8882374338e+01    9.7764748677e+01
    3.4850608488e+03    6.0814728537e+03   -1.0504552652e+05   -2.1581206941e-01   -2.4656920505e-01   -3.3337125305e-01    4.8882018445e+01    4.8882018445e+01    9.7764036890e+01
    3.4734298934e+03    6.0611766976e+03   -1.0508206562e+05   -1.5002965347e-01   -1.5996997323e-01   -5.4509348709e-02    4.8869532480e+01    4.8869532480e+01    9.7739064959e+01
    3.4920728133e+03    6.0937088156e+03   -1.0521690840e+05    2.3742488659e-01    2.9567225105e-01    1.3604790700e-01    4.8830814514e+01    4.8830814514e+01    9.7661629029e+01
    3.4868543428e+03    6.0846025223e+03   -1.0519840999e+05    2.7538681880e-01    3.0874960630e-01    2.3241926593e-01    4.8830377330e+01    4.8830377330e+01    9.7660754660e+01
    3.5024299792e+03    6.1117821939e+03   -1.0515667642e+05    3.9865450597e-01    3.0306530647e-01    3.5552114105e-01    4.8832225171e+01    4.8832225171e+01    9.7664450342e+01
    3.5095865954e+03    6.1242705748e+03   -1.0511814555e+05    1.2637546661e-01    1.1470770970e-01    3.8978216051e-02    4.8849508459e+01    4.8849508459e+01    9.7699016918e+01
    3.4650618569e+03    6.0465743738e+03   -1.0515594621e+05    9.1365715573e-02   -8.7115879413e-02   -4.0224956334e-02    4.8850781387e+01    4.8850781387e+01    9.7701562774e+01
    3.5092008100e+03    6.1235973748e+03   -1.0508434060e+05    1.0111291310e-01    1.5514918931e-02   -4.8404237744e-02    4.8858889997e+01    4.8858889997e+01    9.7717779993e+01
    3.5143114175e+03    6.1325154459e+03   -1.0506316227e+05   -9.0565143187e-02   -2.5643917569e-02   -9.1053938012e-02    4.8870627947e+01    4.8870627947e+01    9.7741255894e+01
    3.4960949047e+03    6.1007274133e+03   -1.0504528441e+05    2.1416240425e-01    2.9125492499e-01    2.8924559605e-01    4.8852876222e+01    4.8852876222e+01    9.7705752444e+01
    3.5152573529e+03    6.1341661145e+03   -1.0512337386e+05    2.8426329627e-01    2.0299652257e-01    2.2424204214e-01    4.8841056454e+01    4.8841056454e+01    9.7682112907e+01
    3.5161659757e+03    6.1357516722e+03   -1.0512528398e+05    1.5356307898e-01    1.5081114708e-01    1.1272103208e-01    4.8849533714e+01    4.8849533714e+01    9.7699067428e+01
    3.4906768094e+03    6.0912727722e+03   -1.0505292001e+05    3.9788363536e-01    5.2656833377e-01    4.1654595400e-01    4.8843090185e+01    4.8843090185e+01    9.7686180370e+01
    3.4906681481e+03    6.0912576582e+03   -1.0517024710e+05   -7.5166497962e-03    4.7724362570e-02   -9.7147384447e-02    4.8849845971e+01    4.8849845971e+01    9.7699691942e+01
    3.5057633305e+03    6.1175989318e+03   -1.0516003333e+05    3.0482977424e-01    2.2833765295e-01    3.5524635260e-01    4.8832506653e+01    4.8832506653e+01    9.7665013306e+01
    3.4902489675e+03    6.0905261829e+03   -1.0509572210e+05    3.1437693715e-01    3.3716091375e-01    4.4143510810e-01    4.8837394793e+01    4.8837394793e+01    9.7674789585e+01
    3.4837359983e+03    6.0791609738e+03   -1.0525433737e+05    2.4633832452e-01    1.6954547649e-01    1.4908589887e-01    4.8828085980e+01    4.8828085980e+01    9.7656171960e+01
    3.4814682360e+03    6.0752037015e+03   -1.0521833161e+05    2.8779281703e-01    3.3334033806e-01    2.7374670911e-01    4.8825568360e+01    4.8825568360e+01    9.7651136721e+01
    3.5089405614e+03    6.1231432378e+03   -1.0520117143e+05    2.7462086924e-01    3.6258997556e-01    3.9052216987e-01    4.8824155850e+01    4.8824155850e+01    9.7648311700e+01
    3.5271584013e+03    6.1549335863e+03   -1.0513473652e+05    2.3613277386e-01    3.2647807834e-01    3.4766560461e-01    4.8837394132e+01    4.8837394132e+01    9.7674788263e+01
    3.5497398834e+03    6.1943385426e+03   -1.0520020518e+05   -3.9029862895e-02   -8.9107358417e-02    4.9619857334e-02    4.8845522378e+01    4.8845522378e+01    9.7691044756e+01
    3.4611972286e+03    6.0398305511e+03   -1.0509830999e+05    3.5962487628e-01    3.2998552081e-01    2.5477448083e-01    4.8840319149e+01    4.8840319149e+01    9.7680638298e+01
    3.5020123966e+03    6.1110535074e+03   -1.0512171703e+05    1.1854393138e-01    9.8669575638e-02    7.4221350867e-02    4.8849376788e+01    4.8849376788e+01    9.7698753576e+01
    3.5058391498e+03    6.1177312374e+03   -1.0526227985e+05   -1.6682200774e-01   -1.4442781396e-01   -7.4576227120e-02    4.8841120026e+01    4.8841120026e+01    9.7682240052e+01
    3.4780629411e+03    6.0692614212e+03   -1.0511697037e+05   -7.3408033096e-02   -1.5628590626e-01   -2.6345764457e-02    4.8860580727e+01    4.8860580727e+01    9.7721161453e+01
    3.4360331576e+03    5.9959189464e+03   -1.0506490824e+05    2.9349198686e-01    2.6313925461e-01    3.8619621946e-01    4.8842548754e+01    4.8842548754e+01    9.7685097507e+01
    3.4977633183e+03    6.1036388150e+03   -1.0512313724e+05    2.9962251229e-02    1.4379641738e-01    4.6356434934e-02    4.8849927972e+01    4.8849927972e+01    9.7699855945e+01
    3.4731257500e+03    6.0606459636e+03   -1.0517641456e+05    4.8428761167e-02    4.4398168562e-02    1.6009484130e-01    4.8844035179e+01    4.8844035179e+01    9.7688070357e+01
    3.4796255232e+03    6.0719881456e+03   -1.0518463752e+05    1.2438509611e-01    9.5569130540e-02    1.0955270975e-01    4.8839591601e+01    4.8839591601e+01    9.7679183201e+01
    3.5346138128e+03    6.1679433685e+03   -1.0513116305e+05   -6.6165000616e-02   -2.1136253201e-01   -2.0151064273e-02    4.8862278134e+01    4.8862278134e+01    9.7724556269e+01
    3.5103832202e+03    6.1256606946e+03   -1.0505947888e+05   -4.6516133183e-02   -8.3648138809e-02   -1.0075268248e-01    4.8868540036e+01    4.8868540036e+01    9.7737080072e+01
    3.5277867561e+03    6.1560300729e+03   -1.0517430249e+05   -2.0796886846e-01   -2.1423344427e-01   -1.1054935914e-01    4.8861883357e+01    4.8861883357e+01    9.7723766714e+01
    3.5160936624e+03    6.1356254846e+03   -1.0508059565e+05   -1.5624491375e-01   -1.4378383757e-01   -2.1050231268e-01    4.8871234013e+01    4.8871234013e+01    9.7742468025e+01
    3.4822560091e+03    6.0765783750e+03   -1.0519768433e+05   -1.2810446109e-01   -5.5558405495e-02   -2.0815792416e-01    4.8854827091e+01    4.8854827091e+01    9.7709654182e+01
    3.4866756179e+03    6.0842906451e+03   -1.0512641996e+05    1.8685814015e-01    8.7652398591e-03    2.1648701332e-02    4.8852230820e+01    4.8852230820e+01    9.7704461640e+01
    3.4918376587e+03    6.0932984682e+03   -1.0508726374e+05   -9.6832465165e-02   -2.0442103987e-01   -2.0012237542e-01    4.8867394936e+01    4.8867394936e+01    9.7734789872e+01
    3.4891960782e+03    6.0886888785e+03   -1.0510283011e+05   -5.6382887918e-02   -9.3252254121e-02   -1.2333558718e-01    4.8863361641e+01    4.8863361641e+01    9.7726723283e+01
