    3.4059424638e+03    5.9434103258e+03   -1.0221503395e+05    1.2640970247e+00    1.3069457054e+00    7.3402673201e+00    4.9243880322e+01    4.9243880322e+01    9.8487760644e+01
    3.5515603824e+03    6.1975153351e+03   -1.0235812374e+05   -6.2902472248e-01   -8.8075554490e-01    1.5939295412e+00    4.9333480059e+01    4.9333480059e+01    9.8666960119e+01
    3.5523866037e+03    6.1989571011e+03   -1.0226363667e+05   -6.1983600156e-01   -3.2141684677e-01    2.3214890425e+00    4.9343408450e+01    4.9343408450e+01    9.8686816900e+01
    3.5262784837e+03    6.1533981196e+03   -1.0197950061e+05    5.5167948690e-02   -1.2981643029e-01    3.6293793149e+00    4.9368593601e+01    4.9368593601e+01    9.8737187203e+01
    3.5151235912e+03    6.1339326987e+03   -1.0218822662e+05   -9.0725655262e-01   -6.2496476818e-01    4.9155406084e-01    4.9358988642e+01    4.9358988642e+01    9.8717977283e+01
    3.5227854639e+03    6.1473027583e+03   -1.0187961093e+05   -8.8137740569e-02   -1.1150353278e-01    4.2153478039e+00    4.9380928917e+01    4.9380928917e+01    9.8761857834e+01
    3.5680112730e+03    6.2262223359e+03   -1.0203325410e+05   -1.3667294324e+00   -1.2962394695e+00    8.4442623857e-01    4.9412809889e+01    4.9412809889e+01    9.8825619779e+01
    3.4830446645e+03    6.0779545880e+03   -1.0200273404e+05   -8.2988940167e-01   -8.5861317117e-01    1.4229069938e+00    4.9402425203e+01    4.9402425203e+01    9.8804850407e+01
    3.5642528826e+03    6.2196638996e+03   -1.0190251145e+05   -7.7825970271e-01   -6.7097627160e-01    1.9910999843e+00    4.9410993400e+01    4.9410993400e+01    9.8821986801e+01
    3.5318536051e+03    6.1631267730e+03   -1.0200273222e+05   -9.4349002538e-01   -9.8689697625e-01    3.1154603924e-01    4.9399094826e+01    4.9399094826e+01    9.8798189651e+01
    3.5335368792e+03    6.1660641064e+03   -1.0185942466e+05   -3.7192689203e-01   -5.0189997697e-01    2.4808528976e+00    4.9397154291e+01    4.9397154291e+01    9.8794308583e+01
    3.5523133262e+03    6.1988292310e+03   -1.0210153102e+05   -1.3555547450e+00   -9.3567633295e-01    3.4725345066e-01    4.9390729483e+01    4.9390729483e+01    9.8781458967e+01
    3.5345716468e+03    6.1678697883e+03   -1.0205617927e+05   -6.7956986362e-01   -7.6261160315e-01    1.6219795551e+00    4.9379885985e+01    4.9379885985e+01    9.8759771970e+01
    3.5698038616e+03    6.2293504244e+03   -1.0205091322e+05   -8.3049888797e-01   -7.8897848223e-01    1.3937648629e+00    4.9385906942e+01    4.9385906942e+01    9.8771813883e+01
    3.5194244942e+03    6.1414378259e+03   -1.0199065605e+05   -6.0708094315e-01   -6.8202491417e-01    6.1814704125e-01    4.9387709449e+01    4.9387709449e+01    9.8775418898e+01
    3.5122721859e+03    6.1289569624e+03   -1.0190324293e+05   -1.9506279437e-01   -5.7689419694e-01    1.6572698826e+00    4.9392474235e+01    4.9392474235e+01    9.8784948470e+01
    3.5077189724e+03    6.1210115504e+03   -1.0204482808e+05   -9.1844811238e-01   -9.1639150468e-01    6.4384078221e-01    4.9385634030e+01    4.9385634030e+01    9.8771268060e+01
    3.4860731160e+03    6.0832392721e+03   -1.0185547630e+05   -3.9525143973e-01   -5.0502660717e-01    1.6320961524e+00    4.9395029964e+01    4.9395029964e+01    9.8790059929e+01
    3.5272502546e+03    6.1550938714e+03   -1.0191529699e+05   -6.5503477694e-01   -7.4425968196e-01    1.1406300718e+00    4.9396551109e+01    4.9396551109e+01    9.8793102218e+01
    3.5315419397e+03    6.1625829131e+03   -1.0199213353e+05   -4.7697868312e-01   -2.9937347995e-01    9.9740865556e-01    4.9367632927e+01    4.9367632927e+01    9.8735265853e+01
    3.5361528745e+03    6.1706290495e+03   -1.0193141837e+05   -4.8685358958e-01   -3.1167555704e-01    1.6142387610e+00    4.9380103641e+01    4.9380103641e+01    9.8760207281e+01
    3.5152279098e+03    6.1341147359e+03   -1.0197425685e+05   -4.5744434790e-01   -5.2636200453e-01    7.7441403571e-01    4.9373230921e+01    4.9373230921e+01    9.8746461842e+01
    3.4744692414e+03    6.0629903722e+03   -1.0192576849e+05   -5.6988691849e-01   -4.6067302955e-01    1.1028470332e+00    4.9390209383e+01    4.9390209383e+01    9.8780418767e+01
    3.5009748099e+03    6.1092429061e+03   -1.0191480675e+05   -3.6506955029e-01   -2.8931394068e-01    1.3185214273e+00    4.9372707891e+01    4.9372707891e+01    9.8745415781e+01
    3.4911743162e+03    6.0921409275e+03   -1.0200090265e+05   -3.6243517737e-01   -2.1919881932e-01    9.0549564673e-01    4.9360497647e+01    4.9360497647e+01    9.8720995295e+01
    3.5184898165e+03    6.1398068021e+03   -1.0191187976e+05   -4.8045674442e-01   -2.7735237539e-01    1.4166490025e+00    4.9376596723e+01    4.9376596723e+01    9.8753193446e+01
    3.4695046248e+03    6.0543270569e+03   -1.0200471467e+05   -4.2975143168e-01   -6.1690525438e-01    5.1384069672e-01    4.9369640108e+01    4.9369640108e+01    9.8739280216e+01
    3.5172633209e+03    6.1376665527e+03   -1.0192365831e+05   -3.4230528807e-01   -4.7381824854e-01    1.0529927042e+00    4.9376590368e+01    4.9376590368e+01    9.8753180737e+01
    3.5339363151e+03    6.1667611268e+03   -1.0203162600e+05   -3.6893542505e-01   -4.7716835039e-01    8.4378047398e-01    4.9363407710e+01    4.9363407710e+01    9.8726815420e+01
    3.5059964445e+03    6.1180057186e+03   -1.0185065846e+05   -2.8718296718e-01   -1.2972104340e-01    9.8013863810e-01    4.9375474680e+01    4.9375474680e+01    9.8750949359e+01
    3.5237953443e+03    6.1490650116e+03   -1.0200884468e+05   -5.6453747341e-01   -6.4342504732e-01    8.2372160899e-01    4.9377709099e+01    4.9377709099e+01    9.8755418199e+01
    3.5009373731e+03    6.1091775786e+03   -1.0193604985e+05   -4.3286540327e-01   -3.4850076291e-01    9.4441900331e-01    4.9370842953e+01    4.9370842953e+01    9.8741685905e+01
    3.5328061989e+03    6.1647890606e+03   -1.0196222738e+05   -9.0188024125e-01   -6.5017947145e-01    6.7520119450e-01    4.9393878918e+01    4.9393878918e+01    9.8787757836e+01
    3.5438621456e+03    6.1840818198e+03   -1.0178307497e+05   -4.2733544777e-01   -5.9804278308e-01    1.0415342463e+00    4.9398544362e+01    4.9398544362e+01    9.8797088723e+01
    3.5279083127e+03    6.1562421906e+03   -1.0190675743e+05   -5.2657442281e-01   -7.0193911466e-01    8.2540251107e-01    4.9391242422e+01    4.9391242422e+01    9.8782484845e+01
    3.4715755750e+03    6.0579408897e+03   -1.0197541288e+05   -6.8932890396e-01   -7.0705112314e-01    7.9881757574e-01    4.9383004800e+01    4.9383004800e+01    9.8766009601e+01
    3.4839273858e+03    6.0794949472e+03   -1.0187064354e+05   -4.8097531466e-01   -5.7200858616e-01    8.5285828341e-01    4.9395377898e+01    4.9395377898e+01    9.8790755795e+01
    3.5380811870e+03    6.1739939779e+03   -1.0197794343e+05   -1.0988713961e+00   -8.9977323608e-01    6.5989822484e-01    4.9397036506e+01    4.9397036506e+01    9.8794073012e+01
    3.5063705875e+03    6.1186586026e+03   -1.0188443274e+05   -4.9030048826e-01   -6.6712188232e-01    6.3027146713e-01    4.9395314118e+01    4.9395314118e+01    9.8790628235e+01
    3.4608959583e+03    6.0393048309e+03   -1.0194533092e+05   -3.7877723576e-01   -2.6792209243e-01    1.0431882478e+00    4.9364206329e+01    4.9364206329e+01    9.8728412659e+01
    3.5025882407e+03    6.1120583623e+03   -1.0191667082e+05   -4.2723240857e-01   -2.0700714118e-01    8.0653158394e-01    4.9370139369e+01    4.9370139369e+01    9.8740278738e+01
    3.5196974720e+03    6.1419141755e+03   -1.0199576591e+05   -2.6843222400e-01   -1.0497761116e-01    1.0720901061e+00    4.9349596679e+01    4.9349596679e+01    9.8699193357e+01
    3.5052958979e+03    6.1167832565e+03   -1.0199246704e+05   -5.3446249553e-01   -7.4210430500e-01    9.1005133470e-01    4.9376797912e+01    4.9376797912e+01    9.8753595823e+01
    3.5148771148e+03    6.1335025944e+03   -1.0199143241e+05   -4.1748192292e-01   -6.1347403600e-01    7.8297841927e-01    4.9369525114e+01    4.9369525114e+01    9.8739050229e+01
    3.5130326673e+03    6.1302840115e+03   -1.0194691811e+05   -6.7336129315e-01   -8.1223703938e-01    7.2445673720e-01    4.9386944198e+01    4.9386944198e+01    9.8773888396e+01
    3.5395926323e+03    6.1766314681e+03   -1.0194691487e+05   -6.5830404614e-01   -6.9344731090e-01    7.5716159407e-01    4.9388116929e+01    4.9388116929e+01    9.8776233857e+01
    3.5107635106e+03    6.1263243059e+03   -1.0191346751e+05   -7.2542697436e-01   -5.0340620216e-01    6.6209354825e-01    4.9391596596e+01    4.9391596596e+01    9.8783193193e+01
    3.5140378361e+03    6.1320380431e+03   -1.0205020065e+05   -1.0020390803e+00   -9.3511641516e-01    4.3731343346e-01    4.9386061580e+01    4.9386061580e+01    9.8772123161e+01
    3.5195423281e+03    6.1416434474e+03   -1.0197062932e+05   -4.8300063488e-01   -4.8136626355e-01    7.2933003916e-01    4.9371184479e+01    4.9371184479e+01    9.8742368957e+01
    3.5042549263e+03    6.1149667485e+03   -1.0213768600e+05   -4.3396463075e-01   -5.7496649042e-01    7.7568370741e-01    4.9346669906e+01    4.9346669906e+01    9.8693339813e+01
    3.4958116291e+03    6.1002330939e+03   -1.0210215944e+05   -5.1169309119e-01   -3.3283322807e-01    1.2214679517e+00    4.9344975024e+01    4.9344975024e+01    9.8689950049e+01
    3.5438270283e+03    6.1840205398e+03   -1.0206806150e+05   -4.0674404955e-01   -6.8881195487e-01    7.1276107242e-01    4.9358986941e+01    4.9358986941e+01    9.8717973882e+01
    3.4665899259e+03    6.0492408724e+03   -1.0205153895e+05    6.3911505655e-02   -2.2176061718e-01    1.1615896530e+00    4.9334342527e+01    4.9334342527e+01    9.8668685054e+01
    3.5351938895e+03    6.1689556092e+03   -1.0207955578e+05   -4.2806856439e-01   -5.8988086002e-01    9.6711610425e-01    4.9348460708e+01    4.9348460708e+01    9.8696921417e+01
    3.4853251851e+03    6.0819341237e+03   -1.0215613199e+05   -5.8566103914e-01   -6.1690277514e-01    6.3789152682e-01    4.9350640867e+01    4.9350640867e+01    9.8701281734e+01
    3.5229766878e+03    6.1476364462e+03   -1.0205857460e+05   -3.2912268670e-01   -4.7751503594e-01    9.4475187257e-01    4.9352139972e+01    4.9352139972e+01    9.8704279944e+01
    3.5542400245e+03    6.2021913426e+03   -1.0204895683e+05   -7.1907593454e-01   -4.9694333769e-01    8.1943331150e-01    4.9362551905e+01    4.9362551905e+01    9.8725103810e+01
    3.5194679345e+03    6.1415136297e+03   -1.0202987478e+05   -6.6120401722e-01   -5.5564746749e-01    8.6556003624e-01    4.9366206313e+01    4.9366206313e+01    9.8732412626e+01
    3.5112660878e+03    6.1272013092e+03   -1.0211404375e+05   -6.6094996911e-01   -5.3477709355e-01    5.7529205270e-01    4.9358439022e+01    4.9358439022e+01    9.8716878044e+01
    3.4881213000e+03    6.0868133778e+03   -1.0206085980e+05   -5.3519154916e-01   -5.3710757233e-01    7.6473614555e-01    4.9358416950e+01    4.9358416950e+01    9.8716833900e+01
    3.4909808289e+03    6.0918032898e+03   -1.0203589476e+05   -7.5209876196e-01   -8.3148850672e-01    7.0373026232e-01    4.9372284595e+01    4.9372284595e+01    9.8744569190e+01
    3.5330823785e+03    6.1652709973e+03   -1.0197426040e+05   -5.3463096325e-01   -5.7992565287e-01    7.5209805326e-01    4.9376603242e+01    4.9376603242e+01    9.8753206484e+01
    3.5065084028e+03    6.1188990919e+03   -1.0205091303e+05   -6.6875453402e-01   -9.5770160682e-01    4.1894279566e-01    4.9384159155e+01    4.9384159155e+01    9.8768318311e+01
    3.5200790313e+03    6.1425800010e+03   -1.0187895231e+05   -6.0046432294e-01   -5.2728179708e-01    8.0365707299e-01    4.9392456778e+01    4.9392456778e+01    9.8784913556e+01
    3.5312413261e+03    6.1620583389e+03   -1.0194431140e+05   -7.9828642130e-01   -8.5958121438e-01    5.6415727049e-01    4.9397604808e+01    4.9397604808e+01    9.8795209616e+01
    3.4754367856e+03    6.0646787484e+03   -1.0189707797e+05   -4.7979387638e-01   -4.4569325466e-01    9.4701326057e-01    4.9377362869e+01    4.9377362869e+01    9.8754725737e+01
    3.5283298079e+03    6.1569777048e+03   -1.0188031602e+05   -9.6656397209e-01   -6.8120529369e-01    5.6443434564e-01    4.9404809279e+01    4.9404809279e+01    9.8809618558e+01
    3.5808681409e+03    6.2486577242e+03   -1.0196340706e+05   -7.1773849467e-01   -6.9251705105e-01    8.1409762498e-01    4.9381172906e+01    4.9381172906e+01    9.8762345813e+01
    3.5535302942e+03    6.2009528548e+03   -1.0192286090e+05   -4.0460816765e-01   -5.0434002272e-01    7.3833617610e-01    4.9376651760e+01    4.9376651760e+01    9.8753303521e+01
    3.5079576385e+03    6.1214280255e+03   -1.0196245907e+05   -4.5464075239e-01   -4.5487973227e-01    7.8728182008e-01    4.9375298981e+01    4.9375298981e+01    9.8750597962e+01
    3.5630922005e+03    6.2176384956e+03   -1.0196370947e+05   -6.2147427001e-01   -7.0472361567e-01    5.3058509418e-01    4.9388958510e+01    4.9388958510e+01    9.8777917020e+01
    3.5273482710e+03    6.1552649112e+03   -1.0186305876e+05   -8.2917656373e-01   -7.3950005846e-01    3.9594587719e-01    4.9407920843e+01    4.9407920843e+01    9.8815841686e+01
    3.5124281816e+03    6.1292291768e+03   -1.0191268413e+05   -4.4765314734e-01   -5.9971500981e-01    7.0203530854e-01    4.9386075551e+01    4.9386075551e+01    9.8772151103e+01
    3.5268718150e+03    6.1544334898e+03   -1.0200433809e+05   -6.4563218563e-01   -8.6547690264e-01    4.3255135080e-01    4.9380317744e+01    4.9380317744e+01    9.8760635487e+01
    3.5300587910e+03    6.1599948009e+03   -1.0197661750e+05   -6.9389177839e-01   -8.1351041021e-01    4.1195274256e-01    4.9389165786e+01    4.9389165786e+01    9.8778331572e+01
    3.5057228238e+03    6.1175282472e+03   -1.0200245455e+05   -7.9856055208e-01   -5.2771997928e-01    4.9665812567e-01    4.9377983471e+01    4.9377983471e+01    9.8755966943e+01
    3.5413440018e+03    6.1796876288e+03   -1.0204216681e+05   -5.0465995567e-01   -4.4489584365e-01    8.0456019913e-01    4.9358147551e+01    4.9358147551e+01    9.8716295102e+01
    3.5091231437e+03    6.1234618461e+03   -1.0186658456e+05   -3.4909770847e-01   -5.2544066260e-01    7.2898796249e-01    4.9387022830e+01    4.9387022830e+01    9.8774045660e+01
    3.5138888485e+03    6.1317780580e+03   -1.0196972701e+05   -7.3506080408e-01   -5.9142023381e-01    5.7390084639e-01    4.9381510330e+01    4.9381510330e+01    9.8763020660e+01
    3.5276844005e+03    6.1558514612e+03   -1.0210031116e+05   -6.7035711139e-01   -7.2197241398e-01    5.8420192458e-01    4.9360260714e+01    4.9360260714e+01    9.8720521429e+01
    3.5034063977e+03    6.1134860560e+03   -1.0202668292e+05   -5.8184629979e-01   -6.9821906966e-01    7.4247613816e-01    4.9365959348e+01    4.9365959348e+01    9.8731918696e+01
    3.5344998400e+03    6.1677444846e+03   -1.0189595782e+05   -2.3743854520e-01   -4.6468620581e-01    8.7935900601e-01    4.9372523092e+01    4.9372523092e+01    9.8745046183e+01
    3.5334086903e+03    6.1658404153e+03   -1.0197112679e+05   -3.8476388345e-01   -4.6668324764e-01    8.8546922643e-01    4.9365320933e+01    4.9365320933e+01    9.8730641867e+01
    3.4870660524e+03    6.0849719581e+03   -1.0203673885e+05   -3.8679065683e-01   -3.0483654011e-01    8.8941899628e-01    4.9349654161e+01    4.9349654161e+01    9.8699308322e+01
    3.5026890960e+03    6.1122343559e+03   -1.0203030215e+05   -3.6509041301e-01   -2.7802999769e-02    9.3851452906e-01    4.9345732767e+01    4.9345732767e+01    9.8691465534e+01
    3.5040040752e+03    6.1145290103e+03   -1.0214128439e+05   -4.9117837639e-01   -5.6645050983e-01    5.9755163055e-01    4.9348946320e+01    4.9348946320e+01    9.8697892641e+01
    3.5638437693e+03    6.2189499922e+03   -1.0204654788e+05   -6.1215642881e-01   -4.7846884463e-01    7.5239482306e-01    4.9360787839e+01    4.9360787839e+01    9.8721575677e+01
    3.5174170176e+03    6.1379347552e+03   -1.0203331465e+05   -7.5576660930e-01   -5.1144438801e-01    5.9317944713e-01    4.9369584768e+01    4.9369584768e+01    9.8739169536e+01
    3.4962819528e+03    6.1010538144e+03   -1.0208737820e+05   -4.4862561327e-01   -3.2769759628e-01    6.5892882703e-01    4.9349110189e+01    4.9349110189e+01    9.8698220378e+01
    3.5160022201e+03    6.1354659167e+03   -1.0206384300e+05   -2.3212192528e-01   -2.2141323559e-02    1.2434998721e+00    4.9331667660e+01    4.9331667660e+01    9.8663335320e+01
    3.5205698751e+03    6.1434365293e+03   -1.0209952633e+05   -1.2760277762e-01   -3.4948059323e-01    9.2008966019e-01    4.9331796772e+01    4.9331796772e+01    9.8663593543e+01
    3.5158790606e+03    6.1352510020e+03   -1.0205185453e+05   -2.2593241828e-01   -2.0380162976e-01    1.0630584465e+00    4.9337215871e+01    4.9337215871e+01    9.8674431743e+01
    3.5031832316e+03    6.1130966284e+03   -1.0200576244e+05   -3.1152091256e-01   -2.7598560276e-01    9.7121534442e-01    4.9352604432e+01    4.9352604432e+01    9.8705208865e+01
    3.5193872493e+03    6.1413728331e+03   -1.0202042866e+05   -5.7645931825e-01   -2.7867190797e-01    7.5734492234e-01    4.9364374000e+01    4.9364374000e+01    9.8728748001e+01
    3.5322514167e+03    6.1638209591e+03   -1.0192727078e+05   -5.8015493511e-01   -6.0167420144e-01    7.1755003186e-01    4.9383493249e+01    4.9383493249e+01    9.8766986497e+01
    3.5730161136e+03    6.2349558425e+03   -1.0202056008e+05   -6.9292534518e-01   -8.6475083907e-01    7.6406616283e-01    4.9378082920e+01    4.9378082920e+01    9.8756165840e+01
    3.5223465817e+03    6.1465369035e+03   -1.0198314153e+05   -5.2083222524e-01   -5.2202925902e-01    8.1810050393e-01    4.9369890751e+01    4.9369890751e+01    9.8739781503e+01
    3.5324883919e+03    6.1642344836e+03   -1.0191768352e+05   -5.4212069784e-01   -5.0979600604e-01    7.4842560984e-01    4.9380599566e+01    4.9380599566e+01    9.8761199131e+01
    3.5427773618e+03    6.1821888590e+03   -1.0197713960e+05   -8.5976598066e-01   -6.7357247006e-01    5.3346329795e-01    4.9388535762e+01    4.9388535762e+01    9.8777071524e+01
    3.5140191014e+03    6.1320053509e+03   -1.0188620854e+05   -3.6550361739e-01   -5.9938224022e-01    7.0779054373e-01    4.9387791302e+01    4.9387791302e+01    9.8775582604e+01
    3.5383829648e+03    6.1745205838e+03   -1.0190936498e+05   -4.6403406167e-01   -6.8071594576e-01    6.6819374394e-01    4.9386250176e+01    4.9386250176e+01    9.8772500352e+01
    3.4985244609e+03    6.1049670178e+03   -1.0177373326e+05   -8.2233360300e-01   -5.4160554872e-01    6.2563775170e-01    4.9412416211e+01    4.9412416211e+01    9.8824832422e+01
    3.5735954408e+03    6.2359667754e+03   -1.0186827898e+05   -8.6847387320e-01   -8.7959719200e-01    6.4857703847e-01    4.9412702251e+01    4.9412702251e+01    9.8825404502e+01
    3.5611104567e+03    6.2141803290e+03   -1.0182680041e+05   -6.6308494696e-01   -6.0634864698e-01    6.2998717188e-01    4.9406380147e+01    4.9406380147e+01    9.8812760295e+01
    3.5412931222e+03    6.1795988433e+03   -1.0194286344e+05   -8.4163312810e-01   -6.6199352686e-01    5.9476966134e-01    4.9392957449e+01    4.9392957449e+01    9.8785914898e+01
    3.5466109160e+03    6.1888784571e+03   -1.0193141867e+05   -7.4995062035e-01   -9.4829723804e-01    6.5099452155e-01    4.9401467118e+01    4.9401467118e+01    9.8802934236e+01
    3.5864435972e+03    6.2583869620e+03   -1.0188096739e+05   -1.1068461477e+00   -1.1440457758e+00    5.8529167310e-02    4.9424682288e+01    4.9424682288e+01    9.8849364575e+01
    3.5182481722e+03    6.1393851299e+03   -1.0177596342e+05   -8.4298066623e-01   -7.7421444177e-01    2.2800104759e-01    4.9428361834e+01    4.9428361834e+01    9.8856723669e+01
    3.5149656859e+03    6.1336571520e+03   -1.0180180340e+05   -7.7667487389e-01   -8.4509013216e-01    2.7538861176e-01    4.9423159063e+01    4.9423159063e+01    9.8846318126e+01
    3.5398676897e+03    6.1771114466e+03   -1.0178845717e+05   -8.9926527015e-01   -9.8039677471e-01    2.8158650987e-01    4.9433863333e+01    4.9433863333e+01    9.8867726666e+01
    3.5289256726e+03    6.1580174959e+03   -1.0194278849e+05   -1.0323668858e+00   -6.9237546809e-01    5.0031979788e-01    4.9401387091e+01    4.9401387091e+01    9.8802774182e+01
    3.4958232040e+03    6.1002532923e+03   -1.0194256787e+05   -7.2956855969e-01   -7.4055189300e-01    5.4618714723e-01    4.9388577970e+01    4.9388577970e+01    9.8777155940e+01
    3.4957337395e+03    6.1000971756e+03   -1.0185901752e+05   -4.7060966349e-01   -5.2454295588e-01    8.8551640845e-01    4.9386567727e+01    4.9386567727e+01    9.8773135454e+01
    3.5114462672e+03    6.1275157243e+03   -1.0185967505e+05   -5.1938857235e-01   -5.6685953173e-01    8.6611512457e-01    4.9386487611e+01    4.9386487611e+01    9.8772975223e+01
    3.5011459468e+03    6.1095415421e+03   -1.0200238977e+05   -6.2044561633e-01   -5.8098772578e-01    6.7080434923e-01    4.9376576992e+01    4.9376576992e+01    9.8753153983e+01
    3.4414319941e+03    6.0053399807e+03   -1.0204771860e+05   -3.1760137239e-01   -4.7661975354e-01    7.3518800062e-01    4.9359168088e+01    4.9359168088e+01    9.8718336177e+01
    3.4963227801e+03    6.1011250585e+03   -1.0210897413e+05   -4.7094104595e-01   -5.9162017419e-01    8.9476057637e-01    4.9345154220e+01    4.9345154220e+01    9.8690308440e+01
    3.5235728106e+03    6.1486766876e+03   -1.0209992027e+05   -5.5285575002e-01   -4.0319681460e-01    7.9936645583e-01    4.9350641382e+01    4.9350641382e+01    9.8701282763e+01
    3.4863570385e+03    6.0837347203e+03   -1.0207901409e+05   -4.3688585838e-01   -4.5539667293e-01    7.2036861052e-01    4.9352650321e+01    4.9352650321e+01    9.8705300642e+01
    3.4987948118e+03    6.1054387834e+03   -1.0207178494e+05   -5.8205927425e-01   -5.2258797736e-01    8.5134457599e-01    4.9358224536e+01    4.9358224536e+01    9.8716449073e+01
    3.4892831445e+03    6.0888408102e+03   -1.0204436963e+05   -6.0396392239e-01   -5.8566265694e-01    5.0969324157e-01    4.9367511504e+01    4.9367511504e+01    9.8735023008e+01
    3.5069531004e+03    6.1196750945e+03   -1.0213858938e+05   -5.1938715937e-01   -4.1655323635e-01    8.4605560624e-01    4.9341493854e+01    4.9341493854e+01    9.8682987707e+01
    3.5136094848e+03    6.1312905650e+03   -1.0215955714e+05   -4.4091129248e-01   -4.5346433310e-01    7.8297065661e-01    4.9340368845e+01    4.9340368845e+01    9.8680737691e+01
    3.5099278373e+03    6.1248660461e+03   -1.0231948280e+05   -4.5061486711e-01   -4.6784851234e-01    8.7565938022e-01    4.9318970731e+01    4.9318970731e+01    9.8637941463e+01
    3.4809797641e+03    6.0743513121e+03   -1.0230299212e+05   -6.9092111313e-01   -5.6898355866e-01    6.1002338260e-01    4.9324653679e+01    4.9324653679e+01    9.8649307358e+01
    3.4878209301e+03    6.0862892287e+03   -1.0229959386e+05   -1.8279876417e-01   -4.3464579973e-01    8.9467669607e-01    4.9303693381e+01    4.9303693381e+01    9.8607386762e+01
    3.4731958120e+03    6.0607682227e+03   -1.0247143230e+05   -4.4082670025e-01   -3.3992268856e-01    7.7833743191e-01    4.9287323407e+01    4.9287323407e+01    9.8574646814e+01
    3.5388196346e+03    6.1752825779e+03   -1.0249337913e+05   -2.5080360623e-01   -3.1075481162e-01    9.9950636810e-01    4.9273022813e+01    4.9273022813e+01    9.8546045627e+01
    3.5228155321e+03    6.1473552275e+03   -1.0231893445e+05   -3.9299776886e-01   -3.6802587877e-01    7.2694153135e-01    4.9311883719e+01    4.9311883719e+01    9.8623767437e+01
    3.5360866505e+03    6.1705134878e+03   -1.0236189105e+05   -3.1216994017e-01   -4.8641545915e-01    8.9165987540e-01    4.9308001777e+01    4.9308001777e+01    9.8616003555e+01
    3.4894240188e+03    6.0890866375e+03   -1.0231833052e+05   -5.7250857096e-01   -6.1441117674e-01    7.8633277538e-01    4.9319933034e+01    4.9319933034e+01    9.8639866068e+01
    3.5473612966e+03    6.1901878802e+03   -1.0246762811e+05   -3.7886212300e-01   -3.7604454594e-01    1.0509832419e+00    4.9283006044e+01    4.9283006044e+01    9.8566012087e+01
    3.5294190549e+03    6.1588784538e+03   -1.0246190600e+05   -5.7806671343e-01   -3.2121894156e-01    8.1339388486e-01    4.9292971220e+01    4.9292971220e+01    9.8585942440e+01
    3.5523092215e+03    6.1988220682e+03   -1.0236965838e+05   -6.2339860216e-01   -4.8967588795e-01    8.1916811814e-01    4.9306546064e+01    4.9306546064e+01    9.8613092128e+01
    3.5673841785e+03    6.2251280486e+03   -1.0241460749e+05   -8.6025778073e-01   -5.7143034915e-01    9.4588964000e-01    4.9312291927e+01    4.9312291927e+01    9.8624583853e+01
    3.5009275578e+03    6.1091604507e+03   -1.0234768415e+05   -4.4671373110e-01   -3.7966978651e-01    8.8099501328e-01    4.9309180790e+01    4.9309180790e+01    9.8618361580e+01
    3.5312456386e+03    6.1620658643e+03   -1.0241944326e+05   -4.1963473021e-01   -4.8996879172e-01    9.4477542477e-01    4.9295481678e+01    4.9295481678e+01    9.8590963356e+01
    3.5687720708e+03    6.2275499372e+03   -1.0249024746e+05   -8.0759198689e-01   -7.1540578282e-01    4.0760688150e-01    4.9305746196e+01    4.9305746196e+01    9.8611492391e+01
    3.5264737029e+03    6.1537387794e+03   -1.0244781437e+05   -3.7095476398e-01   -5.0462714380e-01    9.7610520092e-01    4.9285053989e+01    4.9285053989e+01    9.8570107979e+01
    3.5147323882e+03    6.1332500448e+03   -1.0244265417e+05   -4.7309244538e-01   -3.1786649290e-01    7.5612443406e-01    4.9295097389e+01    4.9295097389e+01    9.8590194777e+01
    3.5503736758e+03    6.1954445179e+03   -1.0250220394e+05   -7.2441107161e-01   -6.2909866650e-01    5.3564572000e-01    4.9296896916e+01    4.9296896916e+01    9.8593793833e+01
    3.5318510648e+03    6.1631223401e+03   -1.0252780856e+05   -5.4710021302e-01   -4.1227406035e-01    1.0075025712e+00    4.9279064540e+01    4.9279064540e+01    9.8558129080e+01
    3.5732319678e+03    6.2353325107e+03   -1.0239587023e+05   -3.8016097280e-01   -8.6717222406e-02    9.9564100679e-01    4.9287293282e+01    4.9287293282e+01    9.8574586565e+01
    3.5082612721e+03    6.1219578698e+03   -1.0250544263e+05   -6.0325397394e-01   -7.6451040820e-01    8.1646475763e-01    4.9291590309e+01    4.9291590309e+01    9.8583180619e+01
    3.4792806414e+03    6.0713863228e+03   -1.0246395957e+05   -6.4396960307e-01   -3.8864416542e-01    9.2163534053e-01    4.9292688828e+01    4.9292688828e+01    9.8585377657e+01
    3.5762239347e+03    6.2405535287e+03   -1.0248855419e+05   -3.4691683534e-01   -4.2970335651e-01    8.2563977555e-01    4.9280548363e+01    4.9280548363e+01    9.8561096726e+01
    3.5489530419e+03    6.1929654948e+03   -1.0255371429e+05   -6.0464866426e-01   -3.4851859458e-01    6.9675246668e-01    4.9279991319e+01    4.9279991319e+01    9.8559982637e+01
    3.5577929300e+03    6.2083912051e+03   -1.0245164789e+05   -6.1458647366e-01   -2.9014690650e-01    8.2391183079e-01    4.9288273229e+01    4.9288273229e+01    9.8576546457e+01
    3.5000913472e+03    6.1077012532e+03   -1.0249099952e+05   -4.0827837497e-01   -4.2028052983e-01    8.8164343200e-01    4.9278548435e+01    4.9278548435e+01    9.8557096871e+01
    3.5151076117e+03    6.1339048142e+03   -1.0253003765e+05   -2.9304346524e-01   -1.7466470004e-01    1.0868034407e+00    4.9262319730e+01    4.9262319730e+01    9.8524639459e+01
    3.5536630370e+03    6.2011844924e+03   -1.0268650985e+05   -2.9835041582e-01   -4.1364600875e-01    8.3565319279e-01    4.9247365997e+01    4.9247365997e+01    9.8494731995e+01
    3.5484385060e+03    6.1920676234e+03   -1.0271247805e+05   -5.3564612201e-01   -5.0076344644e-01    7.2341999579e-01    4.9250319926e+01    4.9250319926e+01    9.8500639851e+01
    3.5208547262e+03    6.1439335978e+03   -1.0271031207e+05   -1.8432486033e-01   -2.2868655911e-01    9.2780588551e-01    4.9233381708e+01    4.9233381708e+01    9.8466763416e+01
    3.5121898532e+03    6.1288132908e+03   -1.0268007973e+05   -3.1998901593e-01   -3.0702185455e-01    9.4498461425e-01    4.9244487814e+01    4.9244487814e+01    9.8488975628e+01
    3.5677760801e+03    6.2258119214e+03   -1.0266524268e+05   -5.2594297157e-01   -5.4395265800e-01    8.4846352176e-01    4.9258068732e+01    4.9258068732e+01    9.8516137464e+01
    3.4877316678e+03    6.0861334648e+03   -1.0266827902e+05   -5.2152356809e-01   -4.9406629752e-01    8.6906627248e-01    4.9257702715e+01    4.9257702715e+01    9.8515405431e+01
    3.5204569704e+03    6.1432395092e+03   -1.0274239086e+05   -5.8938301813e-01   -6.4654204573e-01    6.7448401237e-01    4.9255394320e+01    4.9255394320e+01    9.8510788640e+01
    3.5229797933e+03    6.1476418654e+03   -1.0273841108e+05   -5.6851355923e-01   -6.9281570597e-01    4.9964204901e-01    4.9258935728e+01    4.9258935728e+01    9.8517871457e+01
    3.5000274441e+03    6.1075897415e+03   -1.0274293310e+05   -2.6313066291e-01   -2.4671868436e-01    8.6785920154e-01    4.9233325716e+01    4.9233325716e+01    9.8466651433e+01
    3.5053446159e+03    6.1168682698e+03   -1.0262423814e+05   -3.0146402264e-01   -2.6948922179e-01    9.0098466521e-01    4.9251399471e+01    4.9251399471e+01    9.8502798941e+01
    3.5457010815e+03    6.1872907849e+03   -1.0271711975e+05   -8.2484280299e-01   -7.7795997882e-01    7.2704852846e-01    4.9260098191e+01    4.9260098191e+01    9.8520196381e+01
    3.5246334746e+03    6.1505275590e+03   -1.0269205379e+05   -6.8096890349e-01   -5.6510529523e-01    7.6014270526e-01    4.9256878306e+01    4.9256878306e+01    9.8513756612e+01
    3.5301428765e+03    6.1601415312e+03   -1.0260973289e+05   -1.7142856946e-01   -5.2316907196e-01    6.7908375284e-01    4.9261349403e+01    4.9261349403e+01    9.8522698805e+01
    3.5485614104e+03    6.1922820931e+03   -1.0269334600e+05   -3.9590464286e-01   -1.8580497004e-01    8.2455614691e-01    4.9246803216e+01    4.9246803216e+01    9.8493606431e+01
    3.5208386770e+03    6.1439055918e+03   -1.0260613032e+05   -2.4335421610e-01   -3.1561324875e-01    1.0878997706e+00    4.9255167694e+01    4.9255167694e+01    9.8510335387e+01
    3.5005803422e+03    6.1085545553e+03   -1.0277811915e+05   -1.1811903322e-01   -1.3239834675e-01    9.4300399383e-01    4.9218568698e+01    4.9218568698e+01    9.8437137396e+01
    3.5017541872e+03    6.1106029288e+03   -1.0269308637e+05   -3.5371077782e-01   -2.9013637441e-01    7.7909553134e-01    4.9251107561e+01    4.9251107561e+01    9.8502215121e+01
    3.5015260394e+03    6.1102048083e+03   -1.0276459829e+05   -2.3750237543e-01   -2.8517435636e-01    8.5331628174e-01    4.9240167691e+01    4.9240167691e+01    9.8480335382e+01
    3.5402062346e+03    6.1777022114e+03   -1.0261732701e+05   -2.6356550655e-01   -3.8141455601e-01    8.3488198944e-01    4.9258528120e+01    4.9258528120e+01    9.8517056241e+01
    3.5080971339e+03    6.1216714468e+03   -1.0257156410e+05   -4.0696670307e-01   -3.8776601636e-01    1.0446962832e+00    4.9263497333e+01    4.9263497333e+01    9.8526994666e+01
    3.5052034816e+03    6.1166219888e+03   -1.0255987316e+05   -1.8943588029e-01   -3.8550808137e-01    1.0808365657e+00    4.9262691672e+01    4.9262691672e+01    9.8525383343e+01
    3.5094293308e+03    6.1239961462e+03   -1.0246092493e+05   -3.2524879822e-01   -4.6843243379e-01    6.6601405108e-01    4.9283523017e+01    4.9283523017e+01    9.8567046034e+01
    3.5484114064e+03    6.1920203343e+03   -1.0274913093e+05   -1.0587653998e+00   -9.9432607096e-01    2.0128451318e-01    4.9278862102e+01    4.9278862102e+01    9.8557724204e+01
    3.5019119453e+03    6.1108782187e+03   -1.0256592716e+05   -5.9054603134e-01   -5.0922500637e-01    5.8134195903e-01    4.9281489181e+01    4.9281489181e+01    9.8562978362e+01
    3.5171747996e+03    6.1375120820e+03   -1.0253148306e+05   -7.0032233514e-01   -6.0190433598e-01    8.4196423583e-01    4.9285458375e+01    4.9285458375e+01    9.8570916749e+01
    3.5094356444e+03    6.1240071635e+03   -1.0256576295e+05   -5.8659956051e-01   -7.1462869282e-01    7.7231624844e-01    4.9281072861e+01    4.9281072861e+01    9.8562145721e+01
    3.4887740606e+03    6.0879524528e+03   -1.0245479521e+05   -6.3605358215e-01   -4.6333382190e-01    5.3298354600e-01    4.9300355589e+01    4.9300355589e+01    9.8600711177e+01
    3.4933427227e+03    6.0959248227e+03   -1.0260573140e+05   -5.2417965433e-01   -6.5931575361e-01    9.5650470242e-01    4.9267566048e+01    4.9267566048e+01    9.8535132096e+01
    3.4902680225e+03    6.0905594342e+03   -1.0266918990e+05   -2.6424243325e-01   -2.3222499290e-01    1.0614903206e+00    4.9243306438e+01    4.9243306438e+01    9.8486612877e+01
    3.5304910567e+03    6.1607491098e+03   -1.0267401324e+05   -4.8741543392e-01   -5.2118753723e-01    8.9195910863e-01    4.9259840356e+01    4.9259840356e+01    9.8519680713e+01
    3.4777902242e+03    6.0687855270e+03   -1.0265963118e+05   -9.5750876108e-01   -8.6200825677e-01    5.3921640079e-01    4.9283986797e+01    4.9283986797e+01    9.8567973594e+01
    3.5161489039e+03    6.1357218816e+03   -1.0267107716e+05   -8.8837363662e-01   -9.1248463070e-01    3.8252054967e-01    4.9283210385e+01    4.9283210385e+01    9.8566420770e+01
    3.5819709523e+03    6.2505821431e+03   -1.0259777776e+05   -6.4103806641e-01   -5.7630171440e-01    7.6580294907e-01    4.9277335554e+01    4.9277335554e+01    9.8554671109e+01
    3.5379414473e+03    6.1737501305e+03   -1.0261107081e+05   -5.5976443783e-01   -7.2279702708e-01    6.2436976991e-01    4.9280407011e+01    4.9280407011e+01    9.8560814023e+01
    3.5242083211e+03    6.1497856611e+03   -1.0265811576e+05   -6.2077795643e-01   -8.3349522239e-01    5.7335152009e-01    4.9277304310e+01    4.9277304310e+01    9.8554608620e+01
    3.5337204284e+03    6.1663844021e+03   -1.0261310033e+05   -7.4165725369e-01   -5.3435973165e-01    6.7131777295e-01    4.9276707784e+01    4.9276707784e+01    9.8553415569e+01
    3.4649287116e+03    6.0463420337e+03   -1.0260389576e+05   -8.2225496330e-01   -4.3633342081e-01    7.6382878178e-01    4.9271433444e+01    4.9271433444e+01    9.8542866889e+01
    3.5524856026e+03    6.1991298554e+03   -1.0266464374e+05   -7.5918504689e-01   -6.4988892406e-01    4.8697142717e-01    4.9274815918e+01    4.9274815918e+01    9.8549631835e+01
    3.5233725753e+03    6.1483272746e+03   -1.0272424800e+05   -4.2255176819e-01   -6.2801919343e-01    7.3796986397e-01    4.9251121716e+01    4.9251121716e+01    9.8502243432e+01
    3.5139856577e+03    6.1319469912e+03   -1.0265677827e+05   -3.5116154231e-01   -4.0292712517e-01    1.0144436909e+00    4.9254302242e+01    4.9254302242e+01    9.8508604484e+01
    3.5341168485e+03    6.1670761599e+03   -1.0263735458e+05   -5.0230695577e-01   -3.3134262079e-01    6.6647037821e-01    4.9264543591e+01    4.9264543591e+01    9.8529087182e+01
    3.5131793567e+03    6.1305399863e+03   -1.0274405315e+05   -3.5162849928e-01   -4.7975726642e-01    6.4932289912e-01    4.9250029098e+01    4.9250029098e+01    9.8500058196e+01
    3.5642915272e+03    6.2197313349e+03   -1.0259904954e+05   -1.9250465612e-01   -5.3535236794e-01    1.0864031738e+00    4.9256595986e+01    4.9256595986e+01    9.8513191972e+01
    3.5077622900e+03    6.1210871401e+03   -1.0276149325e+05   -2.6681298516e-01   -2.2070614450e-01    1.1155998645e+00    4.9223801885e+01    4.9223801885e+01    9.8447603770e+01
    3.5072577410e+03    6.1202066960e+03   -1.0273162778e+05   -6.5189997512e-01   -5.9005912644e-01    7.6678364695e-01    4.9256430767e+01    4.9256430767e+01    9.8512861534e+01
    3.5258408561e+03    6.1526344541e+03   -1.0273248996e+05   -4.4846624162e-01   -1.8608320248e-01    1.0267460098e+00    4.9236788614e+01    4.9236788614e+01    9.8473577229e+01
    3.5297298096e+03    6.1594207244e+03   -1.0276705158e+05   -3.8354246635e-01   -5.2278002980e-01    8.3538788789e-01    4.9242105103e+01    4.9242105103e+01    9.8484210206e+01
    3.4814447206e+03    6.0751626669e+03   -1.0278772335e+05   -3.8949942770e-01   -4.4590025846e-01    8.9792898991e-01    4.9234012505e+01    4.9234012505e+01    9.8468025011e+01
    3.5251069915e+03    6.1513538517e+03   -1.0285129060e+05   -1.6582526072e-01   -3.9031876346e-01    7.8447186550e-01    4.9219530421e+01    4.9219530421e+01    9.8439060842e+01
    3.5484533929e+03    6.1920936013e+03   -1.0275100559e+05   -1.5557888737e-01   -2.7951702340e-01    1.0697014144e+00    4.9228725855e+01    4.9228725855e+01    9.8457451710e+01
    3.5082988459e+03    6.1220234366e+03   -1.0276235740e+05   -3.8432092867e-01   -3.9285198539e-01    7.4766992280e-01    4.9239874061e+01    4.9239874061e+01    9.8479748122e+01
    3.5214655202e+03    6.1449994406e+03   -1.0279500005e+05   -3.3832820759e-01   -3.1530400554e-01    9.5365913112e-01    4.9229973213e+01    4.9229973213e+01    9.8459946425e+01
    3.4902197572e+03    6.0904752106e+03   -1.0273353559e+05   -4.8170375671e-01   -6.6260420818e-01    1.0810566820e+00    4.9246510677e+01    4.9246510677e+01    9.8493021355e+01
    3.5055979458e+03    6.1173103336e+03   -1.0283148007e+05   -3.1955052481e-01   -4.4635128399e-01    9.0981430620e-01    4.9228793787e+01    4.9228793787e+01    9.8457587573e+01
    3.4797058039e+03    6.0721282363e+03   -1.0279780886e+05   -1.5205193177e-01   -2.0581647946e-01    1.0176574485e+00    4.9218750049e+01    4.9218750049e+01    9.8437500098e+01
    3.5136524564e+03    6.1313655510e+03   -1.0288892136e+05   -5.3378627002e-01   -7.4549763109e-01    4.7977630915e-01    4.9233971892e+01    4.9233971892e+01    9.8467943785e+01
    3.5338902057e+03    6.1666806654e+03   -1.0295209250e+05   -4.2632933547e-01   -5.8074869067e-01    7.1413592522e-01    4.9214863490e+01    4.9214863490e+01    9.8429726980e+01
    3.4694269347e+03    6.0541914868e+03   -1.0291648130e+05   -5.9545031875e-01   -5.8659965195e-01    8.0627488678e-01    4.9220023910e+01    4.9220023910e+01    9.8440047819e+01
    3.5230721445e+03    6.1478030194e+03   -1.0302869979e+05   -9.0638010391e-01   -1.0764094806e+00    2.3964186573e-01    4.9234484385e+01    4.9234484385e+01    9.8468968769e+01
    3.5345641052e+03    6.1678566282e+03   -1.0291465204e+05   -8.5340479411e-01   -6.1521614193e-01    4.2988469395e-01    4.9238172451e+01    4.9238172451e+01    9.8476344902e+01
    3.5677554325e+03    6.2257758911e+03   -1.0273255668e+05   -6.4138968888e-01   -4.7826330540e-01    5.1668600162e-01    4.9254043156e+01    4.9254043156e+01    9.8508086312e+01
    3.5326495688e+03    6.1645157392e+03   -1.0286604903e+05   -4.3410340263e-01   -5.0307311803e-01    5.9641515487e-01    4.9227444285e+01    4.9227444285e+01    9.8454888570e+01
    3.5352128707e+03    6.1689887317e+03   -1.0276901699e+05   -5.8773277249e-01   -4.9377913894e-01    6.7827270876e-01    4.9243195380e+01    4.9243195380e+01    9.8486390760e+01
    3.4847956603e+03    6.0810100967e+03   -1.0284680074e+05   -5.8758434393e-01   -4.8476336017e-01    7.7067185896e-01    4.9230126946e+01    4.9230126946e+01    9.8460253892e+01
    3.5248584175e+03    6.1509200870e+03   -1.0280854684e+05   -4.4036691488e-01   -2.7823906383e-01    9.1366550755e-01    4.9224251037e+01    4.9224251037e+01    9.8448502074e+01
    3.5306079764e+03    6.1609531360e+03   -1.0277849713e+05   -2.5850675511e-01   -3.1231167413e-01    1.1745657230e+00    4.9221034918e+01    4.9221034918e+01    9.8442069835e+01
    3.5400273875e+03    6.1773901210e+03   -1.0296934454e+05   -6.2064226732e-01   -7.3496136469e-01    3.5598531525e-01    4.9223999146e+01    4.9223999146e+01    9.8447998293e+01
    3.5310204120e+03    6.1616728412e+03   -1.0274228062e+05   -3.8439896769e-01   -3.6839357392e-01    8.1477518549e-01    4.9242568346e+01    4.9242568346e+01    9.8485136692e+01
    3.4941526827e+03    6.0973382127e+03   -1.0293650986e+05   -7.3350956901e-01   -5.7840123344e-01    6.6890386026e-01    4.9220789259e+01    4.9220789259e+01    9.8441578518e+01
    3.4869261358e+03    6.0847278018e+03   -1.0290655480e+05   -5.5232713869e-01   -3.9469932943e-01    5.5743308318e-01    4.9222713619e+01    4.9222713619e+01    9.8445427237e+01
    3.5025906745e+03    6.1120626092e+03   -1.0287431502e+05   -6.0368974484e-01   -5.1214997023e-01    9.1263294710e-01    4.9225035455e+01    4.9225035455e+01    9.8450070910e+01
    3.5018292337e+03    6.1107338859e+03   -1.0289246268e+05   -4.6057642985e-01   -3.7954563899e-01    8.6684327865e-01    4.9218730860e+01    4.9218730860e+01    9.8437461721e+01
    3.5562549816e+03    6.2057074667e+03   -1.0298184120e+05   -6.5823766085e-01   -6.0249835772e-01    6.1197862011e-01    4.9216792973e+01    4.9216792973e+01    9.8433585946e+01
    3.5057233543e+03    6.1175291729e+03   -1.0296065459e+05   -5.6385821511e-01   -4.2671022211e-01    5.5925537392e-01    4.9217297375e+01    4.9217297375e+01    9.8434594750e+01
    3.5091387743e+03    6.1234891218e+03   -1.0293736407e+05   -5.3439681496e-01   -5.7251498398e-01    6.3655212383e-01    4.9217090971e+01    4.9217090971e+01    9.8434181942e+01
    3.5294396611e+03    6.1589144118e+03   -1.0301936833e+05   -5.9691174319e-01   -6.8958268976e-01    7.0332832273e-01    4.9211027544e+01    4.9211027544e+01    9.8422055087e+01
    3.5511473270e+03    6.1967945485e+03   -1.0289325217e+05   -5.0353498774e-01   -4.6907906109e-01    7.3307346570e-01    4.9224618456e+01    4.9224618456e+01    9.8449236912e+01
    3.5732328911e+03    6.2353341219e+03   -1.0288882405e+05   -7.1286945779e-01   -6.7252045357e-01    4.5421268482e-01    4.9239491534e+01    4.9239491534e+01    9.8478983067e+01
    3.5103425098e+03    6.1255896545e+03   -1.0287370893e+05   -5.1611699897e-01   -4.8880634050e-01    4.4318490350e-01    4.9230910478e+01    4.9230910478e+01    9.8461820956e+01
    3.5091987424e+03    6.1235937667e+03   -1.0288661754e+05   -5.7070516902e-01   -7.4596832649e-01    5.9305497766e-01    4.9229067240e+01    4.9229067240e+01    9.8458134480e+01
    3.5460838210e+03    6.1879586700e+03   -1.0301685939e+05   -7.0358390213e-01   -5.5737688132e-01    6.0068969929e-01    4.9210926259e+01    4.9210926259e+01    9.8421852517e+01
    3.4980782589e+03    6.1041883900e+03   -1.0294549023e+05   -2.6541999822e-01   -2.2709164545e-01    9.3746082366e-01    4.9201207636e+01    4.9201207636e+01    9.8402415273e+01
    3.5004466785e+03    6.1083213106e+03   -1.0301394702e+05   -4.1798186989e-01   -5.6916732807e-01    7.6601903874e-01    4.9204437930e+01    4.9204437930e+01    9.8408875861e+01
    3.5321632003e+03    6.1636670204e+03   -1.0295962248e+05   -5.1011978249e-01   -4.1703810171e-01    7.9077849892e-01    4.9203424380e+01    4.9203424380e+01    9.8406848760e+01
    3.5010872693e+03    6.1094391492e+03   -1.0300409676e+05   -2.8448842215e-01   -3.5696138925e-01    7.2252174791e-01    4.9194632747e+01    4.9194632747e+01    9.8389265493e+01
    3.4729488412e+03    6.0603372558e+03   -1.0306201789e+05   -5.4443604030e-01   -3.6472360444e-01    8.8245222863e-01    4.9190151716e+01    4.9190151716e+01    9.8380303432e+01
    3.4872020951e+03    6.0852093542e+03   -1.0300526228e+05   -2.1657173228e-01   -3.5510282458e-01    8.5408213691e-01    4.9190428536e+01    4.9190428536e+01    9.8380857071e+01
    3.5507354652e+03    6.1960758446e+03   -1.0306656191e+05   -7.2248168817e-01   -4.1990074825e-01    7.5665095119e-01    4.9200504842e+01    4.9200504842e+01    9.8401009683e+01
    3.4961938761e+03    6.1009001196e+03   -1.0307947318e+05   -5.3078252493e-01   -5.6396224467e-01    7.6375984266e-01    4.9194091101e+01    4.9194091101e+01    9.8388182201e+01
    3.5045894257e+03    6.1155504540e+03   -1.0299797999e+05   -3.2984633614e-01   -4.0495032899e-01    7.7270398092e-01    4.9193780263e+01    4.9193780263e+01    9.8387560526e+01
    3.5557838458e+03    6.2048853293e+03   -1.0304688017e+05   -4.5504956914e-01   -3.2416946736e-01    6.3898185137e-01    4.9192674271e+01    4.9192674271e+01    9.8385348542e+01
    3.5128418881e+03    6.1299510996e+03   -1.0316972352e+05   -5.2827955827e-02   -1.7905553460e-01    1.0581668118e+00    4.9158711496e+01    4.9158711496e+01    9.8317422992e+01
    3.4828571418e+03    6.0776273587e+03   -1.0316562740e+05   -5.5683310353e-01   -5.1823851513e-01    7.7986473583e-01    4.9184487338e+01    4.9184487338e+01    9.8368974677e+01
    3.4830754150e+03    6.0780082481e+03   -1.0315138569e+05   -1.2019189054e-01   -2.5582626726e-01    8.5581199263e-01    4.9167477185e+01    4.9167477185e+01    9.8334954370e+01
    3.5210628197e+03    6.1442967234e+03   -1.0304864445e+05   -7.9611712927e-02   -3.1216480970e-01    1.1347132955e+00    4.9178766891e+01    4.9178766891e+01    9.8357533783e+01
    3.5395345706e+03    6.1765301497e+03   -1.0298165812e+05   -6.0081072149e-01   -3.1684876504e-01    6.8753263784e-01    4.9207336989e+01    4.9207336989e+01    9.8414673979e+01
    3.4955445832e+03    6.0997670957e+03   -1.0300336258e+05   -6.3718229933e-01   -6.3060064406e-01    5.1429215550e-01    4.9214749702e+01    4.9214749702e+01    9.8429499404e+01
    3.5043553627e+03    6.1151420113e+03   -1.0299812029e+05   -5.2312893816e-01   -6.3221504202e-01    7.2190322930e-01    4.9206319779e+01    4.9206319779e+01    9.8412639557e+01
    3.5136503352e+03    6.1313618494e+03   -1.0307011344e+05   -4.5202260636e-01   -3.4295816742e-01    8.7227986393e-01    4.9183768917e+01    4.9183768917e+01    9.8367537833e+01
    3.5065033590e+03    6.1188902905e+03   -1.0292877035e+05   -2.2294711754e-01   -1.1204879766e-01    1.0455354275e+00    4.9194720469e+01    4.9194720469e+01    9.8389440939e+01
    3.4604849250e+03    6.0385875729e+03   -1.0288242035e+05   -2.3227818754e-01   -9.4269053014e-02    1.1755111993e+00    4.9197233247e+01    4.9197233247e+01    9.8394466494e+01
    3.4917535233e+03    6.0931516509e+03   -1.0292248234e+05   -2.4822807934e-01   -3.5471349358e-01    1.0498360847e+00    4.9202081794e+01    4.9202081794e+01    9.8404163587e+01
    3.5137247595e+03    6.1314917206e+03   -1.0295259528e+05   -5.1763287837e-01   -6.0073513487e-01    6.8473945068e-01    4.9217492887e+01    4.9217492887e+01    9.8434985775e+01
    3.5262030130e+03    6.1532664222e+03   -1.0306017844e+05   -5.2994800187e-01   -4.4657790468e-01    7.3021388389e-01    4.9199892895e+01    4.9199892895e+01    9.8399785790e+01
    3.5498927656e+03    6.1946053238e+03   -1.0292202747e+05   -5.1525013173e-01   -4.7670661557e-01    6.5047940664e-01    4.9222107870e+01    4.9222107870e+01    9.8444215739e+01
    3.5153283936e+03    6.1342900813e+03   -1.0296466047e+05   -6.0334382251e-01   -7.9945116876e-01    6.6341772732e-01    4.9218934523e+01    4.9218934523e+01    9.8437869047e+01
    3.5474995622e+03    6.1904291553e+03   -1.0303675539e+05   -5.6757189952e-01   -5.6694527775e-01    6.2096250092e-01    4.9206619983e+01    4.9206619983e+01    9.8413239966e+01
    3.5148814333e+03    6.1335101302e+03   -1.0310648287e+05   -6.9123614814e-01   -8.7171645102e-01    4.7276271687e-01    4.9206412441e+01    4.9206412441e+01    9.8412824883e+01
    3.5476514662e+03    6.1906942296e+03   -1.0302191327e+05   -5.1297575603e-01   -7.4286621575e-01    4.6153436196e-01    4.9212263313e+01    4.9212263313e+01    9.8424526626e+01
    3.5372260885e+03    6.1725018208e+03   -1.0308213079e+05   -5.9017517392e-01   -6.9963613052e-01    6.9917191949e-01    4.9201031821e+01    4.9201031821e+01    9.8402063643e+01
    3.5104693026e+03    6.1258109095e+03   -1.0330379740e+05   -7.7808669269e-01   -9.6794448279e-01    3.9156572080e-01    4.9175341886e+01    4.9175341886e+01    9.8350683771e+01
    3.5300116151e+03    6.1599124785e+03   -1.0328604775e+05   -4.8914120197e-01   -5.4758321363e-01    9.0360380287e-01    4.9154733684e+01    4.9154733684e+01    9.8309467367e+01
    3.5119699700e+03    6.1284295920e+03   -1.0324991111e+05   -3.6134198451e-01   -1.3307072906e-01    1.0408413262e+00    4.9144294348e+01    4.9144294348e+01    9.8288588695e+01
    3.4888031063e+03    6.0880031379e+03   -1.0324697217e+05   -2.3644983202e-02   -7.1439907312e-02    1.1123398803e+00    4.9138366997e+01    4.9138366997e+01    9.8276733993e+01
    3.4577813915e+03    6.0338698746e+03   -1.0326495102e+05    2.3302966114e-01   -2.5947034182e-02    1.1767428222e+00    4.9130066530e+01    4.9130066530e+01    9.8260133059e+01
    3.5261103418e+03    6.1531047099e+03   -1.0318339969e+05   -3.8189570513e-01   -3.8783161740e-01    7.9066644249e-01    4.9165696309e+01    4.9165696309e+01    9.8331392618e+01
    3.5563818264e+03    6.2059288125e+03   -1.0327635795e+05   -3.7815846818e-01   -3.8215285458e-01    8.0223834319e-01    4.9155970326e+01    4.9155970326e+01    9.8311940652e+01
    3.5080121007e+03    6.1215230627e+03   -1.0316878409e+05   -2.8739624901e-01   -4.2821320452e-01    9.7446384392e-01    4.9167337368e+01    4.9167337368e+01    9.8334674736e+01
    3.5561768640e+03    6.2055711506e+03   -1.0323477947e+05   -7.8558863146e-01   -6.2730484770e-01    4.7405628018e-01    4.9181897606e+01    4.9181897606e+01    9.8363795212e+01
    3.5516909828e+03    6.1977432342e+03   -1.0323754555e+05   -3.6684809657e-01   -2.6137536789e-01    9.1297546657e-01    4.9159857472e+01    4.9159857472e+01    9.8319714945e+01
    3.5060994051e+03    6.1181853860e+03   -1.0338200455e+05   -5.6020493723e-01   -4.4646824849e-01    5.0900591834e-01    4.9147122364e+01    4.9147122364e+01    9.8294244727e+01
    3.5667765778e+03    6.2240677779e+03   -1.0328627670e+05   -5.6134152903e-01   -6.4407298072e-01    5.6938146848e-01    4.9164919420e+01    4.9164919420e+01    9.8329838840e+01
    3.5190599350e+03    6.1408016657e+03   -1.0332211159e+05   -6.7227341902e-01   -8.9103500631e-01    3.9833881587e-01    4.9171861956e+01    4.9171861956e+01    9.8343723912e+01
    3.5360845226e+03    6.1705097746e+03   -1.0332638450e+05   -3.2766131617e-01   -4.1370682310e-01    6.4352928243e-01    4.9144422462e+01    4.9144422462e+01    9.8288844924e+01
    3.4705826168e+03    6.0562081658e+03   -1.0340261169e+05   -5.9977512206e-01   -5.3661650516e-01    5.3743341964e-01    4.9147215054e+01    4.9147215054e+01    9.8294430108e+01
    3.5350314825e+03    6.1686722071e+03   -1.0339141212e+05   -5.3217659498e-01   -3.8441186833e-01    6.9192989642e-01    4.9137011170e+01    4.9137011170e+01    9.8274022340e+01
    3.5214482034e+03    6.1449692227e+03   -1.0332373366e+05   -3.8235741398e-01   -3.6518570150e-01    6.8079650923e-01    4.9145901133e+01    4.9145901133e+01    9.8291802265e+01
    3.5174509768e+03    6.1379940144e+03   -1.0337404956e+05   -3.7174356498e-01   -4.0723934518e-01    8.5911069435e-01    4.9138738537e+01    4.9138738537e+01    9.8277477074e+01
    3.5513885476e+03    6.1972154812e+03   -1.0333504477e+05   -5.1831351944e-01   -4.4102596226e-01    4.9240672705e-01    4.9148717058e+01    4.9148717058e+01    9.8297434116e+01
    3.5157038019e+03    6.1349451733e+03   -1.0342939318e+05   -4.2359557053e-01   -4.9216140029e-01    8.5806243542e-01    4.9132600494e+01    4.9132600494e+01    9.8265200988e+01
    3.5523027349e+03    6.1988107490e+03   -1.0335117354e+05   -3.6302195123e-01   -5.3546476426e-01    5.8351514758e-01    4.9151855242e+01    4.9151855242e+01    9.8303710484e+01
    3.5290993968e+03    6.1583206465e+03   -1.0326402737e+05   -4.9912904042e-01   -4.3841892990e-01    4.8794896108e-01    4.9167534640e+01    4.9167534640e+01    9.8335069281e+01
    3.5496768436e+03    6.1942285374e+03   -1.0325288614e+05   -7.2478221990e-01   -6.9872577193e-01    4.7878234838e-01    4.9173656077e+01    4.9173656077e+01    9.8347312155e+01
    3.5057068247e+03    6.1175003286e+03   -1.0328989885e+05   -8.9698461269e-01   -7.7040713180e-01    2.4853815955e-01    4.9177392047e+01    4.9177392047e+01    9.8354784093e+01
    3.5428527643e+03    6.1823204374e+03   -1.0335025578e+05   -6.6708011071e-01   -5.5102181467e-01    4.7617099404e-01    4.9155728022e+01    4.9155728022e+01    9.8311456045e+01
    3.5135944816e+03    6.1312643842e+03   -1.0337805621e+05   -6.4154133472e-01   -4.3692503345e-01    6.8670564789e-01    4.9144752735e+01    4.9144752735e+01    9.8289505471e+01
    3.5010391107e+03    6.1093551118e+03   -1.0328380300e+05   -4.0499276936e-01   -4.0391494987e-01    6.7215582279e-01    4.9155007276e+01    4.9155007276e+01    9.8310014552e+01
    3.5545268519e+03    6.2026918598e+03   -1.0341798988e+05   -5.6023158304e-01   -6.6232831536e-01    5.2802252011e-01    4.9146837453e+01    4.9146837453e+01    9.8293674906e+01
    3.5188144706e+03    6.1403733275e+03   -1.0335712446e+05   -3.8473114296e-01   -5.0722091658e-01    7.9967927979e-01    4.9138451671e+01    4.9138451671e+01    9.8276903341e+01
    3.4740902989e+03    6.0623291131e+03   -1.0347220003e+05   -4.4184873387e-01   -3.8247072587e-01    7.2977288715e-01    4.9125535175e+01    4.9125535175e+01    9.8251070350e+01
    3.5667620568e+03    6.2240424387e+03   -1.0332271812e+05   -3.6818576384e-01   -2.2606142824e-01    8.4007855871e-01    4.9139645244e+01    4.9139645244e+01    9.8279290488e+01
    3.5445541774e+03    6.1852894235e+03   -1.0336227605e+05   -4.9077791507e-01   -5.9485046786e-01    4.6795536096e-01    4.9150116688e+01    4.9150116688e+01    9.8300233375e+01
    3.5014662301e+03    6.1101004403e+03   -1.0342247295e+05   -2.2742564121e-01   -1.5688927671e-01    7.6590243398e-01    4.9123039047e+01    4.9123039047e+01    9.8246078094e+01
    3.5203541474e+03    6.1430600818e+03   -1.0342824989e+05   -4.0776017978e-01   -3.8448289284e-01    7.7628214318e-01    4.9128014368e+01    4.9128014368e+01    9.8256028736e+01
    3.5082391612e+03    6.1219192860e+03   -1.0349150277e+05   -7.5092546662e-01   -5.7442218598e-01    2.3360110149e-01    4.9140501808e+01    4.9140501808e+01    9.8281003616e+01
    3.5163279303e+03    6.1360342849e+03   -1.0345821513e+05   -5.5615373713e-01   -4.8903644649e-01    5.6445197292e-01    4.9131535522e+01    4.9131535522e+01    9.8263071044e+01
    3.5204727686e+03    6.1432670772e+03   -1.0348915127e+05   -7.4588749631e-02   -2.1955157148e-01    8.8035934604e-01    4.9109087627e+01    4.9109087627e+01    9.8218175254e+01
    3.5778967878e+03    6.2434726775e+03   -1.0355398536e+05   -5.4318447400e-01   -6.4986140990e-01    3.4454713048e-01    4.9127141650e+01    4.9127141650e+01    9.8254283301e+01
    3.5318880197e+03    6.1631868270e+03   -1.0354756265e+05   -7.6630590173e-01   -7.6494466835e-01    2.9307108407e-01    4.9133828385e+01    4.9133828385e+01    9.8267656770e+01
    3.5266565003e+03    6.1540577631e+03   -1.0355279595e+05   -8.3426964219e-01   -7.0956696626e-01    3.2626845497e-01    4.9132536678e+01    4.9132536678e+01    9.8265073355e+01
    3.5185708349e+03    6.1399481802e+03   -1.0358943498e+05   -5.3024672179e-01   -5.1350326187e-01    5.1640818556e-01    4.9116772217e+01    4.9116772217e+01    9.8233544434e+01
    3.4983505824e+03    6.1046635978e+03   -1.0365828856e+05   -2.7432876277e-01   -2.1614693920e-01    4.6928130260e-01    4.9093484673e+01    4.9093484673e+01    9.8186969345e+01
    3.5449890787e+03    6.1860483315e+03   -1.0370589520e+05   -4.7752730379e-01   -4.4196718742e-01    3.7123883671e-01    4.9091276488e+01    4.9091276488e+01    9.8182552976e+01
    3.5136595938e+03    6.1313780057e+03   -1.0377223752e+05   -3.2054274162e-01   -3.2174512699e-01    5.8442758156e-01    4.9074154977e+01    4.9074154977e+01    9.8148309954e+01
    3.5305090488e+03    6.1607805062e+03   -1.0368056220e+05   -4.4268064447e-01   -4.8405276168e-01    4.8289170871e-01    4.9093369170e+01    4.9093369170e+01    9.8186738340e+01
    3.5870270904e+03    6.2594051646e+03   -1.0373320962e+05   -5.4866493682e-01   -5.6099147217e-01    2.8160543768e-01    4.9101014185e+01    4.9101014185e+01    9.8202028370e+01
    3.5170276078e+03    6.1372552305e+03   -1.0370209461e+05   -5.6306622919e-01   -4.7981015090e-01    3.4992523544e-01    4.9094517017e+01    4.9094517017e+01    9.8189034034e+01
    3.5020506729e+03    6.1111202999e+03   -1.0362990790e+05   -5.7133197498e-01   -4.8190780004e-01    4.7364494360e-01    4.9104694765e+01    4.9104694765e+01    9.8209389530e+01
    3.5674090248e+03    6.2251714056e+03   -1.0377339274e+05   -7.0559047570e-01   -6.7105115102e-01    3.5319985014e-02    4.9096676984e+01    4.9096676984e+01    9.8193353968e+01
    3.5338859731e+03    6.1666732795e+03   -1.0372857526e+05   -5.1776264754e-01   -6.2967164406e-01    2.7683115160e-01    4.9094377490e+01    4.9094377490e+01    9.8188754980e+01
    3.5197433927e+03    6.1419943076e+03   -1.0387541522e+05   -9.9401276597e-01   -1.0430936397e+00   -3.1496353918e-01    4.9101285966e+01    4.9101285966e+01    9.8202571932e+01
    3.5449804260e+03    6.1860332324e+03   -1.0407303537e+05   -7.5328056755e-01   -7.3825344343e-01   -1.6997834149e-01    4.9057635197e+01    4.9057635197e+01    9.8115270393e+01
    3.5438008969e+03    6.1839749401e+03   -1.0423749790e+05   -9.5864311419e-01   -8.7880316439e-01   -5.3909649668e-01    4.9043288334e+01    4.9043288334e+01    9.8086576668e+01
    3.5289981588e+03    6.1581439851e+03   -1.0432200192e+05   -8.2684586639e-01   -9.5855215801e-01   -4.3736925463e-01    4.9026376286e+01    4.9026376286e+01    9.8052752572e+01
    3.5215018042e+03    6.1450627568e+03   -1.0443850305e+05   -5.0189578469e-01   -4.5966887164e-01   -1.5855628666e-01    4.8986694898e+01    4.8986694898e+01    9.7973389797e+01
    3.5162859329e+03    6.1359609988e+03   -1.0457430043e+05   -6.3826176900e-01   -7.1369275292e-01   -1.7551960135e-01    4.8971854256e+01    4.8971854256e+01    9.7943708512e+01
    3.5015722641e+03    6.1102854709e+03   -1.0443735058e+05   -4.9464539785e-01   -4.2719434946e-01   -3.2290942985e-01    4.8983594259e+01    4.8983594259e+01    9.7967188518e+01
    3.5514343275e+03    6.1972953677e+03   -1.0464224373e+05   -7.4849007885e-01   -8.1399180639e-01   -6.5965235529e-01    4.8975611275e+01    4.8975611275e+01    9.7951222549e+01
    3.4868301218e+03    6.0845602562e+03   -1.0474670468e+05   -2.0731194405e-01   -2.4194991505e-01   -2.0176688409e-01    4.8928176950e+01    4.8928176950e+01    9.7856353900e+01
    3.5602215338e+03    6.2126291479e+03   -1.0478377126e+05   -3.5179261771e-01   -2.2169497825e-01   -1.9254542736e-01    4.8923038410e+01    4.8923038410e+01    9.7846076820e+01
    3.5268435545e+03    6.1543841748e+03   -1.0474046561e+05   -3.5128345130e-03   -2.3606606823e-01   -6.1826461276e-02    4.8922449048e+01    4.8922449048e+01    9.7844898097e+01
    3.4967484781e+03    6.1018679066e+03   -1.0481801757e+05   -2.1873722930e-01    7.3228201289e-02   -1.2480685656e-01    4.8906688918e+01    4.8906688918e+01    9.7813377836e+01
    3.5166922398e+03    6.1366700092e+03   -1.0480255195e+05   -2.9230243091e-01   -3.1304075100e-01   -9.3925495780e-02    4.8916790493e+01    4.8916790493e+01    9.7833580987e+01
    3.5528816938e+03    6.1998210393e+03   -1.0484122980e+05   -4.4517435190e-01   -4.7861783441e-01   -4.9144071750e-01    4.8925932606e+01    4.8925932606e+01    9.7851865212e+01
    3.5074382766e+03    6.1205217329e+03   -1.0491699032e+05   -1.4669014195e-01   -3.4546294144e-01   -4.9657869056e-01    4.8905984885e+01    4.8905984885e+01    9.7811969771e+01
    3.5165760916e+03    6.1364673293e+03   -1.0496456998e+05   -9.7125942990e-02   -1.0967955044e-01   -1.5195295869e-01    4.8887343435e+01    4.8887343435e+01    9.7774686871e+01
    3.5499564724e+03    6.1947164929e+03   -1.0502981915e+05    3.5473926384e-02   -7.0290787807e-02    1.1223624714e-01    4.8869141133e+01    4.8869141133e+01    9.7738282265e+01
    3.5370246590e+03    6.1721503239e+03   -1.0489678404e+05    2.1325496855e-02    4.0870821282e-02   -3.6070226836e-02    4.8886325245e+01    4.8886325245e+01    9.7772650489e+01
    3.5320724717e+03    6.1635086979e+03   -1.0490186246e+05   -1.9707110455e-01   -3.0553822747e-01   -2.0652071667e-01    4.8900935458e+01    4.8900935458e+01    9.7801870916e+01
    3.5234879621e+03    6.1485286259e+03   -1.0493958565e+05   -3.6660156929e-01   -3.1336567194e-01   -4.6627786132e-01    4.8906935657e+01    4.8906935657e+01    9.7813871314e+01
    3.5017027167e+03    6.1105131122e+03   -1.0494716579e+05   -2.4413914004e-01   -1.9600316294e-01   -9.6299061390e-02    4.8891474716e+01    4.8891474716e+01    9.7782949431e+01
    3.4885329725e+03    6.0875317512e+03   -1.0492382674e+05   -1.3768246250e-01   -2.8297167786e-02   -8.9455554132e-02    4.8891305789e+01    4.8891305789e+01    9.7782611578e+01
    3.5380482611e+03    6.1739365219e+03   -1.0493393173e+05   -1.6615411472e-03    9.0362951707e-02    4.0050417966e-02    4.8881452260e+01    4.8881452260e+01    9.7762904521e+01
    3.4967072592e+03    6.1017959792e+03   -1.0495785992e+05   -2.7730219692e-01   -1.7317469761e-01   -1.1981664122e-01    4.8891789035e+01    4.8891789035e+01    9.7783578069e+01
    3.4924993691e+03    6.0944531606e+03   -1.0498047540e+05   -4.7194853158e-01   -3.1987487320e-01   -2.7297217495e-01    4.8895600552e+01    4.8895600552e+01    9.7791201104e+01
    3.5642372902e+03    6.2196366908e+03   -1.0491529954e+05    1.8445107662e-02   -4.8540929671e-03   -8.1210712085e-02    4.8888230814e+01    4.8888230814e+01    9.7776461629e+01
    3.5209563652e+03    6.1441109592e+03   -1.0490121203e+05   -6.6074320959e-02   -3.0035774904e-01   -1.8562513029e-01    4.8898287442e+01    4.8898287442e+01    9.7796574885e+01
    3.4907298555e+03    6.0913653383e+03   -1.0495829684e+05   -1.8803879098e-01   -2.2407966848e-01   -1.9351221297e-01    4.8890468242e+01    4.8890468242e+01    9.7780936485e+01
    3.5206577543e+03    6.1435898796e+03   -1.0485498888e+05   -1.7636988743e-01   -2.1250872330e-01    4.1610719437e-02    4.8903401715e+01    4.8903401715e+01    9.7806803429e+01
    3.4736099146e+03    6.0614908367e+03   -1.0489057728e+05   -2.6670219126e-01   -9.7746479491e-02   -1.8003882270e-01    4.8902536266e+01    4.8902536266e+01    9.7805072533e+01
    3.4918119648e+03    6.0932536319e+03   -1.0498429038e+05    1.4496018824e-01    1.0867249604e-01    9.1936407569e-02    4.8870607439e+01    4.8870607439e+01    9.7741214878e+01
    3.5214443542e+03    6.1449625057e+03   -1.0494443735e+05   -3.5703350126e-02   -8.3404211645e-02   -5.2046282737e-02    4.8885719574e+01    4.8885719574e+01    9.7771439148e+01
    3.5136552516e+03    6.1313704285e+03   -1.0501194666e+05   -7.3055377311e-02   -1.8853058718e-01   -4.1236721543e-02    4.8880078702e+01    4.8880078702e+01    9.7760157404e+01
    3.4896804654e+03    6.0895341399e+03   -1.0498533873e+05   -6.0346567876e-02   -6.8864012901e-03   -6.2172256000e-02    4.8879979510e+01    4.8879979510e+01    9.7759959021e+01
    3.5548670279e+03    6.2032854709e+03   -1.0499146099e+05    3.2859141113e-01    1.7186250509e-01    1.5788581710e-01    4.8865510398e+01    4.8865510398e+01    9.7731020796e+01
    3.5456045768e+03    6.1871223831e+03   -1.0499654529e+05    1.7964327743e-01    1.8985691941e-01    4.7910760567e-02    4.8867833958e+01    4.8867833958e+01    9.7735667916e+01
    3.5032474835e+03    6.1132087488e+03   -1.0493142463e+05    2.7452404487e-03   -8.0065764018e-02    7.2256546773e-02    4.8885000132e+01    4.8885000132e+01    9.7770000264e+01
    3.5198853788e+03    6.1422420751e+03   -1.0494255963e+05   -4.0190662008e-01   -2.0816911211e-01   -1.7152774041e-01    4.8899889120e+01    4.8899889120e+01    9.7799778239e+01
    3.5871938734e+03    6.2596962029e+03   -1.0497351276e+05   -4.7664391930e-01   -3.4028735733e-01   -3.5367079518e-01    4.8902336678e+01    4.8902336678e+01    9.7804673356e+01
    3.5008351859e+03    6.1089992607e+03   -1.0500772232e+05   -1.3974997258e-01   -2.3303886604e-02   -5.3797583142e-02    4.8877169834e+01    4.8877169834e+01    9.7754339668e+01
    3.5465466900e+03    6.1887663819e+03   -1.0504774571e+05    3.5978772670e-01    4.1045222778e-01    2.9334475736e-01    4.8843887005e+01    4.8843887005e+01    9.7687774010e+01
    3.5459012295e+03    6.1876400456e+03   -1.0493938894e+05    1.2959059467e-01    6.7435138818e-02    1.3598932087e-01    4.8874906158e+01    4.8874906158e+01    9.7749812317e+01
    3.5423675846e+03    6.1814737930e+03   -1.0499450818e+05    1.5926854289e-02    1.3266209754e-02   -5.1074188945e-02    4.8875584858e+01    4.8875584858e+01    9.7751169717e+01
    3.5683728967e+03    6.2268533735e+03   -1.0490262346e+05   -9.2387592216e-02    8.1596629723e-02    6.1378583864e-03    4.8890236280e+01    4.8890236280e+01    9.7780472560e+01
    3.5269180977e+03    6.1545142537e+03   -1.0475100064e+05   -7.4786705927e-02   -1.0810169757e-01   -4.5132822272e-02    4.8915440496e+01    4.8915440496e+01    9.7830880993e+01
    3.5017463185e+03    6.1105891979e+03   -1.0475900135e+05   -5.5640499897e-02   -7.0079897127e-02   -8.0294800465e-02    4.8912846669e+01    4.8912846669e+01    9.7825693338e+01
    3.5560433963e+03    6.2053382479e+03   -1.0499282185e+05    7.7178827820e-02   -1.0872881422e-01    6.4478635336e-02    4.8877669357e+01    4.8877669357e+01    9.7755338713e+01
    3.5126390725e+03    6.1295971838e+03   -1.0488958823e+05    2.3774721977e-02    1.2374616688e-01    5.6013447974e-04    4.8887969267e+01    4.8887969267e+01    9.7775938534e+01
    3.5250750062e+03    6.1512980369e+03   -1.0497744832e+05   -4.8844565627e-01   -3.4884689052e-01   -5.2984608658e-01    4.8906124749e+01    4.8906124749e+01    9.7812249498e+01
    3.5090321002e+03    6.1233029742e+03   -1.0498490873e+05    1.3427656073e-01    1.3380110449e-01    1.1229763914e-01    4.8868381810e+01    4.8868381810e+01    9.7736763620e+01
    3.4992951148e+03    6.1063118182e+03   -1.0501595924e+05    8.6195120215e-02    7.8445500309e-02    1.2051624510e-01    4.8869943853e+01    4.8869943853e+01    9.7739887706e+01
    3.5338110129e+03    6.1665424730e+03   -1.0492706457e+05    7.9596260941e-02   -3.7843548720e-02   -2.1480042851e-01    4.8889948859e+01    4.8889948859e+01    9.7779897718e+01
    3.4689973239e+03    6.0534418108e+03   -1.0497719281e+05   -1.9674408474e-01   -1.6858864410e-01   -2.2773072852e-01    4.8886147728e+01    4.8886147728e+01    9.7772295456e+01
    3.5785262658e+03    6.2445711240e+03   -1.0488570871e+05   -1.3876000269e-01   -9.7424473147e-02   -1.7824270802e-01    4.8897358687e+01    4.8897358687e+01    9.7794717374e+01
    3.4547641585e+03    6.0286047670e+03   -1.0497272222e+05    2.1455447665e-02    1.2419493262e-02    3.3828314297e-02    4.8877142595e+01    4.8877142595e+01    9.7754285190e+01
    3.4936485670e+03    6.0964585247e+03   -1.0505741158e+05   -6.9676881397e-02   -1.2856789670e-01   -1.0402590671e-01    4.8871733965e+01    4.8871733965e+01    9.7743467930e+01
    3.5247679513e+03    6.1507622224e+03   -1.0501372672e+05    2.1124327875e-01    2.2356526302e-01    2.7407456030e-01    4.8861159539e+01    4.8861159539e+01    9.7722319077e+01
    3.5824887989e+03    6.2514857916e+03   -1.0497284849e+05   -4.9631459526e-02   -1.9766182845e-02    1.3251461837e-01    4.8876602428e+01    4.8876602428e+01    9.7753204856e+01
    3.5118037785e+03    6.1281395859e+03   -1.0503445738e+05   -1.1105839469e-01   -3.4264275813e-01   -4.1112454374e-02    4.8877852649e+01    4.8877852649e+01    9.7755705299e+01
    3.5518876314e+03    6.1980863885e+03   -1.0498923964e+05    6.5784816455e-03   -1.2360886627e-01   -4.3387102857e-02    4.8878374017e+01    4.8878374017e+01    9.7756748033e+01
    3.4902630272e+03    6.0905507173e+03   -1.0490020946e+05   -1.2843909297e-01    1.7719704990e-02    6.7316999988e-02    4.8887935120e+01    4.8887935120e+01    9.7775870240e+01
    3.4954552364e+03    6.0996111844e+03   -1.0489467239e+05   -1.4193374306e-01   -8.1738423527e-02   -8.5327608138e-02    4.8894619877e+01    4.8894619877e+01    9.7789239755e+01
    3.4955102672e+03    6.0997072139e+03   -1.0493532324e+05   -7.3706134935e-02    5.8277386060e-02   -7.5124713612e-02    4.8884582623e+01    4.8884582623e+01    9.7769165247e+01
    3.5196340790e+03    6.1418035539e+03   -1.0497334822e+05   -2.4532970438e-01   -7.1359891760e-02   -9.0086226228e-02    4.8884345384e+01    4.8884345384e+01    9.7768690768e+01
    3.5028190883e+03    6.1124611941e+03   -1.0497032959e+05   -1.2986911831e-01   -2.1088198958e-01   -1.6481439943e-01    4.8893324900e+01    4.8893324900e+01    9.7786649800e+01
    3.5881377935e+03    6.2613433548e+03   -1.0495081419e+05    2.7040533537e-02    5.5914354877e-02    3.6973300764e-02    4.8878993299e+01    4.8878993299e+01    9.7757986599e+01
    3.5615581530e+03    6.2149615644e+03   -1.0497209071e+05   -4.7055879998e-01   -3.0422905492e-01   -4.0202902589e-01    4.8902308871e+01    4.8902308871e+01    9.7804617742e+01
    3.5082310085e+03    6.1219050595e+03   -1.0485177661e+05   -1.4234606078e-01   -3.3905002711e-01   -1.7863421825e-01    4.8905434669e+01    4.8905434669e+01    9.7810869338e+01
    3.5261382686e+03    6.1531534425e+03   -1.0503233802e+05   -2.3104931293e-01   -3.3652951702e-01   -3.3747766357e-01    4.8889544439e+01    4.8889544439e+01    9.7779088878e+01
    3.5563715009e+03    6.2059107943e+03   -1.0496632500e+05    1.9410178731e-01    1.6541421825e-01    1.5854826714e-01    4.8868727212e+01    4.8868727212e+01    9.7737454425e+01
    3.5344645709e+03    6.1676829396e+03   -1.0511088019e+05    6.6452748359e-02    2.6150101764e-01    2.1944293157e-01    4.8851383475e+01    4.8851383475e+01    9.7702766951e+01
    3.5459162390e+03    6.1876662373e+03   -1.0506553428e+05    2.6424579187e-01    3.4962356053e-02    7.5990368501e-02    4.8858530072e+01    4.8858530072e+01    9.7717060143e+01
    3.5407134029e+03    6.1785872262e+03   -1.0497793275e+05    6.1361532215e-02    3.5524000796e-02   -5.9870680994e-04    4.8874801101e+01    4.8874801101e+01    9.7749602201e+01
    3.5119208542e+03    6.1283438844e+03   -1.0494156651e+05   -4.0100037035e-02    8.0922718739e-02   -1.0052491004e-01    4.8884761982e+01    4.8884761982e+01    9.7769523963e+01
    3.5369279875e+03    6.1719816311e+03   -1.0500796575e+05   -2.5751382094e-01   -1.5678746828e-01   -1.7947281896e-01    4.8882852659e+01    4.8882852659e+01    9.7765705318e+01
    3.5097657682e+03    6.1245832335e+03   -1.0500022873e+05   -1.3917959677e-01   -1.0814987638e-01   -7.9792018185e-02    4.8879100072e+01    4.8879100072e+01    9.7758200144e+01
    3.5102060485e+03    6.1253515279e+03   -1.0493318199e+05   -6.2257415761e-03   -1.1698632385e-01   -2.1369515848e-02    4.8882059754e+01    4.8882059754e+01    9.7764119508e+01
    3.5067960113e+03    6.1194009723e+03   -1.0507173043e+05    1.4888537588e-01    9.5774192247e-02    9.6044633734e-02    4.8859065018e+01    4.8859065018e+01    9.7718130036e+01
    3.5439582328e+03    6.1842494932e+03   -1.0491110265e+05    2.0440347952e-01    1.2125174210e-01    4.2459170006e-02    4.8878874192e+01    4.8878874192e+01    9.7757748384e+01
    3.5145799328e+03    6.1329840083e+03   -1.0496569461e+05   -1.7211842369e-01   -2.5157817643e-01   -1.6671304605e-01    4.8886879523e+01    4.8886879523e+01    9.7773759047e+01
    3.5256147659e+03    6.1522399240e+03   -1.0501915884e+05   -2.8985801416e-01   -3.1673719094e-01   -3.0612188530e-01    4.8890192278e+01    4.8890192278e+01    9.7780384557e+01
    3.5185488958e+03    6.1399098962e+03   -1.0490005072e+05   -8.9195226698e-02   -5.2134019502e-02    3.7044993398e-02    4.8889542269e+01    4.8889542269e+01    9.7779084539e+01
    3.5242583398e+03    6.1498729443e+03   -1.0488446908e+05    6.7170106410e-03    6.9737022103e-02    6.7418071465e-02    4.8886393491e+01    4.8886393491e+01    9.7772786981e+01
    3.5390881620e+03    6.1757511614e+03   -1.0508728588e+05    1.2801951317e-01    8.1219075522e-02    1.1110422861e-01    4.8857487627e+01    4.8857487627e+01    9.7714975254e+01
    3.5211538752e+03    6.1444556164e+03   -1.0501020173e+05    1.7871719945e-01    5.1039974518e-02    4.1967394032e-02    4.8868120751e+01    4.8868120751e+01    9.7736241502e+01
    3.5182360521e+03    6.1393639802e+03   -1.0494693635e+05   -1.6153756809e-02    2.2441883737e-02    5.5189273424e-02    4.8880545260e+01    4.8880545260e+01    9.7761090521e+01
    3.5006210714e+03    6.1086256282e+03   -1.0496995288e+05   -1.9422790250e-01    1.6624301509e-03   -1.9151845437e-01    4.8886262769e+01    4.8886262769e+01    9.7772525538e+01
    3.4947131419e+03    6.0983162207e+03   -1.0508465995e+05    1.3036019550e-01   -2.0296513534e-03    4.6885470799e-03    4.8861056994e+01    4.8861056994e+01    9.7722113988e+01
    3.5113955304e+03    6.1274271880e+03   -1.0502479996e+05   -6.4652426664e-02    5.3348164894e-02   -1.7588716739e-02    4.8869195513e+01    4.8869195513e+01    9.7738391025e+01
    3.5941076781e+03    6.2717608748e+03   -1.0499789808e+05   -8.4739477447e-02   -1.6561112348e-01    1.5993020752e-02    4.8877366586e+01    4.8877366586e+01    9.7754733172e+01
    3.5179115938e+03    6.1387977966e+03   -1.0508845285e+05   -4.0299353713e-02    8.2885756516e-02    6.0534918311e-02    4.8861227002e+01    4.8861227002e+01    9.7722454004e+01
    3.5478968975e+03    6.1911225102e+03   -1.0504490882e+05   -1.1679824033e-01   -1.4632970038e-01   -1.6344764397e-01    4.8876322203e+01    4.8876322203e+01    9.7752644406e+01
    3.5198531437e+03    6.1421858243e+03   -1.0508558032e+05    1.5766190831e-01    6.3376191274e-02    2.0158486792e-02    4.8854415858e+01    4.8854415858e+01    9.7708831716e+01
    3.4865756634e+03    6.0841162234e+03   -1.0492555061e+05    1.3624838806e-01    3.2995606225e-01    3.0372266621e-01    4.8871066777e+01    4.8871066777e+01    9.7742133553e+01
    3.4798385743e+03    6.0723599223e+03   -1.0507054560e+05   -6.6141595976e-02   -4.4776052967e-02    8.7728390923e-03    4.8866387137e+01    4.8866387137e+01    9.7732774275e+01
    3.5265503285e+03    6.1538724919e+03   -1.0498499416e+05   -2.8095513615e-02    8.8079436739e-02    1.3224842943e-01    4.8869028416e+01    4.8869028416e+01    9.7738056831e+01
    3.5783054774e+03    6.2441858457e+03   -1.0497306995e+05    7.8417008564e-02    1.9776435394e-01    1.0018591665e-01    4.8870255421e+01    4.8870255421e+01    9.7740510842e+01
    3.4748236436e+03    6.0636088082e+03   -1.0491360571e+05   -4.6511953954e-02    2.2046633515e-02   -4.9847146396e-02    4.8885989100e+01    4.8885989100e+01    9.7771978200e+01
    3.5153587552e+03    6.1343430628e+03   -1.0498138156e+05    2.9769486571e-01    2.4525499939e-01    2.5028803358e-01    4.8859096276e+01    4.8859096276e+01    9.7718192552e+01
    3.5311882754e+03    6.1619657648e+03   -1.0502157612e+05   -2.0294430772e-01   -1.9242426962e-01   -1.8036908083e-01    4.8884151482e+01    4.8884151482e+01    9.7768302964e+01
    3.5554395663e+03    6.2042845573e+03   -1.0505652549e+05    4.1241079897e-02   -5.6131925505e-02    7.4882307225e-02    4.8865388859e+01    4.8865388859e+01    9.7730777717e+01
    3.5527205817e+03    6.1995398968e+03   -1.0490662705e+05    3.7080444296e-01    3.7219973794e-01    3.1655653137e-01    4.8862771793e+01    4.8862771793e+01    9.7725543586e+01
    3.5134657297e+03    6.1310397106e+03   -1.0506580144e+05    3.4373152722e-01    3.1518863902e-01    3.9369312541e-01    4.8844842811e+01    4.8844842811e+01    9.7689685622e+01
    3.5360978323e+03    6.1705330003e+03   -1.0501363050e+05    3.3412868880e-01    2.9920865574e-01    3.7052419645e-01    4.8852492690e+01    4.8852492690e+01    9.7704985381e+01
    3.4987792079e+03    6.1054115544e+03   -1.0497575287e+05    1.4923400201e-01    9.2394489392e-02    2.1097682660e-02    4.8873371641e+01    4.8873371641e+01    9.7746743282e+01
    3.4934362705e+03    6.0960880647e+03   -1.0509859001e+05   -2.6669659627e-01   -1.7633781712e-01   -2.5483987150e-01    4.8875604064e+01    4.8875604064e+01    9.7751208128e+01
    3.5188103826e+03    6.1403661939e+03   -1.0486602007e+05   -2.6711737448e-01   -2.6756438961e-01   -2.5080664206e-01    4.8907905226e+01    4.8907905226e+01    9.7815810452e+01
    3.5716502910e+03    6.2325724657e+03   -1.0489654078e+05   -5.4396901843e-01   -6.3372631444e-01   -5.5356048975e-01    4.8922247013e+01    4.8922247013e+01    9.7844494025e+01
    3.5299078134e+03    6.1597313433e+03   -1.0486148655e+05   -7.5855078367e-01   -7.1276452050e-01   -7.5020034606e-01    4.8938990404e+01    4.8938990404e+01    9.7877980807e+01
    3.4725958387e+03    6.0597212621e+03   -1.0495129017e+05   -4.0015698342e-01   -4.1510886253e-01   -5.4000028451e-01    4.8908388526e+01    4.8908388526e+01    9.7816777051e+01
    3.5268674297e+03    6.1544258374e+03   -1.0507095626e+05   -5.2628908648e-01   -4.7588581500e-01   -4.8401839922e-01    4.8894670036e+01    4.8894670036e+01    9.7789340071e+01
    3.5560300312e+03    6.2053149256e+03   -1.0503465542e+05   -1.7113027323e-01   -2.5772361433e-01   -1.8091230852e-01    4.8882524346e+01    4.8882524346e+01    9.7765048692e+01
    3.5173790266e+03    6.1378684605e+03   -1.0487223234e+05    1.3293110049e-02   -1.5155970187e-01    2.3855302574e-02    4.8891495864e+01    4.8891495864e+01    9.7782991728e+01
    3.5442314763e+03    6.1847263063e+03   -1.0496946687e+05   -3.9843325820e-01   -2.8713186349e-01   -2.2239532498e-01    4.8896173835e+01    4.8896173835e+01    9.7792347669e+01
    3.5425837404e+03    6.1818509875e+03   -1.0496033554e+05   -2.6456303286e-01   -3.8139274645e-01   -2.7118805099e-01    4.8899543058e+01    4.8899543058e+01    9.7799086115e+01
    3.5197787873e+03    6.1420560716e+03   -1.0492972801e+05   -4.2129508629e-01   -3.5410905715e-01   -3.6680445529e-01    4.8907312919e+01    4.8907312919e+01    9.7814625839e+01
    3.5107328901e+03    6.1262708728e+03   -1.0494516963e+05   -3.2106409257e-01   -2.1655614108e-01   -2.3314123795e-01    4.8896232636e+01    4.8896232636e+01    9.7792465272e+01
    3.5169636392e+03    6.1371436045e+03   -1.0493208933e+05    1.1480719651e-01    8.7781188890e-04    2.8765505708e-02    4.8881994357e+01    4.8881994357e+01    9.7763988713e+01
    3.5374480103e+03    6.1728890771e+03   -1.0502041571e+05    4.2244328986e-02    1.5723975938e-01    1.5086844939e-01    4.8864164691e+01    4.8864164691e+01    9.7728329381e+01
    3.5129785793e+03    6.1301896273e+03   -1.0498575857e+05   -1.8546361685e-02    1.2547818758e-01   -1.3640766961e-02    4.8876578837e+01    4.8876578837e+01    9.7753157674e+01
    3.5137927702e+03    6.1316104001e+03   -1.0496185933e+05    3.2712956042e-03    6.3255185773e-02    1.5343798084e-01    4.8874179636e+01    4.8874179636e+01    9.7748359273e+01
    3.5146774535e+03    6.1331541830e+03   -1.0500446817e+05    5.0310153053e-02    5.9550396363e-02   -4.9034526961e-02    4.8874165730e+01    4.8874165730e+01    9.7748331461e+01
    3.5016868029e+03    6.1104853425e+03   -1.0500558123e+05    2.0265093761e-02   -8.1135169060e-02   -3.0321181000e-02    4.8874986892e+01    4.8874986892e+01    9.7749973784e+01
    3.5001825628e+03    6.1078604256e+03   -1.0497083287e+05   -1.3199352264e-01   -2.3572410681e-01   -1.6842023096e-01    4.8885694752e+01    4.8885694752e+01    9.7771389504e+01
    3.5367311317e+03    6.1716381153e+03   -1.0504433272e+05   -2.5040364026e-02   -9.9797807761e-02   -7.7479497950e-02    4.8872996317e+01    4.8872996317e+01    9.7745992635e+01
    3.5406239495e+03    6.1784311289e+03   -1.0498466703e+05   -1.4662162059e-01   -1.9466001464e-01   -3.2828422186e-02    4.8886625762e+01    4.8886625762e+01    9.7773251525e+01
    3.5365072408e+03    6.1712474230e+03   -1.0494056061e+05   -1.5923238136e-01   -2.4593258201e-01   -1.8902107681e-01    4.8897329352e+01    4.8897329352e+01    9.7794658703e+01
    3.4847210928e+03    6.0808799756e+03   -1.0502013401e+05   -6.9485586056e-02   -1.2121694006e-01   -1.3908416426e-01    4.8875345494e+01    4.8875345494e+01    9.7750690987e+01
    3.5477995508e+03    6.1909526390e+03   -1.0499019784e+05   -1.4163533061e-01   -1.0311317357e-01   -2.0950206242e-01    4.8884355714e+01    4.8884355714e+01    9.7768711428e+01
    3.4724083780e+03    6.0593941410e+03   -1.0502803450e+05    1.8991657031e-01    3.7362783872e-02    6.9063751179e-02    4.8864179274e+01    4.8864179274e+01    9.7728358547e+01
    3.5049656361e+03    6.1162069457e+03   -1.0502220965e+05   -1.0874967270e-01   -1.3604471843e-01   -3.0259799293e-01    4.8882697305e+01    4.8882697305e+01    9.7765394611e+01
    3.5074579875e+03    6.1205561286e+03   -1.0495360101e+05   -3.3698769031e-02    8.5015289333e-03   -1.5418579189e-01    4.8885252686e+01    4.8885252686e+01    9.7770505372e+01
    3.4999354599e+03    6.1074292280e+03   -1.0488137654e+05    7.7644213046e-02    1.1565006220e-01    1.0967370002e-01    4.8883707736e+01    4.8883707736e+01    9.7767415472e+01
    3.5112933486e+03    6.1272488796e+03   -1.0499116392e+05    9.4800858555e-02    1.2836521638e-01    1.5218435118e-01    4.8868812505e+01    4.8868812505e+01    9.7737625010e+01
    3.5261544185e+03    6.1531816244e+03   -1.0498431523e+05    2.7740238813e-01    2.5275416521e-01    2.1536486327e-01    4.8863424452e+01    4.8863424452e+01    9.7726848904e+01
    3.5173016797e+03    6.1377334893e+03   -1.0490684162e+05    4.8339235024e-02    3.5323382423e-02    1.2739065438e-01    4.8880958597e+01    4.8880958597e+01    9.7761917195e+01
    3.5164670295e+03    6.1362770147e+03   -1.0505702366e+05   -4.2589008898e-01   -2.6699384544e-01   -2.6762832339e-01    4.8884584986e+01    4.8884584986e+01    9.7769169973e+01
    3.5569423332e+03    6.2069069035e+03   -1.0506141663e+05   -2.8135094511e-02    7.9421890026e-02    7.2195755630e-02    4.8864996593e+01    4.8864996593e+01    9.7729993185e+01
    3.4838116048e+03    6.0792929080e+03   -1.0498136692e+05   -1.2982404435e-01   -1.6088503674e-01   -8.6004115220e-02    4.8883601372e+01    4.8883601372e+01    9.7767202745e+01
    3.5286123596e+03    6.1574707608e+03   -1.0493313930e+05   -1.9331622705e-01   -2.8118927203e-01   -2.1317069463e-01    4.8897017248e+01    4.8897017248e+01    9.7794034496e+01
    3.5186832902e+03    6.1401444160e+03   -1.0503541898e+05   -3.9054237588e-01   -2.9490448434e-01   -3.1012038901e-01    4.8888012823e+01    4.8888012823e+01    9.7776025646e+01
    3.5030050578e+03    6.1127857130e+03   -1.0493011601e+05   -1.2002057507e-01   -5.5286174795e-02   -4.5325066935e-02    4.8886176294e+01    4.8886176294e+01    9.7772352589e+01
    3.4953727653e+03    6.0994672713e+03   -1.0502076583e+05   -1.6311876923e-01   -3.0668749463e-01   -1.7113406999e-01    4.8881845498e+01    4.8881845498e+01    9.7763690996e+01
    3.5262300207e+03    6.1533135511e+03   -1.0499935161e+05   -2.2090413790e-01   -5.1741623897e-02   -1.5844305467e-01    4.8882397526e+01    4.8882397526e+01    9.7764795052e+01
    3.5019804396e+03    6.1109977420e+03   -1.0502923345e+05    1.0700547402e-02    2.0703887785e-01    4.6941287618e-02    4.8863105485e+01    4.8863105485e+01    9.7726210971e+01
    3.5558344022e+03    6.2049735507e+03   -1.0499441712e+05   -1.5113154399e-03   -1.6351505976e-01   -4.9347882003e-02    4.8876288080e+01    4.8876288080e+01    9.7752576159e+01
    3.5098967275e+03    6.1248117591e+03   -1.0500029460e+05   -7.3585532981e-02   -8.1417173897e-02   -3.4832911998e-02    4.8880526259e+01    4.8880526259e+01    9.7761052519e+01
    3.5024381628e+03    6.1117964745e+03   -1.0503928480e+05   -4.1586846796e-02   -7.2683673710e-02   -3.8344743913e-02    4.8869470686e+01    4.8869470686e+01    9.7738941372e+01
    3.5026681303e+03    6.1121977705e+03   -1.0512197747e+05    3.8146865992e-01    2.9893225884e-01    3.7603041991e-01    4.8838022888e+01    4.8838022888e+01    9.7676045776e+01
    3.5476339692e+03    6.1906636970e+03   -1.0509943214e+05    4.0034190111e-01    4.0756456766e-01    4.9191528762e-01    4.8834988212e+01    4.8834988212e+01    9.7669976424e+01
    3.4869341185e+03    6.0847417318e+03   -1.0513818995e+05    6.8618195289e-01    6.8317951464e-01    5.2517361122e-01    4.8819861482e+01    4.8819861482e+01    9.7639722963e+01
    3.5124068414e+03    6.1291919379e+03   -1.0510623330e+05    3.6922363253e-01    1.1571314343e-01    1.7553970707e-01    4.8848023966e+01    4.8848023966e+01    9.7696047932e+01
    3.4895821759e+03    6.0893626236e+03   -1.0511290933e+05    4.4692560135e-01    3.0469987253e-01    3.9001386494e-01    4.8835961737e+01    4.8835961737e+01    9.7671923475e+01
    3.5393333469e+03    6.1761790119e+03   -1.0506783999e+05    5.8891876508e-01    5.2819445443e-01    5.2249058619e-01    4.8832529770e+01    4.8832529770e+01    9.7665059539e+01
    3.5558785527e+03    6.2050505939e+03   -1.0494864444e+05    3.0385069582e-01    3.1875104920e-01    2.7159490412e-01    4.8859636511e+01    4.8859636511e+01    9.7719273023e+01
    3.5181778088e+03    6.1392623449e+03   -1.0496135438e+05   -5.3687080724e-02   -2.5281788665e-02   -7.9168044771e-02    4.8886489434e+01    4.8886489434e+01    9.7772978868e+01
    3.4696451897e+03    6.0545723443e+03   -1.0501632096e+05    7.1445015412e-02    2.3563860593e-01    1.4312111095e-01    4.8864265080e+01    4.8864265080e+01    9.7728530160e+01
    3.4708354913e+03    6.0566494349e+03   -1.0497149584e+05    3.4017091001e-01    3.2824371611e-01    4.8541413204e-01    4.8856502020e+01    4.8856502020e+01    9.7713004040e+01
    3.5319192090e+03    6.1632412525e+03   -1.0504750370e+05   -4.1788488626e-02   -3.2118302560e-03    3.5996984277e-02    4.8869401293e+01    4.8869401293e+01    9.7738802586e+01
    3.5287353745e+03    6.1576854234e+03   -1.0502574939e+05    1.3212838360e-01    5.4874850750e-02    1.5432620305e-01    4.8864489814e+01    4.8864489814e+01    9.7728979628e+01
    3.5246720074e+03    6.1505947993e+03   -1.0497280211e+05    1.2955058356e-02   -9.6272723171e-02   -1.8678500035e-01    4.8883135756e+01    4.8883135756e+01    9.7766271513e+01
    3.4947821845e+03    6.0984367007e+03   -1.0494887419e+05    1.1058150448e-01    7.0797546755e-02    1.1130586553e-01    4.8874934610e+01    4.8874934610e+01    9.7749869220e+01
    3.5067002023e+03    6.1192337844e+03   -1.0506672861e+05    1.8590514489e-02   -1.9532550340e-02   -1.0506686947e-01    4.8867956360e+01    4.8867956360e+01    9.7735912721e+01
    3.5001993810e+03    6.1078897736e+03   -1.0496911570e+05    1.6081932554e-02    5.7385872989e-02    1.1156257088e-01    4.8872055059e+01    4.8872055059e+01    9.7744110117e+01
    3.4917499957e+03    6.0931454950e+03   -1.0504190540e+05    1.0327327385e-01   -6.8530804995e-02   -6.4926850307e-03    4.8869332055e+01    4.8869332055e+01    9.7738664110e+01
    3.5556465121e+03    6.2046456803e+03   -1.0513200598e+05   -2.7254336970e-01   -2.2785011223e-01   -1.5573570268e-01    4.8866527676e+01    4.8866527676e+01    9.7733055353e+01
    3.5285413785e+03    6.1573468980e+03   -1.0512651072e+05   -2.1139763964e-01   -9.7424525234e-02   -2.5843262658e-02    4.8863334120e+01    4.8863334120e+01    9.7726668240e+01
    3.4982803274e+03    6.1045410021e+03   -1.0507324232e+05    3.2705662303e-02   -4.4416990085e-02   -5.4488806644e-02    4.8866920258e+01    4.8866920258e+01    9.7733840517e+01
    3.5400044532e+03    6.1773501005e+03   -1.0509761835e+05    1.0047900919e-01    1.2129602303e-01    2.6110777477e-01    4.8849042935e+01    4.8849042935e+01    9.7698085871e+01
    3.5636896751e+03    6.2186810958e+03   -1.0492541580e+05   -1.1579968047e-01   -2.1192546758e-02    1.3194793947e-01    4.8884083575e+01    4.8884083575e+01    9.7768167149e+01
    3.4868775528e+03    6.0846430239e+03   -1.0509519215e+05   -4.4956811790e-01   -3.2035663229e-01   -3.7306917037e-01    4.8884129587e+01    4.8884129587e+01    9.7768259175e+01
    3.4835871448e+03    6.0789012226e+03   -1.0501456530e+05    2.2473412123e-01    1.3397658162e-01    1.0373283496e-01    4.8864314665e+01    4.8864314665e+01    9.7728629331e+01
    3.4985741443e+03    6.1050537160e+03   -1.0496651108e+05    1.3604049044e-01    2.1911478590e-01    1.9104052711e-01    4.8867980830e+01    4.8867980830e+01    9.7735961660e+01
    3.4988860747e+03    6.1055980383e+03   -1.0511445664e+05    2.6272968603e-01    1.7598566220e-01    1.4178873261e-01    4.8845341543e+01    4.8845341543e+01    9.7690683085e+01
    3.4964324585e+03    6.1013164487e+03   -1.0512597178e+05    1.3547418183e-01    1.2652803076e-01    2.8572316437e-01    4.8848348236e+01    4.8848348236e+01    9.7696696472e+01
    3.4986146054e+03    6.1051243211e+03   -1.0508874671e+05   -1.8150325184e-02    1.7776323641e-01    1.1180972467e-01    4.8855093597e+01    4.8855093597e+01    9.7710187194e+01
    3.5046570448e+03    6.1156684502e+03   -1.0509800817e+05    1.5194916757e-01    3.9025881268e-02    1.1385266829e-01    4.8856829985e+01    4.8856829985e+01    9.7713659970e+01
    3.5578061044e+03    6.2084141946e+03   -1.0491362857e+05    1.4797201978e-01    1.1278122878e-01    1.8329037051e-01    4.8874922758e+01    4.8874922758e+01    9.7749845516e+01
    3.5269753818e+03    6.1546142151e+03   -1.0502999833e+05   -3.9902642313e-01   -4.3304345389e-01   -4.7038150852e-01    4.8895506277e+01    4.8895506277e+01    9.7791012554e+01
    3.5235675437e+03    6.1486674969e+03   -1.0504982677e+05   -1.3083068024e-01   -1.7550561645e-01   -1.7616191031e-01    4.8876266302e+01    4.8876266302e+01    9.7752532603e+01
    3.5822586789e+03    6.2510842295e+03   -1.0496642762e+05    2.1192023364e-02    4.9987150202e-02   -5.6298425127e-02    4.8879995497e+01    4.8879995497e+01    9.7759990993e+01
    3.4900845996e+03    6.0902393590e+03   -1.0501394449e+05   -2.3959077481e-04   -2.9196473676e-02    7.9966854232e-03    4.8872963978e+01    4.8872963978e+01    9.7745927956e+01
    3.5273192005e+03    6.1552141827e+03   -1.0507411023e+05    1.1805379226e-01    5.4438350210e-02    1.7915274228e-01    4.8861416193e+01    4.8861416193e+01    9.7722832386e+01
    3.6016558929e+03    6.2849325999e+03   -1.0489531742e+05   -5.7137295252e-02   -7.9704986419e-02   -8.4003062847e-02    4.8889907171e+01    4.8889907171e+01    9.7779814342e+01
    3.5008007417e+03    6.1089391551e+03   -1.0497813399e+05    2.2072536079e-03   -1.4014206177e-01   -8.8957700984e-02    4.8880077061e+01    4.8880077061e+01    9.7760154121e+01
    3.5391102876e+03    6.1757897708e+03   -1.0493326136e+05   -2.8661044599e-01   -1.5736063611e-01   -2.7002471401e-02    4.8895732401e+01    4.8895732401e+01    9.7791464802e+01
    3.5219103245e+03    6.1457756294e+03   -1.0500746073e+05   -2.3747501534e-01   -1.7903439257e-01   -2.3525363858e-01    4.8885102595e+01    4.8885102595e+01    9.7770205189e+01
    3.4708211397e+03    6.0566243912e+03   -1.0488090443e+05    3.1246813755e-01    2.6360451529e-01    2.7442917985e-01    4.8870222614e+01    4.8870222614e+01    9.7740445228e+01
    3.4841771393e+03    6.0799307702e+03   -1.0500773144e+05   -4.2545872488e-02   -4.1504232121e-02    5.5081007158e-02    4.8874053677e+01    4.8874053677e+01    9.7748107354e+01
    3.4904354208e+03    6.0908515462e+03   -1.0512609970e+05    8.1628160733e-02    2.0786903843e-01    1.1975280154e-01    4.8847979186e+01    4.8847979186e+01    9.7695958371e+01
