    3.4483934898e+03    6.0174878739e+03   -1.0195542275e+05    2.0020576998e+00    2.0324547961e+00    8.1633783796e+00    4.9236289157e+01    4.9236289157e+01    9.8472578314e+01
    3.6124685116e+03    6.3038007489e+03   -1.0222591355e+05   -4.8557007934e-01   -4.3214168101e-01    2.1864139716e+00    4.9332615854e+01    4.9332615854e+01    9.8665231708e+01
    3.5582163678e+03    6.2091301091e+03   -1.0216465432e+05   -3.0447512524e-02   -3.5649709952e-02    2.8248691763e+00    4.9337570888e+01    4.9337570888e+01    9.8675141776e+01
    3.6080396572e+03    6.2960723450e+03   -1.0163745382e+05    4.3683566072e-01    3.8063636943e-01    4.1423925564e+00    4.9400762822e+01    4.9400762822e+01    9.8801525644e+01
    3.6311133861e+03    6.3363362778e+03   -1.0181624854e+05   -1.0070253659e+00   -8.2945543114e-01    2.5043125424e-01    4.9428508048e+01    4.9428508048e+01    9.8857016096e+01
    3.5735873454e+03    6.2359526488e+03   -1.0161628800e+05    9.1424987152e-02    1.4475586425e-01    4.2521475212e+00    4.9416323385e+01    4.9416323385e+01    9.8832646770e+01
    3.5857493366e+03    6.2571754689e+03   -1.0186383178e+05   -7.1727846113e-01   -9.1704394825e-01    1.0637903232e+00    4.9422845302e+01    4.9422845302e+01    9.8845690604e+01
    3.6015930958e+03    6.2848230181e+03   -1.0180941497e+05   -2.7616471808e-01   -4.0826632298e-01    1.8739236726e+00    4.9412962011e+01    4.9412962011e+01    9.8825924022e+01
    3.6108083128e+03    6.3009036821e+03   -1.0170655091e+05   -3.5675515627e-01   -2.9773255305e-01    2.3361680455e+00    4.9426088425e+01    4.9426088425e+01    9.8852176851e+01
    3.5998235956e+03    6.2817352193e+03   -1.0185274198e+05   -8.2578600582e-01   -5.1873674601e-01    5.3246778636e-01    4.9412016093e+01    4.9412016093e+01    9.8824032186e+01
    3.5375131109e+03    6.1730026783e+03   -1.0177368754e+05   -1.1745638640e-01   -1.6562561416e-01    2.8647132272e+00    4.9398391863e+01    4.9398391863e+01    9.8796783725e+01
    3.6134048890e+03    6.3054347385e+03   -1.0183391049e+05   -3.6794224313e-01   -5.6478311086e-01    1.1077926340e+00    4.9398462443e+01    4.9398462443e+01    9.8796924886e+01
    3.5850426994e+03    6.2559423786e+03   -1.0190531703e+05   -6.1418355092e-01   -5.3721883028e-01    1.5509926473e+00    4.9402257592e+01    4.9402257592e+01    9.8804515184e+01
    3.5704231775e+03    6.2304311381e+03   -1.0166934084e+05   -2.3268555859e-01   -1.8243171085e-01    2.0043688214e+00    4.9417536749e+01    4.9417536749e+01    9.8835073498e+01
    3.5664263040e+03    6.2234565461e+03   -1.0171609757e+05   -5.8662244252e-01   -5.3000803698e-01    6.7444032454e-01    4.9427275075e+01    4.9427275075e+01    9.8854550150e+01
    3.5807455251e+03    6.2484437581e+03   -1.0145634078e+05   -1.6652236258e-01   -3.8241368475e-01    2.2767977356e+00    4.9446348788e+01    4.9446348788e+01    9.8892697575e+01
    3.5672536828e+03    6.2249003320e+03   -1.0162037700e+05   -5.9646158660e-01   -4.0393750990e-01    9.5174761533e-01    4.9438161916e+01    4.9438161916e+01    9.8876323832e+01
    3.6038921841e+03    6.2888349547e+03   -1.0172599693e+05   -3.2833751695e-01   -6.2027229744e-01    1.0922666396e+00    4.9420193844e+01    4.9420193844e+01    9.8840387687e+01
    3.6272880641e+03    6.3296610451e+03   -1.0166873233e+05   -4.8861788079e-01   -3.7054372433e-01    1.7072991530e+00    4.9422714306e+01    4.9422714306e+01    9.8845428612e+01
    3.5935951761e+03    6.2708665528e+03   -1.0148998228e+05   -7.8050997474e-02    7.9631236386e-02    1.1017323396e+00    4.9425247835e+01    4.9425247835e+01    9.8850495671e+01
    3.6472081801e+03    6.3644218858e+03   -1.0148955076e+05   -4.8285920654e-01   -3.5672731633e-01    1.5273789774e+00    4.9453830830e+01    4.9453830830e+01    9.8907661660e+01
    3.5972232830e+03    6.2771976425e+03   -1.0153322755e+05   -4.0107784928e-01   -5.2430512477e-01    9.8115579956e-01    4.9442477549e+01    4.9442477549e+01    9.8884955098e+01
    3.6408624808e+03    6.3533485646e+03   -1.0150351409e+05   -2.4230710477e-01   -4.0919237117e-01    9.4612897010e-01    4.9449375345e+01    4.9449375345e+01    9.8898750690e+01
    3.5920809190e+03    6.2682241559e+03   -1.0133107296e+05   -6.4309889371e-01   -6.7260449839e-01    1.2982244411e+00    4.9489221509e+01    4.9489221509e+01    9.8978443017e+01
    3.5952458810e+03    6.2737470525e+03   -1.0142113985e+05   -3.0973126384e-01   -1.0618753977e-01    8.3442873877e-01    4.9454913127e+01    4.9454913127e+01    9.8909826253e+01
    3.5935339549e+03    6.2707597210e+03   -1.0150761604e+05   -3.5332607741e-01   -1.8643012400e-01    1.2744683824e+00    4.9441107029e+01    4.9441107029e+01    9.8882214058e+01
    3.5830669246e+03    6.2524946279e+03   -1.0137562022e+05   -6.2691817369e-02   -1.8028144797e-01    1.2920696078e+00    4.9452532075e+01    4.9452532075e+01    9.8905064151e+01
    3.5818652256e+03    6.2503976488e+03   -1.0134199505e+05   -4.2339345587e-01   -1.3387627212e-01    8.0147478441e-01    4.9466957867e+01    4.9466957867e+01    9.8933915734e+01
    3.5642963975e+03    6.2197398337e+03   -1.0129571279e+05   -4.5000727608e-01   -3.3576667323e-01    1.2384469195e+00    4.9478856789e+01    4.9478856789e+01    9.8957713579e+01
    3.5918386236e+03    6.2678013477e+03   -1.0119601703e+05   -1.5561769823e-01   -1.9635248795e-01    1.1172177217e+00    4.9484855783e+01    4.9484855783e+01    9.8969711566e+01
    3.5810168891e+03    6.2489172914e+03   -1.0130847934e+05   -4.2599225502e-01   -2.0314780100e-01    1.4749091335e+00    4.9469039063e+01    4.9469039063e+01    9.8938078126e+01
    3.5482938589e+03    6.1918152125e+03   -1.0124257829e+05   -6.6744690186e-01   -4.8193149400e-01    1.3149501709e+00    4.9491960408e+01    4.9491960408e+01    9.8983920816e+01
    3.5896042017e+03    6.2639022546e+03   -1.0113355201e+05   -2.6279805166e-01   -3.6154717954e-01    9.1519854257e-01    4.9506574511e+01    4.9506574511e+01    9.9013149021e+01
    3.6290094223e+03    6.3326648358e+03   -1.0107936858e+05   -3.9418593671e-01   -4.3959757121e-01    9.2160893172e-01    4.9521448303e+01    4.9521448303e+01    9.9042896606e+01
    3.5631981497e+03    6.2178233781e+03   -1.0107962146e+05   -2.3475852312e-01   -2.9458846762e-01    9.9300567407e-01    4.9511129592e+01    4.9511129592e+01    9.9022259184e+01
    3.5895698877e+03    6.2638423763e+03   -1.0120528587e+05   -7.0046150463e-01   -6.5668112515e-01    5.5890378250e-01    4.9516805939e+01    4.9516805939e+01    9.9033611879e+01
    3.5883002605e+03    6.2616268616e+03   -1.0117488015e+05   -3.9265598055e-01   -5.9029867980e-01    8.5909191631e-01    4.9505528780e+01    4.9505528780e+01    9.9011057561e+01
    3.6328269304e+03    6.3393264331e+03   -1.0124556905e+05   -3.0104097564e-01   -2.8785785466e-01    1.2314161547e+00    4.9480283195e+01    4.9480283195e+01    9.8960566390e+01
    3.5966071474e+03    6.2761224787e+03   -1.0120489732e+05   -4.3865565483e-02   -2.0579419750e-01    1.2325812476e+00    4.9478500250e+01    4.9478500250e+01    9.8957000501e+01
    3.6622642187e+03    6.3906948532e+03   -1.0107636906e+05   -9.4047979259e-02   -1.8091113187e-01    1.2432710986e+00    4.9500075443e+01    4.9500075443e+01    9.9000150886e+01
    3.5673457891e+03    6.2250610585e+03   -1.0104709673e+05   -9.4621613130e-02   -1.5975748779e-01    1.1490669306e+00    4.9503548109e+01    4.9503548109e+01    9.9007096218e+01
    3.6104883684e+03    6.3003453752e+03   -1.0106529088e+05   -2.5366140689e-01   -4.9329594467e-01    6.5426845049e-01    4.9523257303e+01    4.9523257303e+01    9.9046514606e+01
    3.6043617392e+03    6.2896543341e+03   -1.0100329142e+05   -8.4356333444e-02   -2.6360090569e-01    7.5486357899e-01    4.9522121145e+01    4.9522121145e+01    9.9044242291e+01
    3.5854943527e+03    6.2567305191e+03   -1.0104211070e+05   -3.2560923534e-01   -2.7250939334e-01    8.6267152008e-01    4.9517165836e+01    4.9517165836e+01    9.9034331672e+01
    3.6135234923e+03    6.3056417028e+03   -1.0094693764e+05   -2.0892498766e-01    3.0388764929e-03    1.1186688949e+00    4.9519872962e+01    4.9519872962e+01    9.9039745923e+01
    3.6207651983e+03    6.3182785663e+03   -1.0089950682e+05   -7.9498692152e-02    1.1733055238e-02    1.2767772942e+00    4.9524831796e+01    4.9524831796e+01    9.9049663591e+01
    3.6122135305e+03    6.3033558037e+03   -1.0082622490e+05   -3.4848935310e-02    1.9082699796e-01    1.6673518785e+00    4.9524239780e+01    4.9524239780e+01    9.9048479561e+01
    3.6021199129e+03    6.2857423203e+03   -1.0067969076e+05    2.1995498693e-01    2.4446083372e-01    1.3384733947e+00    4.9547236956e+01    4.9547236956e+01    9.9094473912e+01
    3.6143206642e+03    6.3070327772e+03   -1.0088084354e+05   -3.2340609772e-01   -2.8453685021e-01    8.8302924377e-01    4.9548736382e+01    4.9548736382e+01    9.9097472763e+01
    3.6250938245e+03    6.3258320707e+03   -1.0082147052e+05   -3.8811986290e-01   -5.8949639247e-01    8.4380786131e-01    4.9560192359e+01    4.9560192359e+01    9.9120384719e+01
    3.5306884302e+03    6.1610935289e+03   -1.0079791826e+05    2.7932125958e-02   -5.4609043665e-02    1.1826776360e+00    4.9538655927e+01    4.9538655927e+01    9.9077311853e+01
    3.5442678688e+03    6.1847898117e+03   -1.0068652456e+05    3.4932363869e-01    1.7093881207e-01    1.3935150384e+00    4.9537275463e+01    4.9537275463e+01    9.9074550925e+01
    3.5799460512e+03    6.2470486666e+03   -1.0080745173e+05   -1.5769333815e-01   -8.0941729781e-02    1.2683394048e+00    4.9541885618e+01    4.9541885618e+01    9.9083771237e+01
    3.6166683937e+03    6.3111295933e+03   -1.0070091852e+05   -5.0017974258e-02    5.8230163963e-02    9.7331217335e-01    4.9556619348e+01    4.9556619348e+01    9.9113238697e+01
    3.5876638147e+03    6.2605162561e+03   -1.0069742601e+05    8.8083341762e-02    8.0769636760e-02    1.0731103339e+00    4.9560215434e+01    4.9560215434e+01    9.9120430868e+01
    3.5824374978e+03    6.2513962706e+03   -1.0077191974e+05    3.4217901433e-02    2.2092785439e-01    1.2356919497e+00    4.9537239598e+01    4.9537239598e+01    9.9074479196e+01
    3.6504847630e+03    6.3701395622e+03   -1.0070408387e+05   -5.4541968789e-04   -1.6240285463e-01    7.9272885144e-01    4.9563482805e+01    4.9563482805e+01    9.9126965609e+01
    3.5692096837e+03    6.2283135769e+03   -1.0054727002e+05    3.4530231869e-01    1.7253913028e-01    1.3708502018e+00    4.9569182490e+01    4.9569182490e+01    9.9138364979e+01
    3.5928154650e+03    6.2695059474e+03   -1.0070606004e+05    3.7401537893e-02   -3.7940640555e-01    7.9341689794e-01    4.9564795655e+01    4.9564795655e+01    9.9129591310e+01
    3.5616244624e+03    6.2150772749e+03   -1.0077297673e+05    1.2705764400e-01   -1.5041269690e-01    1.0402269033e+00    4.9541836024e+01    4.9541836024e+01    9.9083672048e+01
    3.5889135446e+03    6.2626970497e+03   -1.0069665006e+05    1.5571252530e-02   -7.1611184125e-02    8.9178496844e-01    4.9559220925e+01    4.9559220925e+01    9.9118441850e+01
    3.5757764166e+03    6.2397726043e+03   -1.0061205481e+05    3.1805747474e-02    8.1543216718e-02    1.2407859552e+00    4.9564037608e+01    4.9564037608e+01    9.9128075216e+01
    3.6405148634e+03    6.3527419681e+03   -1.0065490163e+05    2.7048302583e-01    1.4646784769e-01    1.3995503318e+00    4.9550607744e+01    4.9550607744e+01    9.9101215487e+01
    3.5804473335e+03    6.2479234101e+03   -1.0062892217e+05    1.0804480101e-01    3.5074606869e-02    1.1157108735e+00    4.9563957007e+01    4.9563957007e+01    9.9127914015e+01
    3.6087934441e+03    6.2973877120e+03   -1.0065354753e+05   -1.6221497769e-01   -1.9487787605e-01    8.3244257475e-01    4.9577332698e+01    4.9577332698e+01    9.9154665396e+01
    3.5703013673e+03    6.2302185778e+03   -1.0069508508e+05   -1.5004405566e-01   -2.2312219227e-01    5.7672754783e-01    4.9573966049e+01    4.9573966049e+01    9.9147932098e+01
    3.5943159281e+03    6.2721242736e+03   -1.0062575387e+05   -4.5104634293e-01   -2.8867386685e-01    6.9886082307e-01    4.9590447615e+01    4.9590447615e+01    9.9180895230e+01
    3.5830096727e+03    6.2523947227e+03   -1.0056712454e+05   -2.0745657134e-01   -7.7857408210e-02    9.5358115294e-01    4.9590744407e+01    4.9590744407e+01    9.9181488813e+01
    3.5848950037e+03    6.2556846479e+03   -1.0049551084e+05    1.5029553597e-02    2.8812720003e-01    1.1149079209e+00    4.9585179791e+01    4.9585179791e+01    9.9170359583e+01
    3.5947609066e+03    6.2729007663e+03   -1.0042967958e+05   -7.9293671486e-02    2.0048418979e-01    1.0599267409e+00    4.9598590083e+01    4.9598590083e+01    9.9197180165e+01
    3.5823141621e+03    6.2511810483e+03   -1.0044040111e+05   -4.3281129433e-01   -4.0428594249e-01    6.0587403728e-01    4.9634535328e+01    4.9634535328e+01    9.9269070655e+01
    3.5796115670e+03    6.2464649877e+03   -1.0030436215e+05   -2.9462820106e-01   -1.2092119531e-01    5.8540556189e-01    4.9644234908e+01    4.9644234908e+01    9.9288469816e+01
    3.5840650360e+03    6.2542363443e+03   -1.0027022434e+05   -2.8448846989e-01   -1.9073480414e-02    8.8246004978e-01    4.9642718775e+01    4.9642718775e+01    9.9285437551e+01
    3.5650847656e+03    6.2211155455e+03   -1.0025757250e+05   -3.9926412142e-01   -5.2123057002e-01    4.7633361181e-01    4.9667453385e+01    4.9667453385e+01    9.9334906769e+01
    3.5751558919e+03    6.2386897813e+03   -1.0025303117e+05   -2.1507652103e-01   -3.2652208698e-01    6.1205117736e-01    4.9649533948e+01    4.9649533948e+01    9.9299067896e+01
    3.6236781499e+03    6.3233617017e+03   -1.0016675845e+05   -3.9645876776e-02   -4.4498019517e-02    7.3821586292e-01    4.9653462359e+01    4.9653462359e+01    9.9306924718e+01
    3.5692682057e+03    6.2284156984e+03   -1.0016067783e+05   -2.2685506160e-01   -3.4233890239e-02    9.1705909094e-01    4.9657413863e+01    4.9657413863e+01    9.9314827727e+01
    3.5969955417e+03    6.2768002313e+03   -1.0007784212e+05   -4.8142072547e-01   -4.8548050485e-01    4.9655691194e-01    4.9694234880e+01    4.9694234880e+01    9.9388469761e+01
    3.5704169357e+03    6.2304202461e+03   -1.0007913357e+05   -2.7667315179e-01   -4.3967021723e-01    3.5492720774e-01    4.9695387024e+01    4.9695387024e+01    9.9390774047e+01
    3.6237077988e+03    6.3234134394e+03   -9.9964923831e+04   -2.2619489226e-02    7.2798645168e-02    5.2859884584e-01    4.9692495749e+01    4.9692495749e+01    9.9384991499e+01
    3.5913927783e+03    6.2670233422e+03   -1.0001785204e+05   -4.9935963097e-01   -3.8499859265e-01    5.4460025997e-01    4.9707593647e+01    4.9707593647e+01    9.9415187293e+01
    3.5804829006e+03    6.2479854752e+03   -9.9994561205e+04    7.6085144752e-03    9.9428414605e-02    9.0969245168e-01    4.9682310352e+01    4.9682310352e+01    9.9364620704e+01
    3.6031779674e+03    6.2875886380e+03   -9.9930255767e+04   -1.4292402246e-01    9.8604444163e-02    9.0066802305e-01    4.9691012805e+01    4.9691012805e+01    9.9382025611e+01
    3.5907206795e+03    6.2658505218e+03   -9.9994044078e+04    5.0585324174e-02    3.9069799209e-02    8.1804379338e-01    4.9672869461e+01    4.9672869461e+01    9.9345738922e+01
    3.5975338197e+03    6.2777395328e+03   -1.0007821750e+05   -4.0817497440e-02   -8.3671585495e-02    9.4066932804e-01    4.9664050751e+01    4.9664050751e+01    9.9328101503e+01
    3.6342122441e+03    6.3417438220e+03   -9.9983583033e+04   -3.1354734660e-02   -1.7799321815e-01    7.4056965513e-01    4.9686589829e+01    4.9686589829e+01    9.9373179659e+01
    3.5785798743e+03    6.2446646716e+03   -9.9984491884e+04   -5.9097126595e-02   -1.8343246043e-01    6.6100314718e-01    4.9692665364e+01    4.9692665364e+01    9.9385330728e+01
    3.5602052009e+03    6.2126006466e+03   -9.9837926871e+04   -3.9540319154e-01   -1.0182739029e-01    4.8517199416e-01    4.9720293453e+01    4.9720293453e+01    9.9440586906e+01
    3.5484287951e+03    6.1920506778e+03   -9.9940002099e+04   -8.4022255290e-02    1.1687919143e-02    7.6447596200e-01    4.9698162981e+01    4.9698162981e+01    9.9396325963e+01
    3.6375697171e+03    6.3476026526e+03   -9.9883566412e+04    2.1496145797e-02    2.4734729733e-02    7.3934841061e-01    4.9700882958e+01    4.9700882958e+01    9.9401765916e+01
    3.5861106685e+03    6.2578059975e+03   -9.9985036029e+04    9.4837968603e-02   -1.6483552736e-01    7.3970990657e-01    4.9687192487e+01    4.9687192487e+01    9.9374384974e+01
    3.5905739335e+03    6.2655944482e+03   -9.9839092132e+04    4.4483464774e-01    3.1509039126e-01    1.1893295931e+00    4.9683653226e+01    4.9683653226e+01    9.9367306451e+01
    3.5916461561e+03    6.2674654895e+03   -9.9800242164e+04    8.1020204159e-03    1.3950571187e-01    8.2889548903e-01    4.9713262712e+01    4.9713262712e+01    9.9426525423e+01
    3.6139810013e+03    6.3064400614e+03   -9.9825344240e+04   -5.7389699017e-01   -5.0004419752e-01    3.3098253077e-01    4.9740308906e+01    4.9740308906e+01    9.9480617812e+01
    3.5923861975e+03    6.2687568706e+03   -9.9805496693e+04   -4.5830725425e-02   -1.6906727139e-01    6.1390842439e-01    4.9722036896e+01    4.9722036896e+01    9.9444073791e+01
    3.6215068976e+03    6.3195728405e+03   -9.9826333704e+04   -3.8701202500e-01   -4.2385858435e-01    6.0934839930e-01    4.9724882973e+01    4.9724882973e+01    9.9449765946e+01
    3.6056907542e+03    6.2919734812e+03   -9.9694615730e+04    1.5264358665e-01    6.5216939860e-02    8.4881867329e-01    4.9727220060e+01    4.9727220060e+01    9.9454440119e+01
    3.6355409373e+03    6.3440624076e+03   -9.9776717425e+04   -1.2956601433e-01    3.2255821300e-03    5.9793665471e-01    4.9726536326e+01    4.9726536326e+01    9.9453072651e+01
    3.5767431831e+03    6.2414596234e+03   -9.9725386887e+04    7.7771749827e-02    1.1371653198e-01    9.0316821437e-01    4.9724952393e+01    4.9724952393e+01    9.9449904786e+01
    3.5725291431e+03    6.2341060732e+03   -9.9682752697e+04    2.0841788656e-02   -1.9892112745e-01    8.9453801975e-01    4.9736764879e+01    4.9736764879e+01    9.9473529757e+01
    3.6267992570e+03    6.3288080708e+03   -9.9643639815e+04   -1.1444522175e-01    5.9864734731e-02    8.4274195346e-01    4.9739880354e+01    4.9739880354e+01    9.9479760709e+01
    3.5754451546e+03    6.2391945481e+03   -9.9655508873e+04   -1.0379650926e-02   -1.0014980628e-02    8.3836685526e-01    4.9744544452e+01    4.9744544452e+01    9.9489088904e+01
    3.5530301078e+03    6.2000800235e+03   -9.9554897199e+04   -1.8331469104e-01    3.2412561779e-01    8.6168690462e-01    4.9748962848e+01    4.9748962848e+01    9.9497925697e+01
    3.5701001389e+03    6.2298674319e+03   -9.9662260614e+04   -4.2691568306e-01   -1.9947444191e-01    5.9592556478e-01    4.9749956039e+01    4.9749956039e+01    9.9499912079e+01
    3.6034160893e+03    6.2880041636e+03   -9.9574864691e+04   -3.5817778711e-02   -8.2434462048e-02    5.3512373932e-01    4.9765997247e+01    4.9765997247e+01    9.9531994495e+01
    3.6288314096e+03    6.3323542014e+03   -9.9525460693e+04   -2.9720862235e-01   -3.8282135938e-01    4.2647652318e-01    4.9782631456e+01    4.9782631456e+01    9.9565262912e+01
    3.6047055691e+03    6.2902543213e+03   -9.9480840440e+04   -3.3382931309e-01   -3.7985277169e-01    4.6097663381e-01    4.9785887973e+01    4.9785887973e+01    9.9571775946e+01
    3.5675335801e+03    6.2253887561e+03   -9.9477213818e+04   -5.3203207831e-01   -6.6477157792e-01    2.7816221146e-01    4.9806435561e+01    4.9806435561e+01    9.9612871122e+01
    3.6016126388e+03    6.2848571210e+03   -9.9436972158e+04   -4.2364083322e-01   -1.3458864058e-01    4.3428163203e-01    4.9803170752e+01    4.9803170752e+01    9.9606341504e+01
    3.6343787064e+03    6.3420343007e+03   -9.9445452994e+04   -3.2464088792e-01   -2.3860927319e-01    5.9905801310e-01    4.9793516595e+01    4.9793516595e+01    9.9587033190e+01
    3.6042936539e+03    6.2895355245e+03   -9.9579656309e+04   -3.0732147274e-01   -4.1809506234e-01    1.6679435763e-01    4.9779535388e+01    4.9779535388e+01    9.9559070775e+01
    3.6231641536e+03    6.3224647719e+03   -9.9539095788e+04   -1.6106293858e-01   -3.3874812036e-01    6.6799086102e-01    4.9769640771e+01    4.9769640771e+01    9.9539281543e+01
    3.5558684185e+03    6.2050329095e+03   -9.9447475323e+04   -2.7362418309e-01   -1.1580200723e-01    4.3212527858e-01    4.9791589875e+01    4.9791589875e+01    9.9583179751e+01
    3.5856933321e+03    6.2570777404e+03   -9.9349136702e+04    6.8889493027e-02    2.7948566224e-01    8.2437112094e-01    4.9787734532e+01    4.9787734532e+01    9.9575469065e+01
    3.5794644520e+03    6.2462082702e+03   -9.9377021552e+04    4.5759631784e-01    2.8529374873e-01    8.3964253607e-01    4.9768873441e+01    4.9768873441e+01    9.9537746882e+01
    3.5864847668e+03    6.2584588035e+03   -9.9348426229e+04   -1.0426767288e-01   -1.7302834822e-02    7.8744794939e-01    4.9791751034e+01    4.9791751034e+01    9.9583502069e+01
    3.6038657682e+03    6.2887888588e+03   -9.9513677617e+04   -3.5937429621e-01   -3.3292235823e-01    4.4291660821e-01    4.9786992571e+01    4.9786992571e+01    9.9573985142e+01
    3.6218815147e+03    6.3202265518e+03   -9.9382081921e+04   -3.8832345963e-01   -1.7695449669e-01    6.6558743493e-01    4.9799224464e+01    4.9799224464e+01    9.9598448929e+01
    3.5686183197e+03    6.2272816395e+03   -9.9291223708e+04    1.1323592303e-01   -1.3019829711e-01    6.2269398164e-01    4.9805183848e+01    4.9805183848e+01    9.9610367697e+01
    3.6041679415e+03    6.2893161548e+03   -9.9372712144e+04   -3.6112135934e-02    1.7552501903e-01    5.4912021223e-01    4.9792174515e+01    4.9792174515e+01    9.9584349029e+01
    3.5943424877e+03    6.2721706205e+03   -9.9286427051e+04    2.2499209625e-01   -8.7080423180e-02    5.8871657764e-01    4.9804819179e+01    4.9804819179e+01    9.9609638359e+01
    3.5809886610e+03    6.2488680332e+03   -9.9226788319e+04    3.3811479823e-01    1.2453019524e-01    9.6145282003e-01    4.9797841037e+01    4.9797841037e+01    9.9595682074e+01
    3.5494344458e+03    6.1938055502e+03   -9.9203817252e+04    3.0871929206e-01    2.1569536197e-01    8.4346976767e-01    4.9799151008e+01    4.9799151008e+01    9.9598302016e+01
    3.5917252908e+03    6.2676035805e+03   -9.9299749887e+04   -1.7667094545e-01   -1.6469602887e-01    6.5592038180e-01    4.9808971740e+01    4.9808971740e+01    9.9617943480e+01
    3.5889953610e+03    6.2628398204e+03   -9.9236453229e+04   -7.0126299261e-04    1.4474266532e-01    6.1723378499e-01    4.9806250183e+01    4.9806250183e+01    9.9612500367e+01
    3.6040595562e+03    6.2891270210e+03   -9.9292668644e+04    1.3360871942e-01   -1.3433877070e-02    8.5200702853e-01    4.9798521970e+01    4.9798521970e+01    9.9597043939e+01
    3.6022480289e+03    6.2859658844e+03   -9.9314659467e+04   -9.0798895865e-02    2.4397106390e-02    5.7659364191e-01    4.9796984198e+01    4.9796984198e+01    9.9593968396e+01
    3.5535251468e+03    6.2009438725e+03   -9.9224130646e+04   -8.7927224876e-02   -1.5147148784e-02    5.7299401832e-01    4.9815299152e+01    4.9815299152e+01    9.9630598304e+01
    3.6217361765e+03    6.3199729349e+03   -9.9202382633e+04   -2.6580507962e-02    2.1257548659e-01    7.0867216216e-01    4.9812787376e+01    4.9812787376e+01    9.9625574752e+01
    3.5702123010e+03    6.2300631560e+03   -9.9110890818e+04    1.3335071639e-01    6.0236528148e-02    6.7164185730e-01    4.9832252310e+01    4.9832252310e+01    9.9664504620e+01
    3.5870520554e+03    6.2594487288e+03   -9.9091522383e+04    1.9472299442e-01    1.2171739448e-01    6.2799490169e-01    4.9830128185e+01    4.9830128185e+01    9.9660256371e+01
    3.6207316412e+03    6.3182200088e+03   -9.9109558341e+04    3.3332104737e-01    3.4760919759e-01    7.9587664706e-01    4.9813051596e+01    4.9813051596e+01    9.9626103192e+01
    3.5785429304e+03    6.2446002040e+03   -9.8969391174e+04    6.0920262424e-01    2.2542687269e-01    7.6996949919e-01    4.9838409025e+01    4.9838409025e+01    9.9676818049e+01
    3.6169150440e+03    6.3115600010e+03   -9.9007907616e+04    1.5711793790e-01    1.5480645664e-01    5.1576869769e-01    4.9849376743e+01    4.9849376743e+01    9.9698753487e+01
    3.6363235056e+03    6.3454279987e+03   -9.8979682471e+04   -1.0042973069e-01    2.9185582711e-02    3.9734123040e-01    4.9870629548e+01    4.9870629548e+01    9.9741259096e+01
    3.5749684337e+03    6.2383626646e+03   -9.8868022701e+04    1.9637147497e-01    3.9151633090e-01    7.9446465270e-01    4.9862510933e+01    4.9862510933e+01    9.9725021866e+01
    3.6245335969e+03    6.3248544670e+03   -9.8905375860e+04    3.5910029381e-02    4.9786282983e-02    3.7199482109e-01    4.9870942162e+01    4.9870942162e+01    9.9741884324e+01
    3.5909116879e+03    6.2661838336e+03   -9.8787501061e+04    1.1179992657e-01    2.8759253570e-01    6.2068180872e-01    4.9880901058e+01    4.9880901058e+01    9.9761802117e+01
    3.6281782258e+03    6.3312143879e+03   -9.8821874802e+04   -1.1125254045e-01    1.5415770191e-01    5.1068740630e-01    4.9881048619e+01    4.9881048619e+01    9.9762097237e+01
    3.5809267562e+03    6.2487600085e+03   -9.8736657068e+04    1.0566372222e-01    9.4843719054e-02    4.6572467385e-01    4.9894328795e+01    4.9894328795e+01    9.9788657591e+01
    3.6311681974e+03    6.3364319241e+03   -9.8662811246e+04    2.8101260371e-02   -1.4164370078e-01    5.1228476039e-01    4.9915694547e+01    4.9915694547e+01    9.9831389094e+01
    3.6322046748e+03    6.3382405896e+03   -9.8615565991e+04   -1.1161627200e-02    1.4055202552e-01    1.8109479780e-01    4.9922984586e+01    4.9922984586e+01    9.9845969173e+01
    3.5673645295e+03    6.2250937607e+03   -9.8636335251e+04    1.4694557606e-01    1.1443683259e-01    3.8924231828e-01    4.9922592555e+01    4.9922592555e+01    9.9845185110e+01
    3.5943253390e+03    6.2721406957e+03   -9.8601085334e+04    5.5387684010e-02    2.4493824713e-01    4.3768637101e-01    4.9919278467e+01    4.9919278467e+01    9.9838556935e+01
    3.5581882937e+03    6.2090811195e+03   -9.8609634852e+04    6.8173873088e-02    2.8259226892e-01    5.0003779843e-01    4.9920496515e+01    4.9920496515e+01    9.9840993029e+01
    3.5662882373e+03    6.2232156179e+03   -9.8461357242e+04    4.8283926386e-01    6.1919202736e-01    4.0060167152e-01    4.9927490946e+01    4.9927490946e+01    9.9854981893e+01
    3.5944319046e+03    6.2723266540e+03   -9.8496143378e+04    4.3825581954e-01    4.0738931267e-01    6.0641970247e-01    4.9919061712e+01    4.9919061712e+01    9.9838123425e+01
    3.6005209636e+03    6.2829521346e+03   -9.8364431566e+04    5.7681346961e-01    3.1586330606e-01    7.1216680613e-01    4.9949193778e+01    4.9949193778e+01    9.9898387556e+01
    3.6087592583e+03    6.2973280575e+03   -9.8341446421e+04    7.1239499100e-01    6.8540540620e-01    5.6954786258e-01    4.9945863059e+01    4.9945863059e+01    9.9891726118e+01
    3.5878346329e+03    6.2608143360e+03   -9.8316230662e+04    7.1943095958e-01    2.7901720267e-01    4.0310665481e-01    4.9953699598e+01    4.9953699598e+01    9.9907399197e+01
    3.5842776518e+03    6.2546073613e+03   -9.8251394134e+04    2.7248190275e-01    5.3784835303e-01    4.3336940099e-01    4.9969821247e+01    4.9969821247e+01    9.9939642494e+01
    3.6011937497e+03    6.2841261544e+03   -9.8164419152e+04    1.1412804128e-01    4.2092603512e-01    3.3270142169e-01    4.9996120003e+01    4.9996120003e+01    9.9992240007e+01
    3.6030628674e+03    6.2873877872e+03   -9.8037721986e+04    3.8555803533e-01    4.0867804728e-01    1.5387077794e-02    5.0021193990e+01    5.0021193990e+01    1.0004238798e+02
    3.6108828755e+03    6.3010337948e+03   -9.8052262878e+04    6.6293628061e-01    3.5404743515e-01    2.3266331555e-01    5.0007061635e+01    5.0007061635e+01    1.0001412327e+02
    3.6209616756e+03    6.3186214215e+03   -9.8105807505e+04    3.4287730621e-03    8.4341577943e-02   -7.4292339583e-02    5.0022900514e+01    5.0022900514e+01    1.0004580103e+02
    3.5429743089e+03    6.1825325342e+03   -9.7984906781e+04    3.0007901030e-01    4.4974338460e-01    4.9198712565e-01    5.0022709138e+01    5.0022709138e+01    1.0004541828e+02
    3.6303716604e+03    6.3350419575e+03   -9.8016160512e+04    4.0440341508e-01    4.4226439039e-01    4.1416378428e-01    5.0015693565e+01    5.0015693565e+01    1.0003138713e+02
    3.6104557905e+03    6.3002885265e+03   -9.8010516882e+04    2.4296714518e-01    2.6976684370e-01   -1.7747054321e-01    5.0031615464e+01    5.0031615464e+01    1.0006323093e+02
    3.6130087098e+03    6.3047434011e+03   -9.8044143769e+04    1.5902368755e-01    8.7083400083e-02    3.8538019636e-02    5.0032059382e+01    5.0032059382e+01    1.0006411876e+02
    3.6163074714e+03    6.3104997796e+03   -9.8026323448e+04    1.7668641586e-01    2.2249566461e-03    1.1057090442e-01    5.0034342456e+01    5.0034342456e+01    1.0006868491e+02
    3.5979108579e+03    6.2783974690e+03   -9.8022106579e+04    1.6671073360e-01    2.9401452598e-02    2.7655750599e-01    5.0033163359e+01    5.0033163359e+01    1.0006632672e+02
    3.6292071375e+03    6.3330098513e+03   -9.7861651382e+04    1.5887950623e-01    1.4495834310e-01    3.0989364839e-01    5.0055065675e+01    5.0055065675e+01    1.0011013135e+02
    3.5922856260e+03    6.2685813720e+03   -9.8067684757e+04   -8.1908932615e-04    4.4295861871e-01    3.1783537148e-02    5.0022514662e+01    5.0022514662e+01    1.0004502932e+02
    3.5452336062e+03    6.1864750350e+03   -9.8052097722e+04    3.5441715932e-01    2.1854846966e-01    2.1129217832e-01    5.0018561759e+01    5.0018561759e+01    1.0003712352e+02
    3.5766545646e+03    6.2413049832e+03   -9.8071124430e+04    2.8944852487e-01    3.0660740601e-01    4.0904986095e-01    5.0002664234e+01    5.0002664234e+01    1.0000532847e+02
    3.5988605731e+03    6.2800547334e+03   -9.8077321893e+04    2.9780536392e-01    2.0520771373e-01   -2.7282730355e-01    5.0021190568e+01    5.0021190568e+01    1.0004238114e+02
    3.5706624245e+03    6.2308486269e+03   -9.7956375661e+04    3.8224163119e-01    6.0271844591e-01    4.6046810222e-01    5.0019124950e+01    5.0019124950e+01    1.0003824990e+02
    3.5974028244e+03    6.2775109445e+03   -9.7972476709e+04    6.7793178223e-02    9.3919864273e-03    2.1169656055e-01    5.0047701281e+01    5.0047701281e+01    1.0009540256e+02
    3.5842324513e+03    6.2545284860e+03   -9.8032377261e+04   -2.0926862114e-02    1.9846011034e-01   -2.0937020211e-01    5.0039256863e+01    5.0039256863e+01    1.0007851373e+02
    3.5990764698e+03    6.2804314757e+03   -9.8076604933e+04    1.5148449460e-02   -1.4730883616e-02   -1.4779466984e-01    5.0032284533e+01    5.0032284533e+01    1.0006456907e+02
    3.5796660431e+03    6.2465600490e+03   -9.8038116723e+04   -7.4478020806e-02    1.6491207762e-01    5.3823893352e-02    5.0033355287e+01    5.0033355287e+01    1.0006671057e+02
    3.5956652074e+03    6.2744787821e+03   -9.7999613598e+04   -1.9805808213e-02    5.3115831479e-02    7.4676314065e-02    5.0042456123e+01    5.0042456123e+01    1.0008491225e+02
    3.6051179056e+03    6.2909738534e+03   -9.7969785928e+04    1.0642200793e-01   -4.1693239112e-02    4.1982166620e-01    5.0047185391e+01    5.0047185391e+01    1.0009437078e+02
    3.5886044605e+03    6.2621576944e+03   -9.7946455659e+04   -3.4582687843e-01   -3.9230997902e-02   -1.4401283149e-01    5.0062530168e+01    5.0062530168e+01    1.0012506034e+02
    3.6001645285e+03    6.2823301513e+03   -9.7886914152e+04    7.9319852730e-02    1.8111591223e-01    8.4372143865e-02    5.0059878673e+01    5.0059878673e+01    1.0011975735e+02
    3.6299570786e+03    6.3343185075e+03   -9.7938177343e+04   -5.4325202903e-01   -2.7310351648e-01   -2.3980022784e-01    5.0079235598e+01    5.0079235598e+01    1.0015847120e+02
    3.6287156822e+03    6.3321522557e+03   -9.7928250659e+04   -6.2405438727e-01   -4.0327643571e-01   -4.3238331288e-01    5.0085648857e+01    5.0085648857e+01    1.0017129771e+02
    3.6223413678e+03    6.3210290009e+03   -9.7943344542e+04    1.7174402321e-02   -5.4816609905e-02   -3.8340587141e-01    5.0066956543e+01    5.0066956543e+01    1.0013391309e+02
    3.6179814039e+03    6.3134208119e+03   -9.7959856126e+04   -2.7310480333e-02   -1.0305755577e-01   -9.5470919309e-02    5.0062992046e+01    5.0062992046e+01    1.0012598409e+02
    3.5845561872e+03    6.2550934089e+03   -9.7954835483e+04    1.2753705681e-01    1.2084564242e-01   -4.2429768019e-02    5.0052144139e+01    5.0052144139e+01    1.0010428828e+02
    3.5881433382e+03    6.2613530304e+03   -9.7993455389e+04    1.9369258667e-01   -2.3924609153e-02   -6.9560496895e-02    5.0040885382e+01    5.0040885382e+01    1.0008177076e+02
    3.5772344938e+03    6.2423169664e+03   -9.7936616152e+04    1.0386306823e-01    1.7158434781e-01   -5.1503034414e-03    5.0044168978e+01    5.0044168978e+01    1.0008833796e+02
    3.6050299163e+03    6.2908203111e+03   -9.7835607473e+04   -5.7194661287e-02    4.2486057218e-02   -1.0301097074e-01    5.0077332212e+01    5.0077332212e+01    1.0015466442e+02
    3.6207536462e+03    6.3182584077e+03   -9.7942073948e+04   -2.1252108729e-01   -3.8303520177e-01   -1.9472324070e-01    5.0074585590e+01    5.0074585590e+01    1.0014917118e+02
    3.6070695879e+03    6.2943795624e+03   -9.7949428607e+04   -2.8753374726e-01   -3.8547307478e-01   -1.8697151666e-01    5.0073267775e+01    5.0073267775e+01    1.0014653555e+02
    3.5706330308e+03    6.2307973346e+03   -9.7965409581e+04   -1.1499273585e-01    2.1906912871e-02   -2.2590022178e-03    5.0055450468e+01    5.0055450468e+01    1.0011090094e+02
    3.5648765212e+03    6.2207521566e+03   -9.7945902913e+04   -5.3962436881e-02   -2.7034782960e-01    5.4923384020e-02    5.0056829219e+01    5.0056829219e+01    1.0011365844e+02
    3.6004075328e+03    6.2827541967e+03   -9.7900654642e+04    2.1841217339e-02   -4.3084311441e-02    1.2643048458e-01    5.0063697522e+01    5.0063697522e+01    1.0012739504e+02
    3.6209819516e+03    6.3186568034e+03   -9.7925648634e+04   -3.1352021295e-01   -3.7681985646e-01   -3.2014567986e-01    5.0081694768e+01    5.0081694768e+01    1.0016338954e+02
    3.6352936621e+03    6.3436309093e+03   -9.7995270675e+04   -7.7674990064e-02   -1.4105335212e-01   -2.1314823950e-01    5.0055334371e+01    5.0055334371e+01    1.0011066874e+02
    3.6047074543e+03    6.2902576110e+03   -9.7945310245e+04   -6.3475880190e-02    1.4645892221e-02   -1.6178605461e-01    5.0052006386e+01    5.0052006386e+01    1.0010401277e+02
    3.6342703841e+03    6.3418452770e+03   -9.8067766309e+04    1.6183778694e-01   -2.7530493103e-01   -3.2929117234e-01    5.0039581972e+01    5.0039581972e+01    1.0007916394e+02
    3.6150236355e+03    6.3082594705e+03   -9.7942790535e+04    7.5640334532e-02    2.1539155800e-01    3.3587482256e-01    5.0044388170e+01    5.0044388170e+01    1.0008877634e+02
    3.5764348631e+03    6.2409216012e+03   -9.8002975578e+04    4.3616210955e-01    2.4462472882e-01   -1.9862612126e-01    5.0038112146e+01    5.0038112146e+01    1.0007622429e+02
    3.6019709047e+03    6.2854822993e+03   -9.8100111409e+04    1.9205260972e-01    1.7245667374e-01    1.3590821585e-01    5.0013767482e+01    5.0013767482e+01    1.0002753496e+02
    3.6403717526e+03    6.3524922380e+03   -9.8114140502e+04    6.8931846025e-01    5.7820035939e-01    4.7153455712e-01    4.9979452787e+01    4.9979452787e+01    9.9958905574e+01
    3.5919909838e+03    6.2680672179e+03   -9.8108694861e+04    7.1933132474e-01    4.5120345058e-01    4.9958740287e-01    4.9986308429e+01    4.9986308429e+01    9.9972616859e+01
    3.5999356265e+03    6.2819307144e+03   -9.8061212327e+04    4.0032987192e-01    5.7954295810e-01    3.3703856869e-01    5.0003665001e+01    5.0003665001e+01    1.0000733000e+02
    3.6041745921e+03    6.2893277601e+03   -9.8092851196e+04   -2.4813591231e-01    2.5755834125e-02   -5.8103320237e-02    5.0033525422e+01    5.0033525422e+01    1.0006705084e+02
    3.6088111326e+03    6.2974185787e+03   -9.8037747923e+04   -7.3636719478e-02   -1.3905013769e-01   -1.0526937306e-01    5.0036090340e+01    5.0036090340e+01    1.0007218068e+02
    3.5886069532e+03    6.2621620441e+03   -9.8098550783e+04   -1.9024690917e-01   -3.6316092677e-01   -1.9155039743e-01    5.0044681855e+01    5.0044681855e+01    1.0008936371e+02
    3.6128276335e+03    6.3044274209e+03   -9.8058617684e+04    4.7042709888e-02    2.0819997626e-01    1.4857688733e-02    5.0030220766e+01    5.0030220766e+01    1.0006044153e+02
    3.5831209852e+03    6.2525889643e+03   -9.8038313085e+04    3.1532259359e-01    3.2475386475e-01   -3.9908868736e-03    5.0020685450e+01    5.0020685450e+01    1.0004137090e+02
    3.6357213642e+03    6.3443772547e+03   -9.8125130401e+04    2.6794782399e-01    1.4088393796e-01    2.4170823086e-01    5.0004789522e+01    5.0004789522e+01    1.0000957904e+02
    3.6002918936e+03    6.2825524048e+03   -9.8040754279e+04    2.2369456996e-01    3.7674474175e-01    3.8633745513e-01    5.0008774436e+01    5.0008774436e+01    1.0001754887e+02
    3.6235146843e+03    6.3230764523e+03   -9.8160332737e+04    2.2503997026e-01    1.8019657093e-01    1.6133162626e-01    5.0005120182e+01    5.0005120182e+01    1.0001024036e+02
    3.5992260955e+03    6.2806925744e+03   -9.8058071097e+04    1.9241574802e-01    9.1625003079e-02    3.7169160606e-02    5.0024925635e+01    5.0024925635e+01    1.0004985127e+02
    3.5601138526e+03    6.2124412429e+03   -9.7969022912e+04    1.8414017506e-01    1.0027384304e-01    5.0744977158e-02    5.0033565197e+01    5.0033565197e+01    1.0006713039e+02
    3.6056119354e+03    6.2918359413e+03   -9.8036937080e+04   -2.0875932520e-01   -3.1200965377e-01    1.8287303724e-01    5.0044563446e+01    5.0044563446e+01    1.0008912689e+02
    3.5933780489e+03    6.2704876631e+03   -9.7997649733e+04    1.8542685716e-01   -1.6615952251e-01    1.5900322956e-01    5.0040134840e+01    5.0040134840e+01    1.0008026968e+02
    3.6069622991e+03    6.2941923421e+03   -9.8072074490e+04    1.3814745487e-01   -9.2150698841e-02    6.2995281242e-02    5.0028680955e+01    5.0028680955e+01    1.0005736191e+02
    3.5740251219e+03    6.2367165741e+03   -9.8047926168e+04    3.2508973524e-01    1.5034766833e-01    3.1430662554e-02    5.0026555954e+01    5.0026555954e+01    1.0005311191e+02
    3.5891146994e+03    6.2630480672e+03   -9.8112154253e+04   -5.3530500248e-01   -5.3482669970e-01   -3.4945669227e-01    5.0051315416e+01    5.0051315416e+01    1.0010263083e+02
    3.5922189646e+03    6.2684650472e+03   -9.7985762699e+04   -1.4744089629e-01   -4.5062605877e-02   -1.5692505033e-01    5.0051223612e+01    5.0051223612e+01    1.0010244722e+02
    3.6159884031e+03    6.3099430016e+03   -9.7964201226e+04   -1.2437594284e-01    2.0580453503e-02   -1.0936481769e-01    5.0051984620e+01    5.0051984620e+01    1.0010396924e+02
    3.6441479757e+03    6.3590817925e+03   -9.7906717936e+04    3.3610400341e-01    2.8023387647e-01    1.9360323944e-01    5.0047973190e+01    5.0047973190e+01    1.0009594638e+02
    3.5739753737e+03    6.2366297629e+03   -9.7974785328e+04    5.2484369007e-02    1.1996396463e-01   -1.4259318720e-03    5.0054309964e+01    5.0054309964e+01    1.0010861993e+02
    3.6436935846e+03    6.3582888745e+03   -9.8011528957e+04   -3.6090418048e-01    6.7720621941e-02   -4.3168768642e-01    5.0063578367e+01    5.0063578367e+01    1.0012715673e+02
    3.6040681990e+03    6.2891421028e+03   -9.7974916492e+04   -2.9114739104e-02   -2.9301395729e-01   -2.6236446649e-01    5.0065107085e+01    5.0065107085e+01    1.0013021417e+02
    3.5885728454e+03    6.2621025256e+03   -9.8048856634e+04   -2.6349325459e-01   -4.4235922003e-01   -1.2833406746e-01    5.0057370534e+01    5.0057370534e+01    1.0011474107e+02
    3.5763335020e+03    6.2407447250e+03   -9.7908070988e+04    2.8154823537e-01    2.2646747314e-01   -1.9425142573e-01    5.0055449290e+01    5.0055449290e+01    1.0011089858e+02
    3.5994595219e+03    6.2810999062e+03   -9.7960703165e+04   -2.2752772959e-01   -3.4275796456e-02   -1.1231848649e-01    5.0068098228e+01    5.0068098228e+01    1.0013619646e+02
    3.6030947181e+03    6.2874433671e+03   -9.7886371428e+04   -1.7459512195e-01   -1.6473119522e-01   -3.9517015316e-01    5.0084748910e+01    5.0084748910e+01    1.0016949782e+02
    3.6071921049e+03    6.2945933561e+03   -9.7954874283e+04   -7.7866954997e-02   -1.9459700918e-01   -4.9370369383e-01    5.0074417724e+01    5.0074417724e+01    1.0014883545e+02
    3.5893279835e+03    6.2634202507e+03   -9.7936994557e+04   -3.8265631836e-01   -3.1394728885e-01   -6.3604308399e-01    5.0089723746e+01    5.0089723746e+01    1.0017944749e+02
    3.6117171505e+03    6.3024896148e+03   -9.7948132329e+04   -4.6098700332e-01   -6.8422860692e-01   -4.3276456809e-01    5.0098128544e+01    5.0098128544e+01    1.0019625709e+02
    3.5635903383e+03    6.2185077520e+03   -9.7934749844e+04   -4.8091811098e-01   -3.2895622580e-01   -3.1736379379e-01    5.0082415564e+01    5.0082415564e+01    1.0016483113e+02
    3.6489797831e+03    6.3675133541e+03   -9.7998097380e+04   -1.1327726674e-01   -1.0018832166e-01    1.9052272625e-01    5.0045922394e+01    5.0045922394e+01    1.0009184479e+02
    3.6198164158e+03    6.3166229295e+03   -9.8012530888e+04   -9.4642708559e-02    7.9580322919e-02   -2.9318797497e-01    5.0054985514e+01    5.0054985514e+01    1.0010997103e+02
    3.5960502271e+03    6.2751506461e+03   -9.7830931065e+04    1.3092804145e-01   -5.9808306932e-02    1.2313101203e-01    5.0072218728e+01    5.0072218728e+01    1.0014443746e+02
    3.6076486557e+03    6.2953900426e+03   -9.7935286829e+04   -3.5282229085e-01   -4.7621321395e-01   -2.6510921061e-01    5.0084364315e+01    5.0084364315e+01    1.0016872863e+02
    3.5999568232e+03    6.2819677030e+03   -9.7917187376e+04   -5.3339596616e-01   -3.3847305821e-01   -4.3680393516e-01    5.0089175473e+01    5.0089175473e+01    1.0017835095e+02
    3.6322463512e+03    6.3383133155e+03   -9.7946465869e+04   -2.2718675591e-01   -1.1319542609e-01   -4.3632037726e-01    5.0070478305e+01    5.0070478305e+01    1.0014095661e+02
    3.6149894477e+03    6.3081998125e+03   -9.7956167163e+04   -2.2437301566e-01   -1.8850991774e-01   -7.8501281240e-02    5.0064018591e+01    5.0064018591e+01    1.0012803718e+02
    3.6113604462e+03    6.3018671614e+03   -9.8001884938e+04   -3.6328510937e-02   -2.5431986323e-01   -1.8620649347e-01    5.0063639141e+01    5.0063639141e+01    1.0012727828e+02
    3.6334081259e+03    6.3403406262e+03   -9.7969478174e+04   -8.3244141171e-02   -2.0508161083e-01   -1.5441790245e-01    5.0057896330e+01    5.0057896330e+01    1.0011579266e+02
    3.5993712376e+03    6.2809458491e+03   -9.7955741914e+04    2.0511355022e-03    1.7658983939e-01   -9.7909677632e-02    5.0058369193e+01    5.0058369193e+01    1.0011673839e+02
    3.6025478580e+03    6.2864890897e+03   -9.7966678730e+04    3.2435576768e-01   -2.4282283850e-01   -2.6788061266e-02    5.0049588392e+01    5.0049588392e+01    1.0009917678e+02
    3.6114186116e+03    6.3019686608e+03   -9.7896918655e+04   -2.1968539584e-01   -1.2881292086e-01   -4.6530587898e-02    5.0074857686e+01    5.0074857686e+01    1.0014971537e+02
    3.6078856031e+03    6.2958035187e+03   -9.7938490210e+04   -8.7153427083e-02   -2.0623125124e-01   -1.4327543535e-01    5.0069316564e+01    5.0069316564e+01    1.0013863313e+02
    3.5818617557e+03    6.2503915938e+03   -9.7985126984e+04   -3.0402319366e-01   -2.0043894794e-01    3.1285654211e-02    5.0058454852e+01    5.0058454852e+01    1.0011690970e+02
    3.5556311940e+03    6.2046189499e+03   -9.8027226883e+04    3.9429259144e-02   -1.2423711435e-01   -1.5372073547e-02    5.0044338521e+01    5.0044338521e+01    1.0008867704e+02
    3.5880352466e+03    6.2611644093e+03   -9.7986481348e+04   -8.1111125640e-02    8.7599440087e-02   -1.0316863289e-01    5.0048672351e+01    5.0048672351e+01    1.0009734470e+02
    3.5858070134e+03    6.2572761156e+03   -9.8006758601e+04   -3.6675056097e-02   -2.2515099458e-01   -1.1488386992e-01    5.0053490846e+01    5.0053490846e+01    1.0010698169e+02
    3.5953350972e+03    6.2739027358e+03   -9.8041121894e+04    2.9716839174e-02   -2.9823462620e-02   -9.7778053652e-02    5.0044037521e+01    5.0044037521e+01    1.0008807504e+02
    3.5825984494e+03    6.2516771331e+03   -9.7991555951e+04    1.6021685364e-01   -3.8191572629e-02   -1.5113582671e-01    5.0048030359e+01    5.0048030359e+01    1.0009606072e+02
    3.5830545114e+03    6.2524729668e+03   -9.8007228591e+04    3.2076895790e-01    1.7322783922e-01   -2.0273972562e-02    5.0031100148e+01    5.0031100148e+01    1.0006220030e+02
    3.6104804686e+03    6.3003315900e+03   -9.8034928722e+04    1.2037711311e-01   -9.6574013707e-02    5.6166109443e-02    5.0036291356e+01    5.0036291356e+01    1.0007258271e+02
    3.5908231618e+03    6.2660293546e+03   -9.8099503902e+04    1.1657923187e-02    1.4665636510e-01   -5.5189613549e-02    5.0019369724e+01    5.0019369724e+01    1.0003873945e+02
    3.5850981613e+03    6.2560391603e+03   -9.8153439821e+04   -2.1582324160e-01   -9.3441695403e-02   -9.9626628869e-02    5.0025726969e+01    5.0025726969e+01    1.0005145394e+02
    3.5790065455e+03    6.2454092179e+03   -9.8081637743e+04    5.7450837709e-01    2.8068710226e-01    4.0117466461e-01    4.9997523993e+01    4.9997523993e+01    9.9995047987e+01
    3.5839966505e+03    6.2541170108e+03   -9.8136652006e+04    1.9984979146e-01    2.0629357029e-01    4.7118972268e-01    4.9997407469e+01    4.9997407469e+01    9.9994814939e+01
    3.6156518671e+03    6.3093557423e+03   -9.8121398986e+04    2.9993959018e-02    2.1899845157e-01    3.6707263881e-01    5.0003255442e+01    5.0003255442e+01    1.0000651088e+02
    3.6063241668e+03    6.2930787937e+03   -9.8005025674e+04   -9.3562110206e-02    3.0710485152e-01    1.8047196611e-01    5.0030051320e+01    5.0030051320e+01    1.0006010264e+02
    3.5789523661e+03    6.2453146742e+03   -9.8124471080e+04   -1.7182765012e-01    3.0265441666e-02   -1.8994394375e-01    5.0026426365e+01    5.0026426365e+01    1.0005285273e+02
    3.6376162828e+03    6.3476839102e+03   -9.7962007122e+04    2.5003689118e-01    2.2588224640e-01    5.1658527534e-01    5.0026470226e+01    5.0026470226e+01    1.0005294045e+02
    3.5970563455e+03    6.2769063348e+03   -9.8084801983e+04    2.7049419621e-01   -3.4970404751e-02   -2.0740009336e-02    5.0021787907e+01    5.0021787907e+01    1.0004357581e+02
    3.6307562050e+03    6.3357129924e+03   -9.7939149214e+04    3.2233296812e-01    3.1010969157e-01    3.7796218418e-01    5.0031431656e+01    5.0031431656e+01    1.0006286331e+02
    3.6264179998e+03    6.3281427726e+03   -9.8011310143e+04   -1.5039369351e-01    5.8774425367e-02   -1.3428326583e-01    5.0048258764e+01    5.0048258764e+01    1.0009651753e+02
    3.6412633202e+03    6.3540480342e+03   -9.7967695147e+04    2.0191575853e-02   -1.2331999016e-02   -9.5965640885e-02    5.0051518498e+01    5.0051518498e+01    1.0010303700e+02
    3.6268855963e+03    6.3289587340e+03   -9.7991856092e+04   -1.2706028869e-01   -2.4592101931e-02    2.9663297379e-01    5.0039803268e+01    5.0039803268e+01    1.0007960654e+02
    3.5671093170e+03    6.2246484119e+03   -9.7995991237e+04    6.9583380271e-02   -1.1714349656e-01   -6.6849206898e-02    5.0049758826e+01    5.0049758826e+01    1.0009951765e+02
    3.6250326927e+03    6.3257253951e+03   -9.7989001035e+04    2.3408091051e-02   -1.2221552107e-01    1.8855705789e-01    5.0048538397e+01    5.0048538397e+01    1.0009707679e+02
    3.5997027496e+03    6.2815243415e+03   -9.8046198362e+04   -1.7653601675e-01    9.5711156863e-02   -2.5498839013e-01    5.0042111210e+01    5.0042111210e+01    1.0008422242e+02
    3.6143301009e+03    6.3070492445e+03   -9.7944963255e+04    2.6629051391e-01    1.2588484287e-01    3.4552515021e-01    5.0037117565e+01    5.0037117565e+01    1.0007423513e+02
    3.6481546146e+03    6.3660734253e+03   -9.8066164165e+04    2.2746503938e-02    2.6963138181e-02    5.9142914527e-02    5.0026519671e+01    5.0026519671e+01    1.0005303934e+02
    3.5984305899e+03    6.2793044075e+03   -9.8048808308e+04   -9.6812286638e-02   -1.0697947266e-01   -1.1947182550e-01    5.0042617348e+01    5.0042617348e+01    1.0008523470e+02
    3.5963356391e+03    6.2756486934e+03   -9.7993619186e+04   -3.3215212314e-02    5.2826807017e-02    1.1460324052e-01    5.0043203437e+01    5.0043203437e+01    1.0008640687e+02
    3.6050669284e+03    6.2908848976e+03   -9.8026685519e+04    1.1741220254e-01    1.0106277526e-01    1.8476304261e-01    5.0035141747e+01    5.0035141747e+01    1.0007028349e+02
    3.5968688872e+03    6.2765792177e+03   -9.7975719115e+04    3.8692516571e-02   -3.4867895066e-02   -5.3927742374e-02    5.0038893906e+01    5.0038893906e+01    1.0007778781e+02
    3.5865593560e+03    6.2585889625e+03   -9.8032637479e+04    1.6187345490e-01   -1.4927640709e-01    1.6497673224e-01    5.0032866588e+01    5.0032866588e+01    1.0006573318e+02
    3.6119354184e+03    6.3028704948e+03   -9.7965995110e+04    1.1015025793e-01    2.2708321263e-01    2.5312606334e-01    5.0035242765e+01    5.0035242765e+01    1.0007048553e+02
    3.5889137461e+03    6.2626974014e+03   -9.7967764874e+04   -9.1806054136e-02   -9.6894895999e-02   -1.1687212281e-01    5.0057885318e+01    5.0057885318e+01    1.0011577064e+02
    3.6005140111e+03    6.2829400025e+03   -9.8016613236e+04   -2.0998305300e-01   -1.9221753146e-01   -2.0304143436e-01    5.0050217921e+01    5.0050217921e+01    1.0010043584e+02
    3.5746001533e+03    6.2377200108e+03   -9.7985388314e+04   -1.9087393961e-01    6.0047637606e-02    1.6594385906e-02    5.0056416259e+01    5.0056416259e+01    1.0011283252e+02
    3.5914010923e+03    6.2670378503e+03   -9.7948752805e+04    2.5089068669e-04   -2.8435662912e-01   -2.4951676523e-01    5.0071258408e+01    5.0071258408e+01    1.0014251682e+02
    3.6277725922e+03    6.3305065525e+03   -9.7883439431e+04    6.1751359049e-02   -9.1285357923e-02   -1.0699052996e-01    5.0066616778e+01    5.0066616778e+01    1.0013323356e+02
    3.5766021924e+03    6.2412135929e+03   -9.7969931752e+04   -2.0004891248e-01    3.5491123788e-02    4.1440440538e-01    5.0048193823e+01    5.0048193823e+01    1.0009638765e+02
    3.6201594917e+03    6.3172216011e+03   -9.7956006356e+04   -2.9125180311e-02    2.8108029931e-01   -2.5660552093e-01    5.0053279890e+01    5.0053279890e+01    1.0010655978e+02
    3.6433886950e+03    6.3577568387e+03   -9.8057687819e+04    1.1678095438e-01   -1.6835412345e-01    2.1896899515e-01    5.0037653901e+01    5.0037653901e+01    1.0007530780e+02
    3.6292133461e+03    6.3330206852e+03   -9.8031455873e+04   -1.2526616949e-02    1.8213566723e-01    2.0600268625e-01    5.0029403143e+01    5.0029403143e+01    1.0005880629e+02
    3.5989941119e+03    6.2802877602e+03   -9.8006475049e+04    4.9728018740e-01    2.9607434588e-01    2.3195952492e-01    5.0024370152e+01    5.0024370152e+01    1.0004874030e+02
    3.6189584504e+03    6.3151257696e+03   -9.8017650332e+04    1.0956136410e-01    5.1878518660e-02   -9.3610472562e-02    5.0040063055e+01    5.0040063055e+01    1.0008012611e+02
    3.6108765071e+03    6.3010226819e+03   -9.7923124980e+04    2.9482578767e-01   -4.4373170589e-02   -1.6579156822e-01    5.0056352466e+01    5.0056352466e+01    1.0011270493e+02
    3.6346865615e+03    6.3425715115e+03   -9.7933527402e+04   -5.1564155158e-01    8.9980978803e-02   -4.3427321953e-01    5.0082963069e+01    5.0082963069e+01    1.0016592614e+02
    3.6225782748e+03    6.3214424064e+03   -9.7917326792e+04    2.0770546602e-02    7.1376235526e-02   -8.9253776956e-03    5.0050410544e+01    5.0050410544e+01    1.0010082109e+02
    3.5876764713e+03    6.2605383421e+03   -9.7998391948e+04   -2.8269385246e-01    1.5536080771e-01   -1.1881707026e-01    5.0052231687e+01    5.0052231687e+01    1.0010446337e+02
    3.5487964907e+03    6.1926923110e+03   -9.7979385973e+04    1.2519306090e-01    1.1591256037e-01    6.6548127637e-02    5.0038577583e+01    5.0038577583e+01    1.0007715517e+02
    3.6127258440e+03    6.3042497970e+03   -9.7973486592e+04   -7.0015478873e-02    5.5205714718e-02    8.4596469803e-02    5.0047920243e+01    5.0047920243e+01    1.0009584049e+02
    3.5765876759e+03    6.2411882614e+03   -9.8122602422e+04   -4.5520129282e-01   -6.0125653707e-02   -3.5493620051e-01    5.0035142062e+01    5.0035142062e+01    1.0007028412e+02
    3.5816655823e+03    6.2500492688e+03   -9.8001065283e+04    1.5099575472e-01   -2.2529269746e-01    1.2238567194e-01    5.0044614604e+01    5.0044614604e+01    1.0008922921e+02
    3.6319095106e+03    6.3377255246e+03   -9.8046805881e+04    2.6827595298e-02   -2.0085599928e-01   -2.6008199201e-01    5.0049230022e+01    5.0049230022e+01    1.0009846004e+02
    3.6117543820e+03    6.3025545842e+03   -9.8021115366e+04    9.5581340235e-02    1.2230273607e-01    8.6664083396e-02    5.0031175543e+01    5.0031175543e+01    1.0006235109e+02
    3.6104726406e+03    6.3003179300e+03   -9.8030576939e+04    1.8160655370e-02    2.7439678261e-02    2.9807261212e-01    5.0036535919e+01    5.0036535919e+01    1.0007307184e+02
    3.5682238092e+03    6.2265932141e+03   -9.8007539278e+04   -2.6204495169e-01    9.3477216372e-03    1.4629619996e-01    5.0046418301e+01    5.0046418301e+01    1.0009283660e+02
    3.5956730984e+03    6.2744925520e+03   -9.8072106667e+04    2.7333763301e-01    1.0034101582e-01    2.2485794727e-01    5.0011872695e+01    5.0011872695e+01    1.0002374539e+02
    3.5917691995e+03    6.2676802017e+03   -9.7989668952e+04    5.5264678978e-01    6.2645561347e-01    3.9460637542e-01    5.0013693341e+01    5.0013693341e+01    1.0002738668e+02
    3.5693217608e+03    6.2285091528e+03   -9.8037190388e+04    3.3665219351e-01    6.2064243519e-01    5.1247752206e-01    5.0001376988e+01    5.0001376988e+01    1.0000275398e+02
    3.5619172078e+03    6.2155881192e+03   -9.8020013282e+04    3.1891410372e-01   -1.4701686555e-02    2.2737410686e-01    5.0024742732e+01    5.0024742732e+01    1.0004948546e+02
    3.6164772070e+03    6.3107959702e+03   -9.8047970933e+04    1.6774571329e-01   -2.1111633667e-01   -4.7118682072e-02    5.0033353791e+01    5.0033353791e+01    1.0006670758e+02
    3.5849572205e+03    6.2557932170e+03   -9.7977366434e+04    2.5750967000e-01    3.0677361105e-01    2.2471783368e-01    5.0025652164e+01    5.0025652164e+01    1.0005130433e+02
    3.6360411491e+03    6.3449352831e+03   -9.8068391136e+04   -1.3685359493e-01    7.6087852373e-03   -5.8931559209e-03    5.0031276643e+01    5.0031276643e+01    1.0006255329e+02
    3.6103235688e+03    6.3000577980e+03   -9.8000722647e+04    4.0876228548e-01    4.2298683592e-01    1.8583124223e-01    5.0021689205e+01    5.0021689205e+01    1.0004337841e+02
    3.6291386052e+03    6.3328902615e+03   -9.8123598749e+04    1.6001545864e-02   -8.6373113508e-02   -1.3750454689e-01    5.0025357888e+01    5.0025357888e+01    1.0005071578e+02
    3.5830184108e+03    6.2524099708e+03   -9.8051377913e+04   -6.5437683133e-02   -7.3585747602e-02    1.1440307823e-01    5.0037692867e+01    5.0037692867e+01    1.0007538573e+02
    3.5675091906e+03    6.2253461960e+03   -9.7994283115e+04    2.3365429769e-02   -4.5398724020e-02    2.3193040617e-01    5.0032531670e+01    5.0032531670e+01    1.0006506334e+02
    3.6207514947e+03    6.3182546535e+03   -9.7995284608e+04   -2.8661237579e-01   -1.2345522889e-01   -2.1892437601e-01    5.0060919516e+01    5.0060919516e+01    1.0012183903e+02
    3.5669863885e+03    6.2244339002e+03   -9.8023957453e+04   -3.0287525711e-01   -4.2921085429e-01   -2.2637101290e-01    5.0061692293e+01    5.0061692293e+01    1.0012338459e+02
    3.6034184496e+03    6.2880082823e+03   -9.7929992736e+04   -2.1605201571e-01   -4.1687167038e-01   -1.9376076025e-02    5.0073048948e+01    5.0073048948e+01    1.0014609790e+02
    3.5719001713e+03    6.2330085098e+03   -9.7987748220e+04   -3.3901379634e-02   -2.6334149787e-01   -1.0991842482e-01    5.0054002856e+01    5.0054002856e+01    1.0010800571e+02
    3.5640058754e+03    6.2192328692e+03   -9.7943338982e+04   -9.2344244733e-02    2.7563894585e-01   -1.2305517572e-02    5.0050932440e+01    5.0050932440e+01    1.0010186488e+02
    3.5976063891e+03    6.2778661674e+03   -9.7943892385e+04    1.7654016679e-01    1.0288658766e-01    1.7850842307e-01    5.0045526699e+01    5.0045526699e+01    1.0009105340e+02
    3.6167951882e+03    6.3113508513e+03   -9.7947227810e+04    1.2391104253e-01    4.0542628413e-01    2.8357337460e-02    5.0037313945e+01    5.0037313945e+01    1.0007462789e+02
    3.5953083316e+03    6.2738560295e+03   -9.7954499827e+04    8.9544097325e-02   -3.0044561751e-01   -1.0883902875e-02    5.0052702242e+01    5.0052702242e+01    1.0010540448e+02
    3.5942961188e+03    6.2720897061e+03   -9.8008305828e+04    5.6450014880e-02    2.5236542457e-01   -1.4195126474e-01    5.0044012397e+01    5.0044012397e+01    1.0008802479e+02
    3.6142024496e+03    6.3068264913e+03   -9.7956949264e+04    7.5499771481e-02   -1.7452542872e-01    3.1888280948e-02    5.0055662028e+01    5.0055662028e+01    1.0011132406e+02
    3.6126414593e+03    6.3041025446e+03   -9.7942059371e+04   -1.2556880295e-02   -3.7895060066e-03   -2.0117530397e-01    5.0064663525e+01    5.0064663525e+01    1.0012932705e+02
    3.5946249993e+03    6.2726636066e+03   -9.8024949980e+04    1.0198025467e-01   -5.8686329635e-02   -1.4981228159e-01    5.0040464381e+01    5.0040464381e+01    1.0008092876e+02
    3.5610241019e+03    6.2140296387e+03   -9.8030841444e+04    2.2017742953e-03    9.8375770025e-02   -5.7874247086e-02    5.0030211253e+01    5.0030211253e+01    1.0006042251e+02
    3.6438926358e+03    6.3586362213e+03   -9.8014490699e+04    3.1336975386e-01    3.6720898613e-01    1.4714937334e-01    5.0028887408e+01    5.0028887408e+01    1.0005777482e+02
    3.5828667483e+03    6.2521453179e+03   -9.8015416371e+04   -9.8873960560e-02    1.7080318766e-02   -1.2418221180e-01    5.0042052444e+01    5.0042052444e+01    1.0008410489e+02
    3.5910543230e+03    6.2664327336e+03   -9.8028898992e+04    2.1101835768e-01    3.6727181768e-01    9.6536304291e-02    5.0027220799e+01    5.0027220799e+01    1.0005444160e+02
    3.5534904627e+03    6.2008833482e+03   -9.8021102107e+04   -6.1217055656e-02    3.0824401932e-01   -7.3486629174e-02    5.0040196886e+01    5.0040196886e+01    1.0008039377e+02
    3.5684473135e+03    6.2269832318e+03   -9.7933125556e+04    1.8853645431e-01    1.8184738871e-01    2.4133226206e-01    5.0049504357e+01    5.0049504357e+01    1.0009900871e+02
    3.5995330986e+03    6.2812282985e+03   -9.7981995107e+04    2.5824163937e-01   -2.1549128549e-02   -8.4272358451e-03    5.0048275335e+01    5.0048275335e+01    1.0009655067e+02
    3.6281146940e+03    6.3311035243e+03   -9.7998789998e+04   -7.4895883842e-02    2.2746319747e-01    2.2889642402e-01    5.0040502945e+01    5.0040502945e+01    1.0008100589e+02
    3.6199684014e+03    6.3168881462e+03   -9.8019325747e+04    2.1295089490e-01   -2.0333468719e-01    9.8156211253e-02    5.0037352725e+01    5.0037352725e+01    1.0007470545e+02
    3.6034778955e+03    6.2881120163e+03   -9.8124331431e+04   -3.7843653065e-01    9.9903980525e-02   -1.6642445161e-01    5.0031602851e+01    5.0031602851e+01    1.0006320570e+02
    3.6249706901e+03    6.3256171997e+03   -9.7947799381e+04    9.2200716614e-02    1.7893730158e-01    1.1696895787e-01    5.0047558443e+01    5.0047558443e+01    1.0009511689e+02
    3.6106510602e+03    6.3006292744e+03   -9.7899929480e+04    3.5492527224e-01   -1.4093118453e-01    2.5140978616e-01    5.0053600121e+01    5.0053600121e+01    1.0010720024e+02
    3.6253900103e+03    6.3263489186e+03   -9.8018859678e+04   -1.9564748309e-01   -7.3366165745e-02   -2.4696218273e-01    5.0055982285e+01    5.0055982285e+01    1.0011196457e+02
    3.6045463564e+03    6.2899764934e+03   -9.8017392446e+04    2.4368064300e-02    3.0100490471e-01   -1.4293513317e-01    5.0051163800e+01    5.0051163800e+01    1.0010232760e+02
    3.6152493061e+03    6.3086532685e+03   -9.8036189299e+04   -7.8457474231e-02    6.2381992180e-02   -1.1935275008e-01    5.0037218064e+01    5.0037218064e+01    1.0007443613e+02
    3.6113718648e+03    6.3018870871e+03   -9.7924188340e+04    3.7568886025e-02   -4.5651706872e-02    1.1087313702e-01    5.0056340334e+01    5.0056340334e+01    1.0011268067e+02
    3.6192817128e+03    6.3156898664e+03   -9.7927134850e+04    2.9003488020e-01    2.0704418337e-01    9.0467411581e-02    5.0041711437e+01    5.0041711437e+01    1.0008342287e+02
    3.6234488353e+03    6.3229615450e+03   -9.7954510763e+04   -7.1407006330e-02    2.6921601035e-01    1.4815831684e-01    5.0046234011e+01    5.0046234011e+01    1.0009246802e+02
    3.6185643784e+03    6.3144381093e+03   -9.7848823135e+04   -3.9838058696e-02    4.9135960824e-02    1.3434409585e-01    5.0073393188e+01    5.0073393188e+01    1.0014678638e+02
    3.5693825620e+03    6.2286152516e+03   -9.7903340716e+04   -8.3861171850e-02   -5.2493063418e-02    3.0745151116e-02    5.0074630289e+01    5.0074630289e+01    1.0014926058e+02
    3.5603280548e+03    6.2128150282e+03   -9.7911678524e+04   -1.9001103214e-01   -8.5610015018e-02    1.2374570527e-01    5.0069536993e+01    5.0069536993e+01    1.0013907399e+02
    3.6268536137e+03    6.3289029240e+03   -9.7936362864e+04    1.5209542915e-03   -2.3520530415e-01    1.1581087633e-01    5.0061017759e+01    5.0061017759e+01    1.0012203552e+02
    3.5969593634e+03    6.2767370998e+03   -9.7988265518e+04    1.4665854952e-01    1.9253119331e-01   -1.0500964918e-01    5.0036947737e+01    5.0036947737e+01    1.0007389547e+02
    3.6015015986e+03    6.2846633546e+03   -9.7921279216e+04    2.5426025127e-01    1.8320230982e-01    9.2387809809e-02    5.0046252658e+01    5.0046252658e+01    1.0009250532e+02
    3.6014793285e+03    6.2846244930e+03   -9.7959306514e+04    1.9119025858e-01    3.0297648570e-01    2.9538889716e-01    5.0039025994e+01    5.0039025994e+01    1.0007805199e+02
    3.6139175927e+03    6.3063294127e+03   -9.7994531233e+04    6.9607322440e-02   -3.8230012822e-02   -2.6082719595e-01    5.0048049314e+01    5.0048049314e+01    1.0009609863e+02
    3.6302671435e+03    6.3348595743e+03   -9.7956881124e+04    6.8558637298e-02   -2.9830799327e-01   -1.8961669249e-01    5.0061712970e+01    5.0061712970e+01    1.0012342594e+02
    3.5983234721e+03    6.2791174858e+03   -9.7916162987e+04   -5.4169934341e-01   -2.0399059553e-01   -3.4361436536e-01    5.0083951452e+01    5.0083951452e+01    1.0016790290e+02
    3.5734361415e+03    6.2356887963e+03   -9.7891603586e+04   -1.6738912298e-01   -8.4422151817e-02   -2.5004067881e-02    5.0073105127e+01    5.0073105127e+01    1.0014621025e+02
    3.5646828899e+03    6.2204142676e+03   -9.7994527697e+04    1.0339194195e-01   -3.8875348299e-02    3.2484403887e-01    5.0040605045e+01    5.0040605045e+01    1.0008121009e+02
    3.5858807341e+03    6.2574047591e+03   -9.7978303595e+04   -3.2018496966e-02    1.7331353400e-01    1.3802365848e-01    5.0045452682e+01    5.0045452682e+01    1.0009090536e+02
    3.6232572684e+03    6.3226272585e+03   -9.8028579397e+04    4.7501587079e-02   -2.1427280734e-01   -2.2534612893e-01    5.0049123883e+01    5.0049123883e+01    1.0009824777e+02
    3.5763847340e+03    6.2408341255e+03   -9.8048730371e+04   -1.3109570187e-01    2.2986771504e-01   -8.8851671078e-02    5.0038781220e+01    5.0038781220e+01    1.0007756244e+02
    3.6168683580e+03    6.3114785334e+03   -9.7953842761e+04    3.4287521577e-01    1.4166803639e-01    7.0168581268e-03    5.0037498924e+01    5.0037498924e+01    1.0007499785e+02
    3.6293795617e+03    6.3333107336e+03   -9.7950391442e+04    1.1162679892e-01    1.4342866633e-01    1.1617415039e-01    5.0042069117e+01    5.0042069117e+01    1.0008413823e+02
    3.5891601330e+03    6.2631273495e+03   -9.8025819017e+04    6.3533480544e-02   -6.7761588994e-02    2.4881969784e-01    5.0035974558e+01    5.0035974558e+01    1.0007194912e+02
    3.5635139949e+03    6.2183745318e+03   -9.8051708482e+04    5.0544885131e-02    1.1314711235e-01    5.4898533719e-02    5.0026470012e+01    5.0026470012e+01    1.0005294002e+02
    3.5877342042e+03    6.2606390867e+03   -9.7972832681e+04    1.6868207218e-01    1.1111322123e-01    2.1165267817e-02    5.0039032061e+01    5.0039032061e+01    1.0007806412e+02
    3.5146898479e+03    6.1331758115e+03   -9.7942047187e+04    3.4562332469e-01    4.0037345586e-01    3.5561403550e-01    5.0027210632e+01    5.0027210632e+01    1.0005442126e+02
    3.5804226018e+03    6.2478802530e+03   -9.8045594953e+04    1.7369294108e-01    1.6212602832e-01    1.1414086739e-01    5.0021444521e+01    5.0021444521e+01    1.0004288904e+02
    3.6151152604e+03    6.3084193571e+03   -9.8055082034e+04   -4.9496658477e-02    2.9542536156e-01   -6.9867098995e-03    5.0025632193e+01    5.0025632193e+01    1.0005126439e+02
    3.6289119212e+03    6.3324946952e+03   -9.7923732979e+04    4.4421021527e-01   -1.6359377099e-02    1.5013289075e-01    5.0043090593e+01    5.0043090593e+01    1.0008618119e+02
    3.5396674177e+03    6.1767619694e+03   -9.8048387672e+04   -1.1029973540e-01   -1.3640614022e-01   -3.9115424110e-01    5.0050896992e+01    5.0050896992e+01    1.0010179398e+02
    3.6016467762e+03    6.2849166912e+03   -9.7931606214e+04    1.0902780190e-01    1.7816344141e-02    1.4082288824e-01    5.0046098114e+01    5.0046098114e+01    1.0009219623e+02
    3.6034077103e+03    6.2879895423e+03   -9.7921779823e+04   -5.0156554958e-01    1.1516671297e-01   -9.9661334101e-02    5.0068083586e+01    5.0068083586e+01    1.0013616717e+02
    3.5864923800e+03    6.2584720885e+03   -9.7957657557e+04   -2.3297645556e-01   -1.0709663918e-05   -7.8865699579e-02    5.0056019361e+01    5.0056019361e+01    1.0011203872e+02
    3.6002491310e+03    6.2824777836e+03   -9.7987693635e+04   -9.2630237225e-02   -2.8757816055e-02    8.5917855019e-02    5.0053659275e+01    5.0053659275e+01    1.0010731855e+02
    3.5708050151e+03    6.2310974493e+03   -9.8113373619e+04   -2.9668710690e-01   -2.0355384071e-01   -9.8792636370e-02    5.0035295332e+01    5.0035295332e+01    1.0007059066e+02
    3.5773107234e+03    6.2424499881e+03   -9.7989446151e+04    4.1913056857e-02    5.0322604520e-02    2.9653462755e-01    5.0044651119e+01    5.0044651119e+01    1.0008930224e+02
    3.5936129317e+03    6.2708975364e+03   -9.7984110227e+04    2.4022740028e-03    6.7778948181e-02    2.0293335896e-01    5.0039362317e+01    5.0039362317e+01    1.0007872463e+02
    3.5940871291e+03    6.2717250165e+03   -9.8026337121e+04    2.3782122124e-01   -1.8519082179e-01   -4.7220232627e-02    5.0040421622e+01    5.0040421622e+01    1.0008084324e+02
    3.6579408956e+03    6.3831506026e+03   -9.7858490303e+04   -9.2214352809e-02   -7.5135176700e-02    1.0341479787e-01    5.0069441943e+01    5.0069441943e+01    1.0013888389e+02
    3.5965122617e+03    6.2759569020e+03   -9.7964916605e+04   -7.3452228198e-02   -4.3470729623e-02   -2.4232872869e-01    5.0066749572e+01    5.0066749572e+01    1.0013349914e+02
    3.5926138989e+03    6.2691542123e+03   -9.8027843064e+04   -5.3214939239e-01    1.5565049771e-01   -1.2799936142e-01    5.0050181127e+01    5.0050181127e+01    1.0010036225e+02
    3.6192908410e+03    6.3157057952e+03   -9.8056355153e+04    2.4270074839e-02   -5.0568584817e-02    2.3693387727e-01    5.0028979370e+01    5.0028979370e+01    1.0005795874e+02
    3.6313809210e+03    6.3368031294e+03   -9.7931037096e+04    1.9678437549e-01    2.4810999004e-01    1.4103624044e-01    5.0047256388e+01    5.0047256388e+01    1.0009451278e+02
    3.5929878694e+03    6.2698067952e+03   -9.8095145540e+04   -1.0989745750e-01   -1.5090609347e-01   -8.1260265874e-02    5.0031602997e+01    5.0031602997e+01    1.0006320599e+02
    3.5731165762e+03    6.2351311510e+03   -9.7975688509e+04    9.0301792658e-02    2.9635069533e-01    2.2885036329e-01    5.0039387186e+01    5.0039387186e+01    1.0007877437e+02
    3.5722004595e+03    6.2335325164e+03   -9.8105464983e+04    3.6745866138e-01    2.0567324960e-01    8.4682630732e-02    5.0010207355e+01    5.0010207355e+01    1.0002041471e+02
    3.6225638441e+03    6.3214172248e+03   -9.8101585388e+04    1.8290728622e-01    1.2451385082e-01    1.8782327705e-01    5.0011185434e+01    5.0011185434e+01    1.0002237087e+02
    3.5690853191e+03    6.2280965591e+03   -9.8105710119e+04    2.2719628184e-01    4.1135321333e-01    3.7851974501e-01    5.0003166502e+01    5.0003166502e+01    1.0000633300e+02
    3.5783010505e+03    6.2441781206e+03   -9.8097721699e+04    2.6175029145e-01    4.4276286894e-01    5.4785865846e-01    4.9998620071e+01    4.9998620071e+01    9.9997240141e+01
    3.6014362757e+03    6.2845493653e+03   -9.8115456103e+04    3.3646005829e-01    2.8818574921e-01    1.4540636847e-01    5.0008628303e+01    5.0008628303e+01    1.0001725661e+02
    3.5943847182e+03    6.2722443131e+03   -9.7998836498e+04    3.9376739673e-02    2.0935186483e-01    7.7370433198e-02    5.0035586148e+01    5.0035586148e+01    1.0007117230e+02
    3.6035378000e+03    6.2882165503e+03   -9.7950844652e+04    6.7987152470e-03    3.0235955184e-01    2.4357125124e-02    5.0038802875e+01    5.0038802875e+01    1.0007760575e+02
    3.5910172942e+03    6.2663681180e+03   -9.8055434055e+04   -3.1391470017e-01   -1.0978728533e-01   -1.3462014286e-01    5.0039391768e+01    5.0039391768e+01    1.0007878354e+02
    3.5349521076e+03    6.1685336970e+03   -9.7989505490e+04    4.3288427340e-02   -1.7059032708e-01    1.9843649168e-01    5.0043173178e+01    5.0043173178e+01    1.0008634636e+02
    3.6061070640e+03    6.2926999467e+03   -9.7987149981e+04    2.5002664922e-02    9.9285000613e-02   -3.0557220543e-01    5.0046632157e+01    5.0046632157e+01    1.0009326431e+02
    3.5874757372e+03    6.2601880586e+03   -9.8010313827e+04    2.0311546052e-01    1.3679883514e-01    4.0807058930e-01    5.0028726005e+01    5.0028726005e+01    1.0005745201e+02
    3.6205801907e+03    6.3179557258e+03   -9.7998661630e+04    3.8685800296e-02   -1.3524874974e-01    2.0856679175e-03    5.0043569143e+01    5.0043569143e+01    1.0008713829e+02
    3.5859567844e+03    6.2575374679e+03   -9.8032795199e+04    1.6378179549e-01   -1.2170540264e-01    1.4026999649e-01    5.0030090175e+01    5.0030090175e+01    1.0006018035e+02
    3.6083667741e+03    6.2966431678e+03   -9.8032651745e+04    1.8216963610e-01   -3.8807052238e-02    1.5355392106e-01    5.0039403459e+01    5.0039403459e+01    1.0007880692e+02
    3.6012694026e+03    6.2842581697e+03   -9.7931870354e+04    8.7247121922e-02   -2.6162678730e-01   -2.6639476482e-01    5.0068304166e+01    5.0068304166e+01    1.0013660833e+02
    3.6199819759e+03    6.3169118339e+03   -9.7981892543e+04   -2.6024396942e-01    1.0048335636e-01   -2.9525009857e-01    5.0059250207e+01    5.0059250207e+01    1.0011850041e+02
    3.6391534435e+03    6.3503662741e+03   -9.7988591770e+04    3.6585266641e-02    2.5440055643e-01   -5.7516750156e-02    5.0044833883e+01    5.0044833883e+01    1.0008966777e+02
    3.6046782174e+03    6.2902065923e+03   -9.8026425612e+04   -1.3425373549e-01    1.2397031724e-01    1.3562939597e-01    5.0037370845e+01    5.0037370845e+01    1.0007474169e+02
    3.6161982888e+03    6.3103092547e+03   -9.7998040443e+04    2.4886817016e-01    4.2645767230e-01    1.0047954291e-01    5.0029824559e+01    5.0029824559e+01    1.0005964912e+02
    3.6006424281e+03    6.2831640917e+03   -9.8066879809e+04    1.9121998930e-01    1.9757962656e-01    2.1889450478e-01    5.0016346238e+01    5.0016346238e+01    1.0003269248e+02
    3.5929050436e+03    6.2696622633e+03   -9.8119930238e+04    3.0323787676e-01    2.6539631262e-01    2.3163220531e-01    5.0003778149e+01    5.0003778149e+01    1.0000755630e+02
    3.5935615163e+03    6.2708078160e+03   -9.8115685586e+04    2.5736021846e-02   -1.3323592699e-01   -1.6314380926e-01    5.0029487115e+01    5.0029487115e+01    1.0005897423e+02
    3.6070908847e+03    6.2944167257e+03   -9.8032953167e+04   -1.6948998858e-01   -3.2405313123e-01    4.6836554722e-02    5.0044171365e+01    5.0044171365e+01    1.0008834273e+02
    3.6296152990e+03    6.3337220979e+03   -9.8026298916e+04   -3.0745034908e-01   -2.0642716884e-01   -2.4539988639e-01    5.0059300986e+01    5.0059300986e+01    1.0011860197e+02
    3.6227861085e+03    6.3218050788e+03   -9.7920076493e+04   -2.0034154331e-01   -3.3933344886e-02    5.8125414716e-02    5.0064505479e+01    5.0064505479e+01    1.0012901096e+02
    3.6152028255e+03    6.3085721593e+03   -9.7896201814e+04   -2.9621475757e-01    1.1608650709e-01   -3.3283019338e-01    5.0074493160e+01    5.0074493160e+01    1.0014898632e+02
    3.6040847396e+03    6.2891709665e+03   -9.7881856497e+04   -1.2740943963e-01   -3.6345491166e-01   -1.9209287632e-01    5.0081662658e+01    5.0081662658e+01    1.0016332532e+02
    3.5901225280e+03    6.2648067402e+03   -9.7913215882e+04   -9.5042673810e-02   -1.2654315678e-01   -3.7632410396e-01    5.0078390539e+01    5.0078390539e+01    1.0015678108e+02
    3.5814236444e+03    6.2496270843e+03   -9.8034355793e+04   -2.4865399871e-01   -3.6765089704e-01   -2.2833783402e-01    5.0064936428e+01    5.0064936428e+01    1.0012987286e+02
    3.5908393545e+03    6.2660576111e+03   -9.7922957824e+04   -3.7671537114e-02   -3.5730995311e-01    2.9601316994e-02    5.0071269043e+01    5.0071269043e+01    1.0014253809e+02
    3.6263722781e+03    6.3280629876e+03   -9.8034655045e+04   -4.6753519603e-01   -3.0106177345e-01   -3.3518960946e-01    5.0064379483e+01    5.0064379483e+01    1.0012875897e+02
    3.5892386405e+03    6.2632643459e+03   -9.7978639095e+04   -2.3868910464e-01   -5.0951083178e-01    6.8672427412e-02    5.0066078306e+01    5.0066078306e+01    1.0013215661e+02
    3.5546908848e+03    6.2029780992e+03   -9.7999102613e+04    1.3296287460e-01   -2.9528732093e-02    1.0362569026e-01    5.0035420362e+01    5.0035420362e+01    1.0007084072e+02
    3.6303607879e+03    6.3350229849e+03   -9.8050906427e+04    9.2697716876e-02    5.2459911521e-02    9.3419073145e-02    5.0028044220e+01    5.0028044220e+01    1.0005608844e+02
    3.6154020023e+03    6.3089197251e+03   -9.7960412522e+04    2.1950729357e-01    6.0181261942e-02    1.4896127281e-01    5.0050336460e+01    5.0050336460e+01    1.0010067292e+02
    3.5882707695e+03    6.2615753996e+03   -9.7933687477e+04    6.2058641463e-02   -7.9755764620e-02    2.6933451019e-01    5.0054673690e+01    5.0054673690e+01    1.0010934738e+02
    3.6454830070e+03    6.3614114380e+03   -9.7948592059e+04   -5.0348428093e-02   -3.5438826796e-01   -4.2746727273e-01    5.0068191149e+01    5.0068191149e+01    1.0013638230e+02
    3.6135693207e+03    6.3057216740e+03   -9.7944050943e+04   -2.8768765287e-02   -1.0657508868e-01   -2.8610372023e-01    5.0068506724e+01    5.0068506724e+01    1.0013701345e+02
    3.5886740030e+03    6.2622790469e+03   -9.7941277889e+04   -1.3148998545e-01   -1.0691703461e-01   -1.2061644740e-01    5.0064160684e+01    5.0064160684e+01    1.0012832137e+02
    3.6266696736e+03    6.3285819463e+03   -9.8064102101e+04   -1.8543212635e-01   -9.4399445994e-02   -1.1766427599e-01    5.0048052270e+01    5.0048052270e+01    1.0009610454e+02
    3.6237654679e+03    6.3235140726e+03   -9.8061923814e+04   -2.6590047306e-01   -6.8957521491e-02   -3.9518609407e-01    5.0045817611e+01    5.0045817611e+01    1.0009163522e+02
    3.6137241478e+03    6.3059918489e+03   -9.7937943827e+04    4.2887961907e-01    4.6337661114e-01    4.1591917558e-02    5.0029798655e+01    5.0029798655e+01    1.0005959731e+02
    3.6215029022e+03    6.3195658684e+03   -9.8008218813e+04    1.7360033824e-01   -1.7336478886e-01   -1.8135355182e-01    5.0038393803e+01    5.0038393803e+01    1.0007678761e+02
    3.5825471050e+03    6.2515875366e+03   -9.8039183350e+04    2.4229876558e-01   -1.7245004406e-01    6.7516756358e-02    5.0037729755e+01    5.0037729755e+01    1.0007545951e+02
    3.6104731352e+03    6.3003187931e+03   -9.7951553719e+04    5.2788941409e-01    6.0245305015e-01    1.4971135073e-01    5.0021283333e+01    5.0021283333e+01    1.0004256667e+02
    3.6102289950e+03    6.2998927656e+03   -9.8137048051e+04    2.1095524532e-01    2.3677996966e-02   -5.2217317720e-02    5.0011111579e+01    5.0011111579e+01    1.0002222316e+02
    3.6109925660e+03    6.3012252061e+03   -9.8018014249e+04    2.0619591978e-01    2.0596950220e-01    2.6134530559e-01    5.0028499923e+01    5.0028499923e+01    1.0005699985e+02
    3.6055334065e+03    6.2916989076e+03   -9.8009515508e+04    2.4956509967e-01    4.6135400294e-01    4.8220433201e-01    5.0014223874e+01    5.0014223874e+01    1.0002844775e+02
    3.5862770576e+03    6.2580963485e+03   -9.7951537178e+04    2.9497874370e-02   -7.6057862205e-02    2.1306511980e-01    5.0047272108e+01    5.0047272108e+01    1.0009454422e+02
    3.6571624252e+03    6.3817921625e+03   -9.8001658857e+04   -2.9038815931e-01   -6.4231494111e-02   -1.3086909062e-01    5.0061287460e+01    5.0061287460e+01    1.0012257492e+02
    3.6080208766e+03    6.2960395726e+03   -9.7992156820e+04   -8.4917075339e-02   -3.5529929305e-01   -1.1744664934e-01    5.0061057469e+01    5.0061057469e+01    1.0012211494e+02
    3.5754473621e+03    6.2391984003e+03   -9.8045556058e+04    1.8549337278e-01    1.4557486870e-01    6.1557873665e-02    5.0032824703e+01    5.0032824703e+01    1.0006564941e+02
    3.5898105453e+03    6.2642623267e+03   -9.8131868865e+04    4.1696559672e-01   -2.5837835086e-02    1.4769956094e-01    5.0004405032e+01    5.0004405032e+01    1.0000881006e+02
    3.6188333230e+03    6.3149074208e+03   -9.8080604943e+04    1.3703692883e-01    3.0739199036e-01    1.8405773921e-01    5.0010612347e+01    5.0010612347e+01    1.0002122469e+02
    3.5966730848e+03    6.2762375402e+03   -9.8035096330e+04    5.4866720106e-01    4.9677207718e-01    1.5493167927e-01    5.0013280462e+01    5.0013280462e+01    1.0002656092e+02
    3.6176712752e+03    6.3128796336e+03   -9.8080213233e+04    4.5192858684e-01    6.6230716693e-01    3.3456610002e-01    4.9998623537e+01    4.9998623537e+01    9.9997247073e+01
    3.6011360797e+03    6.2840255197e+03   -9.8003281415e+04    3.5633616279e-01    3.6562784959e-01    3.2664427159e-01    5.0014936857e+01    5.0014936857e+01    1.0002987371e+02
    3.5729838723e+03    6.2348995810e+03   -9.8161867574e+04   -3.5868658012e-02    1.0698727453e-01   -3.5021585470e-02    5.0008762549e+01    5.0008762549e+01    1.0001752510e+02
    3.5837741017e+03    6.2537286604e+03   -9.8097192980e+04    1.0033864242e-01    6.3950982668e-02    1.0699203347e-03    5.0022343107e+01    5.0022343107e+01    1.0004468621e+02
    3.6036093125e+03    6.2883413404e+03   -9.8127349925e+04    9.6161122315e-02    6.0812721537e-01    2.8399417486e-01    4.9999806667e+01    4.9999806667e+01    9.9999613334e+01
    3.5843293320e+03    6.2546975439e+03   -9.8078506604e+04    3.5866637675e-01    1.5870609252e-01    4.7137351343e-01    5.0008065529e+01    5.0008065529e+01    1.0001613106e+02
    3.5464429434e+03    6.1885853428e+03   -9.8051840829e+04    4.0500513757e-01    2.2626905834e-01    6.7525656197e-01    5.0005737464e+01    5.0005737464e+01    1.0001147493e+02
    3.5955146562e+03    6.2742160685e+03   -9.8096314924e+04    4.5318862373e-01    7.8305488517e-02    3.6694309551e-01    5.0004347166e+01    5.0004347166e+01    1.0000869433e+02
    3.5860193202e+03    6.2576465935e+03   -9.8033804079e+04    4.4988714389e-01    4.6467763348e-02    2.1077794821e-01    5.0021497990e+01    5.0021497990e+01    1.0004299598e+02
    3.6052916663e+03    6.2912770679e+03   -9.7961873004e+04   -2.1461258698e-02    2.8470191982e-01    1.7425352408e-01    5.0042779096e+01    5.0042779096e+01    1.0008555819e+02
    3.5740186296e+03    6.2367052449e+03   -9.7929198813e+04    2.0470469990e-01    9.0490969037e-02   -2.2563160920e-01    5.0058211119e+01    5.0058211119e+01    1.0011642224e+02
    3.5760825314e+03    6.2403067784e+03   -9.7932724034e+04   -3.8293103730e-02   -2.8151596108e-01   -3.5501810260e-01    5.0069580133e+01    5.0069580133e+01    1.0013916027e+02
    3.5704348730e+03    6.2304515468e+03   -9.7958185497e+04   -3.3958161833e-01   -3.3888795206e-01   -1.6645486207e-01    5.0065947722e+01    5.0065947722e+01    1.0013189544e+02
    3.6330997085e+03    6.3398024341e+03   -9.7968035510e+04   -5.1546737572e-01    1.9134649880e-02   -2.6415078749e-01    5.0074415476e+01    5.0074415476e+01    1.0014883095e+02
    3.6156091937e+03    6.3092812766e+03   -9.7989874904e+04   -5.3619003483e-02   -1.3714610138e-01   -1.5953112692e-01    5.0051508766e+01    5.0051508766e+01    1.0010301753e+02
    3.5878372901e+03    6.2608189728e+03   -9.7959191180e+04   -1.4393597776e-01    4.1245249731e-02    1.9568892374e-01    5.0057399415e+01    5.0057399415e+01    1.0011479883e+02
    3.5976982792e+03    6.2780265167e+03   -9.7984617853e+04   -2.9931963280e-01   -2.7735914220e-02   -1.0408621412e-01    5.0058927682e+01    5.0058927682e+01    1.0011785536e+02
    3.6099720994e+03    6.2994444796e+03   -9.7950421735e+04   -2.7533068740e-01   -2.5182070645e-01   -1.8341653582e-01    5.0072088744e+01    5.0072088744e+01    1.0014417749e+02
    3.6400223149e+03    6.3518824651e+03   -9.7985957895e+04   -4.1276857078e-01   -5.1407956685e-02   -5.1867117813e-01    5.0073073558e+01    5.0073073558e+01    1.0014614712e+02
    3.5846941948e+03    6.2553342338e+03   -9.7981006927e+04    1.3259560402e-01   -2.0088498782e-01   -1.5268804495e-01    5.0061844717e+01    5.0061844717e+01    1.0012368943e+02
    3.5874632063e+03    6.2601661921e+03   -9.7964850111e+04   -3.2981960357e-01   -1.8758164940e-01   -2.1371486774e-01    5.0066488450e+01    5.0066488450e+01    1.0013297690e+02
    3.5609496358e+03    6.2138996945e+03   -9.7919674809e+04   -4.4057400657e-01   -1.7357966119e-01    7.1193004677e-02    5.0073217607e+01    5.0073217607e+01    1.0014643521e+02
    3.6048705372e+03    6.2905421927e+03   -9.7878185057e+04   -3.0287096773e-01    1.3897231880e-02   -5.4506910516e-01    5.0085509920e+01    5.0085509920e+01    1.0017101984e+02
    3.5747959236e+03    6.2380616323e+03   -9.7910035167e+04   -2.3676718918e-01   -2.7971540442e-01   -1.6969966203e-01    5.0078486684e+01    5.0078486684e+01    1.0015697337e+02
    3.5930157250e+03    6.2698554037e+03   -9.7972996331e+04   -7.8048454200e-02   -2.4558065105e-01   -1.1852287184e-01    5.0056474198e+01    5.0056474198e+01    1.0011294840e+02
    3.6369568273e+03    6.3465331525e+03   -9.8025108363e+04    9.5993831761e-02   -7.9599189469e-02   -1.4847296584e-01    5.0045826974e+01    5.0045826974e+01    1.0009165395e+02
    3.6357649563e+03    6.3444533235e+03   -9.8078966339e+04   -4.1285697157e-01   -1.4509280875e-01   -2.3111394643e-01    5.0052009460e+01    5.0052009460e+01    1.0010401892e+02
    3.5845318753e+03    6.2550509845e+03   -9.8011224603e+04   -1.3733481661e-01    1.0698458873e-01    4.2924322485e-02    5.0046017007e+01    5.0046017007e+01    1.0009203401e+02
    3.6173165086e+03    6.3122605616e+03   -9.7952408232e+04   -2.3177983286e-01   -8.6186372172e-02   -2.0979797017e-01    5.0070795811e+01    5.0070795811e+01    1.0014159162e+02
    3.5672738053e+03    6.2249354460e+03   -9.7987258111e+04   -2.3124337628e-01   -2.2927504311e-01   -5.7288090915e-01    5.0076667387e+01    5.0076667387e+01    1.0015333477e+02
    3.6317995223e+03    6.3375335936e+03   -9.7883706572e+04   -2.8730236066e-01   -2.7329043184e-01   -5.1211219099e-02    5.0079269775e+01    5.0079269775e+01    1.0015853955e+02
    3.5944185854e+03    6.2723034117e+03   -9.7924230432e+04   -4.3825064414e-01   -5.3926816659e-01   -3.1953399036e-01    5.0095337663e+01    5.0095337663e+01    1.0019067533e+02
    3.6100189437e+03    6.2995262235e+03   -9.7976963461e+04   -6.0699212682e-01   -3.4759310538e-01   -3.9152176634e-01    5.0081859466e+01    5.0081859466e+01    1.0016371893e+02
    3.6099545578e+03    6.2994138695e+03   -9.7852140095e+04   -2.4608854677e-01    2.0590709667e-01   -1.1280473555e-01    5.0078814723e+01    5.0078814723e+01    1.0015762945e+02
    3.6186692907e+03    6.3146211826e+03   -9.7963350054e+04   -1.8688366261e-01    8.2447345799e-03   -2.3587846163e-02    5.0056897843e+01    5.0056897843e+01    1.0011379569e+02
    3.6185286124e+03    6.3143756972e+03   -9.7988857769e+04   -9.0848999224e-02   -3.9180807669e-02   -1.7895004284e-01    5.0053718641e+01    5.0053718641e+01    1.0010743728e+02
    3.6267647893e+03    6.3287479243e+03   -9.7891246590e+04   -2.3954406605e-01    1.0121177901e-01    5.3294286325e-02    5.0069778934e+01    5.0069778934e+01    1.0013955787e+02
    3.6153461062e+03    6.3088221858e+03   -9.7927080562e+04   -2.1757792226e-01   -2.2310502126e-01   -2.6651971134e-01    5.0079653222e+01    5.0079653222e+01    1.0015930644e+02
    3.6246666287e+03    6.3250866091e+03   -9.7941745036e+04   -5.3529172558e-01   -1.6986746373e-01   -3.8074774606e-01    5.0077156331e+01    5.0077156331e+01    1.0015431266e+02
    3.5861181154e+03    6.2578189925e+03   -9.7895155241e+04    1.1887965500e-01    1.2576234974e-01    3.4961243955e-02    5.0063286571e+01    5.0063286571e+01    1.0012657314e+02
    3.5678558108e+03    6.2259510526e+03   -9.7960523429e+04   -1.3628197173e-01   -2.6776465468e-01   -3.0944922245e-01    5.0071947311e+01    5.0071947311e+01    1.0014389462e+02
    3.5890119175e+03    6.2628687117e+03   -9.7864478875e+04   -5.1108599208e-02    1.2451219406e-01   -1.3234154495e-01    5.0069216912e+01    5.0069216912e+01    1.0013843382e+02
    3.5593041371e+03    6.2110282797e+03   -9.8026798190e+04   -2.4749855252e-01   -3.9666835447e-01   -4.0923800580e-01    5.0059849685e+01    5.0059849685e+01    1.0011969937e+02
    3.6084195853e+03    6.2967353240e+03   -9.8009528831e+04   -1.3732500910e-01   -3.0996084571e-01   -2.1017668294e-01    5.0054297074e+01    5.0054297074e+01    1.0010859415e+02
    3.5958980656e+03    6.2748851224e+03   -9.8051198847e+04    2.4438026298e-02    2.6083676627e-01    6.3352158928e-02    5.0032866334e+01    5.0032866334e+01    1.0006573267e+02
    3.6099774194e+03    6.2994537631e+03   -9.8035567578e+04    1.7659304362e-01    4.3325403319e-01    4.6508994005e-01    5.0015857192e+01    5.0015857192e+01    1.0003171438e+02
    3.6104676078e+03    6.3003091478e+03   -9.7973487070e+04    1.8484099074e-01    7.3028916947e-02    4.0514515028e-01    5.0030949144e+01    5.0030949144e+01    1.0006189829e+02
    3.5849274507e+03    6.2557412682e+03   -9.8050721794e+04    4.6057196142e-01    2.1618671228e-01    1.8638206592e-02    5.0012931336e+01    5.0012931336e+01    1.0002586267e+02
    3.5636738142e+03    6.2186534185e+03   -9.8097386985e+04    2.7449872837e-01    2.6804238725e-01    7.1658913373e-02    5.0017824867e+01    5.0017824867e+01    1.0003564973e+02
    3.5802266017e+03    6.2475382306e+03   -9.8015593073e+04    1.2666714953e-01    2.7071310033e-01    1.0726431514e-01    5.0026435733e+01    5.0026435733e+01    1.0005287147e+02
    3.5559153566e+03    6.2051148172e+03   -9.8023836946e+04   -1.0807861916e-01    7.9148177059e-02    5.4741943219e-02    5.0036922080e+01    5.0036922080e+01    1.0007384416e+02
    3.5785493245e+03    6.2446113617e+03   -9.7969444131e+04    6.3698792170e-02    1.8214373279e-01    3.8192810378e-01    5.0038552523e+01    5.0038552523e+01    1.0007710505e+02
    3.6002005385e+03    6.2823929890e+03   -9.7999312859e+04   -3.3009704739e-02   -9.5812018147e-03    1.3782423753e-01    5.0047603591e+01    5.0047603591e+01    1.0009520718e+02
    3.5882870583e+03    6.2616038236e+03   -9.8018518314e+04    7.3760728434e-02    2.4593939839e-01    2.9782676291e-01    5.0026183217e+01    5.0026183217e+01    1.0005236643e+02
    3.5938746713e+03    6.2713542752e+03   -9.8006227249e+04    1.8001307011e-01   -8.5672024308e-02    3.0032323293e-01    5.0032520620e+01    5.0032520620e+01    1.0006504124e+02
    3.6003307150e+03    6.2826201486e+03   -9.8064735247e+04    1.0496234881e-01    1.7991753901e-01    9.9308745180e-02    5.0025544191e+01    5.0025544191e+01    1.0005108838e+02
    3.5786176736e+03    6.2447306318e+03   -9.8083508413e+04    1.1009538053e-01    1.1694529599e-01    2.1749246714e-01    5.0016961811e+01    5.0016961811e+01    1.0003392362e+02
    3.6045315326e+03    6.2899506256e+03   -9.8100242325e+04   -7.1870074817e-02    1.1878622342e-01    3.9703183160e-02    5.0031200874e+01    5.0031200874e+01    1.0006240175e+02
    3.6239931175e+03    6.3239113239e+03   -9.7999139528e+04    4.7277656233e-01    1.6733388593e-01   -3.9396384327e-02    5.0034485453e+01    5.0034485453e+01    1.0006897091e+02
    3.6046254814e+03    6.2901145674e+03   -9.8050299701e+04   -6.0778713121e-02   -4.4275757601e-02   -4.3879049163e-02    5.0044854599e+01    5.0044854599e+01    1.0008970920e+02
    3.5809278236e+03    6.2487618712e+03   -9.7956463854e+04    1.0209029071e-01    1.0184946152e-02   -1.7278069847e-01    5.0054334040e+01    5.0054334040e+01    1.0010866808e+02
    3.5900691978e+03    6.2647136784e+03   -9.7942664005e+04   -1.4296442745e-01   -8.1339768077e-02   -2.4855093914e-01    5.0071113256e+01    5.0071113256e+01    1.0014222651e+02
    3.5861344708e+03    6.2578475328e+03   -9.8003142933e+04   -7.3522971586e-02   -1.6198371805e-02   -4.3378566094e-03    5.0046957132e+01    5.0046957132e+01    1.0009391426e+02
    3.5953412465e+03    6.2739134665e+03   -9.8021367298e+04    6.3497497394e-02    1.3823277675e-01    2.2003204538e-01    5.0029637368e+01    5.0029637368e+01    1.0005927474e+02
    3.5561149074e+03    6.2054630356e+03   -9.8040561565e+04    2.7471013655e-01    2.3186505357e-01    4.0709915098e-01    5.0016247200e+01    5.0016247200e+01    1.0003249440e+02
    3.6174991283e+03    6.3125792351e+03   -9.8052479013e+04    4.8443267972e-01    2.5999078175e-01    5.3442471738e-01    5.0005801659e+01    5.0005801659e+01    1.0001160332e+02
    3.6091633699e+03    6.2980332371e+03   -9.8108440123e+04    1.4053957226e-02    1.5601334879e-01    3.8810578908e-02    5.0020075664e+01    5.0020075664e+01    1.0004015133e+02
    3.5771017118e+03    6.2420852603e+03   -9.8036782349e+04    1.6987114746e-01    1.3772462904e-01    1.2172226738e-01    5.0026547193e+01    5.0026547193e+01    1.0005309439e+02
    3.5665191867e+03    6.2236186274e+03   -9.8006732306e+04    3.8901101137e-01    2.3690864148e-01    3.5452567207e-01    5.0023527688e+01    5.0023527688e+01    1.0004705538e+02
