    3.4322822423e+03    5.9893735543e+03   -1.0208728059e+05    1.1805621116e+00    1.3242747219e+00    7.5376113198e+00    4.9259637021e+01    4.9259637021e+01    9.8519274042e+01
    3.5747258392e+03    6.2379393342e+03   -1.0231418773e+05   -8.3332233228e-01   -8.3862728736e-01    1.8783154608e+00    4.9339976181e+01    4.9339976181e+01    9.8679952362e+01
    3.5376436816e+03    6.1732305258e+03   -1.0230551632e+05   -3.6602243758e-01   -2.9946104991e-01    2.5848477733e+00    4.9323758925e+01    4.9323758925e+01    9.8647517850e+01
    3.5475462637e+03    6.1905106500e+03   -1.0200771987e+05    1.7987048072e-01    8.7721924441e-02    4.1552555536e+00    4.9352187059e+01    4.9352187059e+01    9.8704374118e+01
    3.5717681211e+03    6.2327780807e+03   -1.0216214903e+05   -7.0954382406e-01   -7.9179877041e-01    3.8305675060e-01    4.9360776785e+01    4.9360776785e+01    9.8721553569e+01
    3.5115858087e+03    6.1277592260e+03   -1.0179484375e+05    6.4680750029e-01    4.2149887304e-01    4.5844491735e+00    4.9357184634e+01    4.9357184634e+01    9.8714369267e+01
    3.5836268977e+03    6.2534717877e+03   -1.0209677431e+05   -8.9526161709e-01   -5.1650141447e-01    8.2882530653e-01    4.9372553255e+01    4.9372553255e+01    9.8745106509e+01
    3.5599572846e+03    6.2121680298e+03   -1.0208897799e+05   -6.3573288161e-01   -4.3661998582e-01    1.8707597229e+00    4.9372510911e+01    4.9372510911e+01    9.8745021822e+01
    3.5885500945e+03    6.2620628250e+03   -1.0187109625e+05   -2.8799686702e-01   -3.1424317043e-01    2.5742817952e+00    4.9388471412e+01    4.9388471412e+01    9.8776942823e+01
    3.5529322993e+03    6.1999093464e+03   -1.0201997138e+05   -7.9585368126e-01   -6.8654823113e-01    7.7671128500e-01    4.9379026571e+01    4.9379026571e+01    9.8758053141e+01
    3.5010607273e+03    6.1093928331e+03   -1.0183042586e+05    6.9365728859e-02    9.3142969672e-02    2.9025634469e+00    4.9375534243e+01    4.9375534243e+01    9.8751068487e+01
    3.5693725492e+03    6.2285977792e+03   -1.0180022542e+05   -7.7706385618e-01   -7.8390085621e-01    7.8979482735e-01    4.9418895192e+01    4.9418895192e+01    9.8837790384e+01
    3.5210591922e+03    6.1442903935e+03   -1.0187232553e+05   -5.1103924102e-01   -7.2809335395e-01    1.4171279120e+00    4.9406861322e+01    4.9406861322e+01    9.8813722643e+01
    3.5483607533e+03    6.1919319440e+03   -1.0187771491e+05   -8.1108312973e-01   -7.9807669518e-01    1.2321359255e+00    4.9416145982e+01    4.9416145982e+01    9.8832291964e+01
    3.5693960292e+03    6.2286387520e+03   -1.0178403945e+05   -6.8191145044e-01   -3.5985296331e-01    7.1349797844e-01    4.9403809120e+01    4.9403809120e+01    9.8807618240e+01
    3.6017107157e+03    6.2850282664e+03   -1.0186398956e+05   -6.8830966248e-01   -6.7041651175e-01    1.4498904983e+00    4.9415063096e+01    4.9415063096e+01    9.8830126191e+01
    3.5458151202e+03    6.1874897838e+03   -1.0160791363e+05   -8.3795792979e-01   -8.2165129113e-01    7.4130053444e-01    4.9449837958e+01    4.9449837958e+01    9.8899675916e+01
    3.5056290382e+03    6.1173645903e+03   -1.0178233202e+05   -5.5118517926e-01   -4.5195749257e-01    1.4499262685e+00    4.9412258975e+01    4.9412258975e+01    9.8824517950e+01
    3.5678182576e+03    6.2258855216e+03   -1.0189018439e+05   -9.6027999432e-01   -9.4646059687e-01    9.2409859580e-01    4.9417046469e+01    4.9417046469e+01    9.8834092939e+01
    3.5633766446e+03    6.2181348539e+03   -1.0186418603e+05   -1.0309487112e+00   -8.5789729635e-01    6.0891589221e-01    4.9423460703e+01    4.9423460703e+01    9.8846921405e+01
    3.5049615751e+03    6.1161998591e+03   -1.0191150448e+05   -8.6673803902e-01   -9.4811813281e-01    1.0959634083e+00    4.9411986591e+01    4.9411986591e+01    9.8823973183e+01
    3.5642845068e+03    6.2197190843e+03   -1.0189392915e+05   -5.1131032610e-01   -4.8371390155e-01    7.7729633828e-01    4.9389190730e+01    4.9389190730e+01    9.8778381459e+01
    3.5649960554e+03    6.2209607450e+03   -1.0184115118e+05   -3.2611656015e-01   -3.7677135473e-01    1.4189639438e+00    4.9390391180e+01    4.9390391180e+01    9.8780782361e+01
    3.5533104723e+03    6.2005692630e+03   -1.0180649483e+05   -4.2886255731e-01   -4.6054620830e-01    1.1653312534e+00    4.9391999956e+01    4.9391999956e+01    9.8783999911e+01
    3.5927069640e+03    6.2693166120e+03   -1.0183793251e+05   -5.9697605478e-01   -5.7561479494e-01    8.7089022855e-01    4.9400092852e+01    4.9400092852e+01    9.8800185704e+01
    3.5463809597e+03    6.1884771805e+03   -1.0175369707e+05   -2.5186750982e-01   -5.9818132268e-01    1.1237868438e+00    4.9413838777e+01    4.9413838777e+01    9.8827677554e+01
    3.5345999185e+03    6.1679191227e+03   -1.0179542253e+05   -5.9846364623e-01   -3.3330490057e-01    8.1522370848e-01    4.9399894961e+01    4.9399894961e+01    9.8799789921e+01
    3.5372667894e+03    6.1725728444e+03   -1.0186992850e+05   -1.3490539488e-01   -2.1674017598e-01    1.2742193632e+00    4.9375351975e+01    4.9375351975e+01    9.8750703949e+01
    3.5566238783e+03    6.2063511960e+03   -1.0193979260e+05   -5.8710825707e-01   -5.4384722471e-01    1.2217401861e+00    4.9379243265e+01    4.9379243265e+01    9.8758486529e+01
    3.5400439870e+03    6.1774190874e+03   -1.0200203383e+05   -2.4322834832e-01   -2.7932731166e-01    1.1167987914e+00    4.9354086400e+01    4.9354086400e+01    9.8708172799e+01
    3.5325289098e+03    6.1643051879e+03   -1.0196157120e+05   -1.1490104638e-01   -2.3825830856e-01    1.6236989561e+00    4.9352267106e+01    4.9352267106e+01    9.8704534211e+01
    3.5225460555e+03    6.1468849876e+03   -1.0188515257e+05   -4.8646425634e-02    6.1116055437e-02    1.5483332246e+00    4.9351833559e+01    4.9351833559e+01    9.8703667117e+01
    3.5390231625e+03    6.1756377364e+03   -1.0180170967e+05   -1.2565317072e-01    1.5243757074e-01    1.4051149754e+00    4.9367496229e+01    4.9367496229e+01    9.8734992457e+01
    3.5458243025e+03    6.1875058070e+03   -1.0185403792e+05   -7.9965418838e-02   -1.5694168675e-01    1.1228324924e+00    4.9371251046e+01    4.9371251046e+01    9.8742502093e+01
    3.4877012201e+03    6.0860803332e+03   -1.0180571989e+05   -4.5499094481e-02   -1.1573412254e-01    1.0330407674e+00    4.9377271810e+01    4.9377271810e+01    9.8754543620e+01
    3.5009866475e+03    6.1092635629e+03   -1.0185768368e+05   -1.2133155232e-01   -3.5847494527e-01    9.5259121871e-01    4.9378802840e+01    4.9378802840e+01    9.8757605680e+01
    3.5958248370e+03    6.2747573377e+03   -1.0181951382e+05   -4.1806317725e-01   -2.8483929469e-01    8.6761602917e-01    4.9390708290e+01    4.9390708290e+01    9.8781416579e+01
    3.5279620414e+03    6.1563359479e+03   -1.0176227220e+05   -1.8210479647e-01   -1.4093449392e-01    1.3702253188e+00    4.9382100886e+01    4.9382100886e+01    9.8764201771e+01
    3.5455417315e+03    6.1870127173e+03   -1.0194100986e+05   -6.0303752596e-01   -3.8962993859e-01    7.0610300394e-01    4.9379138806e+01    4.9379138806e+01    9.8758277611e+01
    3.5474370598e+03    6.1903200879e+03   -1.0198488271e+05   -6.0618135558e-01   -6.7539406937e-01    6.0505864348e-01    4.9385525660e+01    4.9385525660e+01    9.8771051321e+01
    3.5694304111e+03    6.2286987489e+03   -1.0187508916e+05   -2.9784083294e-01   -1.7172302131e-01    9.7902843220e-01    4.9377585169e+01    4.9377585169e+01    9.8755170338e+01
    3.5749488043e+03    6.2383284110e+03   -1.0194644350e+05   -2.6968965981e-01   -2.8560456412e-01    7.8878384185e-01    4.9370255458e+01    4.9370255458e+01    9.8740510916e+01
    3.5627992575e+03    6.2171273065e+03   -1.0194330797e+05   -2.8482536005e-01   -3.7572856348e-01    1.0154679111e+00    4.9367658052e+01    4.9367658052e+01    9.8735316104e+01
    3.5706202960e+03    6.2307751123e+03   -1.0186296043e+05   -4.2970843887e-01   -3.7438881049e-01    1.1472536705e+00    4.9380474892e+01    4.9380474892e+01    9.8760949784e+01
    3.5758269927e+03    6.2398608602e+03   -1.0193563666e+05   -4.5203761544e-01   -2.8547455696e-01    9.5625007240e-01    4.9370513953e+01    4.9370513953e+01    9.8741027906e+01
    3.5613073676e+03    6.2145239408e+03   -1.0189569718e+05   -3.9101094013e-01   -4.3574598327e-01    8.3742606217e-01    4.9386480105e+01    4.9386480105e+01    9.8772960209e+01
    3.5622816874e+03    6.2162241405e+03   -1.0195178351e+05   -1.8539714831e-01   -4.4205052654e-01    1.1526329979e+00    4.9361330225e+01    4.9361330225e+01    9.8722660450e+01
    3.5732433794e+03    6.2353524241e+03   -1.0189039577e+05   -2.5691182312e-01   -3.3110613078e-01    1.0818530954e+00    4.9374865182e+01    4.9374865182e+01    9.8749730365e+01
    3.5442450297e+03    6.1847499571e+03   -1.0178687982e+05    6.5523402616e-02    2.8172964448e-01    1.2433309084e+00    4.9366398953e+01    4.9366398953e+01    9.8732797906e+01
    3.5111022823e+03    6.1269154666e+03   -1.0187575291e+05   -2.1915831574e-01   -2.7254339379e-01    1.2583882994e+00    4.9368528179e+01    4.9368528179e+01    9.8737056358e+01
    3.5215036599e+03    6.1450659949e+03   -1.0192406083e+05   -3.6048479812e-01   -2.7822899853e-01    8.0821781473e-01    4.9375958612e+01    4.9375958612e+01    9.8751917225e+01
    3.5976999328e+03    6.2780294022e+03   -1.0182120585e+05   -1.9596646891e-01   -4.2477105944e-01    9.0783159048e-01    4.9386045277e+01    4.9386045277e+01    9.8772090554e+01
    3.5475447046e+03    6.1905079294e+03   -1.0189310287e+05   -2.9594102566e-01   -7.3767804873e-02    1.0300411572e+00    4.9365508129e+01    4.9365508129e+01    9.8731016258e+01
    3.5229089358e+03    6.1475182182e+03   -1.0189035367e+05   -2.4750688188e-01   -3.1850597870e-01    1.0715977913e+00    4.9370334336e+01    4.9370334336e+01    9.8740668672e+01
    3.5353866568e+03    6.1692919906e+03   -1.0182662305e+05   -2.9959372277e-01   -3.7736418591e-01    9.8421402417e-01    4.9389938105e+01    4.9389938105e+01    9.8779876210e+01
    3.5515750226e+03    6.1975408823e+03   -1.0179575598e+05   -5.5020840105e-01   -4.7255357100e-01    7.6490183900e-01    4.9403346356e+01    4.9403346356e+01    9.8806692712e+01
    3.4988503303e+03    6.1055356638e+03   -1.0187868542e+05   -1.0542387306e+00   -9.2176449929e-01    4.5930060876e-01    4.9416967726e+01    4.9416967726e+01    9.8833935451e+01
    3.6057566247e+03    6.2920884260e+03   -1.0180544469e+05   -5.5711460488e-01   -4.8624014145e-01    7.9609712872e-01    4.9400297334e+01    4.9400297334e+01    9.8800594668e+01
    3.5348011503e+03    6.1682702746e+03   -1.0179644382e+05   -4.1533315779e-01   -3.4118557807e-01    7.2490170821e-01    4.9398422903e+01    4.9398422903e+01    9.8796845806e+01
    3.5665385627e+03    6.2236524389e+03   -1.0190245511e+05   -5.7549646946e-01   -6.2773139751e-01    7.2189658115e-01    4.9389124987e+01    4.9389124987e+01    9.8778249973e+01
    3.5358863617e+03    6.1701639816e+03   -1.0180963516e+05   -5.7568985901e-01   -3.7969458060e-01    9.0876405123e-01    4.9397637940e+01    4.9397637940e+01    9.8795275880e+01
    3.5112964336e+03    6.1272542629e+03   -1.0178477669e+05   -4.4325362260e-01   -2.4066463849e-01    7.3551524170e-01    4.9395770498e+01    4.9395770498e+01    9.8791540997e+01
    3.5239154890e+03    6.1492746655e+03   -1.0175794980e+05   -2.8787111133e-01   -2.6004676427e-01    8.7686450327e-01    4.9396178721e+01    4.9396178721e+01    9.8792357443e+01
    3.5770588791e+03    6.2420105167e+03   -1.0168297244e+05   -1.8338492232e-01   -3.5585683300e-01    9.5929287496e-01    4.9407358687e+01    4.9407358687e+01    9.8814717374e+01
    3.5164169277e+03    6.1361895864e+03   -1.0166490949e+05   -4.2630347570e-01   -1.7514630867e-01    7.0893223477e-01    4.9415206727e+01    4.9415206727e+01    9.8830413454e+01
    3.5640093337e+03    6.2192389039e+03   -1.0158552492e+05   -2.6097528166e-01   -1.5553135979e-01    1.0928478473e+00    4.9419043330e+01    4.9419043330e+01    9.8838086660e+01
    3.5366391120e+03    6.1714775398e+03   -1.0167383415e+05   -4.9984233773e-01   -4.7996400449e-01    9.1467185242e-01    4.9416782009e+01    4.9416782009e+01    9.8833564017e+01
    3.5173666194e+03    6.1378468097e+03   -1.0162399908e+05   -2.7493903970e-01   -1.6228045474e-01    8.7748841676e-01    4.9414867746e+01    4.9414867746e+01    9.8829735492e+01
    3.5589311079e+03    6.2103773392e+03   -1.0157748205e+05   -4.1012622181e-01   -3.8417124491e-01    9.6577374160e-01    4.9424873839e+01    4.9424873839e+01    9.8849747678e+01
    3.5383733686e+03    6.1745038382e+03   -1.0163662207e+05   -5.1531447173e-01   -4.0689610961e-01    7.1830526140e-01    4.9428698392e+01    4.9428698392e+01    9.8857396785e+01
    3.5367505145e+03    6.1716719385e+03   -1.0158116691e+05   -5.4554996721e-01   -3.1923953969e-01    8.4427840617e-01    4.9436222597e+01    4.9436222597e+01    9.8872445195e+01
    3.5951337796e+03    6.2735514342e+03   -1.0152901094e+05   -7.7935996769e-01   -4.7167063817e-01    7.7327781859e-01    4.9449140009e+01    4.9449140009e+01    9.8898280018e+01
    3.5639783823e+03    6.2191848935e+03   -1.0157154142e+05   -6.1107822452e-01   -4.9227559096e-01    3.2354476586e-01    4.9448376278e+01    4.9448376278e+01    9.8896752556e+01
    3.5266106251e+03    6.1539777103e+03   -1.0153186152e+05   -5.7155285707e-02   -3.3284840782e-01    1.2449381740e+00    4.9423523562e+01    4.9423523562e+01    9.8847047123e+01
    3.5457688350e+03    6.1874090155e+03   -1.0168384742e+05   -4.1200603855e-01   -4.7309284613e-01    9.5532048984e-01    4.9412758610e+01    4.9412758610e+01    9.8825517220e+01
    3.5337922955e+03    6.1665098110e+03   -1.0151592922e+05   -2.6751556259e-01   -2.4848154528e-01    7.2053945078e-01    4.9439884353e+01    4.9439884353e+01    9.8879768705e+01
    3.5456852750e+03    6.1872632025e+03   -1.0160172500e+05   -6.1115218876e-01   -6.8403635889e-01    4.5774668473e-01    4.9450784537e+01    4.9450784537e+01    9.8901569074e+01
    3.5519977782e+03    6.1982785961e+03   -1.0158372762e+05   -4.9635969854e-01   -5.2164391700e-01    8.6330555882e-01    4.9436891880e+01    4.9436891880e+01    9.8873783761e+01
    3.5234548816e+03    6.1484709001e+03   -1.0166054958e+05   -4.1414124548e-01   -5.9039903424e-01    6.9587053187e-01    4.9429443386e+01    4.9429443386e+01    9.8858886771e+01
    3.5322549593e+03    6.1638271410e+03   -1.0156652128e+05   -7.4060993195e-01   -7.5720031553e-01    4.2404505998e-01    4.9455527592e+01    4.9455527592e+01    9.8911055184e+01
    3.5328788948e+03    6.1649159159e+03   -1.0152544709e+05   -7.5733976448e-01   -5.8973114206e-01    8.5359926007e-01    4.9454993891e+01    4.9454993891e+01    9.8909987782e+01
    3.5472332804e+03    6.1899644904e+03   -1.0157228811e+05   -4.4462825399e-01   -5.2973273899e-01    4.1705030551e-01    4.9445648677e+01    4.9445648677e+01    9.8891297355e+01
    3.5140713178e+03    6.1320964690e+03   -1.0150188212e+05   -4.6504511150e-01   -4.9173788338e-01    8.0599706306e-01    4.9446305006e+01    4.9446305006e+01    9.8892610011e+01
    3.5451626568e+03    6.1863512274e+03   -1.0144769287e+05   -5.4085988586e-01   -3.2358925307e-01    1.0027208019e+00    4.9452710617e+01    4.9452710617e+01    9.8905421235e+01
    3.5313438582e+03    6.1622372586e+03   -1.0150118887e+05   -8.1246999485e-02   -2.3734619939e-01    9.4945689835e-01    4.9430616786e+01    4.9430616786e+01    9.8861233571e+01
    3.5707917350e+03    6.2310742754e+03   -1.0142709448e+05   -3.7389072463e-01   -1.9070782056e-01    1.0151152001e+00    4.9445983375e+01    4.9445983375e+01    9.8891966750e+01
    3.5596797071e+03    6.2116836538e+03   -1.0142052346e+05   -3.1103714735e-01   -3.2201830455e-01    8.8534862423e-01    4.9453342677e+01    4.9453342677e+01    9.8906685354e+01
    3.5784194642e+03    6.2443847541e+03   -1.0141819361e+05   -6.1437897009e-01   -7.1303680229e-01    6.6080170927e-01    4.9470706894e+01    4.9470706894e+01    9.8941413788e+01
    3.5431506203e+03    6.1828401996e+03   -1.0151199754e+05   -1.3857378218e-01   -3.7236059127e-01    9.2666484266e-01    4.9441200715e+01    4.9441200715e+01    9.8882401431e+01
    3.5262162692e+03    6.1532895545e+03   -1.0157470729e+05   -5.8929542997e-01   -4.0699937800e-01    5.9529202181e-01    4.9433585076e+01    4.9433585076e+01    9.8867170153e+01
    3.5588303848e+03    6.2102015763e+03   -1.0148291575e+05   -1.3852164775e-01   -2.3777695268e-01    8.2017922605e-01    4.9441794457e+01    4.9441794457e+01    9.8883588913e+01
    3.5384017349e+03    6.1745533378e+03   -1.0163336087e+05   -5.4828357908e-01   -6.7157159800e-01    4.1693985853e-01    4.9436369776e+01    4.9436369776e+01    9.8872739553e+01
    3.5835060850e+03    6.2532609680e+03   -1.0162106868e+05   -7.3202953465e-01   -5.4190319910e-01    8.5900695364e-01    4.9433208865e+01    4.9433208865e+01    9.8866417731e+01
    3.5120345868e+03    6.1285423491e+03   -1.0153536020e+05   -3.3475139850e-01   -2.5719198578e-01    1.1022536303e+00    4.9427299361e+01    4.9427299361e+01    9.8854598723e+01
    3.5502914090e+03    6.1953009613e+03   -1.0164827773e+05   -3.5972691898e-01   -3.8119922104e-01    8.7472818700e-01    4.9418357837e+01    4.9418357837e+01    9.8836715673e+01
    3.5615584577e+03    6.2149620960e+03   -1.0162566472e+05   -5.3031767835e-01   -6.1747272930e-01    5.5566249183e-01    4.9438685183e+01    4.9438685183e+01    9.8877370366e+01
    3.5135317349e+03    6.1311548904e+03   -1.0164601926e+05   -5.9293096903e-01   -6.9943508780e-01    4.6629715298e-01    4.9436160644e+01    4.9436160644e+01    9.8872321288e+01
    3.5838027222e+03    6.2537786036e+03   -1.0155982893e+05   -3.0119149290e-01   -4.2501112488e-01    7.9322936785e-01    4.9435671109e+01    4.9435671109e+01    9.8871342217e+01
    3.5604155313e+03    6.2129676758e+03   -1.0157440982e+05   -4.8728679605e-01   -3.5605577725e-01    6.9038752090e-01    4.9438042143e+01    4.9438042143e+01    9.8876084286e+01
    3.5263303237e+03    6.1534885810e+03   -1.0160587278e+05   -6.2525011490e-01   -8.8781284994e-01    5.1231763919e-01    4.9445876336e+01    4.9445876336e+01    9.8891752672e+01
    3.5622697919e+03    6.2162033827e+03   -1.0166347965e+05   -2.7705423515e-01   -2.5307450179e-01    9.7656036020e-01    4.9412217997e+01    4.9412217997e+01    9.8824435993e+01
    3.5755517440e+03    6.2393805479e+03   -1.0168367617e+05   -1.9110560353e-01   -2.6490187191e-01    1.0052488878e+00    4.9402419707e+01    4.9402419707e+01    9.8804839413e+01
    3.5182799009e+03    6.1394404969e+03   -1.0156263783e+05   -2.3753017357e-01    1.0309999507e-01    1.1533047121e+00    4.9412510548e+01    4.9412510548e+01    9.8825021097e+01
    3.5451747784e+03    6.1863723797e+03   -1.0164266139e+05   -2.8813060550e-01   -8.8337572105e-02    1.1230818635e+00    4.9408623546e+01    4.9408623546e+01    9.8817247093e+01
    3.5577534345e+03    6.2083222850e+03   -1.0152858532e+05   -2.1879063489e-01   -3.6128059316e-02    1.0937850889e+00    4.9419638100e+01    4.9419638100e+01    9.8839276200e+01
    3.5604254190e+03    6.2129849300e+03   -1.0150512644e+05   -4.4150365893e-01   -3.3443127191e-01    7.8583040144e-01    4.9447235082e+01    4.9447235082e+01    9.8894470164e+01
    3.5457258952e+03    6.1873340852e+03   -1.0160615619e+05   -5.7360759019e-01   -6.5893389755e-01    6.5745998129e-01    4.9436560951e+01    4.9436560951e+01    9.8873121903e+01
    3.5248017185e+03    6.1508211467e+03   -1.0163901594e+05   -3.8268416959e-01   -5.5719687571e-01    5.0512214640e-01    4.9430204370e+01    4.9430204370e+01    9.8860408739e+01
    3.5855397297e+03    6.2568097023e+03   -1.0158656904e+05    8.0495667661e-02   -1.5632535846e-01    1.0540386997e+00    4.9413614961e+01    4.9413614961e+01    9.8827229921e+01
    3.5148020437e+03    6.1333715945e+03   -1.0171169706e+05   -5.1303901509e-02   -3.4811679777e-01    8.6297877345e-01    4.9396507422e+01    4.9396507422e+01    9.8793014844e+01
    3.5572884380e+03    6.2075108607e+03   -1.0166250434e+05   -4.6145757347e-01   -5.7025204705e-01    7.7402780992e-01    4.9429508197e+01    4.9429508197e+01    9.8859016393e+01
    3.5291462573e+03    6.1584024187e+03   -1.0180927836e+05   -5.8312175927e-01   -3.9765458283e-01    7.3317579099e-01    4.9402534703e+01    4.9402534703e+01    9.8805069405e+01
    3.5220324522e+03    6.1459887438e+03   -1.0178538442e+05   -5.5067734525e-01   -3.9749359448e-01    8.7049999355e-01    4.9400900955e+01    4.9400900955e+01    9.8801801910e+01
    3.5849068478e+03    6.2557053160e+03   -1.0172477106e+05   -4.6582480706e-01   -5.6257213293e-01    8.9136673199e-01    4.9415632600e+01    4.9415632600e+01    9.8831265200e+01
    3.5661902834e+03    6.2230446873e+03   -1.0162132647e+05   -5.2002390106e-01   -5.7352466130e-01    5.8852779438e-01    4.9431190078e+01    4.9431190078e+01    9.8862380155e+01
    3.5172201783e+03    6.1375912682e+03   -1.0144042925e+05   -9.8743702396e-02   -1.3166361104e-01    1.3836212734e+00    4.9430988724e+01    4.9430988724e+01    9.8861977448e+01
    3.5512087968e+03    6.1969018141e+03   -1.0156932889e+05   -3.3029686546e-01   -5.6213529098e-01    6.4752786847e-01    4.9441228660e+01    4.9441228660e+01    9.8882457321e+01
    3.5788154763e+03    6.2450757999e+03   -1.0152668208e+05   -5.6297478494e-01   -2.4594686507e-01    1.0856641675e+00    4.9433177050e+01    4.9433177050e+01    9.8866354101e+01
    3.5833096439e+03    6.2529181760e+03   -1.0142660599e+05   -6.3401444626e-01   -4.2167036624e-01    6.4034443729e-01    4.9471025030e+01    4.9471025030e+01    9.8942050060e+01
    3.5662007910e+03    6.2230630231e+03   -1.0146311672e+05   -1.0995880037e+00   -9.0078914986e-01    2.9309580273e-01    4.9484918235e+01    4.9484918235e+01    9.8969836471e+01
    3.5695948646e+03    6.2289857222e+03   -1.0136506303e+05   -4.3111227302e-01   -4.3161579811e-01    6.5358746893e-01    4.9470824129e+01    4.9470824129e+01    9.8941648258e+01
    3.5377827513e+03    6.1734732041e+03   -1.0146183523e+05   -6.9763244138e-01   -8.7064249973e-01    7.0449658965e-01    4.9471774074e+01    4.9471774074e+01    9.8943548149e+01
    3.5434915048e+03    6.1834350472e+03   -1.0138105356e+05   -7.9163160369e-01   -6.3830675318e-01    2.7343668138e-01    4.9488408749e+01    4.9488408749e+01    9.8976817498e+01
    3.5343803634e+03    6.1675359965e+03   -1.0138355630e+05   -4.4307611836e-01   -5.6796818403e-01    2.9956914951e-01    4.9479550395e+01    4.9479550395e+01    9.8959100789e+01
    3.5322622942e+03    6.1638399404e+03   -1.0140466665e+05   -6.1303244290e-01   -5.2107793805e-01    8.7992567954e-01    4.9463569000e+01    4.9463569000e+01    9.8927138001e+01
    3.5349391406e+03    6.1685110694e+03   -1.0153689906e+05   -4.7618149193e-01   -4.1768029404e-01    8.3131292621e-01    4.9440894360e+01    4.9440894360e+01    9.8881788720e+01
    3.5511254038e+03    6.1967562922e+03   -1.0141494697e+05   -1.2466048118e-01   -2.3568762761e-01    1.1275585171e+00    4.9445384904e+01    4.9445384904e+01    9.8890769808e+01
    3.5450276762e+03    6.1861156846e+03   -1.0144096184e+05   -4.4865402731e-01   -3.6859837481e-01    7.2081254990e-01    4.9457746804e+01    4.9457746804e+01    9.8915493608e+01
    3.5646067864e+03    6.2202814661e+03   -1.0145782549e+05   -5.4379374381e-01   -3.9068663142e-01    8.7579179513e-01    4.9452516348e+01    4.9452516348e+01    9.8905032696e+01
    3.5249139531e+03    6.1510169973e+03   -1.0148096873e+05   -3.5589394900e-01   -4.2818749871e-01    8.5633146517e-01    4.9445471135e+01    4.9445471135e+01    9.8890942270e+01
    3.5381419981e+03    6.1741000939e+03   -1.0150809524e+05   -4.5081452742e-01   -5.1522437309e-01    6.0870863167e-01    4.9451145650e+01    4.9451145650e+01    9.8902291299e+01
    3.5329532846e+03    6.1650457270e+03   -1.0134080059e+05   -3.3710396180e-01   -5.3863432435e-02    1.0979808890e+00    4.9459131467e+01    4.9459131467e+01    9.8918262935e+01
    3.5403590087e+03    6.1779688040e+03   -1.0154254298e+05   -5.6995790825e-01   -5.0066116352e-01    7.6911701500e-01    4.9447098002e+01    4.9447098002e+01    9.8894196003e+01
    3.5860192675e+03    6.2576465017e+03   -1.0139870072e+05   -4.9314076084e-01   -4.3877316886e-01    8.6689883638e-01    4.9466823297e+01    4.9466823297e+01    9.8933646594e+01
    3.5493304037e+03    6.1936239955e+03   -1.0127156234e+05   -3.8441578844e-01   -5.5365533481e-01    4.3078845173e-01    4.9494575108e+01    4.9494575108e+01    9.8989150215e+01
    3.5360980513e+03    6.1705333824e+03   -1.0127412876e+05   -6.3156312750e-01   -6.5022582071e-01    5.3017697187e-01    4.9502356151e+01    4.9502356151e+01    9.9004712302e+01
    3.5744535332e+03    6.2374641570e+03   -1.0115232185e+05   -8.3845545183e-01   -6.9729314428e-01    4.9983528422e-01    4.9526611962e+01    4.9526611962e+01    9.9053223923e+01
    3.5517730716e+03    6.1978864802e+03   -1.0124516275e+05   -5.1154776039e-01   -6.8843459735e-01    6.4540506521e-01    4.9499014085e+01    4.9499014085e+01    9.8998028171e+01
    3.5275551604e+03    6.1556259357e+03   -1.0129818550e+05   -4.9359369536e-01   -4.0649431611e-01    5.2258140971e-01    4.9486366560e+01    4.9486366560e+01    9.8972733121e+01
    3.5200438295e+03    6.1425185735e+03   -1.0134764795e+05   -6.1069991294e-01   -6.0306542100e-01    7.8545688584e-01    4.9481697976e+01    4.9481697976e+01    9.8963395953e+01
    3.5102656099e+03    6.1254554632e+03   -1.0119706747e+05   -3.8693257971e-01   -5.7593840087e-02    1.0126170555e+00    4.9486864552e+01    4.9486864552e+01    9.8973729105e+01
    3.5513016365e+03    6.1970638204e+03   -1.0131528700e+05   -7.0912583000e-01   -6.0357078307e-01    1.0227689689e+00    4.9485773707e+01    4.9485773707e+01    9.8971547415e+01
    3.5270159195e+03    6.1546849538e+03   -1.0120036150e+05    1.5972716934e-01   -1.1615378243e-01    1.2198059573e+00    4.9465514508e+01    4.9465514508e+01    9.8931029016e+01
    3.5968505967e+03    6.2765473005e+03   -1.0126711789e+05   -3.2761602856e-01   -6.2870156837e-01    6.5363537712e-01    4.9484870124e+01    4.9484870124e+01    9.8969740248e+01
    3.5287674108e+03    6.1577413271e+03   -1.0123511155e+05   -3.2715591630e-01   -3.9043107885e-01    6.9345465633e-01    4.9490347164e+01    4.9490347164e+01    9.8980694329e+01
    3.4930859452e+03    6.0954767430e+03   -1.0127160341e+05   -6.4023765251e-01   -7.2900455826e-01    5.6253696581e-01    4.9499236529e+01    4.9499236529e+01    9.8998473058e+01
    3.5640897855e+03    6.2193792932e+03   -1.0128188508e+05   -5.8593427716e-01   -5.2731558975e-01    7.9391235924e-01    4.9486929119e+01    4.9486929119e+01    9.8973858238e+01
    3.5900506688e+03    6.2646813450e+03   -1.0126588038e+05   -2.6134721585e-01   -5.3345506951e-01    8.9506448405e-01    4.9483631197e+01    4.9483631197e+01    9.8967262395e+01
    3.5422373219e+03    6.1812464831e+03   -1.0118996530e+05   -2.6642468784e-01   -4.1071994797e-01    9.8485899709e-01    4.9492640202e+01    4.9492640202e+01    9.8985280405e+01
    3.5472867488e+03    6.1900577934e+03   -1.0121470313e+05   -2.7842361789e-01    3.3081077046e-02    1.0773685920e+00    4.9472392603e+01    4.9472392603e+01    9.8944785206e+01
    3.5796038052e+03    6.2464514432e+03   -1.0113801698e+05   -5.7056087511e-01   -7.7270692651e-01    7.6086383380e-01    4.9517210358e+01    4.9517210358e+01    9.9034420716e+01
    3.5397197761e+03    6.1768533355e+03   -1.0102904994e+05   -4.8419314611e-01   -2.4644599983e-01    7.4483808026e-01    4.9523373602e+01    4.9523373602e+01    9.9046747203e+01
    3.5505639339e+03    6.1957765206e+03   -1.0112829987e+05   -2.2592815166e-01   -2.9876650991e-01    8.7311381253e-01    4.9498056689e+01    4.9498056689e+01    9.8996113377e+01
    3.5329835464e+03    6.1650985341e+03   -1.0128596782e+05   -3.8895808496e-01   -3.5537764850e-01    6.2531522873e-01    4.9482502867e+01    4.9482502867e+01    9.8965005735e+01
    3.5768093531e+03    6.2415750909e+03   -1.0117592441e+05   -2.2499094142e-01   -3.1786687222e-01    7.1252564089e-01    4.9496046133e+01    4.9496046133e+01    9.8992092266e+01
    3.5875340348e+03    6.2602897886e+03   -1.0117236888e+05   -3.8712186532e-01   -4.5708627376e-01    9.8740016029e-01    4.9496576276e+01    4.9496576276e+01    9.8993152552e+01
    3.5573274491e+03    6.2075789355e+03   -1.0105365380e+05   -4.6247873947e-01   -3.9289866477e-01    6.4579226962e-01    4.9522415809e+01    4.9522415809e+01    9.9044831618e+01
    3.5275458636e+03    6.1556097127e+03   -1.0101588162e+05   -3.3353271063e-01   -3.7356617290e-01    7.2722277963e-01    4.9530061397e+01    4.9530061397e+01    9.9060122793e+01
    3.5732736433e+03    6.2354052350e+03   -1.0117423594e+05   -9.5861858003e-01   -8.3923260840e-01    1.8992671664e-01    4.9532482642e+01    4.9532482642e+01    9.9064965284e+01
    3.5613885099e+03    6.2146655350e+03   -1.0120875278e+05   -7.0026937904e-01   -8.8103036332e-01    2.6796359840e-01    4.9520972961e+01    4.9520972961e+01    9.9041945923e+01
    3.5842401262e+03    6.2545418787e+03   -1.0097914086e+05   -5.8586631735e-01   -6.4577353528e-01    5.6811801584e-01    4.9542682425e+01    4.9542682425e+01    9.9085364851e+01
    3.5500742003e+03    6.1949219295e+03   -1.0103482310e+05   -3.9858943110e-01   -7.2839001176e-01    8.5886064754e-01    4.9524696227e+01    4.9524696227e+01    9.9049392455e+01
    3.5624990293e+03    6.2166034047e+03   -1.0107845458e+05   -5.8951285248e-01   -6.2673634598e-01    5.9477766115e-01    4.9524113932e+01    4.9524113932e+01    9.9048227864e+01
    3.5460199554e+03    6.1878472237e+03   -1.0107268477e+05   -6.9565050273e-01   -7.2289355906e-01    4.8362025233e-01    4.9532717213e+01    4.9532717213e+01    9.9065434426e+01
    3.5169593334e+03    6.1371360908e+03   -1.0102841491e+05   -4.8181500266e-01   -4.9932113349e-01    7.2053720139e-01    4.9526647389e+01    4.9526647389e+01    9.9053294778e+01
    3.5480340318e+03    6.1913618111e+03   -1.0101114386e+05   -6.9513699493e-01   -6.7705412078e-01    6.1895694284e-01    4.9544587059e+01    4.9544587059e+01    9.9089174118e+01
    3.4781343064e+03    6.0693859545e+03   -1.0109160569e+05   -6.4060890800e-01   -4.1766035590e-01    6.3046045403e-01    4.9518494939e+01    4.9518494939e+01    9.9036989879e+01
    3.5110181620e+03    6.1267686758e+03   -1.0111749145e+05   -1.1760010021e-01   -2.3978299007e-01    9.8481119555e-01    4.9498387757e+01    4.9498387757e+01    9.8996775514e+01
    3.5487498818e+03    6.1926109779e+03   -1.0111387601e+05   -1.6015100768e-01   -3.5990580864e-01    9.1147952214e-01    4.9496356590e+01    4.9496356590e+01    9.8992713180e+01
    3.5415776217e+03    6.1800952982e+03   -1.0103215924e+05   -3.6957971566e-01   -5.3243208733e-02    1.3358074941e+00    4.9507324402e+01    4.9507324402e+01    9.9014648804e+01
    3.5939868468e+03    6.2715500228e+03   -1.0092020296e+05   -1.9419078574e-01   -1.9350869590e-01    8.4015722841e-01    4.9534793260e+01    4.9534793260e+01    9.9069586519e+01
    3.5793081086e+03    6.2459354491e+03   -1.0089094155e+05   -2.9272424369e-01   -2.9809883480e-01    8.2808910923e-01    4.9537297491e+01    4.9537297491e+01    9.9074594982e+01
    3.5678808113e+03    6.2259946786e+03   -1.0100411594e+05   -3.7325672549e-01   -2.1111911882e-01    8.1664970671e-01    4.9528061542e+01    4.9528061542e+01    9.9056123084e+01
    3.5576011189e+03    6.2080564924e+03   -1.0095665181e+05   -2.3849311556e-01   -6.4618451108e-01    7.7158300721e-01    4.9541247958e+01    4.9541247958e+01    9.9082495916e+01
    3.5128440000e+03    6.1299547848e+03   -1.0110365376e+05   -4.1537891653e-01   -4.3260899010e-01    8.9803049460e-01    4.9514460265e+01    4.9514460265e+01    9.9028920529e+01
    3.5412738650e+03    6.1795652392e+03   -1.0103164729e+05   -2.9594371493e-01   -3.9753497947e-01    8.9862432109e-01    4.9519021769e+01    4.9519021769e+01    9.9038043537e+01
    3.5665381286e+03    6.2236516813e+03   -1.0110302961e+05   -9.0663018858e-01   -7.1970849824e-01    5.9541585688e-01    4.9527511775e+01    4.9527511775e+01    9.9055023550e+01
    3.5060695787e+03    6.1181333387e+03   -1.0109091277e+05   -3.9056519459e-01   -2.6697069048e-01    9.8037244462e-01    4.9505665594e+01    4.9505665594e+01    9.9011331188e+01
    3.5177129664e+03    6.1384511895e+03   -1.0103746343e+05   -2.5128449339e-02    9.7899606361e-02    1.1404065905e+00    4.9498266664e+01    4.9498266664e+01    9.8996533327e+01
    3.5724677271e+03    6.2339989016e+03   -1.0101299184e+05   -4.0940025495e-01   -3.5519051055e-01    8.4472219062e-01    4.9522250529e+01    4.9522250529e+01    9.9044501059e+01
    3.5368328458e+03    6.1718156076e+03   -1.0094700689e+05   -1.8530996685e-01   -1.2302033906e-01    1.1361904252e+00    4.9516656227e+01    4.9516656227e+01    9.9033312453e+01
    3.5033707440e+03    6.1134238398e+03   -1.0113738456e+05   -2.4943829529e-01    2.3786114327e-02    9.7351739137e-01    4.9489175964e+01    4.9489175964e+01    9.8978351928e+01
    3.5098801785e+03    6.1247828809e+03   -1.0106262525e+05    3.8494456331e-02   -1.4939234424e-01    1.2018095474e+00    4.9493252952e+01    4.9493252952e+01    9.8986505904e+01
    3.5501271771e+03    6.1950143748e+03   -1.0114303521e+05   -2.8819201384e-01   -3.6314734396e-01    8.0659474239e-01    4.9497784358e+01    4.9497784358e+01    9.8995568717e+01
    3.5213200375e+03    6.1447455716e+03   -1.0109687798e+05   -2.6196942008e-01   -3.4786545200e-01    7.9923775625e-01    4.9506228406e+01    4.9506228406e+01    9.9012456812e+01
    3.5347975005e+03    6.1682639058e+03   -1.0092553319e+05   -4.6167228404e-02   -3.3018785730e-01    1.0496986280e+00    4.9523569396e+01    4.9523569396e+01    9.9047138792e+01
    3.5430880281e+03    6.1827309755e+03   -1.0108168451e+05   -2.3995911653e-01   -4.9829011159e-01    6.6801398446e-01    4.9519863274e+01    4.9519863274e+01    9.9039726547e+01
    3.5759710206e+03    6.2401121905e+03   -1.0097557313e+05   -3.4248958235e-02    7.4939865227e-02    7.6603008871e-01    4.9516411353e+01    4.9516411353e+01    9.9032822705e+01
    3.5724715885e+03    6.2340056397e+03   -1.0098484950e+05   -3.8011729124e-01    6.5430471676e-03    7.8946678266e-01    4.9519911149e+01    4.9519911149e+01    9.9039822299e+01
    3.5687557923e+03    6.2275215310e+03   -1.0101562967e+05   -3.3235209887e-01    4.6171028952e-03    9.0155545954e-01    4.9511739655e+01    4.9511739655e+01    9.9023479309e+01
    3.5943917061e+03    6.2722565071e+03   -1.0108613966e+05   -3.1746322652e-01   -3.7471678858e-01    8.0096382217e-01    4.9508233542e+01    4.9508233542e+01    9.9016467084e+01
    3.5008897720e+03    6.1090945140e+03   -1.0101400401e+05   -3.3200776391e-01    6.4269354866e-03    1.1787155588e+00    4.9512476967e+01    4.9512476967e+01    9.9024953935e+01
    3.5756015046e+03    6.2394673807e+03   -1.0101604843e+05   -7.2634479796e-01   -5.5203498805e-01    6.9343816652e-01    4.9538933250e+01    4.9538933250e+01    9.9077866500e+01
    3.5343358911e+03    6.1674583917e+03   -1.0092847611e+05   -2.9980536174e-01   -5.7065068565e-01    5.4173797292e-01    4.9546101840e+01    4.9546101840e+01    9.9092203681e+01
    3.5798703947e+03    6.2469166450e+03   -1.0100100940e+05   -2.4900360503e-01   -5.6253858338e-01    7.3387732803e-01    4.9526411128e+01    4.9526411128e+01    9.9052822256e+01
    3.5877574216e+03    6.2606796013e+03   -1.0085537428e+05   -1.8623351805e-01   -3.1029244019e-01    8.1816460322e-01    4.9544573654e+01    4.9544573654e+01    9.9089147309e+01
    3.5138720078e+03    6.1317486707e+03   -1.0086910868e+05   -2.1759008790e-01   -2.2980032452e-01    9.0888302855e-01    4.9539075253e+01    4.9539075253e+01    9.9078150506e+01
    3.5586763834e+03    6.2099328418e+03   -1.0080124490e+05   -1.6329023542e-01   -2.2952158605e-01    1.0767198804e+00    4.9546878725e+01    4.9546878725e+01    9.9093757450e+01
    3.5884433730e+03    6.2618765947e+03   -1.0091521805e+05   -2.6291598727e-01   -2.9148027199e-01    1.2258460053e+00    4.9532208237e+01    4.9532208237e+01    9.9064416475e+01
    3.5506120626e+03    6.1958605057e+03   -1.0085821521e+05   -7.6100164356e-02   -1.0493940314e-01    1.2154053677e+00    4.9531828419e+01    4.9531828419e+01    9.9063656839e+01
    3.5496148597e+03    6.1941203747e+03   -1.0091178789e+05   -3.7680112710e-01   -4.0229561136e-01    8.0962580995e-01    4.9540710860e+01    4.9540710860e+01    9.9081421721e+01
    3.5385627483e+03    6.1748343082e+03   -1.0078141696e+05   -2.1482669806e-01   -1.8818274394e-01    6.8210747748e-01    4.9559630529e+01    4.9559630529e+01    9.9119261059e+01
    3.5412314906e+03    6.1794912954e+03   -1.0081443099e+05   -2.6932521243e-01   -3.4882989816e-01    6.7123143609e-01    4.9557323377e+01    4.9557323377e+01    9.9114646754e+01
    3.5798050519e+03    6.2468026211e+03   -1.0072081346e+05   -2.1961394898e-01   -2.5497183673e-01    7.9690322161e-01    4.9568123328e+01    4.9568123328e+01    9.9136246656e+01
    3.6141208674e+03    6.3066841295e+03   -1.0071692867e+05   -4.5178766344e-01   -4.1745898465e-01    6.7820967943e-01    4.9578512479e+01    4.9578512479e+01    9.9157024958e+01
    3.5248497778e+03    6.1509050106e+03   -1.0082844334e+05   -2.8237445800e-01   -4.8200895803e-01    6.5131028516e-01    4.9558492503e+01    4.9558492503e+01    9.9116985006e+01
    3.5342047085e+03    6.1672294765e+03   -1.0060045823e+05   -4.2990360822e-01   -3.8179295871e-01    6.9600141822e-01    4.9593709150e+01    4.9593709150e+01    9.9187418299e+01
    3.5574799437e+03    6.2078450403e+03   -1.0067835624e+05   -2.6744863728e-01   -2.6469991272e-01    7.5789097884e-01    4.9580672956e+01    4.9580672956e+01    9.9161345911e+01
    3.5906151510e+03    6.2656663733e+03   -1.0069026490e+05   -7.6985512716e-01   -5.2326724604e-01    4.3265636695e-01    4.9594639187e+01    4.9594639187e+01    9.9189278375e+01
    3.5376792806e+03    6.1732926465e+03   -1.0059961515e+05   -6.0312982681e-02   -1.7687474572e-02    8.3065393656e-01    4.9578118827e+01    4.9578118827e+01    9.9156237653e+01
    3.5395726474e+03    6.1765965942e+03   -1.0068651791e+05   -1.5036867036e-01   -1.3700946112e-02    8.9264403331e-01    4.9567517713e+01    4.9567517713e+01    9.9135035427e+01
    3.5545287406e+03    6.2026951557e+03   -1.0066215864e+05   -1.1033088918e-01   -1.0649572746e-01    9.0714791525e-01    4.9568238545e+01    4.9568238545e+01    9.9136477089e+01
    3.5922647721e+03    6.2685449819e+03   -1.0070578476e+05   -5.6867389561e-01   -4.6922294884e-01    4.8827981826e-01    4.9590980393e+01    4.9590980393e+01    9.9181960786e+01
    3.5397155695e+03    6.1768459950e+03   -1.0059373723e+05   -5.3243516880e-01   -6.4469769906e-01    5.6339324601e-01    4.9607825836e+01    4.9607825836e+01    9.9215651671e+01
    3.5295636711e+03    6.1591308108e+03   -1.0056238974e+05   -3.5487361574e-01   -1.0945014697e-01    6.0840369782e-01    4.9594583453e+01    4.9594583453e+01    9.9189166906e+01
    3.5326269953e+03    6.1644763482e+03   -1.0053710895e+05   -4.2937390029e-01   -3.0812090581e-01    4.7772044875e-01    4.9604399630e+01    4.9604399630e+01    9.9208799260e+01
    3.5714956054e+03    6.2323025375e+03   -1.0056825244e+05   -5.3904061191e-01   -5.3965969900e-01    4.4617112413e-01    4.9614975370e+01    4.9614975370e+01    9.9229950740e+01
    3.5320384283e+03    6.1634492918e+03   -1.0048335634e+05   -6.2886081688e-01   -6.0558143799e-01    4.3016220604e-01    4.9635645213e+01    4.9635645213e+01    9.9271290425e+01
    3.5441855163e+03    6.1846461056e+03   -1.0044044947e+05   -6.8996238279e-01   -6.4644889742e-01    5.2848368353e-01    4.9637174263e+01    4.9637174263e+01    9.9274348526e+01
    3.5413708756e+03    6.1797345239e+03   -1.0053253973e+05   -5.5012728902e-01   -2.8936802943e-01    5.9195509701e-01    4.9615496520e+01    4.9615496520e+01    9.9230993039e+01
    3.5416354727e+03    6.1801962490e+03   -1.0049759518e+05   -4.8249715105e-01   -5.2889952268e-01    6.4194860793e-01    4.9623515500e+01    4.9623515500e+01    9.9247031000e+01
    3.5271564069e+03    6.1549301060e+03   -1.0049568183e+05   -5.9656995859e-01   -4.9368737432e-01    4.6733835073e-01    4.9628607360e+01    4.9628607360e+01    9.9257214721e+01
    3.5232598071e+03    6.1481304928e+03   -1.0054859613e+05   -4.1563970446e-01   -2.6942148721e-01    5.7281322236e-01    4.9603304615e+01    4.9603304615e+01    9.9206609229e+01
    3.5619923176e+03    6.2157191868e+03   -1.0051566681e+05   -7.4590549057e-01   -6.9416973919e-01    4.1457941630e-01    4.9625658173e+01    4.9625658173e+01    9.9251316346e+01
    3.5567605929e+03    6.2065897645e+03   -1.0038009240e+05   -3.2262901681e-01   -4.6043417457e-01    6.7904042344e-01    4.9634863122e+01    4.9634863122e+01    9.9269726244e+01
    3.5097984888e+03    6.1246403314e+03   -1.0042999259e+05   -4.2678282826e-01   -2.7509282667e-01    3.9278228291e-01    4.9626630705e+01    4.9626630705e+01    9.9253261410e+01
    3.6054671184e+03    6.2915832340e+03   -1.0043275256e+05   -4.0353505032e-01   -5.0717405466e-01    2.1982269089e-01    4.9638521447e+01    4.9638521447e+01    9.9277042894e+01
    3.5364261037e+03    6.1711058378e+03   -1.0038356284e+05   -4.0030375482e-01   -3.5293113124e-01    8.4558423479e-01    4.9629112600e+01    4.9629112600e+01    9.9258225200e+01
    3.5639614600e+03    6.2191553637e+03   -1.0038904213e+05   -2.7463350267e-01   -4.1420420449e-01    6.6505530452e-01    4.9627499501e+01    4.9627499501e+01    9.9254999002e+01
    3.5787617681e+03    6.2449820783e+03   -1.0042849539e+05   -3.8386102023e-01   -4.5245015446e-01    5.0839775723e-01    4.9629337985e+01    4.9629337985e+01    9.9258675970e+01
    3.5394906351e+03    6.1764534818e+03   -1.0040554611e+05   -4.3561332763e-01   -2.9757626960e-01    6.0843631779e-01    4.9631396635e+01    4.9631396635e+01    9.9262793270e+01
    3.5697288023e+03    6.2292194451e+03   -1.0046881157e+05   -1.9653485433e-01   -5.4011685161e-01    8.5024966072e-01    4.9613214238e+01    4.9613214238e+01    9.9226428476e+01
    3.5386330577e+03    6.1749569988e+03   -1.0040567237e+05   -1.5002418116e-01   -5.1016625084e-01    8.2754817617e-01    4.9626157324e+01    4.9626157324e+01    9.9252314647e+01
    3.5790136509e+03    6.2454216168e+03   -1.0036015699e+05   -5.8771865173e-01   -5.8763096388e-01    7.3969219017e-01    4.9644645095e+01    4.9644645095e+01    9.9289290190e+01
    3.5688608395e+03    6.2277048396e+03   -1.0032605543e+05   -2.6659063817e-01   -2.6685522689e-01    8.4170535712e-01    4.9644879919e+01    4.9644879919e+01    9.9289759837e+01
    3.5726786103e+03    6.2343668953e+03   -1.0032199915e+05   -7.0482156990e-01   -7.3580486133e-01    3.8727588331e-01    4.9664613692e+01    4.9664613692e+01    9.9329227384e+01
    3.5621938990e+03    6.2160709487e+03   -1.0018899187e+05   -5.9430508284e-01   -5.4000123749e-01    5.2724527984e-01    4.9681419223e+01    4.9681419223e+01    9.9362838445e+01
    3.5932529525e+03    6.2702693684e+03   -1.0027393197e+05   -5.3497680054e-01   -5.5797579401e-01    3.1162678734e-01    4.9663693289e+01    4.9663693289e+01    9.9327386578e+01
    3.5685202870e+03    6.2271105715e+03   -1.0036912118e+05   -5.0507096162e-01   -7.5054422810e-01    4.1518037189e-01    4.9648028415e+01    4.9648028415e+01    9.9296056829e+01
    3.5542769633e+03    6.2022558012e+03   -1.0030784183e+05   -8.5714469789e-02   -4.8750276471e-01    7.4379651806e-01    4.9637809035e+01    4.9637809035e+01    9.9275618070e+01
    3.5248588587e+03    6.1509208570e+03   -1.0033985262e+05   -4.5469757078e-01   -4.3614727468e-01    4.3560911237e-01    4.9655391900e+01    4.9655391900e+01    9.9310783801e+01
    3.4850256312e+03    6.0814113987e+03   -1.0034860315e+05   -4.7509451525e-01   -6.3572806441e-01    4.7599127910e-01    4.9650506050e+01    4.9650506050e+01    9.9301012100e+01
    3.5464345156e+03    6.1885706361e+03   -1.0018427532e+05   -1.7590105773e-01   -3.3535812930e-01    7.7657351187e-01    4.9653992591e+01    4.9653992591e+01    9.9307985181e+01
    3.5262880921e+03    6.1534148863e+03   -1.0031614776e+05   -2.3973261558e-01   -3.8450092475e-01    7.8239680490e-01    4.9638384817e+01    4.9638384817e+01    9.9276769634e+01
    3.5528640715e+03    6.1997902881e+03   -1.0031800846e+05   -1.3565693789e-01   -2.4781281316e-01    7.8067916314e-01    4.9637974446e+01    4.9637974446e+01    9.9275948892e+01
    3.5763559291e+03    6.2407838606e+03   -1.0028076158e+05   -1.1067776693e-01   -1.9380582406e-01    6.6872984549e-01    4.9641435494e+01    4.9641435494e+01    9.9282870988e+01
    3.5336625705e+03    6.1662834393e+03   -1.0026266867e+05   -3.8796318651e-01   -4.7148060090e-01    7.7273805312e-01    4.9653203005e+01    4.9653203005e+01    9.9306406010e+01
    3.5599019853e+03    6.2120715319e+03   -1.0017586821e+05   -3.6407253202e-01   -2.1840012941e-01    7.6596229480e-01    4.9667083229e+01    4.9667083229e+01    9.9334166459e+01
    3.5164047057e+03    6.1361682589e+03   -1.0009147233e+05   -3.7663044718e-01   -3.3526255084e-01    7.7498640421e-01    4.9678442441e+01    4.9678442441e+01    9.9356884883e+01
    3.5384182348e+03    6.1745821303e+03   -1.0012830693e+05   -5.2175448845e-01   -3.0705218197e-01    6.5938008613e-01    4.9671098129e+01    4.9671098129e+01    9.9342196258e+01
    3.5281981045e+03    6.1567478807e+03   -9.9959116099e+04   -2.2338525499e-01    9.2386182995e-02    4.8547889570e-01    4.9698748467e+01    4.9698748467e+01    9.9397496935e+01
    3.5685854144e+03    6.2272242195e+03   -1.0010105805e+05   -4.1096883102e-01   -5.7467221925e-01    2.5955925603e-01    4.9690282075e+01    4.9690282075e+01    9.9380564151e+01
    3.5542805622e+03    6.2022620813e+03   -9.9986889083e+04   -2.0883119265e-01   -2.3040662804e-01    7.1587755797e-01    4.9690054918e+01    4.9690054918e+01    9.9380109835e+01
    3.5535428990e+03    6.2009748503e+03   -1.0000614995e+05   -1.6476019351e-01   -1.0134561547e-01    4.5708307480e-01    4.9687940399e+01    4.9687940399e+01    9.9375880797e+01
    3.5744191016e+03    6.2374040734e+03   -9.9911768480e+04   -9.5740882301e-02   -1.4750476982e-01    7.8322210836e-01    4.9703075897e+01    4.9703075897e+01    9.9406151794e+01
    3.5620843079e+03    6.2158797109e+03   -9.9919779762e+04   -2.0441304035e-01   -1.1763927401e-01    7.4554238186e-01    4.9699939206e+01    4.9699939206e+01    9.9399878412e+01
    3.5636215129e+03    6.2185621519e+03   -9.9965903172e+04   -2.0162491697e-01   -1.6499015382e-02    7.9118019031e-01    4.9690043985e+01    4.9690043985e+01    9.9380087970e+01
    3.5378570362e+03    6.1736028321e+03   -1.0003885762e+05   -2.0885721150e-01   -4.1304346870e-01    6.6183289107e-01    4.9686739718e+01    4.9686739718e+01    9.9373479437e+01
    3.4772852470e+03    6.0679043357e+03   -1.0005297217e+05   -1.7845989788e-01   -2.1417852459e-01    6.5613160781e-01    4.9680849559e+01    4.9680849559e+01    9.9361699118e+01
    3.5121915495e+03    6.1288162509e+03   -1.0000218912e+05   -2.3003210999e-01   -1.8375528754e-02    8.0186205994e-01    4.9673133157e+01    4.9673133157e+01    9.9346266313e+01
    3.5315520357e+03    6.1626005309e+03   -9.9928234569e+04    8.6196889434e-02    5.1465087639e-02    9.8391186048e-01    4.9681048883e+01    4.9681048883e+01    9.9362097765e+01
    3.5601663090e+03    6.2125327799e+03   -9.9926814460e+04    2.1359569384e-02    1.0473801898e-01    7.7359524203e-01    4.9689186341e+01    4.9689186341e+01    9.9378372681e+01
    3.5635660909e+03    6.2184654400e+03   -9.9933376665e+04    1.5180352201e-02   -2.4884202641e-01    6.2568069337e-01    4.9697637898e+01    4.9697637898e+01    9.9395275796e+01
    3.5352038168e+03    6.1689729325e+03   -9.9927071317e+04   -6.2682194995e-02    3.5636297301e-03    1.2021902862e+00    4.9684053948e+01    4.9684053948e+01    9.9368107895e+01
    3.5537723099e+03    6.2013751750e+03   -9.9945803823e+04   -1.9297905420e-01   -2.4713971165e-01    6.3971117929e-01    4.9696739978e+01    4.9696739978e+01    9.9393479955e+01
    3.5899229569e+03    6.2644584864e+03   -9.9859152945e+04    1.5175141389e-01    1.5829919785e-01    8.1506823886e-01    4.9690815735e+01    4.9690815735e+01    9.9381631470e+01
    3.5644023287e+03    6.2199246849e+03   -9.9926098807e+04   -2.8990092273e-01   -3.6883241272e-01    5.1129132815e-01    4.9713489662e+01    4.9713489662e+01    9.9426979324e+01
    3.5476782743e+03    6.1907410100e+03   -9.9952825983e+04   -3.2126545332e-01   -5.3200217610e-01    3.9983612641e-01    4.9715150670e+01    4.9715150670e+01    9.9430301339e+01
    3.6122546065e+03    6.3034274818e+03   -9.9949803504e+04   -4.8130992589e-01   -4.3186884282e-01    5.3083131136e-01    4.9714317274e+01    4.9714317274e+01    9.9428634548e+01
    3.5399569283e+03    6.1772671689e+03   -9.9871734686e+04   -4.0556538505e-01   -1.4677753187e-01    5.0162000922e-01    4.9718760461e+01    4.9718760461e+01    9.9437520922e+01
    3.5427305569e+03    6.1821071840e+03   -9.9895517752e+04   -3.1316266695e-01   -2.5883634816e-01    5.1251616533e-01    4.9716329047e+01    4.9716329047e+01    9.9432658093e+01
    3.5801097025e+03    6.2473342401e+03   -9.9874864565e+04   -4.1238869109e-01   -1.2675894486e-01    5.4181578072e-01    4.9716346681e+01    4.9716346681e+01    9.9432693363e+01
    3.5181871445e+03    6.1392786359e+03   -9.9724797884e+04   -4.2074203128e-01    5.4152340790e-02    6.7539258035e-01    4.9735625260e+01    4.9735625260e+01    9.9471250521e+01
    3.5703976619e+03    6.2303866130e+03   -9.9720374686e+04   -2.2301269617e-01   -1.5727324874e-01    6.6753425157e-01    4.9734453931e+01    4.9734453931e+01    9.9468907863e+01
    3.5295252437e+03    6.1590637546e+03   -9.9867899233e+04   -2.7175929539e-01   -4.4685197653e-01    4.7272052089e-01    4.9726234215e+01    4.9726234215e+01    9.9452468431e+01
    3.5633337932e+03    6.2180600777e+03   -9.9814276495e+04    7.1091249213e-02   -1.7213973263e-01    4.8401209100e-01    4.9720478573e+01    4.9720478573e+01    9.9440957146e+01
    3.5281129264e+03    6.1565992440e+03   -9.9730005976e+04    2.1805119224e-01    3.9169046612e-02    8.0899724739e-01    4.9709682810e+01    4.9709682810e+01    9.9419365621e+01
    3.5468207871e+03    6.1892446845e+03   -9.9870043577e+04    2.3570028272e-01    7.0811938237e-02    6.4862506675e-01    4.9696653856e+01    4.9696653856e+01    9.9393307711e+01
    3.5491416149e+03    6.1932945569e+03   -9.9825689909e+04   -7.4711228336e-02   -1.4565549245e-01    1.0073113099e+00    4.9701874781e+01    4.9701874781e+01    9.9403749563e+01
    3.5431266943e+03    6.1827984485e+03   -9.9634286927e+04   -2.1493528673e-02    1.5254200013e-01    7.0081189764e-01    4.9736730650e+01    4.9736730650e+01    9.9473461301e+01
    3.5405077812e+03    6.1782284138e+03   -9.9631443361e+04    7.3624451805e-02   -7.1354596925e-02    9.8338850118e-01    4.9732065018e+01    4.9732065018e+01    9.9464130036e+01
    3.5581670700e+03    6.2090440839e+03   -9.9581178927e+04    2.2146100475e-01    3.7178135698e-01    1.0529249217e+00    4.9727791432e+01    4.9727791432e+01    9.9455582863e+01
    3.5906040853e+03    6.2656470634e+03   -9.9606198853e+04   -4.0831311945e-02    3.1867347412e-01    6.9365511829e-01    4.9746075840e+01    4.9746075840e+01    9.9492151679e+01
    3.4925088575e+03    6.0944697180e+03   -9.9670494904e+04   -1.5239978551e-01   -5.1073021493e-02    7.6595965315e-01    4.9736241282e+01    4.9736241282e+01    9.9472482564e+01
    3.5256275231e+03    6.1522621854e+03   -9.9531800782e+04   -2.0869184744e-02    2.6909440534e-02    8.4744002061e-01    4.9755535562e+01    4.9755535562e+01    9.9511071125e+01
    3.5468899809e+03    6.1893654287e+03   -9.9510742997e+04   -2.5217340068e-01   -2.4414443045e-01    7.5833134337e-01    4.9769040125e+01    4.9769040125e+01    9.9538080251e+01
    3.5427756028e+03    6.1821857896e+03   -9.9450682551e+04   -1.2110760851e-01   -1.3991277178e-01    6.3120429687e-01    4.9774541304e+01    4.9774541304e+01    9.9549082607e+01
    3.5656774444e+03    6.2221497770e+03   -9.9475267036e+04   -3.6380188716e-01   -2.1657046822e-01    4.0925172715e-01    4.9785589820e+01    4.9785589820e+01    9.9571179640e+01
    3.5404924808e+03    6.1782017145e+03   -9.9449288744e+04   -2.8253429379e-01   -8.2347677683e-02    4.7332015392e-01    4.9776990199e+01    4.9776990199e+01    9.9553980397e+01
    3.5715808791e+03    6.2324513413e+03   -9.9392648326e+04    1.7355594088e-01   -3.1119228304e-03    6.9881022290e-01    4.9776490295e+01    4.9776490295e+01    9.9552980589e+01
    3.5156606571e+03    6.1348698851e+03   -9.9502338432e+04   -3.1858596377e-01   -2.3243839164e-02    4.7764800026e-01    4.9774338653e+01    4.9774338653e+01    9.9548677306e+01
    3.5828609195e+03    6.2521351466e+03   -9.9421133234e+04   -1.1739338745e-01   -1.2245564108e-01    2.4992930978e-01    4.9789032820e+01    4.9789032820e+01    9.9578065640e+01
    3.5738539774e+03    6.2364179249e+03   -9.9288417233e+04    2.1538615163e-02   -1.4741942786e-01    3.1475427020e-01    4.9811487758e+01    4.9811487758e+01    9.9622975516e+01
    3.5536663081e+03    6.2011902006e+03   -9.9238738816e+04   -5.5236293192e-01   -1.0064660301e-01    2.6938651347e-01    4.9836137943e+01    4.9836137943e+01    9.9672275886e+01
    3.5693936405e+03    6.2286345837e+03   -9.9378108344e+04   -5.1992975898e-01   -7.4017233384e-01    8.8733775595e-02    4.9822354444e+01    4.9822354444e+01    9.9644708888e+01
    3.5096250191e+03    6.1243376246e+03   -9.9347102726e+04   -5.1341575903e-01   -5.8310937861e-01    1.7501929682e-01    4.9823948034e+01    4.9823948034e+01    9.9647896068e+01
    3.5406278723e+03    6.1784379742e+03   -9.9389014668e+04   -1.2273441709e-01   -3.0960251901e-01    2.8934055114e-01    4.9800210406e+01    4.9800210406e+01    9.9600420812e+01
    3.5836570710e+03    6.2535244404e+03   -9.9168996065e+04    5.0506207914e-02    1.1740318335e-01    5.8269141344e-01    4.9820213645e+01    4.9820213645e+01    9.9640427291e+01
    3.4924767843e+03    6.0944137499e+03   -9.9175344467e+04    8.5767787852e-02   -2.2414179103e-01    5.7484222579e-01    4.9821168056e+01    4.9821168056e+01    9.9642336111e+01
    3.5644880555e+03    6.2200742792e+03   -9.9302165983e+04   -5.5220491481e-01   -4.4736737881e-01    1.5994100365e-01    4.9825549192e+01    4.9825549192e+01    9.9651098385e+01
    3.5354812601e+03    6.1694570744e+03   -9.9166665659e+04   -2.5172224157e-01   -9.2873262253e-02    4.2055832436e-01    4.9833135413e+01    4.9833135413e+01    9.9666270826e+01
    3.5422448660e+03    6.1812596475e+03   -9.9197454440e+04   -1.9636207139e-01   -1.4654416758e-01    2.0509938163e-01    4.9834504067e+01    4.9834504067e+01    9.9669008135e+01
    3.5160124257e+03    6.1354837256e+03   -9.9236075786e+04   -1.7254010315e-01   -3.0374615088e-01    5.0121387512e-01    4.9824173974e+01    4.9824173974e+01    9.9648347949e+01
    3.5168577424e+03    6.1369588132e+03   -9.9087484329e+04   -2.9422870508e-01   -2.3517448284e-01    4.4977098700e-01    4.9849188212e+01    4.9849188212e+01    9.9698376424e+01
    3.5000003886e+03    6.1075425293e+03   -9.9150130211e+04   -4.1977479315e-01   -2.2622413954e-01    1.7662928100e-01    4.9850258385e+01    4.9850258385e+01    9.9700516770e+01
    3.5378969641e+03    6.1736725068e+03   -9.9291587626e+04   -3.8465527377e-01   -7.1228564690e-01    1.6172391707e-01    4.9832817216e+01    4.9832817216e+01    9.9665634432e+01
    3.5530170690e+03    6.2000572706e+03   -9.9006692666e+04    7.1603474997e-04   -7.5717876980e-02    4.0270942107e-01    4.9855786362e+01    4.9855786362e+01    9.9711572724e+01
    3.5520626021e+03    6.1983917145e+03   -9.9179851007e+04   -7.1537005245e-01   -7.3657914808e-01   -3.9382246322e-01    4.9880867307e+01    4.9880867307e+01    9.9761734613e+01
    3.5646714208e+03    6.2203942539e+03   -9.9026228079e+04   -4.2598945946e-01   -5.1649108593e-01   -6.6871451206e-02    4.9882044389e+01    4.9882044389e+01    9.9764088778e+01
    3.5161555257e+03    6.1357334367e+03   -9.8949581061e+04   -2.9426643551e-01   -2.6999291483e-01    1.5440945260e-01    4.9890758153e+01    4.9890758153e+01    9.9781516306e+01
    3.5473342057e+03    6.1901406063e+03   -9.8834636683e+04   -2.1331510573e-01   -2.7950967190e-01    1.4942751415e-01    4.9898281133e+01    4.9898281133e+01    9.9796562265e+01
    3.5287280733e+03    6.1576726827e+03   -9.8891055861e+04   -5.6868625044e-01   -2.0733107238e-01    2.7786485365e-01    4.9896324675e+01    4.9896324675e+01    9.9792649349e+01
    3.5457477523e+03    6.1873722261e+03   -9.8919118338e+04   -4.1240336710e-01   -2.9726066719e-01    1.1914410206e-01    4.9889718377e+01    4.9889718377e+01    9.9779436754e+01
    3.5363936694e+03    6.1710492396e+03   -9.8969407150e+04   -2.8015647047e-01   -5.8821541779e-02    8.9951535500e-02    4.9875609173e+01    4.9875609173e+01    9.9751218347e+01
    3.5475089894e+03    6.1904456058e+03   -9.8871718111e+04   -2.5284753124e-01    5.2527560540e-03    3.3488680703e-01    4.9886852538e+01    4.9886852538e+01    9.9773705076e+01
    3.5416850275e+03    6.1802827227e+03   -9.8951041321e+04   -6.0635774259e-01   -3.2436432214e-01    1.0623322528e-01    4.9897326938e+01    4.9897326938e+01    9.9794653876e+01
    3.5958865721e+03    6.2748650662e+03   -9.8904960608e+04   -2.1256218039e-01   -4.3336574647e-01    2.3292203320e-01    4.9890063024e+01    4.9890063024e+01    9.9780126048e+01
    3.5525579194e+03    6.1992560490e+03   -9.8886519316e+04   -3.3365884095e-01   -3.2083333675e-01    1.0447936641e-02    4.9897761306e+01    4.9897761306e+01    9.9795522611e+01
    3.5589682179e+03    6.2104420965e+03   -9.8825515081e+04   -2.8744443567e-01   -1.3320967449e-01    2.8368406817e-01    4.9898693496e+01    4.9898693496e+01    9.9797386993e+01
    3.5572918829e+03    6.2075168721e+03   -9.8734830557e+04    4.5285987161e-02    4.6345126058e-01    4.6417172371e-01    4.9888962569e+01    4.9888962569e+01    9.9777925139e+01
    3.5372888466e+03    6.1726113345e+03   -9.8800727430e+04    9.5264138394e-02   -3.8501706028e-01    1.9559942513e-01    4.9901862061e+01    4.9901862061e+01    9.9803724122e+01
    3.5774624380e+03    6.2427147319e+03   -9.8589735751e+04    1.9518377468e-02   -1.2959628520e-01    5.5023504806e-02    4.9930583185e+01    4.9930583185e+01    9.9861166371e+01
    3.5363121687e+03    6.1709070198e+03   -9.8505259085e+04    1.0510958658e-01   -2.7587024529e-01    1.3973772890e-01    4.9949585079e+01    4.9949585079e+01    9.9899170159e+01
    3.6150537529e+03    6.3083120258e+03   -9.8497913093e+04    1.9996836755e-01   -2.7111983190e-02    1.2644732514e-01    4.9945744925e+01    4.9945744925e+01    9.9891489850e+01
    3.5522726496e+03    6.1987582499e+03   -9.8429499003e+04   -3.8155189745e-01   -3.8396438040e-01   -1.2051675206e-01    4.9976945155e+01    4.9976945155e+01    9.9953890311e+01
    3.5427871588e+03    6.1822059550e+03   -9.8321066369e+04   -1.6136920341e-02   -2.3097243416e-02   -4.0044064898e-02    4.9990787743e+01    4.9990787743e+01    9.9981575485e+01
    3.5241525142e+03    6.1496882774e+03   -9.8302149785e+04   -2.5115572988e-01   -1.1406853978e-01   -6.1836227501e-02    4.9998389876e+01    4.9998389876e+01    9.9996779752e+01
    3.5725241357e+03    6.2340973352e+03   -9.8216316686e+04    1.9757939806e-02   -2.3349118021e-02   -1.6556846338e-01    5.0003465831e+01    5.0003465831e+01    1.0000693166e+02
    3.5232511918e+03    6.1481154590e+03   -9.8228763240e+04    1.5573534786e-01    2.4666131422e-01    3.2138750116e-01    4.9989202054e+01    4.9989202054e+01    9.9978404107e+01
    3.6059038067e+03    6.2923452602e+03   -9.8174860909e+04    2.1674342655e-01    1.2183341080e-02    2.2521155697e-01    4.9994965100e+01    4.9994965100e+01    9.9989930199e+01
    3.5768145524e+03    6.2415841637e+03   -9.8207796293e+04    1.8847861516e-01    1.5584016379e-01   -3.1450491707e-01    4.9999720050e+01    4.9999720050e+01    9.9999440101e+01
    3.5648076682e+03    6.2206320072e+03   -9.8131360517e+04   -2.8803680787e-02   -9.3667759632e-02   -1.2064551428e-01    5.0019736661e+01    5.0019736661e+01    1.0003947332e+02
    3.5210380916e+03    6.1442535726e+03   -9.8168689213e+04    2.1329264506e-01    2.3453581764e-01    2.4984236695e-01    5.0000586707e+01    5.0000586707e+01    1.0000117341e+02
    3.6036232674e+03    6.2883656920e+03   -9.8155263382e+04   -1.3296111594e-01   -1.0975150959e-01   -1.7177858505e-01    5.0021289559e+01    5.0021289559e+01    1.0004257912e+02
    3.5513718305e+03    6.1971863097e+03   -9.8072124258e+04    1.4427022132e-01    3.7198815922e-01    1.9330885995e-01    5.0008508180e+01    5.0008508180e+01    1.0001701636e+02
    3.4763432164e+03    6.0662604810e+03   -9.8128545166e+04    2.3621943575e-01    2.8278956117e-01    5.1617911929e-01    5.0000608590e+01    5.0000608590e+01    1.0000121718e+02
    3.5331667491e+03    6.1654182250e+03   -9.8194126872e+04   -5.7309233362e-03    9.2361497679e-03   -1.2519865945e-01    5.0005091885e+01    5.0005091885e+01    1.0001018377e+02
    3.5410918021e+03    6.1792475372e+03   -9.8216530924e+04    3.0831649309e-01    2.0092498342e-01    1.6366652272e-01    4.9986685703e+01    4.9986685703e+01    9.9973371406e+01
    3.5401278046e+03    6.1775653501e+03   -9.8245478075e+04    6.4963760109e-02    5.1484122181e-02    3.3208942371e-01    4.9984725547e+01    4.9984725547e+01    9.9969451095e+01
    3.5354720577e+03    6.1694410160e+03   -9.8201289513e+04    1.5442091880e-01    2.3402079885e-01    2.0081905663e-02    4.9991430486e+01    4.9991430486e+01    9.9982860972e+01
    3.5887229640e+03    6.2623644844e+03   -9.8227705706e+04    3.9183579965e-01    2.4946725598e-01   -2.3467390165e-02    4.9982642769e+01    4.9982642769e+01    9.9965285537e+01
    3.5696331513e+03    6.2290525330e+03   -9.8196856000e+04    1.0855940751e-01    9.9091907090e-02    1.4359888964e-01    4.9997969454e+01    4.9997969454e+01    9.9995938909e+01
    3.5627446357e+03    6.2170319908e+03   -9.8185353091e+04    1.7494658276e-01    3.0504585635e-01    9.0345520294e-02    4.9987253169e+01    4.9987253169e+01    9.9974506338e+01
    3.5604204356e+03    6.2129762338e+03   -9.8241459529e+04    1.1361930945e-01    3.6917554979e-01    4.0520563369e-01    4.9977560408e+01    4.9977560408e+01    9.9955120815e+01
    3.5446196086e+03    6.1854036017e+03   -9.8173561795e+04    2.3646997325e-01    9.4948572521e-02    2.8424663017e-01    4.9996451274e+01    4.9996451274e+01    9.9992902547e+01
    3.5552312586e+03    6.2039210579e+03   -9.8151988579e+04    4.4888961055e-01    1.1003125060e-01    5.3212509217e-02    5.0000781729e+01    5.0000781729e+01    1.0000156346e+02
    3.4959025798e+03    6.1003918039e+03   -9.8149752960e+04   -6.1971357732e-02   -1.6339132532e-01    8.9475570719e-02    5.0011051490e+01    5.0011051490e+01    1.0002210298e+02
    3.5602958169e+03    6.2127587727e+03   -9.8056877055e+04    2.6595478780e-01    5.9210987398e-02    1.4614970392e-01    5.0019762417e+01    5.0019762417e+01    1.0003952483e+02
    3.5480244914e+03    6.1913451630e+03   -9.8232331424e+04   -9.8266053034e-03   -1.8244077734e-01   -2.9210813793e-01    5.0008255317e+01    5.0008255317e+01    1.0001651063e+02
    3.5436363751e+03    6.1836878477e+03   -9.8235594551e+04    1.3107116058e-02   -2.9364660438e-01   -1.7853727896e-01    5.0003813377e+01    5.0003813377e+01    1.0000762675e+02
    3.5560841330e+03    6.2054093340e+03   -9.8194040787e+04    2.0082008125e-01    2.7458803421e-01    3.9621516217e-02    4.9992421364e+01    4.9992421364e+01    9.9984842728e+01
    3.5407768849e+03    6.1786980030e+03   -9.8140072239e+04    1.4406122203e-01    9.6030296907e-03    3.7881555387e-02    5.0009409156e+01    5.0009409156e+01    1.0001881831e+02
    3.5617524300e+03    6.2153005799e+03   -9.8186138465e+04    7.8370329029e-02   -7.6732142918e-03    1.4270108455e-01    5.0002946735e+01    5.0002946735e+01    1.0000589347e+02
    3.5857127154e+03    6.2571115646e+03   -9.8153647987e+04    1.2322171720e-01   -9.4408565825e-02    8.1158685706e-02    5.0015933868e+01    5.0015933868e+01    1.0003186774e+02
    3.4953546163e+03    6.0994356011e+03   -9.8281210288e+04   -3.2440512875e-01    3.9073180249e-03   -2.3949914293e-01    4.9999085907e+01    4.9999085907e+01    9.9998171814e+01
    3.5334729169e+03    6.1659524914e+03   -9.8150329935e+04    2.2370956820e-01    3.6554682024e-02    2.6920104688e-01    4.9999599533e+01    4.9999599533e+01    9.9999199066e+01
    3.5183126705e+03    6.1394976803e+03   -9.8108392805e+04    8.1174392078e-02    1.8638305209e-02    1.0179628881e-01    5.0010637798e+01    5.0010637798e+01    1.0002127560e+02
    3.5605016520e+03    6.2131179574e+03   -9.8204442063e+04    2.0830054498e-01    3.6540094548e-01    3.5598936929e-02    4.9993624283e+01    4.9993624283e+01    9.9987248566e+01
    3.5450021433e+03    6.1860711293e+03   -9.8199617754e+04    4.7197933788e-02   -2.7150230852e-01   -2.0814665406e-01    5.0014710048e+01    5.0014710048e+01    1.0002942010e+02
    3.5730050132e+03    6.2349364723e+03   -9.8056018907e+04    3.2991281978e-01   -3.4277336477e-02    2.4531442018e-01    5.0022885205e+01    5.0022885205e+01    1.0004577041e+02
    3.5743046816e+03    6.2372044091e+03   -9.8217887055e+04   -2.6310389021e-01   -2.3715604833e-02   -1.8633649873e-01    5.0008115827e+01    5.0008115827e+01    1.0001623165e+02
    3.5421354374e+03    6.1810686933e+03   -9.8167522665e+04   -2.8510658375e-01   -6.9952180408e-02   -2.0587966805e-01    5.0022216777e+01    5.0022216777e+01    1.0004443355e+02
    3.5819265342e+03    6.2505046331e+03   -9.8129858626e+04   -2.4491934207e-01   -2.5345655102e-01   -1.0154426134e-01    5.0033885448e+01    5.0033885448e+01    1.0006777090e+02
    3.5660491990e+03    6.2227984933e+03   -9.8077835325e+04   -1.1812633620e-01   -9.8262944847e-02   -2.4836125764e-02    5.0032368273e+01    5.0032368273e+01    1.0006473655e+02
    3.5525826911e+03    6.1992992760e+03   -9.8189703460e+04   -2.8325408247e-01   -5.1815634889e-02   -2.0889954869e-01    5.0018263218e+01    5.0018263218e+01    1.0003652644e+02
    3.5535185029e+03    6.2009322788e+03   -9.8091796643e+04    1.5579158004e-01   -6.9090321194e-02   -2.4044016655e-02    5.0027100816e+01    5.0027100816e+01    1.0005420163e+02
    3.5635603429e+03    6.2184554096e+03   -9.8123827546e+04   -2.8854308138e-04    1.4823278771e-01   -1.0135133851e-01    5.0019729787e+01    5.0019729787e+01    1.0003945957e+02
    3.5088250925e+03    6.1229417432e+03   -9.8158569826e+04    5.1115143357e-01    4.6510564247e-01    4.4313690576e-01    4.9989874659e+01    4.9989874659e+01    9.9979749318e+01
    3.5262570631e+03    6.1533607404e+03   -9.8147233079e+04    2.5817785667e-01    3.3557949124e-01    2.5944323849e-01    4.9996303813e+01    4.9996303813e+01    9.9992607625e+01
    3.5518068845e+03    6.1979454841e+03   -9.8131109621e+04   -3.6273167099e-01   -8.8604793704e-02   -7.7213674714e-02    5.0032839886e+01    5.0032839886e+01    1.0006567977e+02
    3.5307311054e+03    6.1611679977e+03   -9.8078995766e+04   -1.6908553531e-01   -1.2062576554e-01   -4.9608936989e-01    5.0051107814e+01    5.0051107814e+01    1.0010221563e+02
    3.5399847039e+03    6.1773156377e+03   -9.8132021910e+04   -8.8339131536e-02   -3.4581140843e-01   -3.0080117266e-01    5.0034575456e+01    5.0034575456e+01    1.0006915091e+02
    3.5177539390e+03    6.1385226870e+03   -9.8049770148e+04   -2.6827641283e-01   -4.7792643522e-02   -1.5158041726e-01    5.0046770876e+01    5.0046770876e+01    1.0009354175e+02
    3.5441655467e+03    6.1846112583e+03   -9.8202086289e+04   -2.4485745188e-01   -1.1003806445e-01   -2.7957610644e-01    5.0022569827e+01    5.0022569827e+01    1.0004513965e+02
    3.5656215468e+03    6.2220522351e+03   -9.8202308459e+04    1.3097566502e-01    2.5574480424e-01    2.6034719267e-01    4.9994093590e+01    4.9994093590e+01    9.9988187180e+01
    3.5333395523e+03    6.1657197687e+03   -9.8249328303e+04    1.2494263059e-02   -6.9322105146e-02    1.6989995080e-01    4.9985646561e+01    4.9985646561e+01    9.9971293121e+01
    3.5834284878e+03    6.2531255600e+03   -9.8130066244e+04    2.0982615658e-01    2.8473139301e-02   -8.0477128764e-02    5.0008736820e+01    5.0008736820e+01    1.0001747364e+02
    3.5498517584e+03    6.1945337658e+03   -9.8168065102e+04    3.9717094767e-01    2.6898777333e-01    5.8473006322e-01    4.9983870256e+01    4.9983870256e+01    9.9967740512e+01
    3.5766773685e+03    6.2413447761e+03   -9.8174355905e+04    4.8219602695e-01    7.6913196920e-02    2.3037337959e-01    4.9991586098e+01    4.9991586098e+01    9.9983172196e+01
    3.5376200163e+03    6.1731892296e+03   -9.8165782980e+04    1.8281052644e-01    3.6131379799e-01    2.9517982300e-01    4.9995420961e+01    4.9995420961e+01    9.9990841923e+01
    3.5445092491e+03    6.1852110232e+03   -9.8232504929e+04    2.3808761119e-01    8.8362603931e-02   -4.5934960925e-02    4.9992366515e+01    4.9992366515e+01    9.9984733030e+01
    3.5688612079e+03    6.2277054825e+03   -9.8201836103e+04    2.2687731642e-01    1.2229675969e-01    5.0394972159e-02    4.9991175212e+01    4.9991175212e+01    9.9982350424e+01
    3.5776614375e+03    6.2430619883e+03   -9.8193935739e+04   -4.5566652509e-02    5.1763705571e-01    5.9694652963e-03    4.9998607643e+01    4.9998607643e+01    9.9997215287e+01
    3.5798135100e+03    6.2468173805e+03   -9.8214261849e+04    1.4810266207e-01   -4.9395536553e-02    7.4502420509e-02    4.9999671349e+01    4.9999671349e+01    9.9999342699e+01
    3.5426672928e+03    6.1819967874e+03   -9.8184732798e+04    1.5797730093e-01    2.1830375692e-01   -1.1099530779e-01    4.9999494871e+01    4.9999494871e+01    9.9998989743e+01
    3.5508576476e+03    6.1962890544e+03   -9.8192712034e+04    2.7534506500e-04    5.0956712373e-02   -3.4878712843e-02    5.0003982077e+01    5.0003982077e+01    1.0000796415e+02
    3.5069509285e+03    6.1196713045e+03   -9.8088249784e+04    3.0232477358e-01    6.6662477737e-01    5.7166290247e-01    4.9990243181e+01    4.9990243181e+01    9.9980486362e+01
    3.5523489197e+03    6.1988913420e+03   -9.8214740979e+04    1.4771774487e-01    2.3398410954e-01    1.2080817819e-01    4.9990400246e+01    4.9990400246e+01    9.9980800491e+01
    3.5726649188e+03    6.2343430035e+03   -9.8148445617e+04   -1.9781535916e-01    1.0278885870e-01    4.5660562363e-02    5.0016493369e+01    5.0016493369e+01    1.0003298674e+02
    3.5319034208e+03    6.1632137020e+03   -9.8165201849e+04   -1.5378049866e-01   -1.0509472848e-01   -2.5575263135e-01    5.0016345334e+01    5.0016345334e+01    1.0003269067e+02
    3.5501338290e+03    6.1950259823e+03   -9.8186292403e+04    2.9221414043e-01    1.5852211820e-01    2.4994546458e-02    4.9990191269e+01    4.9990191269e+01    9.9980382537e+01
    3.5912790278e+03    6.2668248463e+03   -9.8162848331e+04    1.9254854243e-01    3.2029892976e-02   -1.4391655709e-01    5.0010014214e+01    5.0010014214e+01    1.0002002843e+02
    3.5330505100e+03    6.1652153865e+03   -9.8175019406e+04   -1.0444676077e-02   -3.3041271993e-01   -2.1005818458e-01    5.0019338706e+01    5.0019338706e+01    1.0003867741e+02
    3.5546788884e+03    6.2029571652e+03   -9.8060733179e+04    3.3312321581e-01    1.1104773403e-02    1.3895335740e-01    5.0019498890e+01    5.0019498890e+01    1.0003899778e+02
    3.5293305015e+03    6.1587239270e+03   -9.8150712958e+04   -1.8853693968e-01   -9.6645779073e-02   -8.7094004148e-02    5.0027877774e+01    5.0027877774e+01    1.0005575555e+02
    3.5259693004e+03    6.1528585911e+03   -9.8094580370e+04   -2.3314182361e-01    1.6161922330e-01   -5.4694637252e-02    5.0034330766e+01    5.0034330766e+01    1.0006866153e+02
    3.5647205443e+03    6.2204799750e+03   -9.8070404895e+04   -6.3604617994e-01   -4.7730045616e-01   -3.5817563913e-01    5.0058713987e+01    5.0058713987e+01    1.0011742797e+02
    3.5437018559e+03    6.1838021124e+03   -9.8114816338e+04   -2.1455917267e-01   -2.1640211888e-01   -4.7000847281e-02    5.0031840972e+01    5.0031840972e+01    1.0006368194e+02
    3.5084756039e+03    6.1223318814e+03   -9.8142825716e+04   -2.7064134970e-01   -1.1761898846e-03    6.4166192485e-02    5.0023308442e+01    5.0023308442e+01    1.0004661688e+02
    3.4979360209e+03    6.1039401830e+03   -9.8131018739e+04    1.9540076903e-01    1.3907806391e-01   -7.7007924926e-02    5.0009291487e+01    5.0009291487e+01    1.0001858297e+02
    3.5166562388e+03    6.1366071871e+03   -9.8123791195e+04    4.2277707587e-01    4.1809455463e-01    3.1177341438e-01    4.9995169084e+01    4.9995169084e+01    9.9990338168e+01
    3.5798696744e+03    6.2469153882e+03   -9.8129938995e+04    2.0643187365e-01    1.1805205211e-02   -2.4974615865e-02    5.0014224899e+01    5.0014224899e+01    1.0002844980e+02
    3.5448964801e+03    6.1858867460e+03   -9.8240439085e+04   -3.9502507876e-02    1.0732884850e-01   -4.8232700456e-01    5.0004867567e+01    5.0004867567e+01    1.0000973513e+02
    3.5285934877e+03    6.1574378292e+03   -9.8224216627e+04    1.4243506190e-01    3.3203920594e-01    2.3109641705e-01    4.9986954576e+01    4.9986954576e+01    9.9973909153e+01
    3.5577387331e+03    6.2082966310e+03   -9.8163770625e+04    1.2555193154e-01    1.1465266208e-01    1.4629943119e-01    5.0003208668e+01    5.0003208668e+01    1.0000641734e+02
    3.5437847567e+03    6.1839467752e+03   -9.8260987641e+04    1.8820554874e-01    4.3697208901e-01    2.7860517372e-01    4.9974290965e+01    4.9974290965e+01    9.9948581930e+01
    3.5509967247e+03    6.1965317457e+03   -9.8273982216e+04    1.8705637712e-01    2.9511135580e-01   -2.9206952265e-02    4.9984288580e+01    4.9984288580e+01    9.9968577160e+01
    3.5517090195e+03    6.1977747086e+03   -9.8150710509e+04    3.7390880912e-01    1.5943568093e-01    2.1721888672e-01    4.9998327781e+01    4.9998327781e+01    9.9996655562e+01
    3.5541916018e+03    6.2021068444e+03   -9.8173111022e+04    4.0266823070e-02    1.2447515466e-01   -1.3437357888e-01    5.0007688022e+01    5.0007688022e+01    1.0001537604e+02
    3.5362349615e+03    6.1707722923e+03   -9.8125637761e+04   -7.2203873356e-02   -2.3631723723e-01   -1.8053593055e-01    5.0030933983e+01    5.0030933983e+01    1.0006186797e+02
    3.5745278326e+03    6.2375938103e+03   -9.8096203873e+04   -1.3948251174e-01   -4.2889316090e-02    6.2469352605e-02    5.0024458425e+01    5.0024458425e+01    1.0004891685e+02
    3.5706106220e+03    6.2307582309e+03   -9.8195246033e+04   -1.1881409877e-01   -3.6310964059e-02   -7.4683636971e-02    5.0006937865e+01    5.0006937865e+01    1.0001387573e+02
    3.5838240792e+03    6.2538158718e+03   -9.8177267395e+04    2.7137318328e-01    3.4461376699e-01    2.6037045072e-01    4.9989376875e+01    4.9989376875e+01    9.9978753750e+01
    3.5206797768e+03    6.1436283090e+03   -9.8149652496e+04   -2.1347970172e-02   -1.0706769485e-01   -1.6671194361e-01    5.0015294730e+01    5.0015294730e+01    1.0003058946e+02
    3.5732453294e+03    6.2353558268e+03   -9.8212079779e+04   -3.2304626439e-01    5.7110388686e-03   -4.1020958381e-02    5.0005412911e+01    5.0005412911e+01    1.0001082582e+02
    3.5295739811e+03    6.1591488018e+03   -9.8145973125e+04    1.6852085519e-02    2.9049088952e-01    1.3945863045e-01    5.0000970651e+01    5.0000970651e+01    1.0000194130e+02
    3.5597652907e+03    6.2118329982e+03   -9.8197775740e+04    6.8803549335e-03    1.7756374543e-01    2.7572812844e-01    4.9995047970e+01    4.9995047970e+01    9.9990095939e+01
    3.5271053819e+03    6.1548410668e+03   -9.8142513033e+04   -6.3009843800e-02   -1.6354209216e-01    2.4127200615e-02    5.0018962241e+01    5.0018962241e+01    1.0003792448e+02
    3.5386002344e+03    6.1748997218e+03   -9.8187447683e+04   -2.4459208424e-02    1.8491216878e-01   -9.6317055603e-02    5.0013330297e+01    5.0013330297e+01    1.0002666059e+02
    3.5490256381e+03    6.1930921759e+03   -9.8172555429e+04   -1.2031631132e-01    3.3298739610e-02    1.6593167105e-01    5.0002509728e+01    5.0002509728e+01    1.0000501946e+02
    3.5984680158e+03    6.2793697162e+03   -9.8154099829e+04   -2.8149629585e-01   -1.2572983166e-02   -1.5770611768e-01    5.0013960534e+01    5.0013960534e+01    1.0002792107e+02
    3.5377604835e+03    6.1734343465e+03   -9.8175271568e+04    4.7976380379e-02   -8.9528139378e-02    2.1609868715e-01    5.0001415439e+01    5.0001415439e+01    1.0000283088e+02
    3.5415556944e+03    6.1800570350e+03   -9.8158943289e+04   -1.5409714768e-01   -2.2693100596e-01   -5.0236582128e-01    5.0032853700e+01    5.0032853700e+01    1.0006570740e+02
    3.5245132038e+03    6.1503176850e+03   -9.8188024810e+04   -1.6352138873e-02   -2.4366476195e-01   -2.2175627920e-01    5.0014254571e+01    5.0014254571e+01    1.0002850914e+02
    3.5541716741e+03    6.2020720704e+03   -9.8261491153e+04   -8.7544838598e-02    9.9264100594e-02    1.9935427691e-01    4.9988023735e+01    4.9988023735e+01    9.9976047471e+01
    3.5181402896e+03    6.1391968734e+03   -9.8258409158e+04    3.3401868358e-01    2.4308410926e-01    3.2308540971e-01    4.9974353848e+01    4.9974353848e+01    9.9948707696e+01
    3.5520205806e+03    6.1983183864e+03   -9.8198815131e+04    5.2950629357e-01    1.4542518082e-01    2.0147491459e-01    4.9984688719e+01    4.9984688719e+01    9.9969377438e+01
    3.5726114228e+03    6.2342496522e+03   -9.8192761223e+04   -1.5010492196e-01   -7.4840104982e-02    9.3859963838e-02    5.0007474323e+01    5.0007474323e+01    1.0001494865e+02
    3.5924318747e+03    6.2688365779e+03   -9.8229887405e+04    2.3917996841e-01    3.6300365550e-01    2.2883047479e-01    4.9981944531e+01    4.9981944531e+01    9.9963889062e+01
    3.5770285285e+03    6.2419575545e+03   -9.8157905521e+04    4.1879113414e-01    2.6840409678e-01    1.1514112856e-01    4.9996102292e+01    4.9996102292e+01    9.9992204583e+01
    3.5688479345e+03    6.2276823202e+03   -9.8303737544e+04    5.6274245863e-02    2.0330867395e-02    2.3061432028e-01    4.9976270651e+01    4.9976270651e+01    9.9952541302e+01
    3.5545827810e+03    6.2027894567e+03   -9.8204094220e+04    4.0115329420e-01    3.1885151360e-01    1.5767555842e-01    4.9982024933e+01    4.9982024933e+01    9.9964049866e+01
    3.5414487737e+03    6.1798704569e+03   -9.8210588628e+04    2.5468699622e-01    3.8562909023e-01    2.3467224207e-01    4.9982800922e+01    4.9982800922e+01    9.9965601844e+01
    3.6053605495e+03    6.2913972700e+03   -9.8101585337e+04    5.5992033470e-01    9.8021615761e-02    3.5953765169e-01    5.0000711348e+01    5.0000711348e+01    1.0000142270e+02
    3.5539123527e+03    6.2016195514e+03   -9.8196179742e+04   -1.6728517424e-01   -5.3361271183e-02   -6.5200427156e-02    5.0013058227e+01    5.0013058227e+01    1.0002611645e+02
    3.5774305478e+03    6.2426590830e+03   -9.8182161686e+04    3.4979467906e-01   -1.8502002346e-01   -3.4312071058e-02    5.0009675671e+01    5.0009675671e+01    1.0001935134e+02
    3.5563337111e+03    6.2058448507e+03   -9.8141269145e+04   -2.8556620455e-01    1.4126244075e-02    1.7462014062e-02    5.0023351001e+01    5.0023351001e+01    1.0004670200e+02
    3.5827575116e+03    6.2519546986e+03   -9.8125607331e+04   -5.0473973740e-02   -3.6081170517e-01   -2.2080505094e-01    5.0031897310e+01    5.0031897310e+01    1.0006379462e+02
    3.5420931076e+03    6.1809948273e+03   -9.8115548996e+04   -1.7698515433e-01   -2.2252820903e-01   -3.1609847566e-02    5.0031544333e+01    5.0031544333e+01    1.0006308867e+02
    3.5354367317e+03    6.1693793717e+03   -9.8140181866e+04    2.8893424375e-02   -2.4212601153e-01   -2.0499569147e-01    5.0026430423e+01    5.0026430423e+01    1.0005286085e+02
    3.5630552626e+03    6.2175740385e+03   -9.8062022352e+04   -1.6211120629e-01    1.2574760550e-01   -1.1340431608e-01    5.0040544549e+01    5.0040544549e+01    1.0008108910e+02
    3.5621448560e+03    6.2159853681e+03   -9.8105040233e+04   -1.8506109573e-01   -2.9494164991e-02   -1.0943919123e-01    5.0032468237e+01    5.0032468237e+01    1.0006493647e+02
    3.5430735979e+03    6.1827057947e+03   -9.8192690412e+04   -5.6946076624e-02    9.5528362319e-02   -8.6347887086e-02    5.0012429028e+01    5.0012429028e+01    1.0002485806e+02
    3.5406893897e+03    6.1785453228e+03   -9.8215098218e+04    3.5933897650e-01    5.2708909468e-01    6.6213200592e-01    4.9966488756e+01    4.9966488756e+01    9.9932977512e+01
    3.5395618542e+03    6.1765777598e+03   -9.8179307022e+04    2.5587705392e-01    2.2899296318e-01    3.0276602349e-01    4.9988157418e+01    4.9988157418e+01    9.9976314836e+01
    3.5838044237e+03    6.2537815727e+03   -9.8109157631e+04   -6.3381390617e-02    2.2226119329e-01   -2.3048347148e-02    5.0015272090e+01    5.0015272090e+01    1.0003054418e+02
    3.5426661290e+03    6.1819947566e+03   -9.8217264460e+04    2.2118509058e-01   -8.9931244752e-02    6.9552805203e-02    5.0000935353e+01    5.0000935353e+01    1.0000187071e+02
    3.5435506106e+03    6.1835381875e+03   -9.8179705999e+04   -7.0552207614e-02    2.0448658946e-01    4.5888171076e-02    5.0001395279e+01    5.0001395279e+01    1.0000279056e+02
    3.5648549527e+03    6.2207145192e+03   -9.8127048779e+04   -1.5021503942e-02   -1.2572659818e-01    6.9415005685e-02    5.0016127795e+01    5.0016127795e+01    1.0003225559e+02
    3.5172647567e+03    6.1376690581e+03   -9.8171693539e+04   -1.6813849598e-01   -1.3914352005e-01    2.5311725698e-01    5.0012698510e+01    5.0012698510e+01    1.0002539702e+02
    3.5752279281e+03    6.2388154853e+03   -9.8133421959e+04   -4.5804854661e-02   -1.3380658311e-01    6.0020626256e-02    5.0024287151e+01    5.0024287151e+01    1.0004857430e+02
    3.5260658813e+03    6.1530271258e+03   -9.8146463546e+04   -4.2237266013e-02    5.2720391263e-02    2.1691749252e-01    5.0006497058e+01    5.0006497058e+01    1.0001299412e+02
    3.5477127224e+03    6.1908011223e+03   -9.8175491821e+04   -3.2287768011e-01   -7.7344827398e-02   -5.1552479005e-02    5.0009275587e+01    5.0009275587e+01    1.0001855117e+02
    3.5333091960e+03    6.1656667965e+03   -9.8181153354e+04   -2.2021313358e-01   -6.1868391866e-02   -3.7008682612e-02    5.0010113530e+01    5.0010113530e+01    1.0002022706e+02
    3.5425829795e+03    6.1818496596e+03   -9.8168637693e+04    1.4726467273e-01   -6.6427406352e-02    1.3783934260e-01    4.9997202646e+01    4.9997202646e+01    9.9994405292e+01
    3.5523975601e+03    6.1989762201e+03   -9.8185449154e+04    4.3146897477e-01    1.1823289302e-01    9.4868932522e-02    4.9994521990e+01    4.9994521990e+01    9.9989043979e+01
    3.5544160808e+03    6.2024985629e+03   -9.8130337214e+04    3.1078750221e-01    1.9455369366e-01    5.9957456065e-02    5.0007060524e+01    5.0007060524e+01    1.0001412105e+02
    3.5753690979e+03    6.2390618284e+03   -9.8221341402e+04   -1.5521924821e-01   -2.1232529496e-02    1.2640003021e-01    4.9999949319e+01    4.9999949319e+01    9.9999898638e+01
    3.5445715506e+03    6.1853197399e+03   -9.8142054651e+04    9.0526642395e-02    4.4038759163e-01    3.8845186841e-01    4.9998660081e+01    4.9998660081e+01    9.9997320162e+01
    3.5546591798e+03    6.2029227736e+03   -9.8134128932e+04    3.8765924313e-01    3.0971758598e-01    7.2962540376e-02    5.0002922794e+01    5.0002922794e+01    1.0000584559e+02
    3.5544249616e+03    6.2025140601e+03   -9.8187510066e+04    1.5944420462e-01    2.1392142614e-01    2.2003266171e-01    4.9992585217e+01    4.9992585217e+01    9.9985170435e+01
    3.5216497982e+03    6.1453210080e+03   -9.8246201577e+04    3.3457182978e-01    4.6797235130e-01    5.8570224860e-01    4.9962165319e+01    4.9962165319e+01    9.9924330638e+01
    3.5840790946e+03    6.2542608767e+03   -9.8171370882e+04    4.0362502464e-01    3.4815118019e-01    4.5291566567e-01    4.9977552282e+01    4.9977552282e+01    9.9955104563e+01
    3.5431055731e+03    6.1827615918e+03   -9.8231845603e+04    3.7458632884e-01    2.4540427236e-01    5.1631097721e-01    4.9970034025e+01    4.9970034025e+01    9.9940068051e+01
    3.5496435637e+03    6.1941704635e+03   -9.8306800533e+04    5.0606090782e-01    5.8460995070e-01    4.7528715684e-01    4.9956748531e+01    4.9956748531e+01    9.9913497062e+01
    3.5178273569e+03    6.1386508021e+03   -9.8177403842e+04    5.7842005761e-01    6.9776447428e-01    3.4866208856e-01    4.9968040067e+01    4.9968040067e+01    9.9936080133e+01
    3.5112993180e+03    6.1272592963e+03   -9.8219784865e+04    4.2507603042e-01    5.2917777855e-01    8.5082796522e-01    4.9958921019e+01    4.9958921019e+01    9.9917842038e+01
    3.5496578370e+03    6.1941953705e+03   -9.8271258102e+04    1.7965891040e-01    2.0141548716e-01    1.6152963139e-01    4.9981533722e+01    4.9981533722e+01    9.9963067444e+01
    3.5758084938e+03    6.2398285793e+03   -9.8184117460e+04    2.5461293072e-01   -1.2807641585e-01   -2.0061515560e-01    5.0005515033e+01    5.0005515033e+01    1.0001103007e+02
    3.5663759575e+03    6.2233686908e+03   -9.8176621840e+04    1.8177615367e-01   -1.7651973594e-02   -4.8033348818e-02    5.0005490555e+01    5.0005490555e+01    1.0001098111e+02
    3.5269572452e+03    6.1545825664e+03   -9.8191792449e+04   -2.2850534398e-02    1.2214505110e-01    1.6035583098e-01    5.0002190769e+01    5.0002190769e+01    1.0000438154e+02
    3.5703337648e+03    6.2302751118e+03   -9.8189238608e+04   -1.6573166619e-02   -1.0510983125e-01    1.1562002663e-01    5.0004321398e+01    5.0004321398e+01    1.0000864280e+02
    3.5465365451e+03    6.1887486789e+03   -9.8203963841e+04    2.3583372701e-01   -2.3483334865e-01    1.5672894719e-01    4.9998143398e+01    4.9998143398e+01    9.9996286796e+01
    3.5408009522e+03    6.1787400007e+03   -9.8155458161e+04   -9.4660725868e-02    1.8395736447e-01   -1.4902129096e-02    5.0007389374e+01    5.0007389374e+01    1.0001477875e+02
    3.5441294434e+03    6.1845482577e+03   -9.8049208768e+04   -1.5386369549e-01    6.6435930764e-02    3.5058930318e-01    5.0025099988e+01    5.0025099988e+01    1.0005019998e+02
    3.5687090296e+03    6.2274399294e+03   -9.8125871602e+04    1.7945714093e-01   -2.3834130371e-01   -3.9391669134e-02    5.0019543258e+01    5.0019543258e+01    1.0003908652e+02
    3.5725017127e+03    6.2340582069e+03   -9.8112599538e+04   -2.4658657319e-01   -4.5861775776e-02   -1.1769092604e-01    5.0030840301e+01    5.0030840301e+01    1.0006168060e+02
    3.5809576323e+03    6.2488138877e+03   -9.8172995174e+04   -1.8953742469e-01   -2.0697685043e-01   -1.3642050543e-01    5.0022008077e+01    5.0022008077e+01    1.0004401615e+02
    3.5618904219e+03    6.2155413776e+03   -9.8151421861e+04   -1.7251050861e-01   -2.0058766539e-01   -1.4393326258e-01    5.0026644241e+01    5.0026644241e+01    1.0005328848e+02
    3.5866732041e+03    6.2587876288e+03   -9.8033701663e+04   -2.1792121167e-01   -1.5387171203e-01   -1.6739447621e-01    5.0053810184e+01    5.0053810184e+01    1.0010762037e+02
    3.5082465566e+03    6.1219321911e+03   -9.8129576069e+04   -1.3023667362e-01    1.5380674505e-01   -1.1841691147e-01    5.0022976747e+01    5.0022976747e+01    1.0004595349e+02
    3.5388637704e+03    6.1753595953e+03   -9.8071899799e+04    2.3067434877e-01    1.7137236413e-01    9.0279483061e-02    5.0016452278e+01    5.0016452278e+01    1.0003290456e+02
    3.5657848827e+03    6.2223372581e+03   -9.8068637987e+04   -2.1914759388e-01   -2.3962350669e-01   -6.7953745049e-02    5.0037669020e+01    5.0037669020e+01    1.0007533804e+02
    3.5741090715e+03    6.2368630672e+03   -9.8058937732e+04   -1.9374755380e-01   -3.4629147838e-01   -1.1753304975e-01    5.0041061305e+01    5.0041061305e+01    1.0008212261e+02
    3.5444674233e+03    6.1851380366e+03   -9.8147519892e+04   -1.1442105934e-01   -1.2531404398e-01   -3.5074493774e-01    5.0031587854e+01    5.0031587854e+01    1.0006317571e+02
    3.5136415041e+03    6.1313464390e+03   -9.8194446622e+04    5.9740712807e-03   -3.0637563613e-02   -1.6535630077e-01    5.0004715878e+01    5.0004715878e+01    1.0000943176e+02
    3.5707085077e+03    6.2309290427e+03   -9.8121388813e+04    2.1383788545e-02    6.9219287708e-02    6.3198813165e-02    5.0010609554e+01    5.0010609554e+01    1.0002121911e+02
    3.5480220011e+03    6.1913408173e+03   -9.8208811592e+04   -4.2694808511e-01   -2.3179569961e-01   -1.8626023430e-01    5.0017349960e+01    5.0017349960e+01    1.0003469992e+02
    3.5269344258e+03    6.1545427464e+03   -9.8185256218e+04    1.2853922026e-02   -4.0607800643e-02   -2.0723788828e-01    5.0015032355e+01    5.0015032355e+01    1.0003006471e+02
    3.5787803310e+03    6.2450144709e+03   -9.8091649693e+04   -2.7416851194e-01    4.2995932341e-02   -7.7680081911e-02    5.0028778621e+01    5.0028778621e+01    1.0005755724e+02
    3.5197222383e+03    6.1419573929e+03   -9.8166702582e+04    7.1145738458e-02    1.7279539573e-01    3.0012142174e-03    5.0005513414e+01    5.0005513414e+01    1.0001102683e+02
    3.5395041610e+03    6.1764770845e+03   -9.8137797654e+04    2.5131291896e-01    3.0600320462e-01    1.5699384946e-01    4.9998688334e+01    4.9998688334e+01    9.9997376668e+01
    3.6097414827e+03    6.2990420508e+03   -9.8174763507e+04   -2.8448168431e-03    7.7272159383e-02    1.8464039486e-01    4.9993571785e+01    4.9993571785e+01    9.9987143570e+01
    3.5638480177e+03    6.2189574056e+03   -9.8134789713e+04    9.3595409874e-02    6.1486677526e-02    3.9881696361e-01    5.0003400080e+01    5.0003400080e+01    1.0000680016e+02
    3.5300658853e+03    6.1600071807e+03   -9.8119132366e+04   -7.3922653387e-02    3.7708193940e-01    1.4408524997e-01    5.0007937087e+01    5.0007937087e+01    1.0001587417e+02
    3.5473129653e+03    6.1901035414e+03   -9.8087092172e+04    1.3325085226e-01   -3.3705084864e-03   -1.5625322667e-02    5.0020641917e+01    5.0020641917e+01    1.0004128383e+02
    3.5622176210e+03    6.2161123439e+03   -9.8085615337e+04   -9.6837235444e-02   -1.7026900628e-01   -9.5530053484e-02    5.0029477573e+01    5.0029477573e+01    1.0005895515e+02
    3.5568530725e+03    6.2067511426e+03   -9.8105771348e+04   -3.8355017546e-01   -4.8111472006e-01   -2.9623914071e-01    5.0046181043e+01    5.0046181043e+01    1.0009236209e+02
    3.5704711737e+03    6.2305148920e+03   -9.8045235604e+04   -4.6782512731e-01   -5.8228531020e-01   -4.7949372792e-01    5.0069251980e+01    5.0069251980e+01    1.0013850396e+02
    3.5043055886e+03    6.1150551549e+03   -9.8073513288e+04   -3.4637256944e-01   -2.7162365809e-01   -1.5386841882e-01    5.0044405701e+01    5.0044405701e+01    1.0008881140e+02
