    3.4674162026e+03    6.0506827352e+03   -1.0202630469e+05    9.8084507724e-01    1.1336201592e+00    7.2775721089e+00    4.9285276045e+01    4.9285276045e+01    9.8570552091e+01
    3.5717244157e+03    6.2327018143e+03   -1.0228985623e+05   -7.8079442854e-01   -1.0725513792e+00    1.6720423643e+00    4.9352859082e+01    4.9352859082e+01    9.8705718165e+01
    3.5656260414e+03    6.2220600782e+03   -1.0225622839e+05   -5.8324558458e-01   -7.1002834182e-01    2.0598089677e+00    4.9354868236e+01    4.9354868236e+01    9.8709736472e+01
    3.5245254601e+03    6.1503390723e+03   -1.0172829525e+05   -3.1005317176e-01   -4.1274937209e-01    3.6138032022e+00    4.9429624422e+01    4.9429624422e+01    9.8859248844e+01
    3.5622741975e+03    6.2162110706e+03   -1.0199286228e+05   -1.3983082384e+00   -1.0855230691e+00   -1.0107524950e-01    4.9416259419e+01    4.9416259419e+01    9.8832518837e+01
    3.5086391026e+03    6.1226171887e+03   -1.0187499230e+05   -2.0917559461e-01    2.3461339148e-02    3.8670796561e+00    4.9389856199e+01    4.9389856199e+01    9.8779712399e+01
    3.5493743867e+03    6.1937007464e+03   -1.0198182801e+05   -1.1316526632e+00   -1.3236492215e+00    6.9486449238e-01    4.9424254862e+01    4.9424254862e+01    9.8848509724e+01
    3.5471541195e+03    6.1898263536e+03   -1.0203209817e+05   -6.4334691208e-01   -1.0106377381e+00    1.5843606646e+00    4.9397374143e+01    4.9397374143e+01    9.8794748286e+01
    3.5639199595e+03    6.2190829449e+03   -1.0175166512e+05   -6.7599316913e-01   -4.3801195976e-01    2.1489465308e+00    4.9423848332e+01    4.9423848332e+01    9.8847696665e+01
    3.5148300809e+03    6.1334205197e+03   -1.0188624515e+05   -8.5798212481e-01   -9.4678802104e-01    5.0509201170e-01    4.9418126409e+01    4.9418126409e+01    9.8836252817e+01
    3.5446456086e+03    6.1854489722e+03   -1.0189230107e+05   -5.8303124288e-01   -7.5006692274e-01    2.0803274929e+00    4.9412715698e+01    4.9412715698e+01    9.8825431397e+01
    3.5941070458e+03    6.2717597714e+03   -1.0188123958e+05   -1.2829983347e+00   -1.3189254168e+00    4.0523212839e-01    4.9438056351e+01    4.9438056351e+01    9.8876112702e+01
    3.5428035050e+03    6.1822344793e+03   -1.0192217409e+05   -1.1644068366e+00   -1.1569826442e+00    7.3144516591e-01    4.9433149787e+01    4.9433149787e+01    9.8866299574e+01
    3.5994378294e+03    6.2810620526e+03   -1.0175328657e+05   -8.1729966656e-01   -7.3432351497e-01    1.2006331740e+00    4.9433919768e+01    4.9433919768e+01    9.8867839537e+01
    3.5020584366e+03    6.1111338477e+03   -1.0189968253e+05   -7.1523952311e-01   -8.4442990334e-01    4.9621235581e-01    4.9408517622e+01    4.9408517622e+01    9.8817035243e+01
    3.5266257912e+03    6.1540041753e+03   -1.0180317954e+05   -3.1143652686e-01   -5.7277448505e-01    1.9024139234e+00    4.9404726673e+01    4.9404726673e+01    9.8809453347e+01
    3.5553700191e+03    6.2041631967e+03   -1.0187630202e+05   -6.9497283940e-01   -5.8025517312e-01    7.3502217146e-01    4.9403048165e+01    4.9403048165e+01    9.8806096329e+01
    3.5458889559e+03    6.1876186280e+03   -1.0184754420e+05   -6.1972855674e-01   -4.7092871424e-01    9.3871729498e-01    4.9399494352e+01    4.9399494352e+01    9.8798988704e+01
    3.5392804693e+03    6.1760867399e+03   -1.0180584275e+05   -5.7946999639e-01   -6.5664269396e-01    1.2150087485e+00    4.9412173294e+01    4.9412173294e+01    9.8824346589e+01
    3.5158935612e+03    6.1352763056e+03   -1.0180395379e+05   -7.5774184697e-01   -5.2607806191e-01    5.7699829439e-01    4.9415065630e+01    4.9415065630e+01    9.8830131260e+01
    3.5966786601e+03    6.2762472691e+03   -1.0187958319e+05   -6.7273821019e-01   -7.3293762314e-01    1.1300301756e+00    4.9408486131e+01    4.9408486131e+01    9.8816972263e+01
    3.5352469652e+03    6.1690482269e+03   -1.0188158115e+05   -7.4050956805e-01   -8.6890586997e-01    9.8438837015e-01    4.9401389398e+01    4.9401389398e+01    9.8802778797e+01
    3.5374611645e+03    6.1729120312e+03   -1.0190294792e+05   -4.5495168204e-01   -7.5089674679e-01    7.6871334402e-01    4.9399433577e+01    4.9399433577e+01    9.8798867154e+01
    3.5663176280e+03    6.2232669050e+03   -1.0185593010e+05   -4.8852620248e-01   -4.8985767971e-01    1.2274958535e+00    4.9391647112e+01    4.9391647112e+01    9.8783294225e+01
    3.5676091591e+03    6.2255206424e+03   -1.0193350182e+05   -3.5318863840e-01   -5.2125155046e-01    1.0660870646e+00    4.9368280982e+01    4.9368280982e+01    9.8736561964e+01
    3.5143988179e+03    6.1326679607e+03   -1.0186763426e+05   -3.0660012870e-01   -4.6123743666e-01    1.3658481148e+00    4.9381996321e+01    4.9381996321e+01    9.8763992642e+01
    3.5261855317e+03    6.1532359171e+03   -1.0189786274e+05   -3.9018997930e-01   -5.0555134659e-01    9.7142672008e-01    4.9383159571e+01    4.9383159571e+01    9.8766319142e+01
    3.5882922607e+03    6.2616129020e+03   -1.0197159222e+05   -2.1383035796e-01   -2.3639553251e-01    1.2391765135e+00    4.9359590759e+01    4.9359590759e+01    9.8719181518e+01
    3.5421783687e+03    6.1811436090e+03   -1.0195382462e+05   -7.4488546326e-02   -1.5785626009e-01    1.4116048531e+00    4.9350340593e+01    4.9350340593e+01    9.8700681187e+01
    3.5493862840e+03    6.1937215074e+03   -1.0198520381e+05   -4.2222932786e-01   -1.8052127779e-01    1.0842920569e+00    4.9351501312e+01    4.9351501312e+01    9.8703002624e+01
    3.5309205191e+03    6.1614985269e+03   -1.0187662003e+05    1.2219148861e-01   -1.7764701699e-05    1.5457630670e+00    4.9358298898e+01    4.9358298898e+01    9.8716597796e+01
    3.5402842220e+03    6.1778383003e+03   -1.0191183241e+05   -1.2542887531e-01   -1.9234473584e-01    1.2469878050e+00    4.9358684972e+01    4.9358684972e+01    9.8717369944e+01
    3.5271541806e+03    6.1549262210e+03   -1.0195999983e+05   -4.7132966321e-01   -5.2462996917e-01    9.1102113654e-01    4.9371493401e+01    4.9371493401e+01    9.8742986802e+01
    3.5471452897e+03    6.1898109455e+03   -1.0191509223e+05   -3.8389312808e-01   -4.4658244851e-01    1.2304516813e+00    4.9375840668e+01    4.9375840668e+01    9.8751681337e+01
    3.5696007148e+03    6.2289959309e+03   -1.0181893627e+05   -6.9387785814e-01   -5.8124428203e-01    7.4658536482e-01    4.9402594690e+01    4.9402594690e+01    9.8805189379e+01
    3.5103337026e+03    6.1255742859e+03   -1.0177531545e+05   -4.1341863685e-01   -3.5844558897e-01    8.9948014871e-01    4.9404554377e+01    4.9404554377e+01    9.8809108754e+01
    3.5773692019e+03    6.2425520337e+03   -1.0178723261e+05   -7.7363680569e-01   -6.5410881929e-01    4.6741271154e-01    4.9417603923e+01    4.9417603923e+01    9.8835207845e+01
    3.5645231066e+03    6.2201354438e+03   -1.0195429381e+05   -8.6741193998e-01   -8.5239470747e-01    5.3175526704e-01    4.9401605237e+01    4.9401605237e+01    9.8803210474e+01
    3.5422806954e+03    6.1813221703e+03   -1.0190331829e+05   -5.7629001507e-01   -5.4976796402e-01    7.2658211854e-01    4.9390869929e+01    4.9390869929e+01    9.8781739857e+01
    3.4740770537e+03    6.0623060000e+03   -1.0196079023e+05   -4.5586333413e-01   -5.4249337890e-01    6.4951226249e-01    4.9383575941e+01    4.9383575941e+01    9.8767151882e+01
    3.5417860446e+03    6.1804589987e+03   -1.0200534767e+05   -3.3427649773e-01   -2.9157839448e-01    7.8934440667e-01    4.9366379564e+01    4.9366379564e+01    9.8732759128e+01
    3.5334659963e+03    6.1659404150e+03   -1.0195618500e+05   -4.7766825213e-01   -8.0111378601e-01    4.3189293737e-01    4.9385818069e+01    4.9385818069e+01    9.8771636139e+01
    3.5300368789e+03    6.1599565641e+03   -1.0205841020e+05   -1.5444614568e-01   -3.1188277165e-01    8.6621857604e-01    4.9351320275e+01    4.9351320275e+01    9.8702640550e+01
    3.5132384799e+03    6.1306431570e+03   -1.0212213412e+05   -1.2028607922e-01    1.1995779897e-01    1.2326242073e+00    4.9318160227e+01    4.9318160227e+01    9.8636320455e+01
    3.5504427488e+03    6.1955650511e+03   -1.0204772607e+05    3.4009184932e-01    2.3255063367e-02    1.1897158282e+00    4.9321622977e+01    4.9321622977e+01    9.8643245954e+01
    3.5508902696e+03    6.1963459803e+03   -1.0210354874e+05   -8.7549241980e-02   -1.8568528393e-01    1.2175716116e+00    4.9332383103e+01    4.9332383103e+01    9.8664766205e+01
    3.5758323197e+03    6.2398701559e+03   -1.0198363255e+05   -3.9508620059e-01   -4.0595022842e-01    6.6102339781e-01    4.9363373093e+01    4.9363373093e+01    9.8726746185e+01
    3.5556234330e+03    6.2046054070e+03   -1.0208806364e+05   -2.7940872148e-01   -4.6227388017e-01    1.0197865462e+00    4.9347655617e+01    4.9347655617e+01    9.8695311234e+01
    3.5618488658e+03    6.2154688616e+03   -1.0202829030e+05   -6.6158833812e-01   -5.9664862061e-01    6.7582254484e-01    4.9369175990e+01    4.9369175990e+01    9.8738351979e+01
    3.5325564697e+03    6.1643532802e+03   -1.0203292469e+05   -8.6906086044e-01   -8.6576850479e-01    3.8634519239e-01    4.9381975773e+01    4.9381975773e+01    9.8763951546e+01
    3.5494590794e+03    6.1938485362e+03   -1.0209540491e+05   -3.0802460058e-01   -4.0511171070e-01    1.1091201014e+00    4.9341652310e+01    4.9341652310e+01    9.8683304620e+01
    3.5184596927e+03    6.1397542358e+03   -1.0210267974e+05   -2.6840968172e-01    3.9065700121e-02    9.1630956999e-01    4.9327975076e+01    4.9327975076e+01    9.8655950153e+01
    3.5565538965e+03    6.2062290768e+03   -1.0215175129e+05   -4.3153376851e-01   -2.9268225256e-01    9.8676063439e-01    4.9335712533e+01    4.9335712533e+01    9.8671425066e+01
    3.5524974702e+03    6.1991505645e+03   -1.0222500435e+05   -6.0766241322e-01   -6.5695793154e-01    4.3458346205e-01    4.9340448262e+01    4.9340448262e+01    9.8680896525e+01
    3.5630603360e+03    6.2175828917e+03   -1.0217229087e+05   -3.8911823049e-01   -6.9161461037e-01    6.6951896733e-01    4.9344915600e+01    4.9344915600e+01    9.8689831200e+01
    3.5474857319e+03    6.1904050213e+03   -1.0212557861e+05   -6.9451254763e-01   -5.3423697732e-01    7.8047776929e-01    4.9352910631e+01    4.9352910631e+01    9.8705821263e+01
    3.5727208855e+03    6.2344406660e+03   -1.0216532503e+05   -8.2821805981e-01   -6.3273899610e-01    5.3736478025e-01    4.9353087329e+01    4.9353087329e+01    9.8706174658e+01
    3.5692659761e+03    6.2284118078e+03   -1.0211715455e+05   -6.9031750652e-01   -8.6221862999e-01    7.0558007309e-01    4.9362127472e+01    4.9362127472e+01    9.8724254944e+01
    3.5837426610e+03    6.2536737961e+03   -1.0217413093e+05   -7.5155506864e-01   -7.1686443634e-01    3.8721444890e-01    4.9359465095e+01    4.9359465095e+01    9.8718930190e+01
    3.5641180301e+03    6.2194285805e+03   -1.0216845617e+05   -3.4482758598e-01   -1.3229796010e-01    1.0392762821e+00    4.9321055611e+01    4.9321055611e+01    9.8642111222e+01
    3.4829425471e+03    6.0777763920e+03   -1.0227486476e+05   -2.9164317517e-01   -1.9446823898e-01    1.2097120130e+00    4.9303572555e+01    4.9303572555e+01    9.8607145110e+01
    3.5213420198e+03    6.1447839309e+03   -1.0222026720e+05   -7.9871426575e-02   -2.8887849723e-01    9.9714100494e-01    4.9315019495e+01    4.9315019495e+01    9.8630038991e+01
    3.5361478429e+03    6.1706202694e+03   -1.0229908141e+05   -4.6405891664e-02   -5.0496735099e-02    1.1415908402e+00    4.9299813511e+01    4.9299813511e+01    9.8599627023e+01
    3.5462869451e+03    6.1883131240e+03   -1.0214929140e+05   -1.1166650317e-01    2.7878902573e-02    1.0690358617e+00    4.9317610269e+01    4.9317610269e+01    9.8635220539e+01
    3.5472127343e+03    6.1899286371e+03   -1.0225184023e+05   -3.6236867508e-01   -3.6857997900e-01    9.2728543059e-01    4.9314537665e+01    4.9314537665e+01    9.8629075330e+01
    3.5588761576e+03    6.2102814502e+03   -1.0225096840e+05   -2.1488791049e-01   -1.7716629207e-01    1.0320587525e+00    4.9312397706e+01    4.9312397706e+01    9.8624795413e+01
    3.5399095100e+03    6.1771844234e+03   -1.0210595646e+05   -4.2528637865e-01   -1.5918067365e-01    8.9278829440e-01    4.9339504232e+01    4.9339504232e+01    9.8679008465e+01
    3.5210419933e+03    6.1442603812e+03   -1.0202118599e+05   -2.6125509581e-01   -3.1978963398e-01    1.0006691948e+00    4.9356935944e+01    4.9356935944e+01    9.8713871888e+01
    3.5438818537e+03    6.1841162106e+03   -1.0192246667e+05   -1.9421547108e-01   -4.5731836450e-01    9.7440101803e-01    4.9372748795e+01    4.9372748795e+01    9.8745497589e+01
    3.5297005351e+03    6.1593696401e+03   -1.0205505028e+05   -6.2840409410e-01   -2.3323319454e-01    9.1673914928e-01    4.9353545735e+01    4.9353545735e+01    9.8707091471e+01
    3.5763737202e+03    6.2408149063e+03   -1.0193037311e+05   -5.0925771179e-01   -4.8377388395e-01    7.5719568606e-01    4.9379109093e+01    4.9379109093e+01    9.8758218187e+01
    3.5287520043e+03    6.1577144426e+03   -1.0191779074e+05   -4.9221797191e-01   -5.1771716793e-01    9.9349696390e-01    4.9375585909e+01    4.9375585909e+01    9.8751171818e+01
    3.5357838677e+03    6.1699851282e+03   -1.0206946143e+05   -5.6102785587e-01   -4.5426856191e-01    5.7345226031e-01    4.9362083936e+01    4.9362083936e+01    9.8724167873e+01
    3.5327176268e+03    6.1646345013e+03   -1.0200965734e+05   -2.5623863533e-01   -4.5935090318e-01    7.0966980564e-01    4.9363456530e+01    4.9363456530e+01    9.8726913059e+01
    3.5191175060e+03    6.1409021279e+03   -1.0201577549e+05   -1.8768517176e-01   -6.2366958200e-01    7.8791924583e-01    4.9362010492e+01    4.9362010492e+01    9.8724020984e+01
    3.5014873360e+03    6.1101372703e+03   -1.0194231373e+05   -2.3280875846e-01   -1.9072569843e-01    1.1012324396e+00    4.9357962220e+01    4.9357962220e+01    9.8715924439e+01
    3.5567486689e+03    6.2065689571e+03   -1.0201166694e+05   -4.4315700799e-01   -4.8243332567e-01    6.9469917455e-01    4.9361791809e+01    4.9361791809e+01    9.8723583617e+01
    3.5694812867e+03    6.2287875274e+03   -1.0209325460e+05   -3.9511164675e-01   -4.1868621281e-01    8.1627021578e-01    4.9350591461e+01    4.9350591461e+01    9.8701182922e+01
    3.6120802373e+03    6.3031232055e+03   -1.0215080061e+05   -8.2689846840e-01   -8.2930722095e-01    4.2065913693e-01    4.9360335072e+01    4.9360335072e+01    9.8720670143e+01
    3.5314312523e+03    6.1623897624e+03   -1.0211109682e+05   -4.2199761085e-01   -5.6295862880e-01    5.4234777353e-01    4.9352496929e+01    4.9352496929e+01    9.8704993857e+01
    3.5389092789e+03    6.1754390083e+03   -1.0216859284e+05   -4.6744832609e-01   -4.8676236702e-01    8.2923664915e-01    4.9337404463e+01    4.9337404463e+01    9.8674808926e+01
    3.5528521313e+03    6.1997694524e+03   -1.0222376528e+05   -5.7700109771e-01   -5.0906113140e-01    8.1248211637e-01    4.9334134563e+01    4.9334134563e+01    9.8668269125e+01
    3.5420602723e+03    6.1809375293e+03   -1.0212337803e+05   -4.3490032619e-01   -3.1017321077e-01    6.5008622039e-01    4.9345379072e+01    4.9345379072e+01    9.8690758143e+01
    3.5059691732e+03    6.1179581299e+03   -1.0227954221e+05   -7.1866626952e-01   -6.3299585372e-01    6.5828631780e-01    4.9329339524e+01    4.9329339524e+01    9.8658679048e+01
    3.5411360658e+03    6.1793247779e+03   -1.0227724380e+05   -6.5183726523e-01   -4.9449707264e-01    5.6233164548e-01    4.9327977043e+01    4.9327977043e+01    9.8655954085e+01
    3.5441797009e+03    6.1846359576e+03   -1.0223195179e+05   -1.8324076483e-01    8.0469905485e-02    8.2692222379e-01    4.9305247125e+01    4.9305247125e+01    9.8610494251e+01
    3.5851121331e+03    6.2560635412e+03   -1.0230735959e+05   -5.1776348801e-01   -2.6832549850e-01    1.0138400390e+00    4.9308292715e+01    4.9308292715e+01    9.8616585430e+01
    3.5472580079e+03    6.1900076401e+03   -1.0226435270e+05   -2.6150972389e-01   -3.2004674247e-01    1.0327817778e+00    4.9311615010e+01    4.9311615010e+01    9.8623230020e+01
    3.5534720032e+03    6.2008511362e+03   -1.0224969967e+05   -2.3214260983e-01   -1.7290757831e-01    8.6779244671e-01    4.9310559095e+01    4.9310559095e+01    9.8621118190e+01
    3.5928676187e+03    6.2695969563e+03   -1.0221134996e+05   -2.9133933561e-01   -2.4342889164e-01    1.2540195241e+00    4.9312514033e+01    4.9312514033e+01    9.8625028065e+01
    3.5735932835e+03    6.2359630110e+03   -1.0219300285e+05   -2.8574427387e-01   -3.2612702249e-02    1.1757692592e+00    4.9310467006e+01    4.9310467006e+01    9.8620934012e+01
    3.5449498244e+03    6.1859798323e+03   -1.0207698507e+05   -1.8725681352e-01    3.6201979696e-04    1.1336200529e+00    4.9330196810e+01    4.9330196810e+01    9.8660393619e+01
    3.5546322189e+03    6.2028757265e+03   -1.0210883123e+05   -2.3666830681e-01   -1.5218570348e-01    1.0785896736e+00    4.9329964504e+01    4.9329964504e+01    9.8659929007e+01
    3.5112222651e+03    6.1271248381e+03   -1.0213064787e+05   -3.2608539990e-01   -1.6492787905e-01    1.0552304625e+00    4.9324674001e+01    4.9324674001e+01    9.8649348001e+01
    3.5195539472e+03    6.1416637229e+03   -1.0209896950e+05    1.1144453607e-01    1.1975431094e-01    1.2593528637e+00    4.9313730094e+01    4.9313730094e+01    9.8627460189e+01
    3.5490773885e+03    6.1931824811e+03   -1.0226238502e+05   -1.4784271938e-01   -3.2288893105e-01    1.0260054990e+00    4.9305490961e+01    4.9305490961e+01    9.8610981922e+01
    3.5334788515e+03    6.1659628475e+03   -1.0215402491e+05    1.3843934762e-03   -3.5640074480e-01    1.2445364147e+00    4.9316434810e+01    4.9316434810e+01    9.8632869621e+01
    3.5297984191e+03    6.1595404489e+03   -1.0219627714e+05   -2.1986126357e-01   -1.0703090905e-01    8.7135809004e-01    4.9315308877e+01    4.9315308877e+01    9.8630617753e+01
    3.5211524645e+03    6.1444531547e+03   -1.0208711059e+05   -1.3106510826e-01   -1.1410493054e-01    8.4325231076e-01    4.9334903274e+01    4.9334903274e+01    9.8669806548e+01
    3.5416689435e+03    6.1802546560e+03   -1.0214976795e+05   -3.2707623455e-01   -4.7813069661e-01    5.9896464115e-01    4.9340539462e+01    4.9340539462e+01    9.8681078925e+01
    3.5395114099e+03    6.1764897340e+03   -1.0206719750e+05   -3.5228860467e-01   -1.0307442191e-01    8.2828351096e-01    4.9340133035e+01    4.9340133035e+01    9.8680266070e+01
    3.5709901968e+03    6.2314205934e+03   -1.0208896544e+05   -4.2547622193e-01   -4.3338343129e-01    9.1447332130e-01    4.9344715001e+01    4.9344715001e+01    9.8689430002e+01
    3.5201602493e+03    6.1427217274e+03   -1.0203756946e+05   -3.6178797964e-01   -2.8918926768e-01    8.0323758599e-01    4.9354230546e+01    4.9354230546e+01    9.8708461093e+01
    3.5567743792e+03    6.2066138219e+03   -1.0205852183e+05   -7.3260287184e-01   -7.2773581506e-01    5.7604167883e-01    4.9370956714e+01    4.9370956714e+01    9.8741913427e+01
    3.5831407802e+03    6.2526235069e+03   -1.0203202299e+05   -5.3952160402e-01   -7.3250915935e-01    6.0244531835e-01    4.9372653214e+01    4.9372653214e+01    9.8745306428e+01
    3.5745241682e+03    6.2375874158e+03   -1.0207735546e+05   -6.2566310738e-01   -6.7030252064e-01    5.8187953118e-01    4.9366976476e+01    4.9366976476e+01    9.8733952952e+01
    3.5290078086e+03    6.1581608241e+03   -1.0194348484e+05   -2.1728376438e-01   -3.5458307945e-01    8.0481617057e-01    4.9365169596e+01    4.9365169596e+01    9.8730339192e+01
    3.5566471856e+03    6.2063918675e+03   -1.0188412061e+05   -1.7183205764e-01   -5.7632735967e-02    1.1750981157e+00    4.9365318950e+01    4.9365318950e+01    9.8730637899e+01
    3.5548136574e+03    6.2031923389e+03   -1.0207099990e+05   -8.6826998049e-01   -7.3647095234e-01    6.7201775648e-01    4.9368160836e+01    4.9368160836e+01    9.8736321671e+01
    3.5338381464e+03    6.1665898214e+03   -1.0218192569e+05   -4.6206432256e-01   -5.5838338099e-01    7.4612669959e-01    4.9337852174e+01    4.9337852174e+01    9.8675704348e+01
    3.5264573411e+03    6.1537102278e+03   -1.0218413643e+05   -2.2959509426e-01   -4.2774203606e-01    1.0649362900e+00    4.9323695050e+01    4.9323695050e+01    9.8647390100e+01
    3.5055212838e+03    6.1171765574e+03   -1.0202811976e+05   -1.4823464252e-01   -1.6295998665e-01    8.4741635172e-01    4.9343875314e+01    4.9343875314e+01    9.8687750628e+01
    3.5590278464e+03    6.2105461490e+03   -1.0212147844e+05   -1.2146448251e-01   -3.8827871142e-01    1.0623773741e+00    4.9331453814e+01    4.9331453814e+01    9.8662907628e+01
    3.5343502304e+03    6.1674834140e+03   -1.0209881647e+05   -4.8908479558e-01   -4.5659365458e-01    9.2680218626e-01    4.9345194169e+01    4.9345194169e+01    9.8690388338e+01
    3.5335065348e+03    6.1660111552e+03   -1.0203157621e+05   -2.1616642584e-01   -1.4504849177e-01    1.1720161152e+00    4.9342526372e+01    4.9342526372e+01    9.8685052745e+01
    3.5430844517e+03    6.1827247346e+03   -1.0201971121e+05   -5.0880564243e-01   -3.4903824375e-01    9.6450095468e-01    4.9354547183e+01    4.9354547183e+01    9.8709094366e+01
    3.5416855905e+03    6.1802837052e+03   -1.0209201048e+05   -8.2058828050e-01   -6.0635985078e-01    6.4739681873e-01    4.9360658674e+01    4.9360658674e+01    9.8721317349e+01
    3.5279356469e+03    6.1562898891e+03   -1.0205598721e+05   -4.8120779389e-01   -3.4597633722e-01    8.9787967218e-01    4.9358511678e+01    4.9358511678e+01    9.8717023357e+01
    3.5265654256e+03    6.1538988366e+03   -1.0215648644e+05   -6.5048918578e-01   -4.6397103702e-01    7.1393075341e-01    4.9349032161e+01    4.9349032161e+01    9.8698064322e+01
    3.5285905805e+03    6.1574327560e+03   -1.0212085996e+05    4.8319121256e-02   -1.5350078852e-01    6.8048520811e-01    4.9329137372e+01    4.9329137372e+01    9.8658274744e+01
    3.5310808670e+03    6.1617783358e+03   -1.0221989377e+05   -2.1453924757e-01   -5.4152669662e-01    9.0099789475e-01    4.9324408895e+01    4.9324408895e+01    9.8648817791e+01
    3.5694594145e+03    6.2287493601e+03   -1.0222427727e+05   -6.0696330848e-01   -7.6753117876e-01    8.5336802170e-01    4.9331051417e+01    4.9331051417e+01    9.8662102834e+01
    3.5147394032e+03    6.1332622861e+03   -1.0222666177e+05   -1.3406088200e-01   -4.2883335814e-02    1.0025769688e+00    4.9309987428e+01    4.9309987428e+01    9.8619974857e+01
    3.5607742879e+03    6.2135937103e+03   -1.0222555503e+05   -3.1373951963e-01   -3.0338695680e-01    7.4848135886e-01    4.9324901748e+01    4.9324901748e+01    9.8649803495e+01
    3.5591612597e+03    6.2107789569e+03   -1.0213699513e+05   -3.0876552485e-01   -5.0974484482e-01    1.1174474300e+00    4.9332391710e+01    4.9332391710e+01    9.8664783420e+01
    3.5490462195e+03    6.1931280908e+03   -1.0223351114e+05   -6.5725906177e-01   -7.0179572074e-01    7.6606829398e-01    4.9339450917e+01    4.9339450917e+01    9.8678901834e+01
    3.5338264868e+03    6.1665694751e+03   -1.0220835056e+05   -5.1203235327e-01   -5.7649765495e-01    8.8526280073e-01    4.9333337644e+01    4.9333337644e+01    9.8666675287e+01
    3.5225346812e+03    6.1468651393e+03   -1.0210163288e+05   -3.7801412363e-01   -3.4823815051e-01    9.9961018495e-01    4.9335040845e+01    4.9335040845e+01    9.8670081691e+01
    3.5748989019e+03    6.2382413307e+03   -1.0215214627e+05   -5.1610463083e-01   -5.7791958298e-01    6.2675650472e-01    4.9346113435e+01    4.9346113435e+01    9.8692226869e+01
    3.5387549424e+03    6.1751696892e+03   -1.0210869151e+05   -6.6322455005e-01   -6.1727034152e-01    5.9184013306e-01    4.9357793199e+01    4.9357793199e+01    9.8715586398e+01
    3.5518307670e+03    6.1979871594e+03   -1.0206949511e+05   -4.2858009678e-01   -4.6045408326e-01    7.8067262235e-01    4.9352064986e+01    4.9352064986e+01    9.8704129973e+01
    3.5587644582e+03    6.2100865336e+03   -1.0216726831e+05   -5.5984153165e-01   -4.0138108581e-01    9.9784555249e-01    4.9337958879e+01    4.9337958879e+01    9.8675917758e+01
    3.5053543790e+03    6.1168853065e+03   -1.0211650673e+05   -2.7745726339e-01   -4.3589767166e-01    8.1519224324e-01    4.9338467341e+01    4.9338467341e+01    9.8676934683e+01
    3.5450664126e+03    6.1861832800e+03   -1.0215224877e+05   -3.4472589855e-01   -1.8101203782e-01    8.8626413268e-01    4.9327712040e+01    4.9327712040e+01    9.8655424079e+01
    3.5583754860e+03    6.2094077723e+03   -1.0226759880e+05   -6.0561477773e-02   -3.7614652813e-01    1.2376096808e+00    4.9304528614e+01    4.9304528614e+01    9.8609057227e+01
    3.5461054239e+03    6.1879963672e+03   -1.0223409630e+05   -3.5417718832e-01   -3.8620364330e-01    1.0669185119e+00    4.9321326994e+01    4.9321326994e+01    9.8642653987e+01
    3.5755948433e+03    6.2394557567e+03   -1.0224250559e+05   -2.1417867719e-01   -1.3860730302e-01    1.0212154750e+00    4.9308919188e+01    4.9308919188e+01    9.8617838377e+01
    3.5349551485e+03    6.1685390034e+03   -1.0220918974e+05   -7.1754953080e-01   -6.8270016685e-01    6.6693332864e-01    4.9342158008e+01    4.9342158008e+01    9.8684316016e+01
    3.5280914571e+03    6.1565617799e+03   -1.0223614264e+05   -3.8397473845e-01   -3.3833998514e-01    6.5787995523e-01    4.9321289399e+01    4.9321289399e+01    9.8642578797e+01
    3.5549427016e+03    6.2034175225e+03   -1.0212592375e+05   -8.3198781473e-01   -6.8966705527e-01    5.4600056791e-01    4.9363889016e+01    4.9363889016e+01    9.8727778032e+01
    3.5422391113e+03    6.1812496055e+03   -1.0228830173e+05   -9.1930821795e-01   -1.0833007606e+00    4.1533305221e-01    4.9351237041e+01    4.9351237041e+01    9.8702474082e+01
    3.5298536501e+03    6.1596368277e+03   -1.0227302687e+05   -5.0658733825e-01   -5.6947808980e-01    5.6511417893e-01    4.9331849523e+01    4.9331849523e+01    9.8663699047e+01
    3.5329516621e+03    6.1650428956e+03   -1.0236320460e+05   -8.8596228530e-01   -6.6998947912e-01    4.0423917419e-01    4.9327459879e+01    4.9327459879e+01    9.8654919758e+01
    3.5458702277e+03    6.1875859471e+03   -1.0229420524e+05   -6.6469997451e-01   -5.8193125283e-01    6.9158104499e-01    4.9325227086e+01    4.9325227086e+01    9.8650454172e+01
    3.5728442528e+03    6.2346559435e+03   -1.0226793614e+05   -7.9543752351e-01   -3.8893877928e-01    7.9655889277e-01    4.9330504798e+01    4.9330504798e+01    9.8661009596e+01
    3.5823655021e+03    6.2512706374e+03   -1.0215880327e+05   -6.4366153313e-01   -5.1844916360e-01    5.5024995335e-01    4.9350754034e+01    4.9350754034e+01    9.8701508067e+01
    3.5103375505e+03    6.1255810005e+03   -1.0225190428e+05   -9.7327512289e-01   -9.2169293548e-01    2.9022366952e-01    4.9357135663e+01    4.9357135663e+01    9.8714271326e+01
    3.5519669140e+03    6.1982247376e+03   -1.0216009611e+05   -5.4888670862e-01   -4.7512623665e-01    7.4677336438e-01    4.9350255818e+01    4.9350255818e+01    9.8700511635e+01
    3.5186328931e+03    6.1400564725e+03   -1.0220141272e+05   -7.2197302671e-01   -7.6194329691e-01    7.2371391989e-01    4.9350144437e+01    4.9350144437e+01    9.8700288874e+01
    3.5323878237e+03    6.1640589908e+03   -1.0215052537e+05   -8.8227471007e-01   -7.1538243572e-01    8.0454747561e-01    4.9353619118e+01    4.9353619118e+01    9.8707238236e+01
    3.5453861533e+03    6.1867412314e+03   -1.0226431268e+05   -8.1591935700e-01   -6.7625628481e-01    5.2523268900e-01    4.9338444304e+01    4.9338444304e+01    9.8676888609e+01
    3.5433783112e+03    6.1832375229e+03   -1.0236728966e+05   -7.0219400156e-01   -8.7327371646e-01    4.2525154519e-01    4.9328753746e+01    4.9328753746e+01    9.8657507491e+01
    3.5207089672e+03    6.1436792467e+03   -1.0227833081e+05   -6.6382323407e-01   -4.7935579312e-01    8.8863126586e-01    4.9326405420e+01    4.9326405420e+01    9.8652810840e+01
    3.5390618024e+03    6.1757051636e+03   -1.0225216487e+05   -5.7557586912e-01   -6.6226247826e-01    5.9188117290e-01    4.9336590230e+01    4.9336590230e+01    9.8673180460e+01
    3.5363567062e+03    6.1709847383e+03   -1.0226544023e+05   -3.6178448595e-01   -6.2603075368e-01    8.5619608741e-01    4.9326055888e+01    4.9326055888e+01    9.8652111777e+01
    3.5305600792e+03    6.1608695549e+03   -1.0224830096e+05   -3.1451410112e-01   -3.4633312596e-01    8.4941656375e-01    4.9312759809e+01    4.9312759809e+01    9.8625519618e+01
    3.5289897134e+03    6.1581292477e+03   -1.0224762904e+05   -3.0512592416e-01   -1.2037615307e-01    9.8921742410e-01    4.9307905725e+01    4.9307905725e+01    9.8615811449e+01
    3.5088591177e+03    6.1230011176e+03   -1.0226222796e+05   -6.0096150881e-02   -1.3100515898e-01    1.1812780335e+00    4.9297190999e+01    4.9297190999e+01    9.8594381997e+01
    3.4924585982e+03    6.0943820149e+03   -1.0245034479e+05    4.1758172319e-02   -2.1381793034e-01    9.8394923479e-01    4.9269655361e+01    4.9269655361e+01    9.8539310723e+01
    3.5328488124e+03    6.1648634217e+03   -1.0234783100e+05    2.4320039894e-01    5.2844356439e-02    1.3292223829e+00    4.9270359727e+01    4.9270359727e+01    9.8540719455e+01
    3.5217866601e+03    6.1455598337e+03   -1.0233185043e+05   -2.2969393216e-01    1.1836351039e-02    1.1603152733e+00    4.9289117402e+01    4.9289117402e+01    9.8578234804e+01
    3.5503040309e+03    6.1953229867e+03   -1.0229532904e+05    8.7847014813e-02   -2.8807278976e-02    1.4073236043e+00    4.9285207222e+01    4.9285207222e+01    9.8570414444e+01
    3.6043579313e+03    6.2896476892e+03   -1.0234843628e+05   -3.1409550063e-01   -4.0908429504e-01    1.0990655501e+00    4.9297337633e+01    4.9297337633e+01    9.8594675267e+01
    3.5501610706e+03    6.1950735193e+03   -1.0223210494e+05   -3.5591378740e-01   -1.4738778571e-01    8.7664092655e-01    4.9316612588e+01    4.9316612588e+01    9.8633225175e+01
    3.5742238099e+03    6.2370632871e+03   -1.0220726337e+05   -5.0356469047e-01   -5.0912639898e-01    9.1138668581e-01    4.9326603351e+01    4.9326603351e+01    9.8653206702e+01
    3.5276792500e+03    6.1558424735e+03   -1.0224180768e+05   -2.3587619995e-01   -2.1069084103e-01    7.8431308416e-01    4.9307951673e+01    4.9307951673e+01    9.8615903346e+01
    3.5115878667e+03    6.1277628173e+03   -1.0229220363e+05   -3.5997149601e-01   -3.1924631516e-01    8.9038964116e-01    4.9307825900e+01    4.9307825900e+01    9.8615651800e+01
    3.5309577555e+03    6.1615635048e+03   -1.0225263323e+05   -2.7586765773e-01   -1.9365012238e-01    1.0804695252e+00    4.9310962058e+01    4.9310962058e+01    9.8621924117e+01
    3.5522659700e+03    6.1987465939e+03   -1.0237769902e+05   -2.6367398681e-02   -2.0700925744e-01    1.1177008815e+00    4.9282660538e+01    4.9282660538e+01    9.8565321077e+01
    3.4973497675e+03    6.1029171638e+03   -1.0232055202e+05   -9.8168406178e-03   -1.9538730001e-01    1.2003493934e+00    4.9293045830e+01    4.9293045830e+01    9.8586091660e+01
    3.5243465557e+03    6.1500268821e+03   -1.0234531354e+05    2.7385052977e-02   -1.4836284280e-01    1.2532641889e+00    4.9279668341e+01    4.9279668341e+01    9.8559336681e+01
    3.4808333347e+03    6.0740957910e+03   -1.0230885327e+05    5.3521825276e-02    4.7152767339e-02    1.4717549611e+00    4.9276660953e+01    4.9276660953e+01    9.8553321905e+01
    3.5304629123e+03    6.1606999975e+03   -1.0232255065e+05    8.6841255722e-02    9.4106618265e-02    1.2133461703e+00    4.9284074608e+01    4.9284074608e+01    9.8568149215e+01
    3.5422772517e+03    6.1813161611e+03   -1.0232072443e+05   -3.3557261109e-01   -7.8938970963e-02    1.3078711840e+00    4.9291253302e+01    4.9291253302e+01    9.8582506604e+01
    3.5928408887e+03    6.2695503122e+03   -1.0234076369e+05   -4.6132885740e-01   -4.4274579183e-01    7.1173860510e-01    4.9308372190e+01    4.9308372190e+01    9.8616744379e+01
    3.4988888664e+03    6.1056029098e+03   -1.0231049076e+05    2.5795029193e-01   -3.1945766029e-02    9.8349620641e-01    4.9290359488e+01    4.9290359488e+01    9.8580718976e+01
    3.5769728300e+03    6.2418603600e+03   -1.0222613711e+05   -4.7831337373e-01   -4.1597503329e-01    6.2223050446e-01    4.9326912115e+01    4.9326912115e+01    9.8653824229e+01
    3.5569884154e+03    6.2069873175e+03   -1.0226620657e+05   -5.5574143775e-01   -7.3142748547e-01    7.3486608025e-01    4.9332231640e+01    4.9332231640e+01    9.8664463280e+01
    3.5193821596e+03    6.1413639515e+03   -1.0225501652e+05   -3.1195919280e-01   -4.8113356881e-01    9.8245214730e-01    4.9317389485e+01    4.9317389485e+01    9.8634778970e+01
    3.4783411313e+03    6.0697468664e+03   -1.0230464080e+05   -2.7498841792e-01   -3.6099964200e-01    9.8069138836e-01    4.9309615791e+01    4.9309615791e+01    9.8619231582e+01
    3.5100751678e+03    6.1251231395e+03   -1.0242253220e+05   -3.9782211656e-01   -2.5627966207e-01    7.3645176474e-01    4.9291789609e+01    4.9291789609e+01    9.8583579219e+01
    3.5619161978e+03    6.2155863569e+03   -1.0240962067e+05    8.4869539369e-02    1.6397991690e-02    1.1682915735e+00    4.9267168798e+01    4.9267168798e+01    9.8534337596e+01
    3.5577325560e+03    6.2082858517e+03   -1.0241484954e+05   -3.4817931550e-01   -1.2308365622e-01    1.2612665293e+00    4.9276669049e+01    4.9276669049e+01    9.8553338098e+01
    3.5954253420e+03    6.2740602141e+03   -1.0242422837e+05   -3.6357519214e-01   -2.9846555696e-01    7.6687064926e-01    4.9290244303e+01    4.9290244303e+01    9.8580488605e+01
    3.5234776338e+03    6.1485106029e+03   -1.0242694710e+05   -7.8038446995e-02    1.5442128657e-01    1.2937336530e+00    4.9266385258e+01    4.9266385258e+01    9.8532770517e+01
    3.5559611147e+03    6.2051946656e+03   -1.0251567096e+05   -1.6713928526e-01   -1.4423680594e-01    1.1129375101e+00    4.9259920451e+01    4.9259920451e+01    9.8519840901e+01
    3.5882362326e+03    6.2615151322e+03   -1.0252600412e+05   -2.9658124638e-01   -3.6212946688e-01    1.1083833885e+00    4.9270969306e+01    4.9270969306e+01    9.8541938613e+01
    3.4997598339e+03    6.1071227586e+03   -1.0253239944e+05   -6.0978298653e-01   -7.5702018792e-01    5.6347472789e-01    4.9287590110e+01    4.9287590110e+01    9.8575180220e+01
    3.5896905200e+03    6.2640528811e+03   -1.0257667830e+05   -7.7592902259e-01   -6.0444040013e-01    5.7475791673e-01    4.9285043617e+01    4.9285043617e+01    9.8570087233e+01
    3.5437585600e+03    6.1839010617e+03   -1.0250771351e+05   -3.3034351717e-01   -3.8702052144e-01    7.4255203605e-01    4.9278169372e+01    4.9278169372e+01    9.8556338745e+01
    3.5168704914e+03    6.1369810604e+03   -1.0247951242e+05   -3.8099817483e-01   -5.1397236191e-01    7.1394448044e-01    4.9289830035e+01    4.9289830035e+01    9.8579660071e+01
    3.4756684574e+03    6.0650830185e+03   -1.0248736841e+05   -3.6270361253e-01   -4.3074198955e-01    7.2633031765e-01    4.9284704178e+01    4.9284704178e+01    9.8569408356e+01
    3.5339231046e+03    6.1667380743e+03   -1.0253355794e+05   -4.9651293874e-01   -2.8631449787e-01    8.3798400803e-01    4.9275275046e+01    4.9275275046e+01    9.8550550093e+01
    3.5259430309e+03    6.1528127505e+03   -1.0252938308e+05   -1.6477673703e-01   -3.3176679677e-01    9.6568668555e-01    4.9266763343e+01    4.9266763343e+01    9.8533526687e+01
    3.5111499970e+03    6.1269987294e+03   -1.0262330164e+05   -2.0374166893e-01   -4.1540036820e-01    1.0381850660e+00    4.9251819480e+01    4.9251819480e+01    9.8503638960e+01
    3.5545221483e+03    6.2026836519e+03   -1.0250801356e+05   -3.7082882887e-01   -2.4840572526e-01    7.8343953460e-01    4.9273511109e+01    4.9273511109e+01    9.8547022218e+01
    3.5471716624e+03    6.1898569662e+03   -1.0262554337e+05   -2.9800452004e-01   -3.6201347495e-01    8.5532174732e-01    4.9254745784e+01    4.9254745784e+01    9.8509491568e+01
    3.5318887798e+03    6.1631881534e+03   -1.0264580068e+05   -3.6420773395e-01   -3.4568828397e-01    8.3523617025e-01    4.9251199105e+01    4.9251199105e+01    9.8502398210e+01
    3.5521716884e+03    6.1985820713e+03   -1.0259494508e+05   -3.1639676457e-01   -4.0081563355e-01    8.1831391150e-01    4.9264084044e+01    4.9264084044e+01    9.8528168089e+01
    3.5269329523e+03    6.1545401751e+03   -1.0259442753e+05   -2.5609355396e-01   -2.6651243764e-01    6.9249346981e-01    4.9265919204e+01    4.9265919204e+01    9.8531838408e+01
    3.5315068133e+03    6.1625216173e+03   -1.0262429857e+05   -5.3066502921e-01   -5.2584121887e-01    8.0081118018e-01    4.9266912521e+01    4.9266912521e+01    9.8533825043e+01
    3.4920559672e+03    6.0936794191e+03   -1.0262921315e+05   -4.4414766014e-01   -4.5767852596e-01    9.2366492210e-01    4.9258431625e+01    4.9258431625e+01    9.8516863250e+01
    3.5415470399e+03    6.1800419327e+03   -1.0260465703e+05   -2.9341226012e-01   -3.0979381472e-01    9.1353244721e-01    4.9256631705e+01    4.9256631705e+01    9.8513263410e+01
    3.5618056902e+03    6.2153935197e+03   -1.0265799969e+05   -5.3744942523e-01   -4.8173370867e-01    7.6122832022e-01    4.9260016165e+01    4.9260016165e+01    9.8520032329e+01
    3.5387475265e+03    6.1751567484e+03   -1.0254929616e+05   -6.0183586447e-01   -5.4249988159e-01    6.6266779970e-01    4.9286755213e+01    4.9286755213e+01    9.8573510426e+01
    3.5600516166e+03    6.2123326402e+03   -1.0251390812e+05   -5.8843811255e-01   -5.7384684241e-01    5.6349801303e-01    4.9292145593e+01    4.9292145593e+01    9.8584291187e+01
    3.5320967788e+03    6.1635511140e+03   -1.0253770836e+05   -5.4253347880e-01   -4.8635691561e-01    6.8310603103e-01    4.9281898347e+01    4.9281898347e+01    9.8563796695e+01
    3.5574521270e+03    6.2077964999e+03   -1.0261931859e+05   -3.9425612603e-01   -3.4724525800e-01    8.2949202214e-01    4.9260443322e+01    4.9260443322e+01    9.8520886645e+01
    3.5027539583e+03    6.1123475414e+03   -1.0264504355e+05   -2.4398736348e-01   -3.6409782031e-02    9.9031973350e-01    4.9243729359e+01    4.9243729359e+01    9.8487458717e+01
    3.5315727939e+03    6.1626367541e+03   -1.0250284059e+05   -3.3504275758e-01   -9.9753711063e-02    9.2544757437e-01    4.9272151255e+01    4.9272151255e+01    9.8544302509e+01
    3.5411008886e+03    6.1792633933e+03   -1.0267181925e+05   -2.8444617209e-01   -4.6476749084e-01    7.0333243881e-01    4.9253652018e+01    4.9253652018e+01    9.8507304036e+01
    3.5543167872e+03    6.2023252945e+03   -1.0260951372e+05   -5.1941325759e-01   -6.4223246276e-01    7.7536784661e-01    4.9269345176e+01    4.9269345176e+01    9.8538690352e+01
    3.5422481712e+03    6.1812654151e+03   -1.0261675361e+05   -2.3286677419e-01   -2.3093457542e-01    7.9022295922e-01    4.9261345865e+01    4.9261345865e+01    9.8522691729e+01
    3.5531423829e+03    6.2002759449e+03   -1.0259597034e+05   -4.1463569843e-02    1.0069743450e-02    9.4385502845e-01    4.9254449926e+01    4.9254449926e+01    9.8508899852e+01
    3.5395574114e+03    6.1765700072e+03   -1.0265050778e+05   -4.1967439506e-01   -4.6377520460e-01    7.4152063742e-01    4.9264351840e+01    4.9264351840e+01    9.8528703681e+01
    3.5672018418e+03    6.2248098687e+03   -1.0260108639e+05   -1.9288718886e-01   -3.5071427435e-01    9.7795358673e-01    4.9250731248e+01    4.9250731248e+01    9.8501462496e+01
    3.5735161311e+03    6.2358283791e+03   -1.0262944567e+05   -3.6086619085e-01   -4.6867666685e-01    7.3076902800e-01    4.9258504028e+01    4.9258504028e+01    9.8517008056e+01
    3.5558745691e+03    6.2050436424e+03   -1.0260682676e+05   -1.4435041947e-01   -7.6399385452e-02    1.2271310947e+00    4.9242956566e+01    4.9242956566e+01    9.8485913133e+01
    3.5447449940e+03    6.1856224008e+03   -1.0242063507e+05    9.1755385127e-02    2.0304633386e-01    1.0874823959e+00    4.9265737920e+01    4.9265737920e+01    9.8531475841e+01
    3.5373862933e+03    6.1727813802e+03   -1.0266026143e+05   -3.0465236091e-01   -2.1137650560e-01    9.5608402183e-01    4.9248638318e+01    4.9248638318e+01    9.8497276635e+01
    3.5453348826e+03    6.1866517634e+03   -1.0260336828e+05   -1.2405434552e-01   -3.3404031982e-01    1.0779092510e+00    4.9251387241e+01    4.9251387241e+01    9.8502774481e+01
    3.5340986260e+03    6.1670443614e+03   -1.0260944328e+05   -2.3892420680e-01   -4.1624001300e-01    9.4187000488e-01    4.9255533572e+01    4.9255533572e+01    9.8511067145e+01
    3.5401314599e+03    6.1775717286e+03   -1.0267455213e+05   -5.9707503789e-01   -3.7416132554e-01    6.8036990081e-01    4.9261174662e+01    4.9261174662e+01    9.8522349324e+01
    3.5240505348e+03    6.1495103221e+03   -1.0260875769e+05   -4.4569388369e-01   -7.1800718130e-01    6.3340397335e-01    4.9273865714e+01    4.9273865714e+01    9.8547731427e+01
    3.5747564487e+03    6.2379927482e+03   -1.0256153323e+05   -1.4300625704e-01   -2.9907123298e-01    1.0031556949e+00    4.9260751022e+01    4.9260751022e+01    9.8521502043e+01
    3.5167210774e+03    6.1367203312e+03   -1.0253780035e+05   -6.6281108733e-01   -5.9916325751e-01    3.8382055712e-01    4.9291694280e+01    4.9291694280e+01    9.8583388559e+01
    3.5384372453e+03    6.1746153040e+03   -1.0256406179e+05   -6.7224212282e-01   -6.9055687930e-01    8.0419991240e-01    4.9287551025e+01    4.9287551025e+01    9.8575102049e+01
    3.5422293209e+03    6.1812325211e+03   -1.0272077611e+05   -5.5253310599e-01   -6.1333240103e-01    6.9092305832e-01    4.9259046900e+01    4.9259046900e+01    9.8518093799e+01
    3.5400088035e+03    6.1773576918e+03   -1.0264235049e+05   -5.3969007682e-01   -4.4465603869e-01    8.9589355880e-01    4.9263288860e+01    4.9263288860e+01    9.8526577720e+01
    3.5288891010e+03    6.1579536779e+03   -1.0261773625e+05   -4.7640078469e-02   -2.6535260172e-01    8.9786359759e-01    4.9254152111e+01    4.9254152111e+01    9.8508304221e+01
    3.5468475988e+03    6.1892914713e+03   -1.0255649032e+05   -4.5474894387e-01   -5.5208177635e-01    6.9851216134e-01    4.9276131384e+01    4.9276131384e+01    9.8552262769e+01
    3.5199605289e+03    6.1423732129e+03   -1.0256201893e+05   -3.5091876240e-01   -2.1716311446e-01    8.8753800767e-01    4.9268860713e+01    4.9268860713e+01    9.8537721427e+01
    3.5206596036e+03    6.1435931066e+03   -1.0262011164e+05   -3.4668269450e-01   -4.2728990027e-01    4.7151443496e-01    4.9269639568e+01    4.9269639568e+01    9.8539279136e+01
    3.5821243384e+03    6.2508498037e+03   -1.0262565017e+05   -6.8142635123e-01   -8.0253723846e-01    6.3045954718e-01    4.9277128785e+01    4.9277128785e+01    9.8554257571e+01
    3.5327597424e+03    6.1647079935e+03   -1.0261337346e+05   -5.1489787348e-01   -5.6284063887e-01    8.1109409646e-01    4.9272231977e+01    4.9272231977e+01    9.8544463954e+01
    3.5178852307e+03    6.1387517927e+03   -1.0253280548e+05   -6.2192768301e-01   -5.2976545493e-01    3.2195528441e-01    4.9286277089e+01    4.9286277089e+01    9.8572554179e+01
    3.5303782285e+03    6.1605522232e+03   -1.0260721851e+05   -6.0679116464e-01   -7.9315138079e-01    6.5892029287e-01    4.9281296238e+01    4.9281296238e+01    9.8562592475e+01
    3.5559661491e+03    6.2052034506e+03   -1.0265065383e+05   -4.9752582907e-01   -5.3516447738e-01    6.9956645250e-01    4.9264041907e+01    4.9264041907e+01    9.8528083815e+01
    3.5552915397e+03    6.2040262492e+03   -1.0256560233e+05   -2.7468923625e-01   -4.6063867359e-01    5.7954965990e-01    4.9274343844e+01    4.9274343844e+01    9.8548687688e+01
    3.5732931973e+03    6.2354393569e+03   -1.0237822896e+05   -7.0433707856e-01   -4.5273348989e-01    7.3808300926e-01    4.9312493915e+01    4.9312493915e+01    9.8624987830e+01
    3.5899699331e+03    6.2645404603e+03   -1.0241518132e+05   -9.4101364877e-01   -9.9119134243e-01    3.8814156586e-01    4.9329966214e+01    4.9329966214e+01    9.8659932428e+01
    3.5697320604e+03    6.2292251305e+03   -1.0240808370e+05   -8.7113073985e-01   -6.0007152345e-01    4.9562278124e-01    4.9314955822e+01    4.9314955822e+01    9.8629911644e+01
    3.5403110599e+03    6.1778851328e+03   -1.0233578173e+05   -7.6145224630e-01   -6.3595731898e-01    5.7833831876e-01    4.9327752551e+01    4.9327752551e+01    9.8655505102e+01
    3.5966839902e+03    6.2762565703e+03   -1.0249718119e+05   -9.5905461547e-01   -9.7933053062e-01    2.5360006972e-01    4.9316760767e+01    4.9316760767e+01    9.8633521535e+01
    3.5824947082e+03    6.2514961034e+03   -1.0259885136e+05   -8.1464118094e-01   -9.7005758963e-01    4.3278992145e-01    4.9298359926e+01    4.9298359926e+01    9.8596719853e+01
    3.5643896532e+03    6.2199025661e+03   -1.0244877298e+05   -2.4992518897e-01   -3.8152835010e-01    1.0107829795e+00    4.9285222961e+01    4.9285222961e+01    9.8570445923e+01
    3.5516269200e+03    6.1976314440e+03   -1.0251864833e+05   -4.9002195897e-01   -3.9730286347e-01    6.8611310108e-01    4.9281977800e+01    4.9281977800e+01    9.8563955601e+01
    3.5301895057e+03    6.1602228997e+03   -1.0248723021e+05   -4.4330437244e-01   -4.8970236214e-01    7.8761574720e-01    4.9286709725e+01    4.9286709725e+01    9.8573419451e+01
    3.5460562620e+03    6.1879105792e+03   -1.0249853230e+05   -4.5290276543e-01   -6.6134702658e-01    5.6317905193e-01    4.9292866582e+01    4.9292866582e+01    9.8585733163e+01
    3.5527897435e+03    6.1996605848e+03   -1.0247830393e+05   -6.5875844627e-01   -6.6194487847e-01    7.1628584908e-01    4.9295548982e+01    4.9295548982e+01    9.8591097964e+01
    3.5690272446e+03    6.2279952185e+03   -1.0249411522e+05   -8.4298463388e-01   -7.4653225683e-01    4.0100871183e-01    4.9310216063e+01    4.9310216063e+01    9.8620432127e+01
    3.5022624524e+03    6.1114898578e+03   -1.0250169175e+05   -4.3544393721e-01   -6.1848876997e-01    8.6069864342e-01    4.9283402371e+01    4.9283402371e+01    9.8566804741e+01
    3.5479290223e+03    6.1911785683e+03   -1.0242487553e+05   -7.5135319215e-01   -6.4824379391e-01    8.3640546365e-01    4.9303992107e+01    4.9303992107e+01    9.8607984215e+01
    3.5612731689e+03    6.2144642636e+03   -1.0246454296e+05   -8.9808353132e-01   -9.8097787983e-01    4.4776753159e-01    4.9317686541e+01    4.9317686541e+01    9.8635373082e+01
    3.5342850122e+03    6.1673696074e+03   -1.0239672144e+05   -9.9484311669e-01   -8.2064200946e-01    2.6007378591e-01    4.9331741620e+01    4.9331741620e+01    9.8663483240e+01
    3.5123885305e+03    6.1291599851e+03   -1.0235848150e+05   -6.5204532931e-01   -6.5817430353e-01    8.3686139015e-01    4.9312336181e+01    4.9312336181e+01    9.8624672361e+01
    3.5466631609e+03    6.1889696251e+03   -1.0243892080e+05   -5.6770172485e-01   -6.8685737947e-01    7.5529847601e-01    4.9302293360e+01    4.9302293360e+01    9.8604586721e+01
    3.5278677412e+03    6.1561713928e+03   -1.0239690774e+05   -5.7549904057e-01   -4.5490565819e-01    4.8708668366e-01    4.9308692165e+01    4.9308692165e+01    9.8617384330e+01
    3.5272717700e+03    6.1551314160e+03   -1.0238117212e+05   -5.2575286578e-01   -4.5643871713e-01    7.5334380063e-01    4.9305524994e+01    4.9305524994e+01    9.8611049989e+01
    3.5245529103e+03    6.1503869733e+03   -1.0238871676e+05   -1.0145363817e-01   -1.3909744271e-01    1.2226868304e+00    4.9283687838e+01    4.9283687838e+01    9.8567375675e+01
    3.5646973114e+03    6.2204394333e+03   -1.0236641617e+05   -4.0430230932e-01   -2.9750797720e-01    9.4649702541e-01    4.9297585547e+01    4.9297585547e+01    9.8595171094e+01
    3.5912496167e+03    6.2667735235e+03   -1.0238888328e+05   -5.5815421422e-01   -6.9442683490e-01    6.3530996828e-01    4.9310804459e+01    4.9310804459e+01    9.8621608918e+01
    3.5019650000e+03    6.1109707998e+03   -1.0226415809e+05   -2.0926205430e-01   -3.8864469428e-01    8.7463858015e-01    4.9314877640e+01    4.9314877640e+01    9.8629755280e+01
    3.5630045338e+03    6.2174855160e+03   -1.0239901517e+05   -3.4270871088e-01   -3.2312231766e-01    5.3509808434e-01    4.9304352419e+01    4.9304352419e+01    9.8608704837e+01
    3.5191203442e+03    6.1409070806e+03   -1.0245628170e+05   -3.5162613246e-01   -4.9959712333e-01    8.9297972364e-01    4.9288801178e+01    4.9288801178e+01    9.8577602356e+01
    3.5471870032e+03    6.1898837360e+03   -1.0223681889e+05    1.7693560871e-01    1.9779325610e-03    1.2916711723e+00    4.9288630685e+01    4.9288630685e+01    9.8577261369e+01
    3.5153093357e+03    6.1342568250e+03   -1.0227503078e+05   -7.2880880605e-02   -3.4830925786e-01    1.0059056692e+00    4.9308507211e+01    4.9308507211e+01    9.8617014422e+01
    3.5848923856e+03    6.2556800792e+03   -1.0234026934e+05   -6.5040651890e-01   -5.5181988798e-01    5.9592329566e-01    4.9320035261e+01    4.9320035261e+01    9.8640070522e+01
    3.5538788149e+03    6.2015610275e+03   -1.0236913783e+05   -2.5637063677e-01   -2.8792164644e-01    6.5701230924e-01    4.9300529991e+01    4.9300529991e+01    9.8601059983e+01
    3.5290183556e+03    6.1581792287e+03   -1.0232813194e+05   -7.6817547945e-01   -5.0664837148e-01    6.9227137955e-01    4.9320874383e+01    4.9320874383e+01    9.8641748766e+01
    3.5464845492e+03    6.1886579455e+03   -1.0220661307e+05   -2.6091174828e-01   -3.8754354101e-01    7.2796376250e-01    4.9324456165e+01    4.9324456165e+01    9.8648912329e+01
    3.5115345059e+03    6.1276697020e+03   -1.0241656138e+05   -5.9715197724e-01   -6.8331957578e-01    3.7477986897e-01    4.9313470343e+01    4.9313470343e+01    9.8626940686e+01
    3.5616299520e+03    6.2150868545e+03   -1.0250237173e+05   -9.0872181845e-01   -8.0797453699e-01    5.9407289090e-01    4.9303242886e+01    4.9303242886e+01    9.8606485772e+01
    3.5477634095e+03    6.1908895720e+03   -1.0241663451e+05   -6.2620108095e-01   -3.0803044056e-01    7.5050993793e-01    4.9304867703e+01    4.9304867703e+01    9.8609735407e+01
    3.5381203351e+03    6.1740622919e+03   -1.0251677785e+05   -3.5062869441e-01   -2.8154183968e-01    8.7183546239e-01    4.9274017217e+01    4.9274017217e+01    9.8548034434e+01
    3.5485160195e+03    6.1922028855e+03   -1.0251781941e+05   -5.2425084281e-01   -4.6942246510e-01    6.9298359380e-01    4.9285476250e+01    4.9285476250e+01    9.8570952500e+01
    3.5706498514e+03    6.2308266868e+03   -1.0244481361e+05   -3.3732141615e-01   -1.8651684869e-01    1.1991976350e+00    4.9276462727e+01    4.9276462727e+01    9.8552925454e+01
    3.5454004393e+03    6.1867661607e+03   -1.0247028866e+05   -3.9386474564e-01   -3.8965891077e-01    6.7021041007e-01    4.9281310412e+01    4.9281310412e+01    9.8562620825e+01
    3.5099694636e+03    6.1249386845e+03   -1.0248056235e+05   -2.2251372717e-01   -2.1990064274e-01    1.0730009595e+00    4.9271349507e+01    4.9271349507e+01    9.8542699015e+01
    3.5178821611e+03    6.1387464363e+03   -1.0259497937e+05   -2.2636172224e-01   -2.0078604843e-01    1.1259256343e+00    4.9251491499e+01    4.9251491499e+01    9.8502982998e+01
    3.5182621246e+03    6.1394094770e+03   -1.0241889211e+05    1.8467602636e-01    1.5139232113e-01    1.2640625457e+00    4.9261042227e+01    4.9261042227e+01    9.8522084454e+01
    3.5364855882e+03    6.1712096390e+03   -1.0243566850e+05   -5.4567000150e-01   -1.9993216381e-01    9.3807034829e-01    4.9289753721e+01    4.9289753721e+01    9.8579507443e+01
    3.5397670427e+03    6.1769358163e+03   -1.0256255246e+05   -7.2717271516e-01   -7.8741838641e-01    6.5641597879e-01    4.9291410973e+01    4.9291410973e+01    9.8582821946e+01
    3.5303677632e+03    6.1605339612e+03   -1.0241494610e+05   -4.3794921493e-01   -1.6253201438e-01    7.7583176906e-01    4.9288139516e+01    4.9288139516e+01    9.8576279032e+01
    3.5297484366e+03    6.1594532289e+03   -1.0254942435e+05   -5.8205606831e-01   -5.7217134132e-01    7.9261656968e-01    4.9283562080e+01    4.9283562080e+01    9.8567124160e+01
    3.5283179276e+03    6.1569569736e+03   -1.0247946953e+05   -5.1931670240e-01   -6.3575884983e-01    5.7072554641e-01    4.9293340204e+01    4.9293340204e+01    9.8586680408e+01
    3.5111072485e+03    6.1269241326e+03   -1.0260272234e+05   -7.6892439644e-01   -6.5005828317e-01    6.4141811722e-01    4.9280401735e+01    4.9280401735e+01    9.8560803470e+01
    3.5427919311e+03    6.1822142828e+03   -1.0258473998e+05   -4.6725338256e-01   -5.2877958047e-01    5.6636395194e-01    4.9276089921e+01    4.9276089921e+01    9.8552179842e+01
    3.5204637511e+03    6.1432513416e+03   -1.0255612819e+05   -5.1730269136e-01   -3.9818754508e-01    4.5604608297e-01    4.9278322842e+01    4.9278322842e+01    9.8556645684e+01
    3.5117062142e+03    6.1279693350e+03   -1.0242118440e+05   -3.4198390523e-01   -2.8300614770e-01    9.5048177107e-01    4.9290484491e+01    4.9290484491e+01    9.8580968982e+01
    3.5934571184e+03    6.2706256404e+03   -1.0250715564e+05   -4.4353576629e-01   -4.0940312922e-01    9.2789238780e-01    4.9278896376e+01    4.9278896376e+01    9.8557792752e+01
    3.5523137458e+03    6.1988299633e+03   -1.0254535118e+05   -7.0567504359e-01   -5.7984910335e-01    8.9362043473e-01    4.9281521823e+01    4.9281521823e+01    9.8563043646e+01
    3.5558906722e+03    6.2050717425e+03   -1.0249355860e+05   -6.5290227912e-01   -4.1208654509e-01    5.0128773983e-01    4.9293262520e+01    4.9293262520e+01    9.8586525040e+01
    3.5196873082e+03    6.1418964394e+03   -1.0241198832e+05   -4.7458540455e-01   -7.3879552105e-01    5.4621127226e-01    4.9307078050e+01    4.9307078050e+01    9.8614156099e+01
    3.5762246483e+03    6.2405547740e+03   -1.0233015280e+05   -5.9791520295e-01   -5.5354049141e-01    9.2533786889e-01    4.9313569338e+01    4.9313569338e+01    9.8627138677e+01
    3.5112042198e+03    6.1270933488e+03   -1.0236001958e+05   -6.9344066433e-01   -5.1766863257e-01    5.5991418353e-01    4.9316985869e+01    4.9316985869e+01    9.8633971737e+01
    3.5014453539e+03    6.1100640111e+03   -1.0232484261e+05   -3.0198773913e-01   -2.7331856106e-01    7.2723469352e-01    4.9301817270e+01    4.9301817270e+01    9.8603634540e+01
    3.5430865859e+03    6.1827284588e+03   -1.0251818468e+05   -5.7899498191e-01   -5.7093252851e-01    4.7055028130e-01    4.9297973584e+01    4.9297973584e+01    9.8595947167e+01
    3.5504271011e+03    6.1955377457e+03   -1.0236122073e+05   -4.9906791842e-01   -5.1951496811e-01    5.9465527683e-01    4.9309300841e+01    4.9309300841e+01    9.8618601683e+01
    3.5271952791e+03    6.1549979385e+03   -1.0216895764e+05   -2.9169231641e-01   -5.8665985213e-01    5.9144867080e-01    4.9343034583e+01    4.9343034583e+01    9.8686069165e+01
    3.5960536782e+03    6.2751566682e+03   -1.0226429190e+05   -9.0581481523e-01   -9.1609591286e-01    3.2397377624e-01    4.9353347773e+01    4.9353347773e+01    9.8706695547e+01
    3.5087766334e+03    6.1228571815e+03   -1.0229864771e+05   -6.2482399311e-01   -9.0259968882e-01    4.8726141645e-01    4.9338593814e+01    4.9338593814e+01    9.8677187627e+01
    3.5509288488e+03    6.1964133014e+03   -1.0233502972e+05   -9.6540090287e-01   -8.5851083107e-01    3.5123287429e-01    4.9340600522e+01    4.9340600522e+01    9.8681201043e+01
    3.5317324006e+03    6.1629152697e+03   -1.0246241815e+05   -7.2510850343e-01   -8.9352972993e-01    4.3520812887e-01    4.9310635473e+01    4.9310635473e+01    9.8621270946e+01
    3.5282134227e+03    6.1567746113e+03   -1.0236813955e+05   -2.2061089477e-01   -4.5310888760e-01    9.6984983204e-01    4.9295090387e+01    4.9295090387e+01    9.8590180773e+01
    3.5387969072e+03    6.1752429182e+03   -1.0242954716e+05   -6.0452468920e-01   -6.2473994043e-01    7.2147060519e-01    4.9301463099e+01    4.9301463099e+01    9.8602926198e+01
    3.5523250134e+03    6.1988496253e+03   -1.0240956249e+05   -4.6700501365e-01   -4.8923456043e-01    7.4005972296e-01    4.9305034687e+01    4.9305034687e+01    9.8610069374e+01
    3.5152292515e+03    6.1341170773e+03   -1.0236290338e+05   -1.7134112380e-01   -3.1397520261e-01    8.4239159892e-01    4.9300461117e+01    4.9300461117e+01    9.8600922233e+01
    3.5090387108e+03    6.1233145097e+03   -1.0257565464e+05   -5.4485282257e-01   -4.7096078467e-01    6.7194248361e-01    4.9277694671e+01    4.9277694671e+01    9.8555389341e+01
    3.5938033306e+03    6.2712297848e+03   -1.0252005598e+05   -4.0185180188e-01   -2.8896938332e-01    1.0821046574e+00    4.9274499100e+01    4.9274499100e+01    9.8548998199e+01
    3.5216410407e+03    6.1453057260e+03   -1.0246801124e+05   -2.6797011570e-01   -3.9989598053e-01    1.1311047724e+00    4.9276138085e+01    4.9276138085e+01    9.8552276169e+01
    3.5336174827e+03    6.1662047605e+03   -1.0245757606e+05   -5.1013074827e-01   -3.6043316757e-01    8.0474442763e-01    4.9288726896e+01    4.9288726896e+01    9.8577453792e+01
    3.5560865062e+03    6.2054134752e+03   -1.0244447189e+05   -4.5633040784e-01   -6.1034259649e-01    8.5609255993e-01    4.9302019796e+01    4.9302019796e+01    9.8604039592e+01
    3.4911206718e+03    6.0920473174e+03   -1.0239969280e+05   -3.9823138266e-01   -3.2605280208e-01    9.8108919075e-01    4.9297023509e+01    4.9297023509e+01    9.8594047018e+01
    3.5064632256e+03    6.1188202571e+03   -1.0241937410e+05   -3.7242783154e-01   -3.7000613602e-01    7.7141236235e-01    4.9294470193e+01    4.9294470193e+01    9.8588940385e+01
    3.5283864820e+03    6.1570766018e+03   -1.0243115521e+05   -3.2105860694e-01   -4.4258649619e-01    6.5727791047e-01    4.9292470830e+01    4.9292470830e+01    9.8584941659e+01
    3.5706651482e+03    6.2308533798e+03   -1.0253607588e+05   -3.6909154687e-01   -3.3547280949e-01    9.7251741875e-01    4.9273907247e+01    4.9273907247e+01    9.8547814494e+01
    3.5079312357e+03    6.1213819523e+03   -1.0229559691e+05    1.0373236998e-01   -6.7882866670e-02    1.2801586240e+00    4.9284401061e+01    4.9284401061e+01    9.8568802122e+01
    3.5326629662e+03    6.1645391179e+03   -1.0245280074e+05   -1.8967497607e-01   -2.4941833361e-01    1.1086364728e+00    4.9279418229e+01    4.9279418229e+01    9.8558836457e+01
    3.5126400193e+03    6.1295988361e+03   -1.0250964814e+05   -4.7693344036e-01   -5.8618248103e-01    1.0326945048e+00    4.9285397196e+01    4.9285397196e+01    9.8570794391e+01
    3.5638914286e+03    6.2190331582e+03   -1.0240678918e+05   -2.9706120742e-01   -3.4501681658e-01    9.4707768719e-01    4.9291508731e+01    4.9291508731e+01    9.8583017463e+01
    3.5494134847e+03    6.1937689729e+03   -1.0232410448e+05   -2.7223449188e-01   -3.3592641987e-01    1.0077417390e+00    4.9305348304e+01    4.9305348304e+01    9.8610696607e+01
    3.5338592112e+03    6.1666265797e+03   -1.0239592474e+05   -4.3339368840e-01   -4.0693893952e-01    8.0338995512e-01    4.9298932226e+01    4.9298932226e+01    9.8597864452e+01
    3.5592281743e+03    6.2108957236e+03   -1.0235227352e+05   -4.7543691914e-01   -4.0178263721e-01    7.1601186496e-01    4.9309730992e+01    4.9309730992e+01    9.8619461984e+01
    3.5686828208e+03    6.2273941948e+03   -1.0242729954e+05   -4.9250695805e-01   -4.1688426821e-01    8.3859312655e-01    4.9295228459e+01    4.9295228459e+01    9.8590456918e+01
    3.5645159900e+03    6.2201230253e+03   -1.0248053192e+05   -8.4322333880e-01   -8.0538295376e-01    6.4784362221e-01    4.9304668235e+01    4.9304668235e+01    9.8609336469e+01
    3.5324503752e+03    6.1641681440e+03   -1.0234514081e+05   -2.1942951171e-01   -1.4814453299e-01    1.0692817666e+00    4.9284339175e+01    4.9284339175e+01    9.8568678350e+01
    3.5289720221e+03    6.1580983763e+03   -1.0244052902e+05   -4.3010021899e-01   -3.9851148066e-01    9.9352746624e-01    4.9287081856e+01    4.9287081856e+01    9.8574163711e+01
    3.5477243950e+03    6.1908214911e+03   -1.0250602061e+05   -4.8560105710e-01   -5.3707130650e-01    9.6577892881e-01    4.9282769230e+01    4.9282769230e+01    9.8565538460e+01
    3.4940534346e+03    6.0971650235e+03   -1.0239139486e+05   -4.3920034775e-01   -4.4721816109e-01    6.5117244839e-01    4.9301876733e+01    4.9301876733e+01    9.8603753467e+01
    3.5266675297e+03    6.1540770095e+03   -1.0250312759e+05   -5.8853405695e-01   -4.3324424814e-01    6.9134426026e-01    4.9286036478e+01    4.9286036478e+01    9.8572072957e+01
    3.5623618707e+03    6.2163640613e+03   -1.0250136456e+05   -5.2541086480e-01   -5.9843298902e-01    4.8952992947e-01    4.9291604757e+01    4.9291604757e+01    9.8583209514e+01
    3.5401606593e+03    6.1776226819e+03   -1.0253882676e+05   -4.8852347598e-01   -3.3465893187e-01    9.9091099475e-01    4.9269942837e+01    4.9269942837e+01    9.8539885674e+01
    3.5747750493e+03    6.2380252064e+03   -1.0255578046e+05   -1.3683004017e-01    1.2906185096e-01    1.2674600993e+00    4.9246760654e+01    4.9246760654e+01    9.8493521309e+01
    3.5373281352e+03    6.1726798935e+03   -1.0260197173e+05    1.7533725190e-01   -4.8611629624e-02    1.0929004778e+00    4.9241491445e+01    4.9241491445e+01    9.8482982890e+01
    3.5258886165e+03    6.1527177967e+03   -1.0265772493e+05   -4.3510165641e-01   -3.8054190998e-01    9.9021029582e-01    4.9254842745e+01    4.9254842745e+01    9.8509685489e+01
    3.4730683448e+03    6.0605457909e+03   -1.0265871838e+05   -6.5835068069e-01   -3.8720267079e-01    8.1280252580e-01    4.9261448520e+01    4.9261448520e+01    9.8522897040e+01
    3.5748797630e+03    6.2382079331e+03   -1.0264042257e+05   -3.8599590351e-01   -2.4367782190e-01    1.0670148071e+00    4.9255378056e+01    4.9255378056e+01    9.8510756112e+01
    3.5260363458e+03    6.1529755860e+03   -1.0266067898e+05   -4.1751512653e-01   -6.7857318387e-01    7.9258766511e-01    4.9263575959e+01    4.9263575959e+01    9.8527151917e+01
    3.5247634348e+03    6.1507543411e+03   -1.0258775541e+05   -4.0561919169e-01   -3.5007241929e-01    7.8060032479e-01    4.9268382381e+01    4.9268382381e+01    9.8536764762e+01
    3.5424695195e+03    6.1816516707e+03   -1.0249625007e+05   -4.0259616844e-01   -4.6132751538e-01    7.6560237422e-01    4.9285825697e+01    4.9285825697e+01    9.8571651393e+01
    3.5313515889e+03    6.1622507487e+03   -1.0264082938e+05   -6.7810423984e-01   -5.9559224560e-01    6.0251731273e-01    4.9265815730e+01    4.9265815730e+01    9.8531631461e+01
    3.5364273573e+03    6.1711080254e+03   -1.0260576101e+05   -4.5468996531e-01   -3.5965341349e-01    8.2962612584e-01    4.9263025918e+01    4.9263025918e+01    9.8526051836e+01
    3.5670910970e+03    6.2246166178e+03   -1.0266310747e+05   -5.4223242202e-01   -5.9772206083e-01    3.9167736724e-01    4.9266856029e+01    4.9266856029e+01    9.8533712059e+01
    3.5283867279e+03    6.1570770308e+03   -1.0256183395e+05   -2.8585685883e-01   -5.6325631774e-01    6.7683194708e-01    4.9268595937e+01    4.9268595937e+01    9.8537191875e+01
    3.5575851376e+03    6.2080286050e+03   -1.0255239004e+05   -3.7729147934e-01   -3.2193203457e-01    9.1345325995e-01    4.9270159517e+01    4.9270159517e+01    9.8540319034e+01
    3.5403123339e+03    6.1778873560e+03   -1.0258891493e+05   -5.5025489808e-01   -4.9046823478e-01    8.1029143818e-01    4.9270532943e+01    4.9270532943e+01    9.8541065886e+01
    3.5292500674e+03    6.1585835687e+03   -1.0258918334e+05   -4.9821616341e-01   -4.5365001799e-01    1.0257938606e+00    4.9270149108e+01    4.9270149108e+01    9.8540298215e+01
    3.5438352121e+03    6.1840348205e+03   -1.0255196328e+05   -4.2823127901e-01   -7.4747273885e-01    6.2058051252e-01    4.9283597150e+01    4.9283597150e+01    9.8567194299e+01
    3.5551609431e+03    6.2037983566e+03   -1.0265289744e+05   -3.2891503941e-01   -4.3827081584e-01    1.0953420601e+00    4.9250121507e+01    4.9250121507e+01    9.8500243013e+01
    3.5553708147e+03    6.2041645850e+03   -1.0281339913e+05   -4.7979542464e-01   -2.6850150016e-01    8.6583499412e-01    4.9228242135e+01    4.9228242135e+01    9.8456484270e+01
    3.5191125921e+03    6.1408935530e+03   -1.0276919704e+05   -2.8012787773e-01   -3.9271221039e-01    1.0307434539e+00    4.9231262657e+01    4.9231262657e+01    9.8462525313e+01
    3.5080167589e+03    6.1215311914e+03   -1.0274481670e+05   -3.7744317216e-01   -4.3206877948e-01    9.1847783812e-01    4.9240834265e+01    4.9240834265e+01    9.8481668530e+01
    3.5406090725e+03    6.1784051683e+03   -1.0282040144e+05   -9.9082293129e-02    3.0393123932e-02    1.0608032900e+00    4.9210901918e+01    4.9210901918e+01    9.8421803836e+01
    3.5385276283e+03    6.1747730234e+03   -1.0277132092e+05    6.5480885026e-02   -5.2604607983e-02    1.3748089047e+00    4.9209222829e+01    4.9209222829e+01    9.8418445657e+01
    3.5277031102e+03    6.1558841099e+03   -1.0268933255e+05   -7.5013694573e-02   -5.2640167376e-02    1.2309901827e+00    4.9227860562e+01    4.9227860562e+01    9.8455721125e+01
    3.5500893137e+03    6.1949483026e+03   -1.0270100746e+05   -3.2963407566e-01   -3.4139456641e-01    9.1468525939e-01    4.9244804955e+01    4.9244804955e+01    9.8489609910e+01
    3.5402877155e+03    6.1778443966e+03   -1.0256813260e+05   -3.7365585872e-01   -1.4400296932e-01    1.0916617311e+00    4.9263257046e+01    4.9263257046e+01    9.8526514093e+01
    3.5222525843e+03    6.1463728770e+03   -1.0260084835e+05   -6.1274000201e-01   -5.8879589048e-01    6.8427531814e-01    4.9275689498e+01    4.9275689498e+01    9.8551378997e+01
    3.5448376648e+03    6.1857841125e+03   -1.0266470645e+05   -1.2698886227e-01   -2.2266461750e-01    1.0522978024e+00    4.9243450745e+01    4.9243450745e+01    9.8486901491e+01
    3.5472273499e+03    6.1899541416e+03   -1.0259312983e+05   -4.8904430799e-01   -5.0878199702e-01    6.8204853631e-01    4.9273617674e+01    4.9273617674e+01    9.8547235348e+01
    3.5343532472e+03    6.1674886784e+03   -1.0258847793e+05   -4.9002253697e-01   -6.7527359915e-01    7.8093917666e-01    4.9277510500e+01    4.9277510500e+01    9.8555020999e+01
    3.5793197563e+03    6.2459557744e+03   -1.0260642797e+05   -6.9756476978e-01   -4.2716240712e-01    7.1232379922e-01    4.9272121998e+01    4.9272121998e+01    9.8544243997e+01
    3.5497650678e+03    6.1943824897e+03   -1.0269833011e+05   -5.4763445117e-01   -5.2152006699e-01    7.4949717775e-01    4.9255680201e+01    4.9255680201e+01    9.8511360401e+01
    3.5301279835e+03    6.1601155428e+03   -1.0262118555e+05   -4.4100862904e-01   -1.9895953676e-01    5.3892449767e-01    4.9263910263e+01    4.9263910263e+01    9.8527820526e+01
    3.5097593535e+03    6.1245720398e+03   -1.0264652634e+05   -5.2739079100e-01   -4.6603999856e-01    6.0795345459e-01    4.9261834314e+01    4.9261834314e+01    9.8523668627e+01
    3.5323160129e+03    6.1639336802e+03   -1.0263599418e+05   -2.9557294752e-01   -1.4253319421e-01    8.9179550644e-01    4.9252787645e+01    4.9252787645e+01    9.8505575290e+01
    3.5353702460e+03    6.1692633534e+03   -1.0261373436e+05   -4.6623321722e-01   -5.3687693950e-01    8.8363152119e-01    4.9266035789e+01    4.9266035789e+01    9.8532071579e+01
    3.5287985758e+03    6.1577957104e+03   -1.0273031883e+05   -7.2181667668e-01   -8.1693933400e-01    2.7428750700e-01    4.9269368242e+01    4.9269368242e+01    9.8538736484e+01
    3.5306037591e+03    6.1609457767e+03   -1.0257504407e+05   -5.3023231042e-01   -5.5574870725e-01    7.6993279493e-01    4.9273025956e+01    4.9273025956e+01    9.8546051913e+01
    3.5739079966e+03    6.2365121891e+03   -1.0266134275e+05   -6.7876137722e-01   -5.5104944296e-01    6.3572176270e-01    4.9269023272e+01    4.9269023272e+01    9.8538046545e+01
    3.5807615207e+03    6.2484716705e+03   -1.0260468554e+05   -8.6426497914e-01   -8.0083743217e-01    5.6452592085e-01    4.9287799057e+01    4.9287799057e+01    9.8575598114e+01
    3.5688111207e+03    6.2276180797e+03   -1.0258808913e+05   -9.3505302349e-01   -6.7512218290e-01    7.1112247814e-01    4.9288849781e+01    4.9288849781e+01    9.8577699562e+01
    3.5595500547e+03    6.2114574088e+03   -1.0253275064e+05   -3.5138369882e-01   -6.1299722600e-01    5.8287131290e-01    4.9285261491e+01    4.9285261491e+01    9.8570522981e+01
    3.5394087414e+03    6.1763105762e+03   -1.0261264916e+05   -5.5789443629e-01   -5.1969115826e-01    9.3726365281e-01    4.9263007907e+01    4.9263007907e+01    9.8526015815e+01
    3.5024600213e+03    6.1118346179e+03   -1.0261880131e+05   -5.7023115787e-01   -5.5727131503e-01    7.1030236569e-01    4.9274901389e+01    4.9274901389e+01    9.8549802778e+01
    3.5095229524e+03    6.1241595171e+03   -1.0263033901e+05   -1.1179230390e-01   -2.1929430079e-01    1.0042468660e+00    4.9245412629e+01    4.9245412629e+01    9.8490825258e+01
    3.5253309595e+03    6.1517446785e+03   -1.0256286601e+05   -2.7350312987e-01   -8.9034575956e-02    8.8538097759e-01    4.9258438677e+01    4.9258438677e+01    9.8516877354e+01
    3.5338056580e+03    6.1665331288e+03   -1.0264000844e+05   -3.1313450042e-01   -3.0586992652e-01    1.0162108858e+00    4.9252078269e+01    4.9252078269e+01    9.8504156538e+01
    3.5381384480e+03    6.1740938990e+03   -1.0256422539e+05   -2.8044567420e-01   -1.1702961156e-01    9.8127463792e-01    4.9260101317e+01    4.9260101317e+01    9.8520202633e+01
    3.5114651597e+03    6.1275486921e+03   -1.0256779160e+05   -3.3289920175e-01   -2.0055137061e-01    7.8092620341e-01    4.9262473165e+01    4.9262473165e+01    9.8524946331e+01
    3.5375078161e+03    6.1729934388e+03   -1.0257412137e+05   -1.6771461216e-01   -1.1691216701e-01    1.1087067755e+00    4.9254098579e+01    4.9254098579e+01    9.8508197158e+01
    3.4967369351e+03    6.1018477639e+03   -1.0270136255e+05   -1.5496518730e-01   -5.1238854455e-02    1.1659457578e+00    4.9229283261e+01    4.9229283261e+01    9.8458566521e+01
    3.5442788779e+03    6.1848090226e+03   -1.0262808442e+05    6.0262712420e-02    1.4219716566e-01    1.1828881909e+00    4.9232051864e+01    4.9232051864e+01    9.8464103729e+01
    3.5423857290e+03    6.1815054552e+03   -1.0252271361e+05    1.6464248281e-01    1.5081961412e-01    1.4582895786e+00    4.9239675152e+01    4.9239675152e+01    9.8479350305e+01
    3.5754812156e+03    6.2392574750e+03   -1.0253682388e+05   -2.8125406233e-01   -2.3591021679e-01    8.6363077693e-01    4.9263665129e+01    4.9263665129e+01    9.8527330257e+01
    3.5265242071e+03    6.1538269098e+03   -1.0250599902e+05   -1.1006012485e-01    1.6464892523e-01    1.3580398364e+00    4.9250415816e+01    4.9250415816e+01    9.8500831632e+01
    3.5474421423e+03    6.1903289568e+03   -1.0276483134e+05   -5.6965636667e-01   -4.7141606788e-01    5.7622675583e-01    4.9247361981e+01    4.9247361981e+01    9.8494723962e+01
    3.5613342603e+03    6.2145708688e+03   -1.0270125104e+05   -3.5155788963e-01   -6.3472609984e-01    6.4535526581e-01    4.9256214264e+01    4.9256214264e+01    9.8512428528e+01
    3.5205246793e+03    6.1433576620e+03   -1.0266700126e+05   -1.5588363008e-01   -2.6462965578e-01    1.1479750426e+00    4.9244286850e+01    4.9244286850e+01    9.8488573699e+01
    3.5596893886e+03    6.2117005480e+03   -1.0261146888e+05   -3.0519900524e-01   -2.6167707158e-01    9.0499017294e-01    4.9254993578e+01    4.9254993578e+01    9.8509987157e+01
    3.5272285855e+03    6.1550560585e+03   -1.0261849056e+05   -4.3451441547e-01   -4.2496604380e-01    8.8676120443e-01    4.9262740359e+01    4.9262740359e+01    9.8525480719e+01
    3.5183258875e+03    6.1395207441e+03   -1.0262517116e+05   -7.0014387834e-01   -5.4779409461e-01    6.8074543960e-01    4.9270937301e+01    4.9270937301e+01    9.8541874603e+01
    3.5234599901e+03    6.1484798146e+03   -1.0259885335e+05   -4.2627807441e-01   -5.6970646761e-01    7.6310662295e-01    4.9265017300e+01    4.9265017300e+01    9.8530034600e+01
    3.5495917961e+03    6.1940801285e+03   -1.0260693085e+05   -6.2286406721e-01   -4.1920646783e-01    1.0092093728e+00    4.9264813087e+01    4.9264813087e+01    9.8529626175e+01
    3.4854756340e+03    6.0821966589e+03   -1.0259185909e+05   -2.6924718059e-01   -2.4303443141e-01    1.0509589740e+00    4.9256334358e+01    4.9256334358e+01    9.8512668716e+01
    3.5175887069e+03    6.1382343551e+03   -1.0260099658e+05   -7.1384792201e-01   -4.5730578274e-01    7.1031266147e-01    4.9278573575e+01    4.9278573575e+01    9.8557147151e+01
    3.4979027229e+03    6.1038820776e+03   -1.0257635242e+05   -2.0335056889e-01   -5.0139625103e-01    8.5680114752e-01    4.9269452127e+01    4.9269452127e+01    9.8538904253e+01
    3.5301379960e+03    6.1601330147e+03   -1.0251628538e+05   -3.6612637716e-01   -2.5254109788e-01    7.6155143026e-01    4.9273157848e+01    4.9273157848e+01    9.8546315696e+01
    3.5920740484e+03    6.2682121667e+03   -1.0257477789e+05   -3.9817443855e-01   -2.0433059512e-01    1.1165803443e+00    4.9260350260e+01    4.9260350260e+01    9.8520700520e+01
    3.5230523463e+03    6.1477684712e+03   -1.0265385185e+05   -4.3992727025e-01   -4.9061205782e-01    9.8362141905e-01    4.9255089425e+01    4.9255089425e+01    9.8510178850e+01
    3.5641585578e+03    6.2194993019e+03   -1.0257234107e+05   -1.9834776650e-01   -1.7092104013e-01    9.5595305887e-01    4.9260731058e+01    4.9260731058e+01    9.8521462116e+01
    3.4977852528e+03    6.1036770910e+03   -1.0254035965e+05   -2.5689350986e-01   -8.3470799785e-02    1.3174885615e+00    4.9258516782e+01    4.9258516782e+01    9.8517033563e+01
    3.5520114603e+03    6.1983024714e+03   -1.0252689060e+05   -2.2530272345e-01   -8.7836007091e-02    1.0774718471e+00    4.9257821519e+01    4.9257821519e+01    9.8515643037e+01
    3.5859935445e+03    6.2576016148e+03   -1.0247146884e+05   -4.6330502508e-01   -4.9267692022e-01    9.0937975909e-01    4.9282571255e+01    4.9282571255e+01    9.8565142509e+01
    3.5569889715e+03    6.2069882880e+03   -1.0235861381e+05   -1.7315160876e-01   -2.0437035784e-01    1.0542046843e+00    4.9291854374e+01    4.9291854374e+01    9.8583708748e+01
    3.5389205749e+03    6.1754587198e+03   -1.0243433092e+05   -3.0140256087e-01   -3.4924228351e-01    9.4731519131e-01    4.9285977587e+01    4.9285977587e+01    9.8571955174e+01
    3.5449306447e+03    6.1859463634e+03   -1.0242900264e+05   -5.0456774494e-01   -2.4996628564e-01    8.1296005964e-01    4.9292546906e+01    4.9292546906e+01    9.8585093812e+01
    3.5398848054e+03    6.1771413136e+03   -1.0247115714e+05   -3.2965036111e-01   -4.3491488519e-01    8.4702429725e-01    4.9286352542e+01    4.9286352542e+01    9.8572705083e+01
    3.5492330038e+03    6.1934540317e+03   -1.0268497031e+05   -6.5003997318e-01   -5.6735968416e-01    8.0581732069e-01    4.9258498793e+01    4.9258498793e+01    9.8516997587e+01
    3.5532486496e+03    6.2004613816e+03   -1.0261734777e+05   -3.2507873304e-01   -2.1812090394e-01    9.3508308203e-01    4.9247860761e+01    4.9247860761e+01    9.8495721522e+01
    3.5465955217e+03    6.1888515938e+03   -1.0259403136e+05   -4.5428674121e-01   -4.9691014355e-01    6.5040746640e-01    4.9268491925e+01    4.9268491925e+01    9.8536983850e+01
    3.5556861343e+03    6.2047148215e+03   -1.0265812047e+05   -6.8108310438e-01   -5.9124371164e-01    5.7635088371e-01    4.9270281680e+01    4.9270281680e+01    9.8540563359e+01
    3.5525474669e+03    6.1992378094e+03   -1.0259084840e+05   -4.0234010552e-01   -5.9798937391e-01    7.0375780171e-01    4.9270222657e+01    4.9270222657e+01    9.8540445315e+01
    3.5252770023e+03    6.1516505225e+03   -1.0259485236e+05   -2.9356901612e-01   -3.8063530649e-01    5.5289694305e-01    4.9267091477e+01    4.9267091477e+01    9.8534182954e+01
    3.5243725886e+03    6.1500723098e+03   -1.0259494766e+05   -4.9290526701e-01   -4.5806255988e-01    6.8503740493e-01    4.9271342073e+01    4.9271342073e+01    9.8542684145e+01
    3.5520651391e+03    6.1983961415e+03   -1.0266382931e+05   -4.8909282502e-01   -6.7920977462e-01    5.5443041043e-01    4.9265863646e+01    4.9265863646e+01    9.8531727291e+01
    3.5420465854e+03    6.1809136455e+03   -1.0277393666e+05   -5.5979855121e-01   -5.7975665857e-01    5.8034368651e-01    4.9251151833e+01    4.9251151833e+01    9.8502303666e+01
    3.5682896190e+03    6.2267080529e+03   -1.0261867128e+05   -5.7746936782e-01   -3.9145266414e-01    6.5464788321e-01    4.9264372330e+01    4.9264372330e+01    9.8528744661e+01
    3.5355099879e+03    6.1695072048e+03   -1.0256862150e+05   -4.5302534297e-01   -6.9177386397e-01    5.6357432275e-01    4.9284519210e+01    4.9284519210e+01    9.8569038420e+01
    3.5479079261e+03    6.1911417552e+03   -1.0260858178e+05   -6.2452100184e-01   -5.9442025999e-01    5.2427271901e-01    4.9274584609e+01    4.9274584609e+01    9.8549169218e+01
    3.5719652397e+03    6.2331220551e+03   -1.0261052589e+05   -7.7885985669e-01   -5.0206986865e-01    4.9308176796e-01    4.9274246908e+01    4.9274246908e+01    9.8548493816e+01
    3.5222060713e+03    6.1462917112e+03   -1.0265305517e+05   -7.0558213775e-01   -5.3935235460e-01    6.2189149847e-01    4.9269772815e+01    4.9269772815e+01    9.8539545629e+01
    3.5192985199e+03    6.1412179993e+03   -1.0266297179e+05   -8.5444304997e-01   -8.7943585702e-01    3.6885408769e-01    4.9283371017e+01    4.9283371017e+01    9.8566742034e+01
    3.5294553887e+03    6.1589418568e+03   -1.0255743419e+05   -7.9831173232e-01   -6.7383042312e-01    5.7048638443e-01    4.9289415330e+01    4.9289415330e+01    9.8578830661e+01
    3.5322296883e+03    6.1637830426e+03   -1.0256937014e+05   -5.3121968541e-01   -5.4142645780e-01    8.0954407764e-01    4.9269681427e+01    4.9269681427e+01    9.8539362855e+01
    3.5121162889e+03    6.1286849202e+03   -1.0255433457e+05   -3.7658164775e-01   -5.3784187110e-01    6.3443377213e-01    4.9275108930e+01    4.9275108930e+01    9.8550217860e+01
    3.4803945162e+03    6.0733300476e+03   -1.0272384103e+05   -4.9620203364e-01   -7.5891613346e-01    7.7736837164e-01    4.9251187196e+01    4.9251187196e+01    9.8502374392e+01
    3.5530235516e+03    6.2000685829e+03   -1.0267775218e+05   -3.9903955291e-01   -4.8403946598e-01    8.4775222693e-01    4.9253775130e+01    4.9253775130e+01    9.8507550260e+01
    3.5620085775e+03    6.2157475605e+03   -1.0274313429e+05   -3.9639507105e-01   -5.7490695051e-01    5.3646101163e-01    4.9249816567e+01    4.9249816567e+01    9.8499633134e+01
    3.5693355989e+03    6.2285333004e+03   -1.0263447823e+05   -4.4242934009e-01   -5.1958708877e-01    7.2340257600e-01    4.9268110699e+01    4.9268110699e+01    9.8536221398e+01
    3.5463609206e+03    6.1884422121e+03   -1.0278542774e+05   -5.7378121647e-01   -6.2850061198e-01    5.3495935387e-01    4.9247698077e+01    4.9247698077e+01    9.8495396155e+01
    3.5773988829e+03    6.2426038274e+03   -1.0261097484e+05   -4.8680576614e-02   -1.7168128203e-01    8.7088966932e-01    4.9250198592e+01    4.9250198592e+01    9.8500397183e+01
    3.5554170195e+03    6.2042452130e+03   -1.0281998497e+05   -4.1336046533e-01   -7.2871081138e-01    6.0725893629e-01    4.9241763048e+01    4.9241763048e+01    9.8483526096e+01
    3.5559674717e+03    6.2052057585e+03   -1.0275277478e+05   -6.1130594106e-02   -1.7610715635e-01    9.2555020145e-01    4.9222343235e+01    4.9222343235e+01    9.8444686471e+01
    3.5417131615e+03    6.1803318168e+03   -1.0272773492e+05   -4.9241418192e-01   -4.3446712511e-01    4.9611281080e-01    4.9251568587e+01    4.9251568587e+01    9.8503137173e+01
    3.5492929890e+03    6.1935587065e+03   -1.0273596081e+05   -4.6995670734e-01   -5.1991319023e-01    7.6166338105e-01    4.9249351195e+01    4.9249351195e+01    9.8498702389e+01
    3.5693234893e+03    6.2285121690e+03   -1.0272205769e+05   -3.6195070189e-01   -3.1141655524e-01    9.1329719630e-01    4.9238598037e+01    4.9238598037e+01    9.8477196074e+01
    3.5368388895e+03    6.1718261539e+03   -1.0285962170e+05   -5.3684423757e-01   -6.7206187238e-01    8.8802781720e-01    4.9233202690e+01    4.9233202690e+01    9.8466405380e+01
    3.5587800202e+03    6.2101136894e+03   -1.0278492289e+05   -6.3643096013e-01   -3.5178864230e-01    7.0842668072e-01    4.9244281895e+01    4.9244281895e+01    9.8488563789e+01
    3.5352831961e+03    6.1691114504e+03   -1.0285665196e+05   -5.3167245813e-01   -5.6883067659e-01    7.6795207031e-01    4.9231522658e+01    4.9231522658e+01    9.8463045315e+01
    3.5106655457e+03    6.1261533561e+03   -1.0279015634e+05   -3.7283004889e-01   -3.7776553296e-01    8.1431224575e-01    4.9228464666e+01    4.9228464666e+01    9.8456929332e+01
    3.5244155549e+03    6.1501472865e+03   -1.0282713206e+05   -2.1366430141e-01   -2.6241745854e-01    9.9534331828e-01    4.9212576996e+01    4.9212576996e+01    9.8425153992e+01
    3.5669364922e+03    6.2243468306e+03   -1.0286465043e+05   -1.9205367419e-01   -3.9078791207e-01    9.0533410784e-01    4.9218225605e+01    4.9218225605e+01    9.8436451211e+01
    3.5275149181e+03    6.1555557123e+03   -1.0293748213e+05   -4.0212895782e-01   -2.3189578896e-01    7.2490458622e-01    4.9210060206e+01    4.9210060206e+01    9.8420120412e+01
    3.5076887671e+03    6.1209588418e+03   -1.0292823986e+05   -4.6717779385e-01   -2.4630953989e-01    1.1295451905e+00    4.9204181735e+01    4.9204181735e+01    9.8408363470e+01
    3.5218221012e+03    6.1456216788e+03   -1.0283663740e+05    3.7708121577e-02   -6.0661591685e-02    1.0998341694e+00    4.9205999828e+01    4.9205999828e+01    9.8411999657e+01
    3.5425030099e+03    6.1817101118e+03   -1.0283688252e+05   -2.1018179754e-01   -3.4862308862e-01    1.0069191735e+00    4.9214626166e+01    4.9214626166e+01    9.8429252331e+01
    3.5572078479e+03    6.2073702299e+03   -1.0288199256e+05   -1.1029932515e-01   -1.7881991897e-01    1.0520592727e+00    4.9203539524e+01    4.9203539524e+01    9.8407079048e+01
    3.5050895843e+03    6.1164232368e+03   -1.0291489653e+05   -3.8625449990e-01   -3.5695979259e-01    8.8935223255e-01    4.9217675614e+01    4.9217675614e+01    9.8435351229e+01
    3.5249901964e+03    6.1511500427e+03   -1.0284545808e+05   -3.6864786642e-01   -4.4159190244e-01    8.9364697201e-01    4.9223742594e+01    4.9223742594e+01    9.8447485188e+01
    3.5733396545e+03    6.2355204254e+03   -1.0281940540e+05   -4.7404050125e-01   -6.4504583737e-01    5.3213982501e-01    4.9240869647e+01    4.9240869647e+01    9.8481739293e+01
    3.5699411531e+03    6.2295899997e+03   -1.0286764033e+05   -6.5860245051e-01   -6.0005655731e-01    6.2420129753e-01    4.9234606482e+01    4.9234606482e+01    9.8469212964e+01
    3.5547495402e+03    6.2030804536e+03   -1.0272061287e+05   -1.8002946524e-01   -2.8636115725e-01    1.1602030771e+00    4.9227780892e+01    4.9227780892e+01    9.8455561784e+01
    3.5659511870e+03    6.2226274611e+03   -1.0273946973e+05   -5.0300407236e-01   -2.7951560842e-01    7.5721668021e-01    4.9242783784e+01    4.9242783784e+01    9.8485567568e+01
    3.5178689577e+03    6.1387233960e+03   -1.0272735069e+05   -5.3236042242e-01   -6.9853198263e-01    7.1534089261e-01    4.9253972261e+01    4.9253972261e+01    9.8507944522e+01
    3.5330141632e+03    6.1651519608e+03   -1.0271440401e+05   -4.3572321105e-01   -1.6840722320e-01    8.1628300520e-01    4.9239696975e+01    4.9239696975e+01    9.8479393951e+01
    3.5798462743e+03    6.2468745547e+03   -1.0267432384e+05   -2.5716677192e-01   -2.0613498535e-01    8.7505747402e-01    4.9242088331e+01    4.9242088331e+01    9.8484176661e+01
    3.5829997032e+03    6.2523773257e+03   -1.0262825857e+05   -1.4628183569e-01   -6.3363177897e-01    8.0834545553e-01    4.9256365184e+01    4.9256365184e+01    9.8512730368e+01
    3.5650691223e+03    6.2210882478e+03   -1.0266514486e+05   -5.2366450175e-01   -4.6510443780e-01    8.4853082387e-01    4.9258311429e+01    4.9258311429e+01    9.8516622858e+01
    3.5372629150e+03    6.1725660835e+03   -1.0252965123e+05   -3.9300306346e-01   -3.3068262897e-01    8.5073381021e-01    4.9267269116e+01    4.9267269116e+01    9.8534538232e+01
    3.5701543907e+03    6.2299621019e+03   -1.0273169868e+05   -7.3976438292e-01   -7.5713300241e-01    4.9171119406e-01    4.9259488788e+01    4.9259488788e+01    9.8518977577e+01
    3.5732079326e+03    6.2352905690e+03   -1.0254016447e+05   -4.5502359643e-01   -5.2354647269e-01    6.9799849319e-01    4.9277047630e+01    4.9277047630e+01    9.8554095260e+01
    3.5432247675e+03    6.1829695874e+03   -1.0255861218e+05   -5.7217127363e-01   -5.0931406045e-01    4.5611558969e-01    4.9281443843e+01    4.9281443843e+01    9.8562887685e+01
    3.5074741769e+03    6.1205843793e+03   -1.0258992245e+05   -4.6111306709e-01   -4.1033956848e-01    6.8099854994e-01    4.9273738189e+01    4.9273738189e+01    9.8547476378e+01
    3.5277937933e+03    6.1560423530e+03   -1.0272971273e+05   -5.3130910570e-01   -5.0956622035e-01    6.0509918711e-01    4.9248252273e+01    4.9248252273e+01    9.8496504546e+01
    3.5246033688e+03    6.1504750240e+03   -1.0263993178e+05   -5.1140500217e-02    1.2068084702e-01    9.3574435465e-01    4.9234275591e+01    4.9234275591e+01    9.8468551182e+01
    3.6141175423e+03    6.3066783272e+03   -1.0281083639e+05   -5.7934884873e-01   -6.6441117638e-01    6.6342578116e-01    4.9243166699e+01    4.9243166699e+01    9.8486333399e+01
    3.5329846403e+03    6.1651004430e+03   -1.0275699685e+05   -6.3549010598e-01   -6.5133885973e-01    5.9093486534e-01    4.9255834656e+01    4.9255834656e+01    9.8511669312e+01
    3.5157827441e+03    6.1350829285e+03   -1.0268335496e+05   -5.7017590403e-01   -5.8525928223e-01    6.6215618629e-01    4.9261947732e+01    4.9261947732e+01    9.8523895464e+01
    3.5670084994e+03    6.2244724839e+03   -1.0268180007e+05   -9.5750921361e-01   -8.6231520770e-01    2.8604648553e-01    4.9278294638e+01    4.9278294638e+01    9.8556589276e+01
    3.5076993399e+03    6.1209772914e+03   -1.0263356627e+05   -6.5659278765e-01   -5.9967526064e-01    4.6503467601e-01    4.9275965798e+01    4.9275965798e+01    9.8551931595e+01
    3.5220566796e+03    6.1460310208e+03   -1.0265706740e+05   -5.3281876633e-01   -6.3151815329e-01    6.8784914969e-01    4.9262981249e+01    4.9262981249e+01    9.8525962498e+01
    3.4992886085e+03    6.1063004646e+03   -1.0276870398e+05   -5.5332998947e-01   -5.7790947852e-01    5.2743629996e-01    4.9251033451e+01    4.9251033451e+01    9.8502066902e+01
    3.5161169441e+03    6.1356661114e+03   -1.0277110526e+05   -5.8805871157e-01   -6.1222504205e-01    5.8087779306e-01    4.9247703796e+01    4.9247703796e+01    9.8495407592e+01
    3.5591397153e+03    6.2107413616e+03   -1.0288146809e+05   -6.1673199028e-01   -5.3652922783e-01    5.5744824393e-01    4.9230875004e+01    4.9230875004e+01    9.8461750008e+01
    3.5457105664e+03    6.1873073362e+03   -1.0284797720e+05   -5.8573014328e-01   -5.4991846597e-01    6.5812896576e-01    4.9231890168e+01    4.9231890168e+01    9.8463780335e+01
    3.5126485092e+03    6.1296136511e+03   -1.0281701698e+05   -2.5407941319e-01   -2.2645647036e-01    1.0480436001e+00    4.9216297983e+01    4.9216297983e+01    9.8432595966e+01
    3.5217700382e+03    6.1455308283e+03   -1.0295681201e+05   -5.3195586658e-01   -4.7666922273e-01    6.6596969372e-01    4.9215269701e+01    4.9215269701e+01    9.8430539402e+01
    3.5442922746e+03    6.1848324001e+03   -1.0295530422e+05   -2.6794488918e-01   -2.1592982512e-01    1.0831791815e+00    4.9200762699e+01    4.9200762699e+01    9.8401525397e+01
    3.5621736655e+03    6.2160356409e+03   -1.0288238109e+05   -3.6807055377e-01   -4.5295170425e-01    9.1028244305e-01    4.9221212474e+01    4.9221212474e+01    9.8442424948e+01
    3.5299890294e+03    6.1598730662e+03   -1.0296112536e+05   -6.2524471708e-01   -5.9475771146e-01    5.2768487825e-01    4.9216151708e+01    4.9216151708e+01    9.8432303416e+01
    3.5532341505e+03    6.2004360804e+03   -1.0285251702e+05   -2.0498111835e-01   -3.8918356586e-01    7.7367196354e-01    4.9220837602e+01    4.9220837602e+01    9.8441675205e+01
    3.4975698101e+03    6.1033011408e+03   -1.0282621937e+05   -1.7016595510e-01   -1.2472889191e-01    9.7325781453e-01    4.9214915389e+01    4.9214915389e+01    9.8429830777e+01
    3.5670393641e+03    6.2245263433e+03   -1.0284284096e+05   -5.3676723688e-01   -4.9687505859e-01    7.6248779088e-01    4.9229288939e+01    4.9229288939e+01    9.8458577878e+01
    3.5804457164e+03    6.2479205884e+03   -1.0287442257e+05   -5.5972630731e-01   -4.7650778292e-01    8.7607866084e-01    4.9226887576e+01    4.9226887576e+01    9.8453775152e+01
    3.5452839287e+03    6.1865628483e+03   -1.0296199664e+05   -2.1914634972e-01   -4.1894075354e-01    8.2834600549e-01    4.9206864830e+01    4.9206864830e+01    9.8413729660e+01
    3.4997229248e+03    6.1070583517e+03   -1.0294650426e+05   -5.1641085738e-01   -4.2598177845e-01    6.9573931223e-01    4.9215592664e+01    4.9215592664e+01    9.8431185329e+01
    3.5504075988e+03    6.1955037138e+03   -1.0278144608e+05   -2.4618658733e-01   -8.1552021100e-02    7.1402996396e-01    4.9227236539e+01    4.9227236539e+01    9.8454473078e+01
    3.5682895251e+03    6.2267078891e+03   -1.0281593472e+05   -2.8129844936e-01   -1.3464405176e-01    9.6719854396e-01    4.9218208988e+01    4.9218208988e+01    9.8436417975e+01
    3.5307266505e+03    6.1611602238e+03   -1.0283588170e+05   -1.4134947329e-01    3.7261785784e-02    1.3035584556e+00    4.9206537634e+01    4.9206537634e+01    9.8413075269e+01
    3.5691176777e+03    6.2281530254e+03   -1.0283301506e+05   -2.6058753903e-01   -2.5617723408e-01    8.4730719355e-01    4.9220101691e+01    4.9220101691e+01    9.8440203381e+01
    3.5290214895e+03    6.1581846974e+03   -1.0284910128e+05   -1.1258107324e-01   -2.2265786126e-01    1.1417418825e+00    4.9211871172e+01    4.9211871172e+01    9.8423742345e+01
    3.5360560728e+03    6.1704601295e+03   -1.0286060610e+05   -2.4576775610e-01   -1.0527823148e-01    9.9623399019e-01    4.9217444151e+01    4.9217444151e+01    9.8434888302e+01
    3.5334882218e+03    6.1659791987e+03   -1.0278799459e+05   -3.4939981636e-01   -5.8951558352e-01    7.7782236853e-01    4.9235945920e+01    4.9235945920e+01    9.8471891840e+01
    3.5629179998e+03    6.2173345132e+03   -1.0279737641e+05   -9.2804409428e-01   -7.4941219728e-01    5.8607189647e-01    4.9255676123e+01    4.9255676123e+01    9.8511352245e+01
    3.5559660685e+03    6.2052033101e+03   -1.0280649281e+05   -7.8065766762e-01   -6.7559012032e-01    6.1086195094e-01    4.9249727638e+01    4.9249727638e+01    9.8499455277e+01
    3.5001041206e+03    6.1077235430e+03   -1.0279693681e+05   -5.4321668111e-01   -4.5582143784e-01    8.5011946648e-01    4.9239103471e+01    4.9239103471e+01    9.8478206943e+01
    3.5216951989e+03    6.1454002328e+03   -1.0293519175e+05   -4.9344797376e-01   -5.5961077174e-01    6.8390108442e-01    4.9221361671e+01    4.9221361671e+01    9.8442723342e+01
    3.5528478005e+03    6.1997618951e+03   -1.0289705612e+05   -5.0642835161e-01   -3.1463339109e-01    8.0807069163e-01    4.9218134963e+01    4.9218134963e+01    9.8436269925e+01
